[0.065s] Invoking command in '/home/robogames/vt-cro/robogames_pi/car_robot_ws/build/serial': DEBUGINFOD_URLS=https://debuginfod.ubuntu.com PS1=(ros2_python_venv) \[\e]0;\u@\h: \w\a\]${debian_chroot:+($debian_chroot)}\[\033[01;32m\]\u@\h\[\033[00m\]:\[\033[01;34m\]\w\[\033[00m\]\$ VIRTUAL_ENV_PROMPT=(ros2_python_venv) /usr/bin/cmake --build /home/robogames/vt-cro/robogames_pi/car_robot_ws/build/serial -- -j4 -l4
[0.245s] [ 66%] Built target serial
[0.471s] [100%] Built target serial_example
[1.166s] Invoked command in '/home/robogames/vt-cro/robogames_pi/car_robot_ws/build/serial' returned '0': DEBUGINFOD_URLS=https://debuginfod.ubuntu.com PS1=(ros2_python_venv) \[\e]0;\u@\h: \w\a\]${debian_chroot:+($debian_chroot)}\[\033[01;32m\]\u@\h\[\033[00m\]:\[\033[01;34m\]\w\[\033[00m\]\$ VIRTUAL_ENV_PROMPT=(ros2_python_venv) /usr/bin/cmake --build /home/robogames/vt-cro/robogames_pi/car_robot_ws/build/serial -- -j4 -l4
[1.171s] Invoking command in '/home/robogames/vt-cro/robogames_pi/car_robot_ws/build/serial': DEBUGINFOD_URLS=https://debuginfod.ubuntu.com PS1=(ros2_python_venv) \[\e]0;\u@\h: \w\a\]${debian_chroot:+($debian_chroot)}\[\033[01;32m\]\u@\h\[\033[00m\]:\[\033[01;34m\]\w\[\033[00m\]\$ VIRTUAL_ENV_PROMPT=(ros2_python_venv) /usr/bin/cmake --install /home/robogames/vt-cro/robogames_pi/car_robot_ws/build/serial
[1.195s] -- Install configuration: ""
[1.199s] -- Up-to-date: /home/robogames/vt-cro/robogames_pi/car_robot_ws/install/serial/lib/libserial.a
[1.199s] -- Up-to-date: /home/robogames/vt-cro/robogames_pi/car_robot_ws/install/serial/bin/serial_example
[1.203s] -- Up-to-date: /home/robogames/vt-cro/robogames_pi/car_robot_ws/install/serial/include/serial
[1.204s] -- Up-to-date: /home/robogames/vt-cro/robogames_pi/car_robot_ws/install/serial/include/serial/serial.h
[1.207s] -- Up-to-date: /home/robogames/vt-cro/robogames_pi/car_robot_ws/install/serial/include/serial/impl
[1.212s] -- Up-to-date: /home/robogames/vt-cro/robogames_pi/car_robot_ws/install/serial/include/serial/impl/win.h
[1.213s] -- Up-to-date: /home/robogames/vt-cro/robogames_pi/car_robot_ws/install/serial/include/serial/impl/unix.h
[1.218s] -- Up-to-date: /home/robogames/vt-cro/robogames_pi/car_robot_ws/install/serial/include/serial/v8stdint.h
[1.219s] -- Up-to-date: /home/robogames/vt-cro/robogames_pi/car_robot_ws/install/serial/share/serial/environment/library_path.sh
[1.219s] -- Up-to-date: /home/robogames/vt-cro/robogames_pi/car_robot_ws/install/serial/share/serial/environment/library_path.dsv
[1.219s] -- Up-to-date: /home/robogames/vt-cro/robogames_pi/car_robot_ws/install/serial/share/ament_index/resource_index/package_run_dependencies/serial
[1.225s] -- Up-to-date: /home/robogames/vt-cro/robogames_pi/car_robot_ws/install/serial/share/ament_index/resource_index/parent_prefix_path/serial
[1.226s] -- Up-to-date: /home/robogames/vt-cro/robogames_pi/car_robot_ws/install/serial/share/serial/environment/ament_prefix_path.sh
[1.226s] -- Up-to-date: /home/robogames/vt-cro/robogames_pi/car_robot_ws/install/serial/share/serial/environment/ament_prefix_path.dsv
[1.227s] -- Up-to-date: /home/robogames/vt-cro/robogames_pi/car_robot_ws/install/serial/share/serial/environment/path.sh
[1.229s] -- Up-to-date: /home/robogames/vt-cro/robogames_pi/car_robot_ws/install/serial/share/serial/environment/path.dsv
[1.231s] -- Up-to-date: /home/robogames/vt-cro/robogames_pi/car_robot_ws/install/serial/share/serial/local_setup.bash
[1.233s] -- Up-to-date: /home/robogames/vt-cro/robogames_pi/car_robot_ws/install/serial/share/serial/local_setup.sh
[1.233s] -- Up-to-date: /home/robogames/vt-cro/robogames_pi/car_robot_ws/install/serial/share/serial/local_setup.zsh
[1.233s] -- Up-to-date: /home/robogames/vt-cro/robogames_pi/car_robot_ws/install/serial/share/serial/local_setup.dsv
[1.234s] -- Installing: /home/robogames/vt-cro/robogames_pi/car_robot_ws/install/serial/share/serial/package.dsv
[1.234s] -- Up-to-date: /home/robogames/vt-cro/robogames_pi/car_robot_ws/install/serial/share/ament_index/resource_index/packages/serial
[1.234s] -- Up-to-date: /home/robogames/vt-cro/robogames_pi/car_robot_ws/install/serial/share/serial/cmake/ament_cmake_export_include_directories-extras.cmake
[1.234s] -- Up-to-date: /home/robogames/vt-cro/robogames_pi/car_robot_ws/install/serial/share/serial/cmake/ament_cmake_export_libraries-extras.cmake
[1.235s] -- Up-to-date: /home/robogames/vt-cro/robogames_pi/car_robot_ws/install/serial/share/serial/cmake/serialConfig.cmake
[1.235s] -- Up-to-date: /home/robogames/vt-cro/robogames_pi/car_robot_ws/install/serial/share/serial/cmake/serialConfig-version.cmake
[1.235s] -- Up-to-date: /home/robogames/vt-cro/robogames_pi/car_robot_ws/install/serial/share/serial/package.xml
[1.237s] Invoked command in '/home/robogames/vt-cro/robogames_pi/car_robot_ws/build/serial' returned '0': DEBUGINFOD_URLS=https://debuginfod.ubuntu.com PS1=(ros2_python_venv) \[\e]0;\u@\h: \w\a\]${debian_chroot:+($debian_chroot)}\[\033[01;32m\]\u@\h\[\033[00m\]:\[\033[01;34m\]\w\[\033[00m\]\$ VIRTUAL_ENV_PROMPT=(ros2_python_venv) /usr/bin/cmake --install /home/robogames/vt-cro/robogames_pi/car_robot_ws/build/serial
