[0.083s] Invoking command in '/home/robogames/vt-cro/robogames_pi/car_robot_ws/build/diffdrive_arduino': CMAKE_PREFIX_PATH=/opt/ros/jazzy:${CMAKE_PREFIX_PATH} DEBUGINFOD_URLS=https://debuginfod.ubuntu.com /usr/bin/cmake /home/robogames/vt-cro/robogames_pi/car_robot_ws/src/diffdrive_arduino -DCMAKE_INSTALL_PREFIX=/home/robogames/vt-cro/robogames_pi/car_robot_ws/install/diffdrive_arduino
[0.291s] -- The CXX compiler identification is GNU 13.3.0
[0.335s] -- Detecting CXX compiler ABI info
[0.782s] -- Detecting CXX compiler ABI info - done
[0.805s] -- Check for working CXX compiler: /usr/bin/c++ - skipped
[0.808s] -- Detecting CXX compile features
[0.809s] -- Detecting CXX compile features - done
[0.815s] -- Found ament_cmake: 2.5.3 (/opt/ros/jazzy/share/ament_cmake/cmake)
[1.332s] -- Found Python3: /usr/bin/python3 (found version "3.12.3") found components: Interpreter 
[1.631s] -- Found hardware_interface: 4.27.0 (/opt/ros/jazzy/share/hardware_interface/cmake)
[1.723s] -- Found rosidl_generator_c: 4.6.5 (/opt/ros/jazzy/share/rosidl_generator_c/cmake)
[1.758s] -- Found rosidl_generator_cpp: 4.6.5 (/opt/ros/jazzy/share/rosidl_generator_cpp/cmake)
[1.793s] -- Using all available rosidl_typesupport_c: rosidl_typesupport_fastrtps_c;rosidl_typesupport_introspection_c
[1.828s] -- Using all available rosidl_typesupport_cpp: rosidl_typesupport_fastrtps_cpp;rosidl_typesupport_introspection_cpp
[2.259s] -- Found TinyXML2 via Config file: /usr/lib/aarch64-linux-gnu/cmake/tinyxml2
[2.366s] -- Found rmw_implementation_cmake: 7.3.1 (/opt/ros/jazzy/share/rmw_implementation_cmake/cmake)
[2.373s] -- Found rmw_fastrtps_cpp: 8.4.1 (/opt/ros/jazzy/share/rmw_fastrtps_cpp/cmake)
[2.435s] -- Found TinyXML2 via Config file: /usr/lib/aarch64-linux-gnu/cmake/tinyxml2
[2.656s] -- Found OpenSSL: /usr/lib/aarch64-linux-gnu/libcrypto.so (found version "3.0.13")  
[2.661s] -- Found TinyXML2 via Config file: /usr/lib/aarch64-linux-gnu/cmake/tinyxml2
[2.703s] -- Found FastRTPS: /opt/ros/jazzy/include (Required is at least version "2.13") 
[2.714s] -- Found TinyXML2 via Config file: /usr/lib/aarch64-linux-gnu/cmake/tinyxml2
[2.743s] -- Found TinyXML2 via Config file: /usr/lib/aarch64-linux-gnu/cmake/tinyxml2
[2.767s] -- Using RMW implementation 'rmw_fastrtps_cpp' as default
[3.443s] -- Found ament_cmake_gtest: 2.5.3 (/opt/ros/jazzy/share/ament_cmake_gtest/cmake)
[3.754s] -- Configuring done (3.6s)
[3.814s] -- Generating done (0.0s)
[3.822s] -- Build files have been written to: /home/robogames/vt-cro/robogames_pi/car_robot_ws/build/diffdrive_arduino
[3.863s] Invoked command in '/home/robogames/vt-cro/robogames_pi/car_robot_ws/build/diffdrive_arduino' returned '0': CMAKE_PREFIX_PATH=/opt/ros/jazzy:${CMAKE_PREFIX_PATH} DEBUGINFOD_URLS=https://debuginfod.ubuntu.com /usr/bin/cmake /home/robogames/vt-cro/robogames_pi/car_robot_ws/src/diffdrive_arduino -DCMAKE_INSTALL_PREFIX=/home/robogames/vt-cro/robogames_pi/car_robot_ws/install/diffdrive_arduino
[3.866s] Invoking command in '/home/robogames/vt-cro/robogames_pi/car_robot_ws/build/diffdrive_arduino': CMAKE_PREFIX_PATH=/opt/ros/jazzy:${CMAKE_PREFIX_PATH} DEBUGINFOD_URLS=https://debuginfod.ubuntu.com /usr/bin/cmake --build /home/robogames/vt-cro/robogames_pi/car_robot_ws/build/diffdrive_arduino -- -j4 -l4
[4.028s] [ 50%] [32mBuilding CXX object CMakeFiles/diffdrive_arduino.dir/hardware/diffbot_system.cpp.o[0m
[30.586s] [100%] [32m[1mLinking CXX shared library libdiffdrive_arduino.so[0m
[32.761s] [100%] Built target diffdrive_arduino
[32.785s] Invoked command in '/home/robogames/vt-cro/robogames_pi/car_robot_ws/build/diffdrive_arduino' returned '0': CMAKE_PREFIX_PATH=/opt/ros/jazzy:${CMAKE_PREFIX_PATH} DEBUGINFOD_URLS=https://debuginfod.ubuntu.com /usr/bin/cmake --build /home/robogames/vt-cro/robogames_pi/car_robot_ws/build/diffdrive_arduino -- -j4 -l4
[32.787s] Invoking command in '/home/robogames/vt-cro/robogames_pi/car_robot_ws/build/diffdrive_arduino': CMAKE_PREFIX_PATH=/opt/ros/jazzy:${CMAKE_PREFIX_PATH} DEBUGINFOD_URLS=https://debuginfod.ubuntu.com /usr/bin/cmake --install /home/robogames/vt-cro/robogames_pi/car_robot_ws/build/diffdrive_arduino
[32.804s] -- Install configuration: ""
[32.805s] -- Installing: /home/robogames/vt-cro/robogames_pi/car_robot_ws/install/diffdrive_arduino/share/diffdrive_arduino/diffdrive_arduino.xml
[32.805s] -- Installing: /home/robogames/vt-cro/robogames_pi/car_robot_ws/install/diffdrive_arduino/include/diffdrive_arduino
[32.805s] -- Installing: /home/robogames/vt-cro/robogames_pi/car_robot_ws/install/diffdrive_arduino/include/diffdrive_arduino/diffdrive_arduino
[32.805s] -- Installing: /home/robogames/vt-cro/robogames_pi/car_robot_ws/install/diffdrive_arduino/include/diffdrive_arduino/diffdrive_arduino/arduino_comms.hpp
[32.805s] -- Installing: /home/robogames/vt-cro/robogames_pi/car_robot_ws/install/diffdrive_arduino/include/diffdrive_arduino/diffdrive_arduino/diffbot_system.hpp
[32.806s] -- Installing: /home/robogames/vt-cro/robogames_pi/car_robot_ws/install/diffdrive_arduino/include/diffdrive_arduino/diffdrive_arduino/wheel.hpp
[32.806s] -- Installing: /home/robogames/vt-cro/robogames_pi/car_robot_ws/install/diffdrive_arduino/include/diffdrive_arduino/diffdrive_arduino/visibility_control.h
[32.806s] -- Installing: /home/robogames/vt-cro/robogames_pi/car_robot_ws/install/diffdrive_arduino/share/diffdrive_arduino/launch
[32.807s] -- Installing: /home/robogames/vt-cro/robogames_pi/car_robot_ws/install/diffdrive_arduino/share/diffdrive_arduino/launch/view_robot.launch.py
[32.807s] -- Installing: /home/robogames/vt-cro/robogames_pi/car_robot_ws/install/diffdrive_arduino/share/diffdrive_arduino/ros2_control
[32.808s] -- Installing: /home/robogames/vt-cro/robogames_pi/car_robot_ws/install/diffdrive_arduino/share/diffdrive_arduino/ros2_control/diffbot.ros2_control.xacro
[32.808s] -- Installing: /home/robogames/vt-cro/robogames_pi/car_robot_ws/install/diffdrive_arduino/share/diffdrive_arduino/urdf
[32.808s] -- Installing: /home/robogames/vt-cro/robogames_pi/car_robot_ws/install/diffdrive_arduino/share/diffdrive_arduino/urdf/diffbot.materials.xacro
[32.808s] -- Installing: /home/robogames/vt-cro/robogames_pi/car_robot_ws/install/diffdrive_arduino/share/diffdrive_arduino/urdf/diffbot.urdf.xacro
[32.808s] -- Installing: /home/robogames/vt-cro/robogames_pi/car_robot_ws/install/diffdrive_arduino/share/diffdrive_arduino/urdf/diffbot_description.urdf.xacro
[32.808s] -- Installing: /home/robogames/vt-cro/robogames_pi/car_robot_ws/install/diffdrive_arduino/share/diffdrive_arduino/rviz
[32.808s] -- Installing: /home/robogames/vt-cro/robogames_pi/car_robot_ws/install/diffdrive_arduino/share/diffdrive_arduino/rviz/diffbot.rviz
[32.808s] -- Installing: /home/robogames/vt-cro/robogames_pi/car_robot_ws/install/diffdrive_arduino/share/diffdrive_arduino/rviz/diffbot_view.rviz
[32.809s] -- Up-to-date: /home/robogames/vt-cro/robogames_pi/car_robot_ws/install/diffdrive_arduino/share/diffdrive_arduino/launch
[32.809s] -- Installing: /home/robogames/vt-cro/robogames_pi/car_robot_ws/install/diffdrive_arduino/share/diffdrive_arduino/launch/diffbot.launch.py
[32.809s] -- Installing: /home/robogames/vt-cro/robogames_pi/car_robot_ws/install/diffdrive_arduino/share/diffdrive_arduino/config
[32.809s] -- Installing: /home/robogames/vt-cro/robogames_pi/car_robot_ws/install/diffdrive_arduino/share/diffdrive_arduino/config/diffbot_controllers.yaml
[32.809s] -- Installing: /home/robogames/vt-cro/robogames_pi/car_robot_ws/install/diffdrive_arduino/lib/libdiffdrive_arduino.so
[32.832s] -- Set non-toolchain portion of runtime path of "/home/robogames/vt-cro/robogames_pi/car_robot_ws/install/diffdrive_arduino/lib/libdiffdrive_arduino.so" to ""
[32.836s] -- Installing: /home/robogames/vt-cro/robogames_pi/car_robot_ws/install/diffdrive_arduino/share/diffdrive_arduino/environment/library_path.sh
[32.845s] -- Installing: /home/robogames/vt-cro/robogames_pi/car_robot_ws/install/diffdrive_arduino/share/diffdrive_arduino/environment/library_path.dsv
[32.845s] -- Installing: /home/robogames/vt-cro/robogames_pi/car_robot_ws/install/diffdrive_arduino/share/ament_index/resource_index/package_run_dependencies/diffdrive_arduino
[32.846s] -- Installing: /home/robogames/vt-cro/robogames_pi/car_robot_ws/install/diffdrive_arduino/share/ament_index/resource_index/parent_prefix_path/diffdrive_arduino
[32.850s] -- Installing: /home/robogames/vt-cro/robogames_pi/car_robot_ws/install/diffdrive_arduino/share/diffdrive_arduino/environment/ament_prefix_path.sh
[32.851s] -- Installing: /home/robogames/vt-cro/robogames_pi/car_robot_ws/install/diffdrive_arduino/share/diffdrive_arduino/environment/ament_prefix_path.dsv
[32.853s] -- Installing: /home/robogames/vt-cro/robogames_pi/car_robot_ws/install/diffdrive_arduino/share/diffdrive_arduino/environment/path.sh
[32.853s] -- Installing: /home/robogames/vt-cro/robogames_pi/car_robot_ws/install/diffdrive_arduino/share/diffdrive_arduino/environment/path.dsv
[32.853s] -- Installing: /home/robogames/vt-cro/robogames_pi/car_robot_ws/install/diffdrive_arduino/share/diffdrive_arduino/local_setup.bash
[32.853s] -- Installing: /home/robogames/vt-cro/robogames_pi/car_robot_ws/install/diffdrive_arduino/share/diffdrive_arduino/local_setup.sh
[32.853s] -- Installing: /home/robogames/vt-cro/robogames_pi/car_robot_ws/install/diffdrive_arduino/share/diffdrive_arduino/local_setup.zsh
[32.853s] -- Installing: /home/robogames/vt-cro/robogames_pi/car_robot_ws/install/diffdrive_arduino/share/diffdrive_arduino/local_setup.dsv
[32.853s] -- Installing: /home/robogames/vt-cro/robogames_pi/car_robot_ws/install/diffdrive_arduino/share/diffdrive_arduino/package.dsv
[32.854s] -- Installing: /home/robogames/vt-cro/robogames_pi/car_robot_ws/install/diffdrive_arduino/share/ament_index/resource_index/packages/diffdrive_arduino
[32.854s] -- Installing: /home/robogames/vt-cro/robogames_pi/car_robot_ws/install/diffdrive_arduino/share/ament_index/resource_index/hardware_interface__pluginlib__plugin/diffdrive_arduino
[32.854s] -- Installing: /home/robogames/vt-cro/robogames_pi/car_robot_ws/install/diffdrive_arduino/share/diffdrive_arduino/cmake/export_diffdrive_arduinoExport.cmake
[32.854s] -- Installing: /home/robogames/vt-cro/robogames_pi/car_robot_ws/install/diffdrive_arduino/share/diffdrive_arduino/cmake/export_diffdrive_arduinoExport-noconfig.cmake
[32.854s] -- Installing: /home/robogames/vt-cro/robogames_pi/car_robot_ws/install/diffdrive_arduino/share/diffdrive_arduino/cmake/ament_cmake_export_targets-extras.cmake
[32.854s] -- Installing: /home/robogames/vt-cro/robogames_pi/car_robot_ws/install/diffdrive_arduino/share/diffdrive_arduino/cmake/ament_cmake_export_dependencies-extras.cmake
[32.854s] -- Installing: /home/robogames/vt-cro/robogames_pi/car_robot_ws/install/diffdrive_arduino/share/diffdrive_arduino/cmake/diffdrive_arduinoConfig.cmake
[32.854s] -- Installing: /home/robogames/vt-cro/robogames_pi/car_robot_ws/install/diffdrive_arduino/share/diffdrive_arduino/cmake/diffdrive_arduinoConfig-version.cmake
[32.854s] -- Installing: /home/robogames/vt-cro/robogames_pi/car_robot_ws/install/diffdrive_arduino/share/diffdrive_arduino/package.xml
[32.858s] Invoked command in '/home/robogames/vt-cro/robogames_pi/car_robot_ws/build/diffdrive_arduino' returned '0': CMAKE_PREFIX_PATH=/opt/ros/jazzy:${CMAKE_PREFIX_PATH} DEBUGINFOD_URLS=https://debuginfod.ubuntu.com /usr/bin/cmake --install /home/robogames/vt-cro/robogames_pi/car_robot_ws/build/diffdrive_arduino
