[0.181s] DEBUG:colcon:Command line arguments: ['/usr/bin/colcon', 'build']
[0.181s] DEBUG:colcon:Parsed command line arguments: Namespace(log_base=None, log_level=None, verb_name='build', build_base='build', install_base='install', merge_install=False, symlink_install=False, test_result_base=None, continue_on_error=False, executor='parallel', parallel_workers=4, event_handlers=None, ignore_user_meta=False, metas=['./colcon.meta'], base_paths=['.'], packages_ignore=None, packages_ignore_regex=None, paths=None, packages_up_to=None, packages_up_to_regex=None, packages_above=None, packages_above_and_dependencies=None, packages_above_depth=None, packages_select_by_dep=None, packages_skip_by_dep=None, packages_skip_up_to=None, packages_select_build_failed=False, packages_skip_build_finished=False, packages_select_test_failures=False, packages_skip_test_passed=False, packages_select=None, packages_skip=None, packages_select_regex=None, packages_skip_regex=None, packages_start=None, packages_end=None, allow_overriding=[], cmake_args=None, cmake_target=None, cmake_target_skip_unavailable=False, cmake_clean_cache=False, cmake_clean_first=False, cmake_force_configure=False, ament_cmake_args=None, catkin_cmake_args=None, catkin_skip_building_tests=False, mixin_files=None, mixin=None, verb_parser=<colcon_mixin.mixin.mixin_argument.MixinArgumentDecorator object at 0xffff87759970>, verb_extension=<colcon_core.verb.build.BuildVerb object at 0xffff877596d0>, main=<bound method BuildVerb.main of <colcon_core.verb.build.BuildVerb object at 0xffff877596d0>>, mixin_verb=('build',))
[0.241s] Level 1:colcon.colcon_core.package_discovery:discover_packages(colcon_meta) check parameters
[0.241s] Level 1:colcon.colcon_core.package_discovery:discover_packages(recursive) check parameters
[0.241s] Level 1:colcon.colcon_core.package_discovery:discover_packages(ignore) check parameters
[0.241s] Level 1:colcon.colcon_core.package_discovery:discover_packages(path) check parameters
[0.241s] Level 1:colcon.colcon_core.package_discovery:discover_packages(colcon_meta) discover
[0.242s] Level 1:colcon.colcon_core.package_discovery:discover_packages(recursive) discover
[0.242s] INFO:colcon.colcon_core.package_discovery:Crawling recursively for packages in '/home/robogames/vt-cro/car_robot_ws'
[0.242s] Level 1:colcon.colcon_core.package_identification:_identify(.) by extensions ['ignore', 'ignore_ament_install']
[0.242s] Level 1:colcon.colcon_core.package_identification:_identify(.) by extension 'ignore'
[0.242s] Level 1:colcon.colcon_core.package_identification:_identify(.) by extension 'ignore_ament_install'
[0.242s] Level 1:colcon.colcon_core.package_identification:_identify(.) by extensions ['colcon_pkg']
[0.242s] Level 1:colcon.colcon_core.package_identification:_identify(.) by extension 'colcon_pkg'
[0.242s] Level 1:colcon.colcon_core.package_identification:_identify(.) by extensions ['colcon_meta']
[0.242s] Level 1:colcon.colcon_core.package_identification:_identify(.) by extension 'colcon_meta'
[0.242s] Level 1:colcon.colcon_core.package_identification:_identify(.) by extensions ['ros']
[0.242s] Level 1:colcon.colcon_core.package_identification:_identify(.) by extension 'ros'
[0.284s] Level 1:colcon.colcon_core.package_identification:_identify(.) by extensions ['cmake', 'python']
[0.284s] Level 1:colcon.colcon_core.package_identification:_identify(.) by extension 'cmake'
[0.284s] Level 1:colcon.colcon_core.package_identification:_identify(.) by extension 'python'
[0.284s] Level 1:colcon.colcon_core.package_identification:_identify(.) by extensions ['python_setup_py']
[0.284s] Level 1:colcon.colcon_core.package_identification:_identify(.) by extension 'python_setup_py'
[0.284s] Level 1:colcon.colcon_core.package_identification:_identify(build) by extensions ['ignore', 'ignore_ament_install']
[0.284s] Level 1:colcon.colcon_core.package_identification:_identify(build) by extension 'ignore'
[0.284s] Level 1:colcon.colcon_core.package_identification:_identify(build) ignored
[0.285s] Level 1:colcon.colcon_core.package_identification:_identify(install) by extensions ['ignore', 'ignore_ament_install']
[0.285s] Level 1:colcon.colcon_core.package_identification:_identify(install) by extension 'ignore'
[0.285s] Level 1:colcon.colcon_core.package_identification:_identify(install) ignored
[0.285s] Level 1:colcon.colcon_core.package_identification:_identify(log) by extensions ['ignore', 'ignore_ament_install']
[0.285s] Level 1:colcon.colcon_core.package_identification:_identify(log) by extension 'ignore'
[0.285s] Level 1:colcon.colcon_core.package_identification:_identify(log) ignored
[0.285s] Level 1:colcon.colcon_core.package_identification:_identify(src) by extensions ['ignore', 'ignore_ament_install']
[0.285s] Level 1:colcon.colcon_core.package_identification:_identify(src) by extension 'ignore'
[0.285s] Level 1:colcon.colcon_core.package_identification:_identify(src) by extension 'ignore_ament_install'
[0.286s] Level 1:colcon.colcon_core.package_identification:_identify(src) by extensions ['colcon_pkg']
[0.286s] Level 1:colcon.colcon_core.package_identification:_identify(src) by extension 'colcon_pkg'
[0.286s] Level 1:colcon.colcon_core.package_identification:_identify(src) by extensions ['colcon_meta']
[0.286s] Level 1:colcon.colcon_core.package_identification:_identify(src) by extension 'colcon_meta'
[0.286s] Level 1:colcon.colcon_core.package_identification:_identify(src) by extensions ['ros']
[0.286s] Level 1:colcon.colcon_core.package_identification:_identify(src) by extension 'ros'
[0.286s] Level 1:colcon.colcon_core.package_identification:_identify(src) by extensions ['cmake', 'python']
[0.286s] Level 1:colcon.colcon_core.package_identification:_identify(src) by extension 'cmake'
[0.286s] Level 1:colcon.colcon_core.package_identification:_identify(src) by extension 'python'
[0.286s] Level 1:colcon.colcon_core.package_identification:_identify(src) by extensions ['python_setup_py']
[0.286s] Level 1:colcon.colcon_core.package_identification:_identify(src) by extension 'python_setup_py'
[0.286s] Level 1:colcon.colcon_core.package_identification:_identify(src/articubot_one) by extensions ['ignore', 'ignore_ament_install']
[0.286s] Level 1:colcon.colcon_core.package_identification:_identify(src/articubot_one) by extension 'ignore'
[0.286s] Level 1:colcon.colcon_core.package_identification:_identify(src/articubot_one) by extension 'ignore_ament_install'
[0.286s] Level 1:colcon.colcon_core.package_identification:_identify(src/articubot_one) by extensions ['colcon_pkg']
[0.286s] Level 1:colcon.colcon_core.package_identification:_identify(src/articubot_one) by extension 'colcon_pkg'
[0.286s] Level 1:colcon.colcon_core.package_identification:_identify(src/articubot_one) by extensions ['colcon_meta']
[0.286s] Level 1:colcon.colcon_core.package_identification:_identify(src/articubot_one) by extension 'colcon_meta'
[0.286s] Level 1:colcon.colcon_core.package_identification:_identify(src/articubot_one) by extensions ['ros']
[0.286s] Level 1:colcon.colcon_core.package_identification:_identify(src/articubot_one) by extension 'ros'
[0.290s] DEBUG:colcon.colcon_core.package_identification:Package 'src/articubot_one' with type 'ros.ament_cmake' and name 'articubot_one'
[0.291s] Level 1:colcon.colcon_core.package_identification:_identify(src/diffdrive_arduino) by extensions ['ignore', 'ignore_ament_install']
[0.291s] Level 1:colcon.colcon_core.package_identification:_identify(src/diffdrive_arduino) by extension 'ignore'
[0.291s] Level 1:colcon.colcon_core.package_identification:_identify(src/diffdrive_arduino) by extension 'ignore_ament_install'
[0.291s] Level 1:colcon.colcon_core.package_identification:_identify(src/diffdrive_arduino) by extensions ['colcon_pkg']
[0.291s] Level 1:colcon.colcon_core.package_identification:_identify(src/diffdrive_arduino) by extension 'colcon_pkg'
[0.291s] Level 1:colcon.colcon_core.package_identification:_identify(src/diffdrive_arduino) by extensions ['colcon_meta']
[0.291s] Level 1:colcon.colcon_core.package_identification:_identify(src/diffdrive_arduino) by extension 'colcon_meta'
[0.291s] Level 1:colcon.colcon_core.package_identification:_identify(src/diffdrive_arduino) by extensions ['ros']
[0.291s] Level 1:colcon.colcon_core.package_identification:_identify(src/diffdrive_arduino) by extension 'ros'
[0.292s] DEBUG:colcon.colcon_core.package_identification:Package 'src/diffdrive_arduino' with type 'ros.ament_cmake' and name 'diffdrive_arduino'
[0.293s] Level 1:colcon.colcon_core.package_identification:_identify(src/mini_car_bot) by extensions ['ignore', 'ignore_ament_install']
[0.293s] Level 1:colcon.colcon_core.package_identification:_identify(src/mini_car_bot) by extension 'ignore'
[0.293s] Level 1:colcon.colcon_core.package_identification:_identify(src/mini_car_bot) by extension 'ignore_ament_install'
[0.293s] Level 1:colcon.colcon_core.package_identification:_identify(src/mini_car_bot) by extensions ['colcon_pkg']
[0.293s] Level 1:colcon.colcon_core.package_identification:_identify(src/mini_car_bot) by extension 'colcon_pkg'
[0.293s] Level 1:colcon.colcon_core.package_identification:_identify(src/mini_car_bot) by extensions ['colcon_meta']
[0.293s] Level 1:colcon.colcon_core.package_identification:_identify(src/mini_car_bot) by extension 'colcon_meta'
[0.293s] Level 1:colcon.colcon_core.package_identification:_identify(src/mini_car_bot) by extensions ['ros']
[0.293s] Level 1:colcon.colcon_core.package_identification:_identify(src/mini_car_bot) by extension 'ros'
[0.294s] DEBUG:colcon.colcon_core.package_identification:Package 'src/mini_car_bot' with type 'ros.ament_cmake' and name 'mini_car_bot'
[0.294s] Level 1:colcon.colcon_core.package_identification:_identify(src/serial) by extensions ['ignore', 'ignore_ament_install']
[0.294s] Level 1:colcon.colcon_core.package_identification:_identify(src/serial) by extension 'ignore'
[0.294s] Level 1:colcon.colcon_core.package_identification:_identify(src/serial) by extension 'ignore_ament_install'
[0.294s] Level 1:colcon.colcon_core.package_identification:_identify(src/serial) by extensions ['colcon_pkg']
[0.294s] Level 1:colcon.colcon_core.package_identification:_identify(src/serial) by extension 'colcon_pkg'
[0.294s] Level 1:colcon.colcon_core.package_identification:_identify(src/serial) by extensions ['colcon_meta']
[0.294s] Level 1:colcon.colcon_core.package_identification:_identify(src/serial) by extension 'colcon_meta'
[0.294s] Level 1:colcon.colcon_core.package_identification:_identify(src/serial) by extensions ['ros']
[0.294s] Level 1:colcon.colcon_core.package_identification:_identify(src/serial) by extension 'ros'
[0.295s] DEBUG:colcon.colcon_core.package_identification:Package 'src/serial' with type 'ros.catkin' and name 'serial'
[0.295s] Level 1:colcon.colcon_core.package_discovery:discover_packages(recursive) using defaults
[0.295s] Level 1:colcon.colcon_core.package_discovery:discover_packages(ignore) discover
[0.295s] Level 1:colcon.colcon_core.package_discovery:discover_packages(ignore) using defaults
[0.295s] Level 1:colcon.colcon_core.package_discovery:discover_packages(path) discover
[0.295s] Level 1:colcon.colcon_core.package_discovery:discover_packages(path) using defaults
[0.321s] Level 1:colcon.colcon_core.package_discovery:discover_packages(prefix_path) check parameters
[0.321s] Level 1:colcon.colcon_core.package_discovery:discover_packages(prefix_path) discover
[0.322s] WARNING:colcon.colcon_core.prefix_path.colcon:The path '/home/robogames/car_robot_ws/install' in the environment variable COLCON_PREFIX_PATH doesn't exist
[0.331s] WARNING:colcon.colcon_ros.prefix_path.ament:The path '/home/robogames/car_robot_ws/install/mini_car_bot' in the environment variable AMENT_PREFIX_PATH doesn't exist
[0.331s] WARNING:colcon.colcon_ros.prefix_path.ament:The path '/home/robogames/car_robot_ws/install/diffdrive_arduino' in the environment variable AMENT_PREFIX_PATH doesn't exist
[0.331s] WARNING:colcon.colcon_ros.prefix_path.ament:The path '/home/robogames/car_robot_ws/install/articubot_one' in the environment variable AMENT_PREFIX_PATH doesn't exist
[0.333s] DEBUG:colcon.colcon_installed_package_information.package_discovery:Found 1 installed packages in /home/robogames/vt-cro/car_robot_ws/install
[0.336s] DEBUG:colcon.colcon_installed_package_information.package_discovery:Found 409 installed packages in /opt/ros/jazzy
[0.340s] Level 1:colcon.colcon_core.package_discovery:discover_packages(prefix_path) using defaults
[0.418s] Level 5:colcon.colcon_core.verb:set package 'articubot_one' build argument 'cmake_args' from command line to 'None'
[0.418s] Level 5:colcon.colcon_core.verb:set package 'articubot_one' build argument 'cmake_target' from command line to 'None'
[0.418s] Level 5:colcon.colcon_core.verb:set package 'articubot_one' build argument 'cmake_target_skip_unavailable' from command line to 'False'
[0.418s] Level 5:colcon.colcon_core.verb:set package 'articubot_one' build argument 'cmake_clean_cache' from command line to 'False'
[0.418s] Level 5:colcon.colcon_core.verb:set package 'articubot_one' build argument 'cmake_clean_first' from command line to 'False'
[0.418s] Level 5:colcon.colcon_core.verb:set package 'articubot_one' build argument 'cmake_force_configure' from command line to 'False'
[0.418s] Level 5:colcon.colcon_core.verb:set package 'articubot_one' build argument 'ament_cmake_args' from command line to 'None'
[0.418s] Level 5:colcon.colcon_core.verb:set package 'articubot_one' build argument 'catkin_cmake_args' from command line to 'None'
[0.418s] Level 5:colcon.colcon_core.verb:set package 'articubot_one' build argument 'catkin_skip_building_tests' from command line to 'False'
[0.418s] DEBUG:colcon.colcon_core.verb:Building package 'articubot_one' with the following arguments: {'ament_cmake_args': None, 'build_base': '/home/robogames/vt-cro/car_robot_ws/build/articubot_one', 'catkin_cmake_args': None, 'catkin_skip_building_tests': False, 'cmake_args': None, 'cmake_clean_cache': False, 'cmake_clean_first': False, 'cmake_force_configure': False, 'cmake_target': None, 'cmake_target_skip_unavailable': False, 'install_base': '/home/robogames/vt-cro/car_robot_ws/install/articubot_one', 'merge_install': False, 'path': '/home/robogames/vt-cro/car_robot_ws/src/articubot_one', 'symlink_install': False, 'test_result_base': None}
[0.419s] Level 5:colcon.colcon_core.verb:set package 'diffdrive_arduino' build argument 'cmake_args' from command line to 'None'
[0.419s] Level 5:colcon.colcon_core.verb:set package 'diffdrive_arduino' build argument 'cmake_target' from command line to 'None'
[0.419s] Level 5:colcon.colcon_core.verb:set package 'diffdrive_arduino' build argument 'cmake_target_skip_unavailable' from command line to 'False'
[0.419s] Level 5:colcon.colcon_core.verb:set package 'diffdrive_arduino' build argument 'cmake_clean_cache' from command line to 'False'
[0.419s] Level 5:colcon.colcon_core.verb:set package 'diffdrive_arduino' build argument 'cmake_clean_first' from command line to 'False'
[0.419s] Level 5:colcon.colcon_core.verb:set package 'diffdrive_arduino' build argument 'cmake_force_configure' from command line to 'False'
[0.419s] Level 5:colcon.colcon_core.verb:set package 'diffdrive_arduino' build argument 'ament_cmake_args' from command line to 'None'
[0.419s] Level 5:colcon.colcon_core.verb:set package 'diffdrive_arduino' build argument 'catkin_cmake_args' from command line to 'None'
[0.419s] Level 5:colcon.colcon_core.verb:set package 'diffdrive_arduino' build argument 'catkin_skip_building_tests' from command line to 'False'
[0.419s] DEBUG:colcon.colcon_core.verb:Building package 'diffdrive_arduino' with the following arguments: {'ament_cmake_args': None, 'build_base': '/home/robogames/vt-cro/car_robot_ws/build/diffdrive_arduino', 'catkin_cmake_args': None, 'catkin_skip_building_tests': False, 'cmake_args': None, 'cmake_clean_cache': False, 'cmake_clean_first': False, 'cmake_force_configure': False, 'cmake_target': None, 'cmake_target_skip_unavailable': False, 'install_base': '/home/robogames/vt-cro/car_robot_ws/install/diffdrive_arduino', 'merge_install': False, 'path': '/home/robogames/vt-cro/car_robot_ws/src/diffdrive_arduino', 'symlink_install': False, 'test_result_base': None}
[0.420s] Level 5:colcon.colcon_core.verb:set package 'mini_car_bot' build argument 'cmake_args' from command line to 'None'
[0.420s] Level 5:colcon.colcon_core.verb:set package 'mini_car_bot' build argument 'cmake_target' from command line to 'None'
[0.420s] Level 5:colcon.colcon_core.verb:set package 'mini_car_bot' build argument 'cmake_target_skip_unavailable' from command line to 'False'
[0.420s] Level 5:colcon.colcon_core.verb:set package 'mini_car_bot' build argument 'cmake_clean_cache' from command line to 'False'
[0.420s] Level 5:colcon.colcon_core.verb:set package 'mini_car_bot' build argument 'cmake_clean_first' from command line to 'False'
[0.420s] Level 5:colcon.colcon_core.verb:set package 'mini_car_bot' build argument 'cmake_force_configure' from command line to 'False'
[0.420s] Level 5:colcon.colcon_core.verb:set package 'mini_car_bot' build argument 'ament_cmake_args' from command line to 'None'
[0.420s] Level 5:colcon.colcon_core.verb:set package 'mini_car_bot' build argument 'catkin_cmake_args' from command line to 'None'
[0.420s] Level 5:colcon.colcon_core.verb:set package 'mini_car_bot' build argument 'catkin_skip_building_tests' from command line to 'False'
[0.420s] DEBUG:colcon.colcon_core.verb:Building package 'mini_car_bot' with the following arguments: {'ament_cmake_args': None, 'build_base': '/home/robogames/vt-cro/car_robot_ws/build/mini_car_bot', 'catkin_cmake_args': None, 'catkin_skip_building_tests': False, 'cmake_args': None, 'cmake_clean_cache': False, 'cmake_clean_first': False, 'cmake_force_configure': False, 'cmake_target': None, 'cmake_target_skip_unavailable': False, 'install_base': '/home/robogames/vt-cro/car_robot_ws/install/mini_car_bot', 'merge_install': False, 'path': '/home/robogames/vt-cro/car_robot_ws/src/mini_car_bot', 'symlink_install': False, 'test_result_base': None}
[0.420s] Level 5:colcon.colcon_core.verb:set package 'serial' build argument 'cmake_args' from command line to 'None'
[0.420s] Level 5:colcon.colcon_core.verb:set package 'serial' build argument 'cmake_target' from command line to 'None'
[0.420s] Level 5:colcon.colcon_core.verb:set package 'serial' build argument 'cmake_target_skip_unavailable' from command line to 'False'
[0.420s] Level 5:colcon.colcon_core.verb:set package 'serial' build argument 'cmake_clean_cache' from command line to 'False'
[0.420s] Level 5:colcon.colcon_core.verb:set package 'serial' build argument 'cmake_clean_first' from command line to 'False'
[0.420s] Level 5:colcon.colcon_core.verb:set package 'serial' build argument 'cmake_force_configure' from command line to 'False'
[0.421s] Level 5:colcon.colcon_core.verb:set package 'serial' build argument 'ament_cmake_args' from command line to 'None'
[0.421s] Level 5:colcon.colcon_core.verb:set package 'serial' build argument 'catkin_cmake_args' from command line to 'None'
[0.421s] Level 5:colcon.colcon_core.verb:set package 'serial' build argument 'catkin_skip_building_tests' from command line to 'False'
[0.421s] DEBUG:colcon.colcon_core.verb:Building package 'serial' with the following arguments: {'ament_cmake_args': None, 'build_base': '/home/robogames/vt-cro/car_robot_ws/build/serial', 'catkin_cmake_args': None, 'catkin_skip_building_tests': False, 'cmake_args': None, 'cmake_clean_cache': False, 'cmake_clean_first': False, 'cmake_force_configure': False, 'cmake_target': None, 'cmake_target_skip_unavailable': False, 'install_base': '/home/robogames/vt-cro/car_robot_ws/install/serial', 'merge_install': False, 'path': '/home/robogames/vt-cro/car_robot_ws/src/serial', 'symlink_install': False, 'test_result_base': None}
[0.421s] INFO:colcon.colcon_core.executor:Executing jobs using 'parallel' executor
[0.423s] DEBUG:colcon.colcon_parallel_executor.executor.parallel:run_until_complete
[0.423s] INFO:colcon.colcon_ros.task.ament_cmake.build:Building ROS package in '/home/robogames/vt-cro/car_robot_ws/src/articubot_one' with build type 'ament_cmake'
[0.423s] INFO:colcon.colcon_cmake.task.cmake.build:Building CMake package in '/home/robogames/vt-cro/car_robot_ws/src/articubot_one'
[0.427s] INFO:colcon.colcon_core.plugin_system:Skipping extension 'colcon_core.shell.bat': Not used on non-Windows systems
[0.427s] INFO:colcon.colcon_core.shell:Skip shell extension 'powershell' for command environment: Not usable outside of PowerShell
[0.427s] DEBUG:colcon.colcon_core.shell:Skip shell extension 'dsv' for command environment
[0.433s] INFO:colcon.colcon_ros.task.ament_cmake.build:Building ROS package in '/home/robogames/vt-cro/car_robot_ws/src/diffdrive_arduino' with build type 'ament_cmake'
[0.433s] INFO:colcon.colcon_cmake.task.cmake.build:Building CMake package in '/home/robogames/vt-cro/car_robot_ws/src/diffdrive_arduino'
[0.433s] INFO:colcon.colcon_core.shell:Skip shell extension 'powershell' for command environment: Not usable outside of PowerShell
[0.433s] DEBUG:colcon.colcon_core.shell:Skip shell extension 'dsv' for command environment
[0.440s] INFO:colcon.colcon_ros.task.ament_cmake.build:Building ROS package in '/home/robogames/vt-cro/car_robot_ws/src/mini_car_bot' with build type 'ament_cmake'
[0.440s] INFO:colcon.colcon_cmake.task.cmake.build:Building CMake package in '/home/robogames/vt-cro/car_robot_ws/src/mini_car_bot'
[0.441s] INFO:colcon.colcon_core.shell:Skip shell extension 'powershell' for command environment: Not usable outside of PowerShell
[0.441s] DEBUG:colcon.colcon_core.shell:Skip shell extension 'dsv' for command environment
[0.447s] INFO:colcon.colcon_ros.task.catkin.build:Building ROS package in '/home/robogames/vt-cro/car_robot_ws/src/serial' with build type 'catkin'
[0.448s] INFO:colcon.colcon_cmake.task.cmake.build:Building CMake package in '/home/robogames/vt-cro/car_robot_ws/src/serial'
[0.448s] INFO:colcon.colcon_core.shell:Skip shell extension 'powershell' for command environment: Not usable outside of PowerShell
[0.448s] DEBUG:colcon.colcon_core.shell:Skip shell extension 'dsv' for command environment
[0.461s] DEBUG:colcon.colcon_core.event_handler.log_command:Invoking command in '/home/robogames/vt-cro/car_robot_ws/build/articubot_one': CMAKE_PREFIX_PATH=/home/robogames/car_robot_ws/install/mini_car_bot:/home/robogames/car_robot_ws/install/diffdrive_arduino:/home/robogames/car_robot_ws/install/articubot_one:/opt/ros/jazzy:${CMAKE_PREFIX_PATH} DEBUGINFOD_URLS=https://debuginfod.ubuntu.com /usr/bin/cmake /home/robogames/vt-cro/car_robot_ws/src/articubot_one -DCMAKE_INSTALL_PREFIX=/home/robogames/vt-cro/car_robot_ws/install/articubot_one
[0.465s] DEBUG:colcon.colcon_core.event_handler.log_command:Invoking command in '/home/robogames/vt-cro/car_robot_ws/build/diffdrive_arduino': CMAKE_PREFIX_PATH=/home/robogames/car_robot_ws/install/mini_car_bot:/home/robogames/car_robot_ws/install/diffdrive_arduino:/home/robogames/car_robot_ws/install/articubot_one:/opt/ros/jazzy:${CMAKE_PREFIX_PATH} DEBUGINFOD_URLS=https://debuginfod.ubuntu.com /usr/bin/cmake /home/robogames/vt-cro/car_robot_ws/src/diffdrive_arduino -DCMAKE_INSTALL_PREFIX=/home/robogames/vt-cro/car_robot_ws/install/diffdrive_arduino
[0.472s] DEBUG:colcon.colcon_core.event_handler.log_command:Invoking command in '/home/robogames/vt-cro/car_robot_ws/build/mini_car_bot': CMAKE_PREFIX_PATH=/home/robogames/car_robot_ws/install/mini_car_bot:/home/robogames/car_robot_ws/install/diffdrive_arduino:/home/robogames/car_robot_ws/install/articubot_one:/opt/ros/jazzy:${CMAKE_PREFIX_PATH} DEBUGINFOD_URLS=https://debuginfod.ubuntu.com /usr/bin/cmake /home/robogames/vt-cro/car_robot_ws/src/mini_car_bot -DCMAKE_INSTALL_PREFIX=/home/robogames/vt-cro/car_robot_ws/install/mini_car_bot
[0.494s] DEBUG:colcon.colcon_core.event_handler.log_command:Invoking command in '/home/robogames/vt-cro/car_robot_ws/build/serial': DEBUGINFOD_URLS=https://debuginfod.ubuntu.com /usr/bin/cmake --build /home/robogames/vt-cro/car_robot_ws/build/serial -- -j4 -l4
[0.822s] DEBUG:colcon.colcon_core.event_handler.log_command:Invoked command in '/home/robogames/vt-cro/car_robot_ws/build/serial' returned '0': DEBUGINFOD_URLS=https://debuginfod.ubuntu.com /usr/bin/cmake --build /home/robogames/vt-cro/car_robot_ws/build/serial -- -j4 -l4
[0.890s] DEBUG:colcon.colcon_core.event_handler.log_command:Invoking command in '/home/robogames/vt-cro/car_robot_ws/build/serial': DEBUGINFOD_URLS=https://debuginfod.ubuntu.com /usr/bin/cmake --install /home/robogames/vt-cro/car_robot_ws/build/serial
[0.941s] Level 1:colcon.colcon_core.shell:create_environment_hook('serial', 'ros_package_path')
[0.944s] INFO:colcon.colcon_core.shell:Creating environment hook '/home/robogames/vt-cro/car_robot_ws/install/serial/share/serial/hook/ros_package_path.ps1'
[0.959s] INFO:colcon.colcon_core.shell:Creating environment descriptor '/home/robogames/vt-cro/car_robot_ws/install/serial/share/serial/hook/ros_package_path.dsv'
[0.972s] INFO:colcon.colcon_core.shell:Creating environment hook '/home/robogames/vt-cro/car_robot_ws/install/serial/share/serial/hook/ros_package_path.sh'
[0.982s] Level 1:colcon.colcon_core.shell:create_environment_hook('serial', 'pkg_config_path')
[0.984s] INFO:colcon.colcon_core.shell:Creating environment hook '/home/robogames/vt-cro/car_robot_ws/install/serial/share/serial/hook/pkg_config_path.ps1'
[0.988s] DEBUG:colcon.colcon_core.event_handler.log_command:Invoked command in '/home/robogames/vt-cro/car_robot_ws/build/serial' returned '0': DEBUGINFOD_URLS=https://debuginfod.ubuntu.com /usr/bin/cmake --install /home/robogames/vt-cro/car_robot_ws/build/serial
[0.993s] INFO:colcon.colcon_core.shell:Creating environment descriptor '/home/robogames/vt-cro/car_robot_ws/install/serial/share/serial/hook/pkg_config_path.dsv'
[0.996s] INFO:colcon.colcon_core.shell:Creating environment hook '/home/robogames/vt-cro/car_robot_ws/install/serial/share/serial/hook/pkg_config_path.sh'
[1.010s] Level 1:colcon.colcon_core.shell:create_environment_hook('serial', 'pkg_config_path_multiarch')
[1.012s] INFO:colcon.colcon_core.shell:Creating environment hook '/home/robogames/vt-cro/car_robot_ws/install/serial/share/serial/hook/pkg_config_path_multiarch.ps1'
[1.015s] INFO:colcon.colcon_core.shell:Creating environment descriptor '/home/robogames/vt-cro/car_robot_ws/install/serial/share/serial/hook/pkg_config_path_multiarch.dsv'
[1.018s] INFO:colcon.colcon_core.shell:Creating environment hook '/home/robogames/vt-cro/car_robot_ws/install/serial/share/serial/hook/pkg_config_path_multiarch.sh'
[1.032s] Level 1:colcon.colcon_core.environment:create_environment_scripts_only(serial)
[1.049s] Level 1:colcon.colcon_core.environment:checking '/home/robogames/vt-cro/car_robot_ws/install/serial' for CMake module files
[1.051s] Level 1:colcon.colcon_core.environment:checking '/home/robogames/vt-cro/car_robot_ws/install/serial' for CMake config files
[1.053s] Level 1:colcon.colcon_core.shell:create_environment_hook('serial', 'cmake_prefix_path')
[1.054s] INFO:colcon.colcon_core.shell:Creating environment hook '/home/robogames/vt-cro/car_robot_ws/install/serial/share/serial/hook/cmake_prefix_path.ps1'
[1.056s] INFO:colcon.colcon_core.shell:Creating environment descriptor '/home/robogames/vt-cro/car_robot_ws/install/serial/share/serial/hook/cmake_prefix_path.dsv'
[1.058s] INFO:colcon.colcon_core.shell:Creating environment hook '/home/robogames/vt-cro/car_robot_ws/install/serial/share/serial/hook/cmake_prefix_path.sh'
[1.062s] Level 1:colcon.colcon_core.environment:checking '/home/robogames/vt-cro/car_robot_ws/install/serial/lib'
[1.062s] Level 1:colcon.colcon_core.environment:checking '/home/robogames/vt-cro/car_robot_ws/install/serial/bin'
[1.062s] Level 1:colcon.colcon_core.shell:create_environment_hook('serial', 'path')
[1.063s] INFO:colcon.colcon_core.shell:Creating environment hook '/home/robogames/vt-cro/car_robot_ws/install/serial/share/serial/hook/path.ps1'
[1.065s] INFO:colcon.colcon_core.shell:Creating environment descriptor '/home/robogames/vt-cro/car_robot_ws/install/serial/share/serial/hook/path.dsv'
[1.066s] INFO:colcon.colcon_core.shell:Creating environment hook '/home/robogames/vt-cro/car_robot_ws/install/serial/share/serial/hook/path.sh'
[1.069s] Level 1:colcon.colcon_core.environment:checking '/home/robogames/vt-cro/car_robot_ws/install/serial/lib/pkgconfig/serial.pc'
[1.070s] Level 1:colcon.colcon_core.environment:checking '/home/robogames/vt-cro/car_robot_ws/install/serial/lib/python3.12/site-packages'
[1.072s] Level 1:colcon.colcon_core.environment:checking '/home/robogames/vt-cro/car_robot_ws/install/serial/bin'
[1.074s] Level 1:colcon.colcon_core.shell:create_environment_hook('serial', 'pythonscriptspath')
[1.075s] INFO:colcon.colcon_core.shell:Creating environment hook '/home/robogames/vt-cro/car_robot_ws/install/serial/share/serial/hook/pythonscriptspath.ps1'
[1.079s] INFO:colcon.colcon_core.shell:Creating environment descriptor '/home/robogames/vt-cro/car_robot_ws/install/serial/share/serial/hook/pythonscriptspath.dsv'
[1.083s] INFO:colcon.colcon_core.shell:Creating environment hook '/home/robogames/vt-cro/car_robot_ws/install/serial/share/serial/hook/pythonscriptspath.sh'
[1.087s] INFO:colcon.colcon_core.shell:Creating package script '/home/robogames/vt-cro/car_robot_ws/install/serial/share/serial/package.ps1'
[1.096s] INFO:colcon.colcon_core.shell:Creating package descriptor '/home/robogames/vt-cro/car_robot_ws/install/serial/share/serial/package.dsv'
[1.099s] INFO:colcon.colcon_core.shell:Creating package script '/home/robogames/vt-cro/car_robot_ws/install/serial/share/serial/package.sh'
[1.104s] INFO:colcon.colcon_core.shell:Creating package script '/home/robogames/vt-cro/car_robot_ws/install/serial/share/serial/package.bash'
[1.109s] INFO:colcon.colcon_core.shell:Creating package script '/home/robogames/vt-cro/car_robot_ws/install/serial/share/serial/package.zsh'
[1.113s] Level 1:colcon.colcon_core.environment:create_file_with_runtime_dependencies(/home/robogames/vt-cro/car_robot_ws/install/serial/share/colcon-core/packages/serial)
[2.574s] DEBUG:colcon.colcon_core.event_handler.log_command:Invoked command in '/home/robogames/vt-cro/car_robot_ws/build/mini_car_bot' returned '0': CMAKE_PREFIX_PATH=/home/robogames/car_robot_ws/install/mini_car_bot:/home/robogames/car_robot_ws/install/diffdrive_arduino:/home/robogames/car_robot_ws/install/articubot_one:/opt/ros/jazzy:${CMAKE_PREFIX_PATH} DEBUGINFOD_URLS=https://debuginfod.ubuntu.com /usr/bin/cmake /home/robogames/vt-cro/car_robot_ws/src/mini_car_bot -DCMAKE_INSTALL_PREFIX=/home/robogames/vt-cro/car_robot_ws/install/mini_car_bot
[2.578s] DEBUG:colcon.colcon_core.event_handler.log_command:Invoking command in '/home/robogames/vt-cro/car_robot_ws/build/mini_car_bot': CMAKE_PREFIX_PATH=/home/robogames/car_robot_ws/install/mini_car_bot:/home/robogames/car_robot_ws/install/diffdrive_arduino:/home/robogames/car_robot_ws/install/articubot_one:/opt/ros/jazzy:${CMAKE_PREFIX_PATH} DEBUGINFOD_URLS=https://debuginfod.ubuntu.com /usr/bin/cmake --build /home/robogames/vt-cro/car_robot_ws/build/mini_car_bot -- -j4 -l4
[2.684s] DEBUG:colcon.colcon_core.event_handler.log_command:Invoked command in '/home/robogames/vt-cro/car_robot_ws/build/mini_car_bot' returned '0': CMAKE_PREFIX_PATH=/home/robogames/car_robot_ws/install/mini_car_bot:/home/robogames/car_robot_ws/install/diffdrive_arduino:/home/robogames/car_robot_ws/install/articubot_one:/opt/ros/jazzy:${CMAKE_PREFIX_PATH} DEBUGINFOD_URLS=https://debuginfod.ubuntu.com /usr/bin/cmake --build /home/robogames/vt-cro/car_robot_ws/build/mini_car_bot -- -j4 -l4
[2.688s] DEBUG:colcon.colcon_core.event_handler.log_command:Invoking command in '/home/robogames/vt-cro/car_robot_ws/build/mini_car_bot': CMAKE_PREFIX_PATH=/home/robogames/car_robot_ws/install/mini_car_bot:/home/robogames/car_robot_ws/install/diffdrive_arduino:/home/robogames/car_robot_ws/install/articubot_one:/opt/ros/jazzy:${CMAKE_PREFIX_PATH} DEBUGINFOD_URLS=https://debuginfod.ubuntu.com /usr/bin/cmake --install /home/robogames/vt-cro/car_robot_ws/build/mini_car_bot
[2.732s] Level 1:colcon.colcon_core.environment:create_environment_scripts_only(mini_car_bot)
[2.732s] Level 1:colcon.colcon_core.environment:checking '/home/robogames/vt-cro/car_robot_ws/install/mini_car_bot' for CMake module files
[2.734s] DEBUG:colcon.colcon_core.event_handler.log_command:Invoked command in '/home/robogames/vt-cro/car_robot_ws/build/mini_car_bot' returned '0': CMAKE_PREFIX_PATH=/home/robogames/car_robot_ws/install/mini_car_bot:/home/robogames/car_robot_ws/install/diffdrive_arduino:/home/robogames/car_robot_ws/install/articubot_one:/opt/ros/jazzy:${CMAKE_PREFIX_PATH} DEBUGINFOD_URLS=https://debuginfod.ubuntu.com /usr/bin/cmake --install /home/robogames/vt-cro/car_robot_ws/build/mini_car_bot
[2.735s] Level 1:colcon.colcon_core.environment:checking '/home/robogames/vt-cro/car_robot_ws/install/mini_car_bot' for CMake config files
[2.735s] Level 1:colcon.colcon_core.shell:create_environment_hook('mini_car_bot', 'cmake_prefix_path')
[2.736s] INFO:colcon.colcon_core.shell:Creating environment hook '/home/robogames/vt-cro/car_robot_ws/install/mini_car_bot/share/mini_car_bot/hook/cmake_prefix_path.ps1'
[2.737s] INFO:colcon.colcon_core.shell:Creating environment descriptor '/home/robogames/vt-cro/car_robot_ws/install/mini_car_bot/share/mini_car_bot/hook/cmake_prefix_path.dsv'
[2.737s] INFO:colcon.colcon_core.shell:Creating environment hook '/home/robogames/vt-cro/car_robot_ws/install/mini_car_bot/share/mini_car_bot/hook/cmake_prefix_path.sh'
[2.739s] Level 1:colcon.colcon_core.environment:checking '/home/robogames/vt-cro/car_robot_ws/install/mini_car_bot/bin'
[2.739s] Level 1:colcon.colcon_core.environment:checking '/home/robogames/vt-cro/car_robot_ws/install/mini_car_bot/lib/pkgconfig/mini_car_bot.pc'
[2.740s] Level 1:colcon.colcon_core.environment:checking '/home/robogames/vt-cro/car_robot_ws/install/mini_car_bot/lib/python3.12/site-packages'
[2.740s] Level 1:colcon.colcon_core.environment:checking '/home/robogames/vt-cro/car_robot_ws/install/mini_car_bot/bin'
[2.741s] INFO:colcon.colcon_core.shell:Creating package script '/home/robogames/vt-cro/car_robot_ws/install/mini_car_bot/share/mini_car_bot/package.ps1'
[2.742s] INFO:colcon.colcon_core.shell:Creating package descriptor '/home/robogames/vt-cro/car_robot_ws/install/mini_car_bot/share/mini_car_bot/package.dsv'
[2.743s] INFO:colcon.colcon_core.shell:Creating package script '/home/robogames/vt-cro/car_robot_ws/install/mini_car_bot/share/mini_car_bot/package.sh'
[2.744s] INFO:colcon.colcon_core.shell:Creating package script '/home/robogames/vt-cro/car_robot_ws/install/mini_car_bot/share/mini_car_bot/package.bash'
[2.745s] INFO:colcon.colcon_core.shell:Creating package script '/home/robogames/vt-cro/car_robot_ws/install/mini_car_bot/share/mini_car_bot/package.zsh'
[2.746s] Level 1:colcon.colcon_core.environment:create_file_with_runtime_dependencies(/home/robogames/vt-cro/car_robot_ws/install/mini_car_bot/share/colcon-core/packages/mini_car_bot)
[2.748s] Level 1:colcon.colcon_core.environment:create_environment_scripts_only(mini_car_bot)
[2.748s] Level 1:colcon.colcon_core.environment:checking '/home/robogames/vt-cro/car_robot_ws/install/mini_car_bot' for CMake module files
[2.749s] Level 1:colcon.colcon_core.environment:checking '/home/robogames/vt-cro/car_robot_ws/install/mini_car_bot' for CMake config files
[2.750s] Level 1:colcon.colcon_core.shell:create_environment_hook('mini_car_bot', 'cmake_prefix_path')
[2.750s] INFO:colcon.colcon_core.shell:Creating environment hook '/home/robogames/vt-cro/car_robot_ws/install/mini_car_bot/share/mini_car_bot/hook/cmake_prefix_path.ps1'
[2.751s] INFO:colcon.colcon_core.shell:Creating environment descriptor '/home/robogames/vt-cro/car_robot_ws/install/mini_car_bot/share/mini_car_bot/hook/cmake_prefix_path.dsv'
[2.753s] INFO:colcon.colcon_core.shell:Creating environment hook '/home/robogames/vt-cro/car_robot_ws/install/mini_car_bot/share/mini_car_bot/hook/cmake_prefix_path.sh'
[2.755s] Level 1:colcon.colcon_core.environment:checking '/home/robogames/vt-cro/car_robot_ws/install/mini_car_bot/bin'
[2.755s] Level 1:colcon.colcon_core.environment:checking '/home/robogames/vt-cro/car_robot_ws/install/mini_car_bot/lib/pkgconfig/mini_car_bot.pc'
[2.755s] Level 1:colcon.colcon_core.environment:checking '/home/robogames/vt-cro/car_robot_ws/install/mini_car_bot/lib/python3.12/site-packages'
[2.756s] Level 1:colcon.colcon_core.environment:checking '/home/robogames/vt-cro/car_robot_ws/install/mini_car_bot/bin'
[2.756s] INFO:colcon.colcon_core.shell:Creating package script '/home/robogames/vt-cro/car_robot_ws/install/mini_car_bot/share/mini_car_bot/package.ps1'
[2.758s] INFO:colcon.colcon_core.shell:Creating package descriptor '/home/robogames/vt-cro/car_robot_ws/install/mini_car_bot/share/mini_car_bot/package.dsv'
[2.762s] INFO:colcon.colcon_core.shell:Creating package script '/home/robogames/vt-cro/car_robot_ws/install/mini_car_bot/share/mini_car_bot/package.sh'
[2.763s] INFO:colcon.colcon_core.shell:Creating package script '/home/robogames/vt-cro/car_robot_ws/install/mini_car_bot/share/mini_car_bot/package.bash'
[2.764s] INFO:colcon.colcon_core.shell:Creating package script '/home/robogames/vt-cro/car_robot_ws/install/mini_car_bot/share/mini_car_bot/package.zsh'
[2.765s] Level 1:colcon.colcon_core.environment:create_file_with_runtime_dependencies(/home/robogames/vt-cro/car_robot_ws/install/mini_car_bot/share/colcon-core/packages/mini_car_bot)
[3.607s] DEBUG:colcon.colcon_core.event_handler.log_command:Invoked command in '/home/robogames/vt-cro/car_robot_ws/build/diffdrive_arduino' returned '0': CMAKE_PREFIX_PATH=/home/robogames/car_robot_ws/install/mini_car_bot:/home/robogames/car_robot_ws/install/diffdrive_arduino:/home/robogames/car_robot_ws/install/articubot_one:/opt/ros/jazzy:${CMAKE_PREFIX_PATH} DEBUGINFOD_URLS=https://debuginfod.ubuntu.com /usr/bin/cmake /home/robogames/vt-cro/car_robot_ws/src/diffdrive_arduino -DCMAKE_INSTALL_PREFIX=/home/robogames/vt-cro/car_robot_ws/install/diffdrive_arduino
[3.609s] DEBUG:colcon.colcon_core.event_handler.log_command:Invoking command in '/home/robogames/vt-cro/car_robot_ws/build/diffdrive_arduino': CMAKE_PREFIX_PATH=/home/robogames/car_robot_ws/install/mini_car_bot:/home/robogames/car_robot_ws/install/diffdrive_arduino:/home/robogames/car_robot_ws/install/articubot_one:/opt/ros/jazzy:${CMAKE_PREFIX_PATH} DEBUGINFOD_URLS=https://debuginfod.ubuntu.com /usr/bin/cmake --build /home/robogames/vt-cro/car_robot_ws/build/diffdrive_arduino -- -j4 -l4
[3.616s] DEBUG:colcon.colcon_core.event_handler.log_command:Invoked command in '/home/robogames/vt-cro/car_robot_ws/build/articubot_one' returned '0': CMAKE_PREFIX_PATH=/home/robogames/car_robot_ws/install/mini_car_bot:/home/robogames/car_robot_ws/install/diffdrive_arduino:/home/robogames/car_robot_ws/install/articubot_one:/opt/ros/jazzy:${CMAKE_PREFIX_PATH} DEBUGINFOD_URLS=https://debuginfod.ubuntu.com /usr/bin/cmake /home/robogames/vt-cro/car_robot_ws/src/articubot_one -DCMAKE_INSTALL_PREFIX=/home/robogames/vt-cro/car_robot_ws/install/articubot_one
[3.619s] DEBUG:colcon.colcon_core.event_handler.log_command:Invoking command in '/home/robogames/vt-cro/car_robot_ws/build/articubot_one': CMAKE_PREFIX_PATH=/home/robogames/car_robot_ws/install/mini_car_bot:/home/robogames/car_robot_ws/install/diffdrive_arduino:/home/robogames/car_robot_ws/install/articubot_one:/opt/ros/jazzy:${CMAKE_PREFIX_PATH} DEBUGINFOD_URLS=https://debuginfod.ubuntu.com /usr/bin/cmake --build /home/robogames/vt-cro/car_robot_ws/build/articubot_one -- -j4 -l4
[16.160s] DEBUG:colcon.colcon_core.event_handler.log_command:Invoked command in '/home/robogames/vt-cro/car_robot_ws/build/diffdrive_arduino' returned '2': CMAKE_PREFIX_PATH=/home/robogames/car_robot_ws/install/mini_car_bot:/home/robogames/car_robot_ws/install/diffdrive_arduino:/home/robogames/car_robot_ws/install/articubot_one:/opt/ros/jazzy:${CMAKE_PREFIX_PATH} DEBUGINFOD_URLS=https://debuginfod.ubuntu.com /usr/bin/cmake --build /home/robogames/vt-cro/car_robot_ws/build/diffdrive_arduino -- -j4 -l4
[16.162s] Level 1:colcon.colcon_core.environment:create_environment_scripts_only(diffdrive_arduino)
[16.162s] Level 1:colcon.colcon_core.environment:checking '/home/robogames/vt-cro/car_robot_ws/install/diffdrive_arduino' for CMake module files
[16.163s] Level 1:colcon.colcon_core.environment:checking '/home/robogames/vt-cro/car_robot_ws/install/diffdrive_arduino' for CMake config files
[16.164s] Level 1:colcon.colcon_core.environment:checking '/home/robogames/vt-cro/car_robot_ws/install/diffdrive_arduino/bin'
[16.165s] Level 1:colcon.colcon_core.environment:checking '/home/robogames/vt-cro/car_robot_ws/install/diffdrive_arduino/lib/pkgconfig/diffdrive_arduino.pc'
[16.165s] Level 1:colcon.colcon_core.environment:checking '/home/robogames/vt-cro/car_robot_ws/install/diffdrive_arduino/lib/python3.12/site-packages'
[16.167s] Level 1:colcon.colcon_core.environment:checking '/home/robogames/vt-cro/car_robot_ws/install/diffdrive_arduino/bin'
[16.168s] INFO:colcon.colcon_core.shell:Creating package script '/home/robogames/vt-cro/car_robot_ws/install/diffdrive_arduino/share/diffdrive_arduino/package.ps1'
[16.172s] INFO:colcon.colcon_core.shell:Creating package descriptor '/home/robogames/vt-cro/car_robot_ws/install/diffdrive_arduino/share/diffdrive_arduino/package.dsv'
[16.174s] INFO:colcon.colcon_core.shell:Creating package script '/home/robogames/vt-cro/car_robot_ws/install/diffdrive_arduino/share/diffdrive_arduino/package.sh'
[16.176s] INFO:colcon.colcon_core.shell:Creating package script '/home/robogames/vt-cro/car_robot_ws/install/diffdrive_arduino/share/diffdrive_arduino/package.bash'
[16.177s] INFO:colcon.colcon_core.shell:Creating package script '/home/robogames/vt-cro/car_robot_ws/install/diffdrive_arduino/share/diffdrive_arduino/package.zsh'
[16.179s] Level 1:colcon.colcon_core.environment:create_file_with_runtime_dependencies(/home/robogames/vt-cro/car_robot_ws/install/diffdrive_arduino/share/colcon-core/packages/diffdrive_arduino)
[37.956s] DEBUG:colcon.colcon_parallel_executor.executor.parallel:closing loop
[37.957s] DEBUG:colcon.colcon_parallel_executor.executor.parallel:loop closed
[37.958s] DEBUG:colcon.colcon_parallel_executor.executor.parallel:run_until_complete finished with '2'
[37.958s] DEBUG:colcon.colcon_core.event_reactor:joining thread
[37.973s] INFO:colcon.colcon_core.plugin_system:Skipping extension 'colcon_notification.desktop_notification.terminal_notifier': Not used on non-Darwin systems
[37.974s] INFO:colcon.colcon_core.plugin_system:Skipping extension 'colcon_notification.desktop_notification.win32': Not used on non-Windows systems
[37.974s] INFO:colcon.colcon_notification.desktop_notification:Sending desktop notification using 'notify2'
[38.006s] DEBUG:colcon.colcon_core.event_reactor:joined thread
[38.006s] INFO:colcon.colcon_core.shell:Creating prefix script '/home/robogames/vt-cro/car_robot_ws/install/local_setup.ps1'
[38.008s] INFO:colcon.colcon_core.shell:Creating prefix util module '/home/robogames/vt-cro/car_robot_ws/install/_local_setup_util_ps1.py'
[38.010s] INFO:colcon.colcon_core.shell:Creating prefix chain script '/home/robogames/vt-cro/car_robot_ws/install/setup.ps1'
[38.010s] WARNING:colcon.colcon_ros.prefix_path.catkin:The path '/home/robogames/vt-cro/car_robot_ws/install/serial' in the environment variable CMAKE_PREFIX_PATH doesn't exist
[38.012s] INFO:colcon.colcon_core.shell:Creating prefix script '/home/robogames/vt-cro/car_robot_ws/install/local_setup.sh'
[38.014s] INFO:colcon.colcon_core.shell:Creating prefix util module '/home/robogames/vt-cro/car_robot_ws/install/_local_setup_util_sh.py'
[38.016s] INFO:colcon.colcon_core.shell:Creating prefix chain script '/home/robogames/vt-cro/car_robot_ws/install/setup.sh'
[38.018s] INFO:colcon.colcon_core.shell:Creating prefix script '/home/robogames/vt-cro/car_robot_ws/install/local_setup.bash'
[38.019s] INFO:colcon.colcon_core.shell:Creating prefix chain script '/home/robogames/vt-cro/car_robot_ws/install/setup.bash'
[38.020s] INFO:colcon.colcon_core.shell:Creating prefix script '/home/robogames/vt-cro/car_robot_ws/install/local_setup.zsh'
[38.021s] INFO:colcon.colcon_core.shell:Creating prefix chain script '/home/robogames/vt-cro/car_robot_ws/install/setup.zsh'
