[0.024s] Invoking command in '/home/robogames/vt-cro/robogames_pi/yolobot/build/yolobot_gazebo': CMAKE_PREFIX_PATH=/home/robogames/vt-cro/robogames_pi/car_robot_ws/install/opencv_tools:/home/robogames/vt-cro/robogames_pi/car_robot_ws/install/object_detection:/opt/ros/jazzy:${CMAKE_PREFIX_PATH} DEBUGINFOD_URLS=https://debuginfod.ubuntu.com PS1=(ros2_python_venv) \[\e]0;\u@\h: \w\a\]${debian_chroot:+($debian_chroot)}\[\033[01;32m\]\u@\h\[\033[00m\]:\[\033[01;34m\]\w\[\033[00m\]\$ VIRTUAL_ENV_PROMPT=(ros2_python_venv) /usr/bin/cmake /home/robogames/vt-cro/robogames_pi/yolobot/src/yolobot_gazebo -DAMENT_CMAKE_SYMLINK_INSTALL=1 -DCMAKE_INSTALL_PREFIX=/home/robogames/vt-cro/robogames_pi/yolobot/install/yolobot_gazebo
[0.453s] -- The C compiler identification is GNU 13.3.0
[0.965s] -- The CXX compiler identification is GNU 13.3.0
[1.004s] -- Detecting C compiler ABI info
[1.272s] -- Detecting C compiler ABI info - done
[1.283s] -- Check for working C compiler: /usr/bin/cc - skipped
[1.284s] -- Detecting C compile features
[1.286s] -- Detecting C compile features - done
[1.305s] -- Detecting CXX compiler ABI info
[1.571s] -- Detecting CXX compiler ABI info - done
[1.585s] -- Check for working CXX compiler: /usr/bin/c++ - skipped
[1.587s] -- Detecting CXX compile features
[1.588s] -- Detecting CXX compile features - done
[1.594s] -- Found ament_cmake: 2.5.3 (/opt/ros/jazzy/share/ament_cmake/cmake)
[1.981s] -- Found Python3: /home/robogames/ros2_python_venv/bin/python3 (found version "3.12.3") found components: Interpreter 
[2.300s] -- Override CMake install command with custom implementation using symlinks instead of copying resources
[2.388s] -- Found rclpy: 7.1.3 (/opt/ros/jazzy/share/rclpy/cmake)
[2.391s] -- Found ament_lint_auto: 0.17.1 (/opt/ros/jazzy/share/ament_lint_auto/cmake)
[2.700s] -- Added test 'copyright' to check source files copyright and LICENSE
[2.704s] -- Added test 'flake8' to check Python code syntax and style conventions
[2.704s] -- Configured 'flake8' exclude dirs and/or files: 
[2.705s] -- Added test 'lint_cmake' to check CMake code style
[2.707s] -- Added test 'pep257' to check Python code against some of the docstring style conventions in PEP 257
[2.709s] -- Added test 'xmllint' to check XML markup files
[2.715s] -- Configuring done (2.7s)
[2.719s] -- Generating done (0.0s)
[2.723s] -- Build files have been written to: /home/robogames/vt-cro/robogames_pi/yolobot/build/yolobot_gazebo
[2.738s] Invoked command in '/home/robogames/vt-cro/robogames_pi/yolobot/build/yolobot_gazebo' returned '0': CMAKE_PREFIX_PATH=/home/robogames/vt-cro/robogames_pi/car_robot_ws/install/opencv_tools:/home/robogames/vt-cro/robogames_pi/car_robot_ws/install/object_detection:/opt/ros/jazzy:${CMAKE_PREFIX_PATH} DEBUGINFOD_URLS=https://debuginfod.ubuntu.com PS1=(ros2_python_venv) \[\e]0;\u@\h: \w\a\]${debian_chroot:+($debian_chroot)}\[\033[01;32m\]\u@\h\[\033[00m\]:\[\033[01;34m\]\w\[\033[00m\]\$ VIRTUAL_ENV_PROMPT=(ros2_python_venv) /usr/bin/cmake /home/robogames/vt-cro/robogames_pi/yolobot/src/yolobot_gazebo -DAMENT_CMAKE_SYMLINK_INSTALL=1 -DCMAKE_INSTALL_PREFIX=/home/robogames/vt-cro/robogames_pi/yolobot/install/yolobot_gazebo
[2.739s] Invoking command in '/home/robogames/vt-cro/robogames_pi/yolobot/build/yolobot_gazebo': CMAKE_PREFIX_PATH=/home/robogames/vt-cro/robogames_pi/car_robot_ws/install/opencv_tools:/home/robogames/vt-cro/robogames_pi/car_robot_ws/install/object_detection:/opt/ros/jazzy:${CMAKE_PREFIX_PATH} DEBUGINFOD_URLS=https://debuginfod.ubuntu.com PS1=(ros2_python_venv) \[\e]0;\u@\h: \w\a\]${debian_chroot:+($debian_chroot)}\[\033[01;32m\]\u@\h\[\033[00m\]:\[\033[01;34m\]\w\[\033[00m\]\$ VIRTUAL_ENV_PROMPT=(ros2_python_venv) /usr/bin/cmake --build /home/robogames/vt-cro/robogames_pi/yolobot/build/yolobot_gazebo -- -j4 -l4
[2.844s] Invoked command in '/home/robogames/vt-cro/robogames_pi/yolobot/build/yolobot_gazebo' returned '0': CMAKE_PREFIX_PATH=/home/robogames/vt-cro/robogames_pi/car_robot_ws/install/opencv_tools:/home/robogames/vt-cro/robogames_pi/car_robot_ws/install/object_detection:/opt/ros/jazzy:${CMAKE_PREFIX_PATH} DEBUGINFOD_URLS=https://debuginfod.ubuntu.com PS1=(ros2_python_venv) \[\e]0;\u@\h: \w\a\]${debian_chroot:+($debian_chroot)}\[\033[01;32m\]\u@\h\[\033[00m\]:\[\033[01;34m\]\w\[\033[00m\]\$ VIRTUAL_ENV_PROMPT=(ros2_python_venv) /usr/bin/cmake --build /home/robogames/vt-cro/robogames_pi/yolobot/build/yolobot_gazebo -- -j4 -l4
[2.864s] Invoking command in '/home/robogames/vt-cro/robogames_pi/yolobot/build/yolobot_gazebo': CMAKE_PREFIX_PATH=/home/robogames/vt-cro/robogames_pi/car_robot_ws/install/opencv_tools:/home/robogames/vt-cro/robogames_pi/car_robot_ws/install/object_detection:/opt/ros/jazzy:${CMAKE_PREFIX_PATH} DEBUGINFOD_URLS=https://debuginfod.ubuntu.com PS1=(ros2_python_venv) \[\e]0;\u@\h: \w\a\]${debian_chroot:+($debian_chroot)}\[\033[01;32m\]\u@\h\[\033[00m\]:\[\033[01;34m\]\w\[\033[00m\]\$ VIRTUAL_ENV_PROMPT=(ros2_python_venv) /usr/bin/cmake --install /home/robogames/vt-cro/robogames_pi/yolobot/build/yolobot_gazebo
[2.884s] -- Install configuration: ""
[2.887s] -- Execute custom install script
[2.887s] -- Symlinking: /home/robogames/vt-cro/robogames_pi/yolobot/install/yolobot_gazebo/share/yolobot_gazebo//launch/start_world_launch.py
[2.911s] -- Symlinking: /home/robogames/vt-cro/robogames_pi/yolobot/install/yolobot_gazebo/share/yolobot_gazebo//launch/yolobot_launch.py
[2.936s] -- Symlinking: /home/robogames/vt-cro/robogames_pi/yolobot/install/yolobot_gazebo/share/yolobot_gazebo//worlds/yolo_test.world
[2.959s] -- Symlinking: /home/robogames/vt-cro/robogames_pi/yolobot/install/yolobot_gazebo/share/ament_index/resource_index/package_run_dependencies/yolobot_gazebo
[2.983s] -- Symlinking: /home/robogames/vt-cro/robogames_pi/yolobot/install/yolobot_gazebo/share/ament_index/resource_index/parent_prefix_path/yolobot_gazebo
[3.010s] -- Symlinking: /home/robogames/vt-cro/robogames_pi/yolobot/install/yolobot_gazebo/share/yolobot_gazebo/environment/ament_prefix_path.sh
[3.035s] -- Symlinking: /home/robogames/vt-cro/robogames_pi/yolobot/install/yolobot_gazebo/share/yolobot_gazebo/environment/ament_prefix_path.dsv
[3.061s] -- Symlinking: /home/robogames/vt-cro/robogames_pi/yolobot/install/yolobot_gazebo/share/yolobot_gazebo/environment/path.sh
[3.082s] -- Symlinking: /home/robogames/vt-cro/robogames_pi/yolobot/install/yolobot_gazebo/share/yolobot_gazebo/environment/path.dsv
[3.106s] -- Symlinking: /home/robogames/vt-cro/robogames_pi/yolobot/install/yolobot_gazebo/share/yolobot_gazebo/local_setup.bash
[3.130s] -- Symlinking: /home/robogames/vt-cro/robogames_pi/yolobot/install/yolobot_gazebo/share/yolobot_gazebo/local_setup.sh
[3.151s] -- Symlinking: /home/robogames/vt-cro/robogames_pi/yolobot/install/yolobot_gazebo/share/yolobot_gazebo/local_setup.zsh
[3.173s] -- Symlinking: /home/robogames/vt-cro/robogames_pi/yolobot/install/yolobot_gazebo/share/yolobot_gazebo/local_setup.dsv
[3.194s] -- Symlinking: /home/robogames/vt-cro/robogames_pi/yolobot/install/yolobot_gazebo/share/yolobot_gazebo/package.dsv
[3.215s] -- Symlinking: /home/robogames/vt-cro/robogames_pi/yolobot/install/yolobot_gazebo/share/ament_index/resource_index/packages/yolobot_gazebo
[3.238s] -- Symlinking: /home/robogames/vt-cro/robogames_pi/yolobot/install/yolobot_gazebo/share/yolobot_gazebo/cmake/yolobot_gazeboConfig.cmake
[3.259s] -- Symlinking: /home/robogames/vt-cro/robogames_pi/yolobot/install/yolobot_gazebo/share/yolobot_gazebo/cmake/yolobot_gazeboConfig-version.cmake
[3.279s] -- Symlinking: /home/robogames/vt-cro/robogames_pi/yolobot/install/yolobot_gazebo/share/yolobot_gazebo/package.xml
[3.302s] Invoked command in '/home/robogames/vt-cro/robogames_pi/yolobot/build/yolobot_gazebo' returned '0': CMAKE_PREFIX_PATH=/home/robogames/vt-cro/robogames_pi/car_robot_ws/install/opencv_tools:/home/robogames/vt-cro/robogames_pi/car_robot_ws/install/object_detection:/opt/ros/jazzy:${CMAKE_PREFIX_PATH} DEBUGINFOD_URLS=https://debuginfod.ubuntu.com PS1=(ros2_python_venv) \[\e]0;\u@\h: \w\a\]${debian_chroot:+($debian_chroot)}\[\033[01;32m\]\u@\h\[\033[00m\]:\[\033[01;34m\]\w\[\033[00m\]\$ VIRTUAL_ENV_PROMPT=(ros2_python_venv) /usr/bin/cmake --install /home/robogames/vt-cro/robogames_pi/yolobot/build/yolobot_gazebo
