[0.058s] Invoking command in '/home/robogames/vt-cro/robogames_pi/car_robot_ws/build/articubot_one': CMAKE_PREFIX_PATH=/opt/ros/jazzy:${CMAKE_PREFIX_PATH} DEBUGINFOD_URLS=https://debuginfod.ubuntu.com /usr/bin/cmake --build /home/robogames/vt-cro/robogames_pi/car_robot_ws/build/articubot_one -- -j4 -l4
[0.120s] -- Found ament_cmake: 2.5.3 (/opt/ros/jazzy/share/ament_cmake/cmake)
[0.528s] -- Found serial: 1.2.1 (/home/robogames/vt-cro/robogames_pi/car_robot_ws/install/serial/share/serial/cmake)
[0.530s] -- Found rclcpp: 28.1.6 (/opt/ros/jazzy/share/rclcpp/cmake)
[0.569s] -- Found rosidl_generator_c: 4.6.5 (/opt/ros/jazzy/share/rosidl_generator_c/cmake)
[0.582s] -- Found rosidl_generator_cpp: 4.6.5 (/opt/ros/jazzy/share/rosidl_generator_cpp/cmake)
[0.599s] -- Using all available rosidl_typesupport_c: rosidl_typesupport_fastrtps_c;rosidl_typesupport_introspection_c
[0.619s] -- Using all available rosidl_typesupport_cpp: rosidl_typesupport_fastrtps_cpp;rosidl_typesupport_introspection_cpp
[0.702s] -- Found rmw_implementation_cmake: 7.3.1 (/opt/ros/jazzy/share/rmw_implementation_cmake/cmake)
[0.703s] -- Found rmw_fastrtps_cpp: 8.4.1 (/opt/ros/jazzy/share/rmw_fastrtps_cpp/cmake)
[0.802s] -- Using RMW implementation 'rmw_fastrtps_cpp' as default
[0.887s] -- Found sensor_msgs: 5.3.5 (/opt/ros/jazzy/share/sensor_msgs/cmake)
[0.970s] -- Found cv_bridge: 4.1.0 (/opt/ros/jazzy/share/cv_bridge/cmake)
[0.974s] -- Found image_geometry: 4.1.0 (/opt/ros/jazzy/share/image_geometry/cmake)
[0.978s] -- Found controller_manager_msgs: 4.27.0 (/opt/ros/jazzy/share/controller_manager_msgs/cmake)
[1.039s] -- Found rclcpp_action: 28.1.6 (/opt/ros/jazzy/share/rclcpp_action/cmake)
[1.090s] -- Found nav2_msgs: 1.3.5 (/opt/ros/jazzy/share/nav2_msgs/cmake)
[1.229s] -- Found nav2_util: 1.3.5 (/opt/ros/jazzy/share/nav2_util/cmake)
[1.299s] -- Found eigen3_cmake_module: 0.3.0 (/opt/ros/jazzy/share/eigen3_cmake_module/cmake)
[1.301s] -- Ensuring Eigen3 include directory is part of orocos-kdl CMake target
[1.406s] [31mCMake Error at CMakeLists.txt:35 (find_package):
[1.406s]   By not providing "FindTorch.cmake" in CMAKE_MODULE_PATH this project has
[1.406s]   asked CMake to find a package configuration file provided by "Torch", but
[1.406s]   CMake did not find one.
[1.406s] 
[1.406s]   Could not find a package configuration file provided by "Torch" with any of
[1.406s]   the following names:
[1.407s] 
[1.407s]     TorchConfig.cmake
[1.407s]     torch-config.cmake
[1.407s] 
[1.407s]   Add the installation prefix of "Torch" to CMAKE_PREFIX_PATH or set
[1.407s]   "Torch_DIR" to a directory containing one of the above files.  If "Torch"
[1.407s]   provides a separate development package or SDK, be sure it has been
[1.407s]   installed.
[1.407s] 
[1.407s] [0m
[1.407s] -- Configuring incomplete, errors occurred!
[1.424s] gmake: *** [Makefile:472: cmake_check_build_system] Error 1
[1.428s] Invoked command in '/home/robogames/vt-cro/robogames_pi/car_robot_ws/build/articubot_one' returned '2': CMAKE_PREFIX_PATH=/opt/ros/jazzy:${CMAKE_PREFIX_PATH} DEBUGINFOD_URLS=https://debuginfod.ubuntu.com /usr/bin/cmake --build /home/robogames/vt-cro/robogames_pi/car_robot_ws/build/articubot_one -- -j4 -l4
