running egg_info
creating ../../../build/opencv_tools/opencv_tools.egg-info
writing ../../../build/opencv_tools/opencv_tools.egg-info/PKG-INFO
writing dependency_links to ../../../build/opencv_tools/opencv_tools.egg-info/dependency_links.txt
writing entry points to ../../../build/opencv_tools/opencv_tools.egg-info/entry_points.txt
writing requirements to ../../../build/opencv_tools/opencv_tools.egg-info/requires.txt
writing top-level names to ../../../build/opencv_tools/opencv_tools.egg-info/top_level.txt
writing manifest file '../../../build/opencv_tools/opencv_tools.egg-info/SOURCES.txt'
reading manifest file '../../../build/opencv_tools/opencv_tools.egg-info/SOURCES.txt'
writing manifest file '../../../build/opencv_tools/opencv_tools.egg-info/SOURCES.txt'
running build
running build_py
creating /home/robogames/vt-cro/robogames_pi/build/opencv_tools/build
creating /home/robogames/vt-cro/robogames_pi/build/opencv_tools/build/lib
creating /home/robogames/vt-cro/robogames_pi/build/opencv_tools/build/lib/opencv_tools
copying opencv_tools/__init__.py -> /home/robogames/vt-cro/robogames_pi/build/opencv_tools/build/lib/opencv_tools
copying opencv_tools/detect_object_node.py -> /home/robogames/vt-cro/robogames_pi/build/opencv_tools/build/lib/opencv_tools
copying opencv_tools/detect_yolo_node.py -> /home/robogames/vt-cro/robogames_pi/build/opencv_tools/build/lib/opencv_tools
running install
running install_lib
creating /home/robogames/vt-cro/robogames_pi/install/opencv_tools/lib/python3.12/site-packages/opencv_tools
copying /home/robogames/vt-cro/robogames_pi/build/opencv_tools/build/lib/opencv_tools/__init__.py -> /home/robogames/vt-cro/robogames_pi/install/opencv_tools/lib/python3.12/site-packages/opencv_tools
copying /home/robogames/vt-cro/robogames_pi/build/opencv_tools/build/lib/opencv_tools/detect_object_node.py -> /home/robogames/vt-cro/robogames_pi/install/opencv_tools/lib/python3.12/site-packages/opencv_tools
copying /home/robogames/vt-cro/robogames_pi/build/opencv_tools/build/lib/opencv_tools/detect_yolo_node.py -> /home/robogames/vt-cro/robogames_pi/install/opencv_tools/lib/python3.12/site-packages/opencv_tools
byte-compiling /home/robogames/vt-cro/robogames_pi/install/opencv_tools/lib/python3.12/site-packages/opencv_tools/__init__.py to __init__.cpython-312.pyc
byte-compiling /home/robogames/vt-cro/robogames_pi/install/opencv_tools/lib/python3.12/site-packages/opencv_tools/detect_object_node.py to detect_object_node.cpython-312.pyc
byte-compiling /home/robogames/vt-cro/robogames_pi/install/opencv_tools/lib/python3.12/site-packages/opencv_tools/detect_yolo_node.py to detect_yolo_node.cpython-312.pyc
running install_data
creating /home/robogames/vt-cro/robogames_pi/install/opencv_tools/share/ament_index
creating /home/robogames/vt-cro/robogames_pi/install/opencv_tools/share/ament_index/resource_index
creating /home/robogames/vt-cro/robogames_pi/install/opencv_tools/share/ament_index/resource_index/packages
copying resource/opencv_tools -> /home/robogames/vt-cro/robogames_pi/install/opencv_tools/share/ament_index/resource_index/packages
copying package.xml -> /home/robogames/vt-cro/robogames_pi/install/opencv_tools/share/opencv_tools
creating /home/robogames/vt-cro/robogames_pi/install/opencv_tools/share/opencv_tools/models
running install_egg_info
Copying ../../../build/opencv_tools/opencv_tools.egg-info to /home/robogames/vt-cro/robogames_pi/install/opencv_tools/lib/python3.12/site-packages/opencv_tools-0.0.0-py3.12.egg-info
running install_scripts
Installing detect_node script to /home/robogames/vt-cro/robogames_pi/install/opencv_tools/lib/opencv_tools
writing list of installed files to '/home/robogames/vt-cro/robogames_pi/build/opencv_tools/install.log'
