[1.865s] Invoking command in '/home/robogames/vt-cro/robogames_pi/car_robot_ws/src/opencv_tools': DEBUGINFOD_URLS=https://debuginfod.ubuntu.com PYTHONPATH=/home/robogames/vt-cro/robogames_pi/car_robot_ws/build/opencv_tools/prefix_override:/usr/lib/python3/dist-packages/colcon_core/task/python/colcon_distutils_commands:/home/robogames/vt-cro/robogames_pi/car_robot_ws/install/opencv_tools/lib/python3.12/site-packages:${PYTHONPATH} /usr/bin/python3 -W ignore:setup.py install is deprecated -W ignore:easy_install command is deprecated setup.py egg_info --egg-base ../../build/opencv_tools build --build-base /home/robogames/vt-cro/robogames_pi/car_robot_ws/build/opencv_tools/build install --record /home/robogames/vt-cro/robogames_pi/car_robot_ws/build/opencv_tools/install.log --single-version-externally-managed install_data
[2.364s] running egg_info
[2.403s] writing ../../build/opencv_tools/opencv_tools.egg-info/PKG-INFO
[2.404s] writing dependency_links to ../../build/opencv_tools/opencv_tools.egg-info/dependency_links.txt
[2.405s] writing entry points to ../../build/opencv_tools/opencv_tools.egg-info/entry_points.txt
[2.406s] writing requirements to ../../build/opencv_tools/opencv_tools.egg-info/requires.txt
[2.407s] writing top-level names to ../../build/opencv_tools/opencv_tools.egg-info/top_level.txt
[2.493s] reading manifest file '../../build/opencv_tools/opencv_tools.egg-info/SOURCES.txt'
[2.494s] writing manifest file '../../build/opencv_tools/opencv_tools.egg-info/SOURCES.txt'
[2.494s] running build
[2.494s] running build_py
[2.495s] running install
[2.504s] running install_lib
[2.545s] running install_data
[2.547s] running install_egg_info
[2.589s] removing '/home/robogames/vt-cro/robogames_pi/car_robot_ws/install/opencv_tools/lib/python3.12/site-packages/opencv_tools-0.0.0-py3.12.egg-info' (and everything under it)
[2.589s] Copying ../../build/opencv_tools/opencv_tools.egg-info to /home/robogames/vt-cro/robogames_pi/car_robot_ws/install/opencv_tools/lib/python3.12/site-packages/opencv_tools-0.0.0-py3.12.egg-info
[2.592s] running install_scripts
[2.856s] Installing detect_node script to /home/robogames/vt-cro/robogames_pi/car_robot_ws/install/opencv_tools/lib/opencv_tools
[2.857s] writing list of installed files to '/home/robogames/vt-cro/robogames_pi/car_robot_ws/build/opencv_tools/install.log'
[2.949s] Invoked command in '/home/robogames/vt-cro/robogames_pi/car_robot_ws/src/opencv_tools' returned '0': DEBUGINFOD_URLS=https://debuginfod.ubuntu.com PYTHONPATH=/home/robogames/vt-cro/robogames_pi/car_robot_ws/build/opencv_tools/prefix_override:/usr/lib/python3/dist-packages/colcon_core/task/python/colcon_distutils_commands:/home/robogames/vt-cro/robogames_pi/car_robot_ws/install/opencv_tools/lib/python3.12/site-packages:${PYTHONPATH} /usr/bin/python3 -W ignore:setup.py install is deprecated -W ignore:easy_install command is deprecated setup.py egg_info --egg-base ../../build/opencv_tools build --build-base /home/robogames/vt-cro/robogames_pi/car_robot_ws/build/opencv_tools/build install --record /home/robogames/vt-cro/robogames_pi/car_robot_ws/build/opencv_tools/install.log --single-version-externally-managed install_data
