[0.046s] Invoking command in '/home/robogames/vt-cro/car_robot_ws/build/serial': DEBUGINFOD_URLS=https://debuginfod.ubuntu.com /usr/bin/cmake --build /home/robogames/vt-cro/car_robot_ws/build/serial -- -j4 -l4
[0.253s] [ 66%] Built target serial
[0.323s] [100%] Built target serial_example
[0.374s] Invoked command in '/home/robogames/vt-cro/car_robot_ws/build/serial' returned '0': DEBUGINFOD_URLS=https://debuginfod.ubuntu.com /usr/bin/cmake --build /home/robogames/vt-cro/car_robot_ws/build/serial -- -j4 -l4
[0.435s] Invoking command in '/home/robogames/vt-cro/car_robot_ws/build/serial': DEBUGINFOD_URLS=https://debuginfod.ubuntu.com /usr/bin/cmake --install /home/robogames/vt-cro/car_robot_ws/build/serial
[0.476s] -- Install configuration: ""
[0.480s] -- Up-to-date: /home/robogames/vt-cro/car_robot_ws/install/serial/lib/libserial.a
[0.491s] -- Up-to-date: /home/robogames/vt-cro/car_robot_ws/install/serial/bin/serial_example
[0.491s] -- Up-to-date: /home/robogames/vt-cro/car_robot_ws/install/serial/include/serial
[0.495s] -- Up-to-date: /home/robogames/vt-cro/car_robot_ws/install/serial/include/serial/serial.h
[0.497s] -- Up-to-date: /home/robogames/vt-cro/car_robot_ws/install/serial/include/serial/impl
[0.497s] -- Up-to-date: /home/robogames/vt-cro/car_robot_ws/install/serial/include/serial/impl/win.h
[0.499s] -- Up-to-date: /home/robogames/vt-cro/car_robot_ws/install/serial/include/serial/impl/unix.h
[0.500s] -- Up-to-date: /home/robogames/vt-cro/car_robot_ws/install/serial/include/serial/v8stdint.h
[0.500s] -- Up-to-date: /home/robogames/vt-cro/car_robot_ws/install/serial/share/serial/environment/library_path.sh
[0.500s] -- Up-to-date: /home/robogames/vt-cro/car_robot_ws/install/serial/share/serial/environment/library_path.dsv
[0.500s] -- Up-to-date: /home/robogames/vt-cro/car_robot_ws/install/serial/share/ament_index/resource_index/package_run_dependencies/serial
[0.501s] -- Up-to-date: /home/robogames/vt-cro/car_robot_ws/install/serial/share/ament_index/resource_index/parent_prefix_path/serial
[0.512s] -- Up-to-date: /home/robogames/vt-cro/car_robot_ws/install/serial/share/serial/environment/ament_prefix_path.sh
[0.516s] -- Up-to-date: /home/robogames/vt-cro/car_robot_ws/install/serial/share/serial/environment/ament_prefix_path.dsv
[0.520s] -- Up-to-date: /home/robogames/vt-cro/car_robot_ws/install/serial/share/serial/environment/path.sh
[0.520s] -- Up-to-date: /home/robogames/vt-cro/car_robot_ws/install/serial/share/serial/environment/path.dsv
[0.520s] -- Up-to-date: /home/robogames/vt-cro/car_robot_ws/install/serial/share/serial/local_setup.bash
[0.521s] -- Up-to-date: /home/robogames/vt-cro/car_robot_ws/install/serial/share/serial/local_setup.sh
[0.531s] -- Up-to-date: /home/robogames/vt-cro/car_robot_ws/install/serial/share/serial/local_setup.zsh
[0.539s] -- Up-to-date: /home/robogames/vt-cro/car_robot_ws/install/serial/share/serial/local_setup.dsv
[0.539s] -- Installing: /home/robogames/vt-cro/car_robot_ws/install/serial/share/serial/package.dsv
[0.540s] -- Up-to-date: /home/robogames/vt-cro/car_robot_ws/install/serial/share/ament_index/resource_index/packages/serial
[0.540s] -- Up-to-date: /home/robogames/vt-cro/car_robot_ws/install/serial/share/serial/cmake/ament_cmake_export_include_directories-extras.cmake
[0.540s] -- Up-to-date: /home/robogames/vt-cro/car_robot_ws/install/serial/share/serial/cmake/ament_cmake_export_libraries-extras.cmake
[0.540s] -- Up-to-date: /home/robogames/vt-cro/car_robot_ws/install/serial/share/serial/cmake/serialConfig.cmake
[0.540s] -- Up-to-date: /home/robogames/vt-cro/car_robot_ws/install/serial/share/serial/cmake/serialConfig-version.cmake
[0.540s] -- Up-to-date: /home/robogames/vt-cro/car_robot_ws/install/serial/share/serial/package.xml
[0.540s] Invoked command in '/home/robogames/vt-cro/car_robot_ws/build/serial' returned '0': DEBUGINFOD_URLS=https://debuginfod.ubuntu.com /usr/bin/cmake --install /home/robogames/vt-cro/car_robot_ws/build/serial
