[0.066s] Invoking command in '/home/robogames/vt-cro/robogames_pi/car_robot_ws/build/yolov8_msgs': CMAKE_PREFIX_PATH=/home/robogames/vt-cro/robogames_pi/car_robot_ws/install/yolov8_msgs:/home/robogames/vt-cro/robogames_pi/car_robot_ws/install/yolobot_recognition:/opt/ros/jazzy:/home/robogames/vt-cro/robogames_pi/car_robot_ws/install/serial:/home/robogames/vt-cro/robogames_pi/car_robot_ws/install/diffdrive_arduino:/home/robogames/vt-cro/robogames_pi/car_robot_ws/install/articubot_one:/opt/ros/jazzy/opt/gz_sim_vendor:/opt/ros/jazzy/opt/gz_sensors_vendor:/opt/ros/jazzy/opt/gz_physics_vendor:/opt/ros/jazzy/opt/sdformat_vendor:/opt/ros/jazzy/opt/gz_gui_vendor:/opt/ros/jazzy/opt/gz_transport_vendor:/opt/ros/jazzy/opt/gz_rendering_vendor:/opt/ros/jazzy/opt/gz_plugin_vendor:/opt/ros/jazzy/opt/gz_fuel_tools_vendor:/opt/ros/jazzy/opt/gz_msgs_vendor:/opt/ros/jazzy/opt/gz_common_vendor:/opt/ros/jazzy/opt/gz_math_vendor:/opt/ros/jazzy/opt/gz_utils_vendor:/opt/ros/jazzy/opt/gz_tools_vendor:/opt/ros/jazzy/opt/gz_ogre_next_vendor:/opt/ros/jazzy/opt/gz_dartsim_vendor:/opt/ros/jazzy/opt/gz_cmake_vendor DEBUGINFOD_URLS=https://debuginfod.ubuntu.com PS1=(ros2_python_venv) \[\e]0;\u@\h: \w\a\]${debian_chroot:+($debian_chroot)}\[\033[01;32m\]\u@\h\[\033[00m\]:\[\033[01;34m\]\w\[\033[00m\]\$ VIRTUAL_ENV_PROMPT=(ros2_python_venv) /usr/bin/cmake --build /home/robogames/vt-cro/robogames_pi/car_robot_ws/build/yolov8_msgs -- -j4 -l4
[0.198s] [  1%] Built target yolov8_msgs__rosidl_generator_type_description
[0.229s] [  1%] Built target ament_cmake_python_symlink_yolov8_msgs
[0.277s] [  5%] Built target yolov8_msgs__cpp
[0.278s] [ 24%] Built target yolov8_msgs__rosidl_generator_c
[0.362s] [ 33%] Built target yolov8_msgs__rosidl_typesupport_c
[0.368s] [ 51%] Built target yolov8_msgs__rosidl_typesupport_introspection_cpp
[0.369s] [ 44%] Built target yolov8_msgs__rosidl_typesupport_cpp
[0.457s] [ 61%] Built target yolov8_msgs__rosidl_typesupport_introspection_c
[0.457s] [ 70%] Built target yolov8_msgs__rosidl_typesupport_fastrtps_cpp
[0.472s] [ 79%] Built target yolov8_msgs__rosidl_typesupport_fastrtps_c
[0.517s] [ 79%] Built target yolov8_msgs
[0.566s] [ 81%] Built target yolov8_msgs__py
[0.616s] [ 88%] Built target yolov8_msgs__rosidl_generator_py
[0.670s] [ 92%] Built target yolov8_msgs_s__rosidl_typesupport_introspection_c
[0.682s] [ 96%] Built target yolov8_msgs_s__rosidl_typesupport_fastrtps_c
[0.694s] [100%] Built target yolov8_msgs_s__rosidl_typesupport_c
[0.825s] running egg_info
[0.869s] writing yolov8_msgs.egg-info/PKG-INFO
[0.870s] writing dependency_links to yolov8_msgs.egg-info/dependency_links.txt
[0.871s] writing top-level names to yolov8_msgs.egg-info/top_level.txt
[0.993s] reading manifest file 'yolov8_msgs.egg-info/SOURCES.txt'
[0.994s] writing manifest file 'yolov8_msgs.egg-info/SOURCES.txt'
[1.078s] [100%] Built target ament_cmake_python_build_yolov8_msgs_egg
[1.102s] Invoked command in '/home/robogames/vt-cro/robogames_pi/car_robot_ws/build/yolov8_msgs' returned '0': CMAKE_PREFIX_PATH=/home/robogames/vt-cro/robogames_pi/car_robot_ws/install/yolov8_msgs:/home/robogames/vt-cro/robogames_pi/car_robot_ws/install/yolobot_recognition:/opt/ros/jazzy:/home/robogames/vt-cro/robogames_pi/car_robot_ws/install/serial:/home/robogames/vt-cro/robogames_pi/car_robot_ws/install/diffdrive_arduino:/home/robogames/vt-cro/robogames_pi/car_robot_ws/install/articubot_one:/opt/ros/jazzy/opt/gz_sim_vendor:/opt/ros/jazzy/opt/gz_sensors_vendor:/opt/ros/jazzy/opt/gz_physics_vendor:/opt/ros/jazzy/opt/sdformat_vendor:/opt/ros/jazzy/opt/gz_gui_vendor:/opt/ros/jazzy/opt/gz_transport_vendor:/opt/ros/jazzy/opt/gz_rendering_vendor:/opt/ros/jazzy/opt/gz_plugin_vendor:/opt/ros/jazzy/opt/gz_fuel_tools_vendor:/opt/ros/jazzy/opt/gz_msgs_vendor:/opt/ros/jazzy/opt/gz_common_vendor:/opt/ros/jazzy/opt/gz_math_vendor:/opt/ros/jazzy/opt/gz_utils_vendor:/opt/ros/jazzy/opt/gz_tools_vendor:/opt/ros/jazzy/opt/gz_ogre_next_vendor:/opt/ros/jazzy/opt/gz_dartsim_vendor:/opt/ros/jazzy/opt/gz_cmake_vendor DEBUGINFOD_URLS=https://debuginfod.ubuntu.com PS1=(ros2_python_venv) \[\e]0;\u@\h: \w\a\]${debian_chroot:+($debian_chroot)}\[\033[01;32m\]\u@\h\[\033[00m\]:\[\033[01;34m\]\w\[\033[00m\]\$ VIRTUAL_ENV_PROMPT=(ros2_python_venv) /usr/bin/cmake --build /home/robogames/vt-cro/robogames_pi/car_robot_ws/build/yolov8_msgs -- -j4 -l4
[1.104s] Invoking command in '/home/robogames/vt-cro/robogames_pi/car_robot_ws/build/yolov8_msgs': CMAKE_PREFIX_PATH=/home/robogames/vt-cro/robogames_pi/car_robot_ws/install/yolov8_msgs:/home/robogames/vt-cro/robogames_pi/car_robot_ws/install/yolobot_recognition:/opt/ros/jazzy:/home/robogames/vt-cro/robogames_pi/car_robot_ws/install/serial:/home/robogames/vt-cro/robogames_pi/car_robot_ws/install/diffdrive_arduino:/home/robogames/vt-cro/robogames_pi/car_robot_ws/install/articubot_one:/opt/ros/jazzy/opt/gz_sim_vendor:/opt/ros/jazzy/opt/gz_sensors_vendor:/opt/ros/jazzy/opt/gz_physics_vendor:/opt/ros/jazzy/opt/sdformat_vendor:/opt/ros/jazzy/opt/gz_gui_vendor:/opt/ros/jazzy/opt/gz_transport_vendor:/opt/ros/jazzy/opt/gz_rendering_vendor:/opt/ros/jazzy/opt/gz_plugin_vendor:/opt/ros/jazzy/opt/gz_fuel_tools_vendor:/opt/ros/jazzy/opt/gz_msgs_vendor:/opt/ros/jazzy/opt/gz_common_vendor:/opt/ros/jazzy/opt/gz_math_vendor:/opt/ros/jazzy/opt/gz_utils_vendor:/opt/ros/jazzy/opt/gz_tools_vendor:/opt/ros/jazzy/opt/gz_ogre_next_vendor:/opt/ros/jazzy/opt/gz_dartsim_vendor:/opt/ros/jazzy/opt/gz_cmake_vendor DEBUGINFOD_URLS=https://debuginfod.ubuntu.com PS1=(ros2_python_venv) \[\e]0;\u@\h: \w\a\]${debian_chroot:+($debian_chroot)}\[\033[01;32m\]\u@\h\[\033[00m\]:\[\033[01;34m\]\w\[\033[00m\]\$ VIRTUAL_ENV_PROMPT=(ros2_python_venv) /usr/bin/cmake --install /home/robogames/vt-cro/robogames_pi/car_robot_ws/build/yolov8_msgs
[1.121s] -- Install configuration: ""
[1.122s] -- Execute custom install script
[1.122s] -- Up-to-date symlink: /home/robogames/vt-cro/robogames_pi/car_robot_ws/install/yolov8_msgs/share/ament_index/resource_index/rosidl_interfaces/yolov8_msgs
[1.122s] -- Up-to-date symlink: /home/robogames/vt-cro/robogames_pi/car_robot_ws/install/yolov8_msgs/share/yolov8_msgs/msg/InferenceResult.json
[1.123s] -- Up-to-date symlink: /home/robogames/vt-cro/robogames_pi/car_robot_ws/install/yolov8_msgs/share/yolov8_msgs/msg/Yolov8Inference.json
[1.123s] -- Up-to-date symlink: /home/robogames/vt-cro/robogames_pi/car_robot_ws/install/yolov8_msgs/share/yolov8_msgs/msg/ColorDetection.json
[1.124s] -- Up-to-date symlink: /home/robogames/vt-cro/robogames_pi/car_robot_ws/install/yolov8_msgs/include/yolov8_msgs/yolov8_msgs/msg/color_detection.h
[1.124s] -- Up-to-date symlink: /home/robogames/vt-cro/robogames_pi/car_robot_ws/install/yolov8_msgs/include/yolov8_msgs/yolov8_msgs/msg/detail/color_detection__functions.h
[1.124s] -- Up-to-date symlink: /home/robogames/vt-cro/robogames_pi/car_robot_ws/install/yolov8_msgs/include/yolov8_msgs/yolov8_msgs/msg/detail/color_detection__struct.h
[1.124s] -- Up-to-date symlink: /home/robogames/vt-cro/robogames_pi/car_robot_ws/install/yolov8_msgs/include/yolov8_msgs/yolov8_msgs/msg/detail/color_detection__type_support.h
[1.124s] -- Up-to-date symlink: /home/robogames/vt-cro/robogames_pi/car_robot_ws/install/yolov8_msgs/include/yolov8_msgs/yolov8_msgs/msg/detail/inference_result__functions.h
[1.125s] -- Up-to-date symlink: /home/robogames/vt-cro/robogames_pi/car_robot_ws/install/yolov8_msgs/include/yolov8_msgs/yolov8_msgs/msg/detail/inference_result__struct.h
[1.125s] -- Up-to-date symlink: /home/robogames/vt-cro/robogames_pi/car_robot_ws/install/yolov8_msgs/include/yolov8_msgs/yolov8_msgs/msg/detail/inference_result__type_support.h
[1.125s] -- Up-to-date symlink: /home/robogames/vt-cro/robogames_pi/car_robot_ws/install/yolov8_msgs/include/yolov8_msgs/yolov8_msgs/msg/detail/yolov8_inference__functions.h
[1.125s] -- Up-to-date symlink: /home/robogames/vt-cro/robogames_pi/car_robot_ws/install/yolov8_msgs/include/yolov8_msgs/yolov8_msgs/msg/detail/yolov8_inference__struct.h
[1.125s] -- Up-to-date symlink: /home/robogames/vt-cro/robogames_pi/car_robot_ws/install/yolov8_msgs/include/yolov8_msgs/yolov8_msgs/msg/detail/yolov8_inference__type_support.h
[1.125s] -- Up-to-date symlink: /home/robogames/vt-cro/robogames_pi/car_robot_ws/install/yolov8_msgs/include/yolov8_msgs/yolov8_msgs/msg/inference_result.h
[1.126s] -- Up-to-date symlink: /home/robogames/vt-cro/robogames_pi/car_robot_ws/install/yolov8_msgs/include/yolov8_msgs/yolov8_msgs/msg/rosidl_generator_c__visibility_control.h
[1.126s] -- Up-to-date symlink: /home/robogames/vt-cro/robogames_pi/car_robot_ws/install/yolov8_msgs/include/yolov8_msgs/yolov8_msgs/msg/yolov8_inference.h
[1.126s] -- Up-to-date symlink: /home/robogames/vt-cro/robogames_pi/car_robot_ws/install/yolov8_msgs/share/yolov8_msgs/environment/library_path.sh
[1.126s] -- Up-to-date symlink: /home/robogames/vt-cro/robogames_pi/car_robot_ws/install/yolov8_msgs/share/yolov8_msgs/environment/library_path.dsv
[1.127s] -- Up-to-date symlink: /home/robogames/vt-cro/robogames_pi/car_robot_ws/install/yolov8_msgs/include/yolov8_msgs/yolov8_msgs/msg/detail/color_detection__rosidl_typesupport_fastrtps_c.h
[1.127s] -- Up-to-date symlink: /home/robogames/vt-cro/robogames_pi/car_robot_ws/install/yolov8_msgs/include/yolov8_msgs/yolov8_msgs/msg/detail/inference_result__rosidl_typesupport_fastrtps_c.h
[1.127s] -- Up-to-date symlink: /home/robogames/vt-cro/robogames_pi/car_robot_ws/install/yolov8_msgs/include/yolov8_msgs/yolov8_msgs/msg/detail/yolov8_inference__rosidl_typesupport_fastrtps_c.h
[1.127s] -- Up-to-date symlink: /home/robogames/vt-cro/robogames_pi/car_robot_ws/install/yolov8_msgs/include/yolov8_msgs/yolov8_msgs/msg/rosidl_typesupport_fastrtps_c__visibility_control.h
[1.128s] -- Up-to-date symlink: /home/robogames/vt-cro/robogames_pi/car_robot_ws/install/yolov8_msgs/include/yolov8_msgs/yolov8_msgs/msg/color_detection.hpp
[1.128s] -- Up-to-date symlink: /home/robogames/vt-cro/robogames_pi/car_robot_ws/install/yolov8_msgs/include/yolov8_msgs/yolov8_msgs/msg/detail/color_detection__builder.hpp
[1.128s] -- Up-to-date symlink: /home/robogames/vt-cro/robogames_pi/car_robot_ws/install/yolov8_msgs/include/yolov8_msgs/yolov8_msgs/msg/detail/color_detection__struct.hpp
[1.128s] -- Up-to-date symlink: /home/robogames/vt-cro/robogames_pi/car_robot_ws/install/yolov8_msgs/include/yolov8_msgs/yolov8_msgs/msg/detail/color_detection__traits.hpp
[1.129s] -- Up-to-date symlink: /home/robogames/vt-cro/robogames_pi/car_robot_ws/install/yolov8_msgs/include/yolov8_msgs/yolov8_msgs/msg/detail/color_detection__type_support.hpp
[1.129s] -- Up-to-date symlink: /home/robogames/vt-cro/robogames_pi/car_robot_ws/install/yolov8_msgs/include/yolov8_msgs/yolov8_msgs/msg/detail/inference_result__builder.hpp
[1.129s] -- Up-to-date symlink: /home/robogames/vt-cro/robogames_pi/car_robot_ws/install/yolov8_msgs/include/yolov8_msgs/yolov8_msgs/msg/detail/inference_result__struct.hpp
[1.129s] -- Up-to-date symlink: /home/robogames/vt-cro/robogames_pi/car_robot_ws/install/yolov8_msgs/include/yolov8_msgs/yolov8_msgs/msg/detail/inference_result__traits.hpp
[1.129s] -- Up-to-date symlink: /home/robogames/vt-cro/robogames_pi/car_robot_ws/install/yolov8_msgs/include/yolov8_msgs/yolov8_msgs/msg/detail/inference_result__type_support.hpp
[1.129s] -- Up-to-date symlink: /home/robogames/vt-cro/robogames_pi/car_robot_ws/install/yolov8_msgs/include/yolov8_msgs/yolov8_msgs/msg/detail/yolov8_inference__builder.hpp
[1.130s] -- Up-to-date symlink: /home/robogames/vt-cro/robogames_pi/car_robot_ws/install/yolov8_msgs/include/yolov8_msgs/yolov8_msgs/msg/detail/yolov8_inference__struct.hpp
[1.130s] -- Up-to-date symlink: /home/robogames/vt-cro/robogames_pi/car_robot_ws/install/yolov8_msgs/include/yolov8_msgs/yolov8_msgs/msg/detail/yolov8_inference__traits.hpp
[1.130s] -- Up-to-date symlink: /home/robogames/vt-cro/robogames_pi/car_robot_ws/install/yolov8_msgs/include/yolov8_msgs/yolov8_msgs/msg/detail/yolov8_inference__type_support.hpp
[1.130s] -- Up-to-date symlink: /home/robogames/vt-cro/robogames_pi/car_robot_ws/install/yolov8_msgs/include/yolov8_msgs/yolov8_msgs/msg/inference_result.hpp
[1.130s] -- Up-to-date symlink: /home/robogames/vt-cro/robogames_pi/car_robot_ws/install/yolov8_msgs/include/yolov8_msgs/yolov8_msgs/msg/rosidl_generator_cpp__visibility_control.hpp
[1.130s] -- Up-to-date symlink: /home/robogames/vt-cro/robogames_pi/car_robot_ws/install/yolov8_msgs/include/yolov8_msgs/yolov8_msgs/msg/yolov8_inference.hpp
[1.131s] -- Up-to-date symlink: /home/robogames/vt-cro/robogames_pi/car_robot_ws/install/yolov8_msgs/include/yolov8_msgs/yolov8_msgs/msg/detail/color_detection__rosidl_typesupport_fastrtps_cpp.hpp
[1.131s] -- Up-to-date symlink: /home/robogames/vt-cro/robogames_pi/car_robot_ws/install/yolov8_msgs/include/yolov8_msgs/yolov8_msgs/msg/detail/inference_result__rosidl_typesupport_fastrtps_cpp.hpp
[1.131s] -- Up-to-date symlink: /home/robogames/vt-cro/robogames_pi/car_robot_ws/install/yolov8_msgs/include/yolov8_msgs/yolov8_msgs/msg/detail/yolov8_inference__rosidl_typesupport_fastrtps_cpp.hpp
[1.132s] -- Up-to-date symlink: /home/robogames/vt-cro/robogames_pi/car_robot_ws/install/yolov8_msgs/include/yolov8_msgs/yolov8_msgs/msg/rosidl_typesupport_fastrtps_cpp__visibility_control.h
[1.132s] -- Up-to-date symlink: /home/robogames/vt-cro/robogames_pi/car_robot_ws/install/yolov8_msgs/include/yolov8_msgs/yolov8_msgs/msg/detail/color_detection__rosidl_typesupport_introspection_c.h
[1.132s] -- Up-to-date symlink: /home/robogames/vt-cro/robogames_pi/car_robot_ws/install/yolov8_msgs/include/yolov8_msgs/yolov8_msgs/msg/detail/inference_result__rosidl_typesupport_introspection_c.h
[1.132s] -- Up-to-date symlink: /home/robogames/vt-cro/robogames_pi/car_robot_ws/install/yolov8_msgs/include/yolov8_msgs/yolov8_msgs/msg/detail/yolov8_inference__rosidl_typesupport_introspection_c.h
[1.133s] -- Up-to-date symlink: /home/robogames/vt-cro/robogames_pi/car_robot_ws/install/yolov8_msgs/include/yolov8_msgs/yolov8_msgs/msg/rosidl_typesupport_introspection_c__visibility_control.h
[1.133s] -- Up-to-date symlink: /home/robogames/vt-cro/robogames_pi/car_robot_ws/install/yolov8_msgs/include/yolov8_msgs/yolov8_msgs/msg/detail/color_detection__rosidl_typesupport_introspection_cpp.hpp
[1.133s] -- Up-to-date symlink: /home/robogames/vt-cro/robogames_pi/car_robot_ws/install/yolov8_msgs/include/yolov8_msgs/yolov8_msgs/msg/detail/inference_result__rosidl_typesupport_introspection_cpp.hpp
[1.133s] -- Up-to-date symlink: /home/robogames/vt-cro/robogames_pi/car_robot_ws/install/yolov8_msgs/include/yolov8_msgs/yolov8_msgs/msg/detail/yolov8_inference__rosidl_typesupport_introspection_cpp.hpp
[1.134s] -- Up-to-date symlink: /home/robogames/vt-cro/robogames_pi/car_robot_ws/install/yolov8_msgs/share/yolov8_msgs/environment/pythonpath.sh
[1.134s] -- Up-to-date symlink: /home/robogames/vt-cro/robogames_pi/car_robot_ws/install/yolov8_msgs/share/yolov8_msgs/environment/pythonpath.dsv
[1.134s] -- Up-to-date symlink: /home/robogames/vt-cro/robogames_pi/car_robot_ws/install/yolov8_msgs/lib/python3.12/site-packages/yolov8_msgs-0.0.0-py3.12.egg-info/PKG-INFO
[1.134s] -- Up-to-date symlink: /home/robogames/vt-cro/robogames_pi/car_robot_ws/install/yolov8_msgs/lib/python3.12/site-packages/yolov8_msgs-0.0.0-py3.12.egg-info/SOURCES.txt
[1.135s] -- Up-to-date symlink: /home/robogames/vt-cro/robogames_pi/car_robot_ws/install/yolov8_msgs/lib/python3.12/site-packages/yolov8_msgs-0.0.0-py3.12.egg-info/dependency_links.txt
[1.135s] -- Up-to-date symlink: /home/robogames/vt-cro/robogames_pi/car_robot_ws/install/yolov8_msgs/lib/python3.12/site-packages/yolov8_msgs-0.0.0-py3.12.egg-info/top_level.txt
[1.135s] -- Up-to-date symlink: /home/robogames/vt-cro/robogames_pi/car_robot_ws/install/yolov8_msgs/lib/python3.12/site-packages/yolov8_msgs/__init__.py
[1.136s] -- Up-to-date symlink: /home/robogames/vt-cro/robogames_pi/car_robot_ws/install/yolov8_msgs/lib/python3.12/site-packages/yolov8_msgs/_yolov8_msgs_s.ep.rosidl_typesupport_c.c
[1.136s] -- Up-to-date symlink: /home/robogames/vt-cro/robogames_pi/car_robot_ws/install/yolov8_msgs/lib/python3.12/site-packages/yolov8_msgs/_yolov8_msgs_s.ep.rosidl_typesupport_fastrtps_c.c
[1.136s] -- Up-to-date symlink: /home/robogames/vt-cro/robogames_pi/car_robot_ws/install/yolov8_msgs/lib/python3.12/site-packages/yolov8_msgs/_yolov8_msgs_s.ep.rosidl_typesupport_introspection_c.c
[1.136s] -- Up-to-date symlink: /home/robogames/vt-cro/robogames_pi/car_robot_ws/install/yolov8_msgs/lib/python3.12/site-packages/yolov8_msgs/msg/__init__.py
[1.136s] -- Up-to-date symlink: /home/robogames/vt-cro/robogames_pi/car_robot_ws/install/yolov8_msgs/lib/python3.12/site-packages/yolov8_msgs/msg/_color_detection.py
[1.137s] -- Up-to-date symlink: /home/robogames/vt-cro/robogames_pi/car_robot_ws/install/yolov8_msgs/lib/python3.12/site-packages/yolov8_msgs/msg/_color_detection_s.c
[1.137s] -- Up-to-date symlink: /home/robogames/vt-cro/robogames_pi/car_robot_ws/install/yolov8_msgs/lib/python3.12/site-packages/yolov8_msgs/msg/_inference_result.py
[1.137s] -- Up-to-date symlink: /home/robogames/vt-cro/robogames_pi/car_robot_ws/install/yolov8_msgs/lib/python3.12/site-packages/yolov8_msgs/msg/_inference_result_s.c
[1.137s] -- Up-to-date symlink: /home/robogames/vt-cro/robogames_pi/car_robot_ws/install/yolov8_msgs/lib/python3.12/site-packages/yolov8_msgs/msg/_yolov8_inference.py
[1.137s] -- Up-to-date symlink: /home/robogames/vt-cro/robogames_pi/car_robot_ws/install/yolov8_msgs/lib/python3.12/site-packages/yolov8_msgs/msg/_yolov8_inference_s.c
[1.137s] -- Up-to-date symlink: /home/robogames/vt-cro/robogames_pi/car_robot_ws/install/yolov8_msgs/lib/python3.12/site-packages/yolov8_msgs/yolov8_msgs_s__rosidl_typesupport_c.so
[1.138s] -- Up-to-date symlink: /home/robogames/vt-cro/robogames_pi/car_robot_ws/install/yolov8_msgs/lib/python3.12/site-packages/yolov8_msgs/yolov8_msgs_s__rosidl_typesupport_fastrtps_c.so
[1.138s] -- Up-to-date symlink: /home/robogames/vt-cro/robogames_pi/car_robot_ws/install/yolov8_msgs/lib/python3.12/site-packages/yolov8_msgs/yolov8_msgs_s__rosidl_typesupport_introspection_c.so
[1.138s] -- Up-to-date symlink: /home/robogames/vt-cro/robogames_pi/car_robot_ws/install/yolov8_msgs/lib/python3.12/site-packages/yolov8_msgs/yolov8_msgs_s__rosidl_typesupport_fastrtps_c.so
[1.139s] -- Up-to-date symlink: /home/robogames/vt-cro/robogames_pi/car_robot_ws/install/yolov8_msgs/lib/python3.12/site-packages/yolov8_msgs/yolov8_msgs_s__rosidl_typesupport_introspection_c.so
[1.139s] -- Up-to-date symlink: /home/robogames/vt-cro/robogames_pi/car_robot_ws/install/yolov8_msgs/lib/python3.12/site-packages/yolov8_msgs/yolov8_msgs_s__rosidl_typesupport_c.so
[1.139s] -- Up-to-date symlink: /home/robogames/vt-cro/robogames_pi/car_robot_ws/install/yolov8_msgs/share/yolov8_msgs/msg/InferenceResult.idl
[1.139s] -- Up-to-date symlink: /home/robogames/vt-cro/robogames_pi/car_robot_ws/install/yolov8_msgs/share/yolov8_msgs/msg/Yolov8Inference.idl
[1.140s] -- Up-to-date symlink: /home/robogames/vt-cro/robogames_pi/car_robot_ws/install/yolov8_msgs/share/yolov8_msgs/msg/ColorDetection.idl
[1.140s] -- Up-to-date symlink: /home/robogames/vt-cro/robogames_pi/car_robot_ws/install/yolov8_msgs/share/yolov8_msgs/msg/InferenceResult.msg
[1.140s] -- Up-to-date symlink: /home/robogames/vt-cro/robogames_pi/car_robot_ws/install/yolov8_msgs/share/yolov8_msgs/msg/Yolov8Inference.msg
[1.140s] -- Up-to-date symlink: /home/robogames/vt-cro/robogames_pi/car_robot_ws/install/yolov8_msgs/share/yolov8_msgs/msg/ColorDetection.msg
[1.141s] -- Up-to-date symlink: /home/robogames/vt-cro/robogames_pi/car_robot_ws/install/yolov8_msgs/share/ament_index/resource_index/package_run_dependencies/yolov8_msgs
[1.141s] -- Up-to-date symlink: /home/robogames/vt-cro/robogames_pi/car_robot_ws/install/yolov8_msgs/share/ament_index/resource_index/parent_prefix_path/yolov8_msgs
[1.141s] -- Up-to-date symlink: /home/robogames/vt-cro/robogames_pi/car_robot_ws/install/yolov8_msgs/share/yolov8_msgs/environment/ament_prefix_path.sh
[1.141s] -- Up-to-date symlink: /home/robogames/vt-cro/robogames_pi/car_robot_ws/install/yolov8_msgs/share/yolov8_msgs/environment/ament_prefix_path.dsv
[1.141s] -- Up-to-date symlink: /home/robogames/vt-cro/robogames_pi/car_robot_ws/install/yolov8_msgs/share/yolov8_msgs/environment/path.sh
[1.142s] -- Up-to-date symlink: /home/robogames/vt-cro/robogames_pi/car_robot_ws/install/yolov8_msgs/share/yolov8_msgs/environment/path.dsv
[1.142s] -- Up-to-date symlink: /home/robogames/vt-cro/robogames_pi/car_robot_ws/install/yolov8_msgs/share/yolov8_msgs/local_setup.bash
[1.142s] -- Up-to-date symlink: /home/robogames/vt-cro/robogames_pi/car_robot_ws/install/yolov8_msgs/share/yolov8_msgs/local_setup.sh
[1.142s] -- Up-to-date symlink: /home/robogames/vt-cro/robogames_pi/car_robot_ws/install/yolov8_msgs/share/yolov8_msgs/local_setup.zsh
[1.142s] -- Up-to-date symlink: /home/robogames/vt-cro/robogames_pi/car_robot_ws/install/yolov8_msgs/share/yolov8_msgs/local_setup.dsv
[1.143s] -- Symlinking: /home/robogames/vt-cro/robogames_pi/car_robot_ws/install/yolov8_msgs/share/yolov8_msgs/package.dsv
[1.162s] -- Up-to-date symlink: /home/robogames/vt-cro/robogames_pi/car_robot_ws/install/yolov8_msgs/share/ament_index/resource_index/packages/yolov8_msgs
[1.162s] -- Up-to-date symlink: /home/robogames/vt-cro/robogames_pi/car_robot_ws/install/yolov8_msgs/share/yolov8_msgs/cmake/rosidl_cmake-extras.cmake
[1.162s] -- Up-to-date symlink: /home/robogames/vt-cro/robogames_pi/car_robot_ws/install/yolov8_msgs/share/yolov8_msgs/cmake/ament_cmake_export_dependencies-extras.cmake
[1.163s] -- Up-to-date symlink: /home/robogames/vt-cro/robogames_pi/car_robot_ws/install/yolov8_msgs/share/yolov8_msgs/cmake/ament_cmake_export_include_directories-extras.cmake
[1.163s] -- Up-to-date symlink: /home/robogames/vt-cro/robogames_pi/car_robot_ws/install/yolov8_msgs/share/yolov8_msgs/cmake/ament_cmake_export_libraries-extras.cmake
[1.163s] -- Up-to-date symlink: /home/robogames/vt-cro/robogames_pi/car_robot_ws/install/yolov8_msgs/share/yolov8_msgs/cmake/ament_cmake_export_targets-extras.cmake
[1.163s] -- Up-to-date symlink: /home/robogames/vt-cro/robogames_pi/car_robot_ws/install/yolov8_msgs/share/yolov8_msgs/cmake/rosidl_cmake_export_typesupport_targets-extras.cmake
[1.163s] -- Up-to-date symlink: /home/robogames/vt-cro/robogames_pi/car_robot_ws/install/yolov8_msgs/share/yolov8_msgs/cmake/rosidl_cmake_export_typesupport_libraries-extras.cmake
[1.164s] -- Up-to-date symlink: /home/robogames/vt-cro/robogames_pi/car_robot_ws/install/yolov8_msgs/share/yolov8_msgs/cmake/yolov8_msgsConfig.cmake
[1.164s] -- Up-to-date symlink: /home/robogames/vt-cro/robogames_pi/car_robot_ws/install/yolov8_msgs/share/yolov8_msgs/cmake/yolov8_msgsConfig-version.cmake
[1.164s] -- Up-to-date symlink: /home/robogames/vt-cro/robogames_pi/car_robot_ws/install/yolov8_msgs/share/yolov8_msgs/package.xml
[1.164s] -- Up-to-date: /home/robogames/vt-cro/robogames_pi/car_robot_ws/install/yolov8_msgs/lib/libyolov8_msgs__rosidl_generator_c.so
[1.165s] -- Up-to-date: /home/robogames/vt-cro/robogames_pi/car_robot_ws/install/yolov8_msgs/lib/libyolov8_msgs__rosidl_typesupport_fastrtps_c.so
[1.165s] -- Up-to-date: /home/robogames/vt-cro/robogames_pi/car_robot_ws/install/yolov8_msgs/lib/libyolov8_msgs__rosidl_typesupport_fastrtps_cpp.so
[1.166s] -- Up-to-date: /home/robogames/vt-cro/robogames_pi/car_robot_ws/install/yolov8_msgs/lib/libyolov8_msgs__rosidl_typesupport_introspection_c.so
[1.166s] -- Up-to-date: /home/robogames/vt-cro/robogames_pi/car_robot_ws/install/yolov8_msgs/lib/libyolov8_msgs__rosidl_typesupport_c.so
[1.166s] -- Up-to-date: /home/robogames/vt-cro/robogames_pi/car_robot_ws/install/yolov8_msgs/lib/libyolov8_msgs__rosidl_typesupport_introspection_cpp.so
[1.167s] -- Up-to-date: /home/robogames/vt-cro/robogames_pi/car_robot_ws/install/yolov8_msgs/lib/libyolov8_msgs__rosidl_typesupport_cpp.so
[1.222s] Listing '/home/robogames/vt-cro/robogames_pi/car_robot_ws/install/yolov8_msgs/lib/python3.12/site-packages/yolov8_msgs'...
[1.222s] Listing '/home/robogames/vt-cro/robogames_pi/car_robot_ws/install/yolov8_msgs/lib/python3.12/site-packages/yolov8_msgs/msg'...
[1.235s] -- Up-to-date: /home/robogames/vt-cro/robogames_pi/car_robot_ws/install/yolov8_msgs/lib/libyolov8_msgs__rosidl_generator_py.so
[1.235s] -- Up-to-date: /home/robogames/vt-cro/robogames_pi/car_robot_ws/install/yolov8_msgs/share/yolov8_msgs/cmake/export_yolov8_msgs__rosidl_generator_cExport.cmake
[1.235s] -- Up-to-date: /home/robogames/vt-cro/robogames_pi/car_robot_ws/install/yolov8_msgs/share/yolov8_msgs/cmake/export_yolov8_msgs__rosidl_generator_cExport-noconfig.cmake
[1.235s] -- Up-to-date: /home/robogames/vt-cro/robogames_pi/car_robot_ws/install/yolov8_msgs/share/yolov8_msgs/cmake/export_yolov8_msgs__rosidl_typesupport_fastrtps_cExport.cmake
[1.236s] -- Up-to-date: /home/robogames/vt-cro/robogames_pi/car_robot_ws/install/yolov8_msgs/share/yolov8_msgs/cmake/export_yolov8_msgs__rosidl_typesupport_fastrtps_cExport-noconfig.cmake
[1.236s] -- Up-to-date: /home/robogames/vt-cro/robogames_pi/car_robot_ws/install/yolov8_msgs/share/yolov8_msgs/cmake/export_yolov8_msgs__rosidl_generator_cppExport.cmake
[1.236s] -- Up-to-date: /home/robogames/vt-cro/robogames_pi/car_robot_ws/install/yolov8_msgs/share/yolov8_msgs/cmake/export_yolov8_msgs__rosidl_typesupport_fastrtps_cppExport.cmake
[1.236s] -- Up-to-date: /home/robogames/vt-cro/robogames_pi/car_robot_ws/install/yolov8_msgs/share/yolov8_msgs/cmake/export_yolov8_msgs__rosidl_typesupport_fastrtps_cppExport-noconfig.cmake
[1.236s] -- Up-to-date: /home/robogames/vt-cro/robogames_pi/car_robot_ws/install/yolov8_msgs/share/yolov8_msgs/cmake/yolov8_msgs__rosidl_typesupport_introspection_cExport.cmake
[1.236s] -- Up-to-date: /home/robogames/vt-cro/robogames_pi/car_robot_ws/install/yolov8_msgs/share/yolov8_msgs/cmake/yolov8_msgs__rosidl_typesupport_introspection_cExport-noconfig.cmake
[1.236s] -- Up-to-date: /home/robogames/vt-cro/robogames_pi/car_robot_ws/install/yolov8_msgs/share/yolov8_msgs/cmake/yolov8_msgs__rosidl_typesupport_cExport.cmake
[1.237s] -- Up-to-date: /home/robogames/vt-cro/robogames_pi/car_robot_ws/install/yolov8_msgs/share/yolov8_msgs/cmake/yolov8_msgs__rosidl_typesupport_cExport-noconfig.cmake
[1.237s] -- Up-to-date: /home/robogames/vt-cro/robogames_pi/car_robot_ws/install/yolov8_msgs/share/yolov8_msgs/cmake/yolov8_msgs__rosidl_typesupport_introspection_cppExport.cmake
[1.237s] -- Up-to-date: /home/robogames/vt-cro/robogames_pi/car_robot_ws/install/yolov8_msgs/share/yolov8_msgs/cmake/yolov8_msgs__rosidl_typesupport_introspection_cppExport-noconfig.cmake
[1.237s] -- Up-to-date: /home/robogames/vt-cro/robogames_pi/car_robot_ws/install/yolov8_msgs/share/yolov8_msgs/cmake/yolov8_msgs__rosidl_typesupport_cppExport.cmake
[1.237s] -- Up-to-date: /home/robogames/vt-cro/robogames_pi/car_robot_ws/install/yolov8_msgs/share/yolov8_msgs/cmake/yolov8_msgs__rosidl_typesupport_cppExport-noconfig.cmake
[1.237s] -- Up-to-date: /home/robogames/vt-cro/robogames_pi/car_robot_ws/install/yolov8_msgs/share/yolov8_msgs/cmake/export_yolov8_msgs__rosidl_generator_pyExport.cmake
[1.237s] -- Up-to-date: /home/robogames/vt-cro/robogames_pi/car_robot_ws/install/yolov8_msgs/share/yolov8_msgs/cmake/export_yolov8_msgs__rosidl_generator_pyExport-noconfig.cmake
[1.240s] Invoked command in '/home/robogames/vt-cro/robogames_pi/car_robot_ws/build/yolov8_msgs' returned '0': CMAKE_PREFIX_PATH=/home/robogames/vt-cro/robogames_pi/car_robot_ws/install/yolov8_msgs:/home/robogames/vt-cro/robogames_pi/car_robot_ws/install/yolobot_recognition:/opt/ros/jazzy:/home/robogames/vt-cro/robogames_pi/car_robot_ws/install/serial:/home/robogames/vt-cro/robogames_pi/car_robot_ws/install/diffdrive_arduino:/home/robogames/vt-cro/robogames_pi/car_robot_ws/install/articubot_one:/opt/ros/jazzy/opt/gz_sim_vendor:/opt/ros/jazzy/opt/gz_sensors_vendor:/opt/ros/jazzy/opt/gz_physics_vendor:/opt/ros/jazzy/opt/sdformat_vendor:/opt/ros/jazzy/opt/gz_gui_vendor:/opt/ros/jazzy/opt/gz_transport_vendor:/opt/ros/jazzy/opt/gz_rendering_vendor:/opt/ros/jazzy/opt/gz_plugin_vendor:/opt/ros/jazzy/opt/gz_fuel_tools_vendor:/opt/ros/jazzy/opt/gz_msgs_vendor:/opt/ros/jazzy/opt/gz_common_vendor:/opt/ros/jazzy/opt/gz_math_vendor:/opt/ros/jazzy/opt/gz_utils_vendor:/opt/ros/jazzy/opt/gz_tools_vendor:/opt/ros/jazzy/opt/gz_ogre_next_vendor:/opt/ros/jazzy/opt/gz_dartsim_vendor:/opt/ros/jazzy/opt/gz_cmake_vendor DEBUGINFOD_URLS=https://debuginfod.ubuntu.com PS1=(ros2_python_venv) \[\e]0;\u@\h: \w\a\]${debian_chroot:+($debian_chroot)}\[\033[01;32m\]\u@\h\[\033[00m\]:\[\033[01;34m\]\w\[\033[00m\]\$ VIRTUAL_ENV_PROMPT=(ros2_python_venv) /usr/bin/cmake --install /home/robogames/vt-cro/robogames_pi/car_robot_ws/build/yolov8_msgs
