[0.037s] Invoking command in '/home/robogames/vt-cro/car_robot_ws/build/articubot_one': CMAKE_PREFIX_PATH=/home/robogames/car_robot_ws/install/mini_car_bot:/home/robogames/car_robot_ws/install/diffdrive_arduino:/home/robogames/car_robot_ws/install/articubot_one:/opt/ros/jazzy:${CMAKE_PREFIX_PATH} DEBUGINFOD_URLS=https://debuginfod.ubuntu.com /usr/bin/cmake /home/robogames/vt-cro/car_robot_ws/src/articubot_one -DCMAKE_INSTALL_PREFIX=/home/robogames/vt-cro/car_robot_ws/install/articubot_one
[0.253s] -- The C compiler identification is GNU 13.3.0
[0.482s] -- The CXX compiler identification is GNU 13.3.0
[0.576s] -- Detecting C compiler ABI info
[0.906s] -- Detecting C compiler ABI info - done
[0.926s] -- Check for working C compiler: /usr/bin/cc - skipped
[0.927s] -- Detecting C compile features
[0.927s] -- Detecting C compile features - done
[0.953s] -- Detecting CXX compiler ABI info
[1.241s] -- Detecting CXX compiler ABI info - done
[1.265s] -- Check for working CXX compiler: /usr/bin/c++ - skipped
[1.266s] -- Detecting CXX compile features
[1.266s] -- Detecting CXX compile features - done
[1.271s] -- Found ament_cmake: 2.5.3 (/opt/ros/jazzy/share/ament_cmake/cmake)
[1.632s] -- Found Python3: /usr/bin/python3 (found version "3.12.3") found components: Interpreter 
[1.882s] -- Found serial: 1.2.1 (/home/robogames/vt-cro/car_robot_ws/install/serial/share/serial/cmake)
[1.889s] -- Found rclcpp: 28.1.6 (/opt/ros/jazzy/share/rclcpp/cmake)
[1.976s] -- Found rosidl_generator_c: 4.6.5 (/opt/ros/jazzy/share/rosidl_generator_c/cmake)
[2.000s] -- Found rosidl_generator_cpp: 4.6.5 (/opt/ros/jazzy/share/rosidl_generator_cpp/cmake)
[2.033s] -- Using all available rosidl_typesupport_c: rosidl_typesupport_fastrtps_c;rosidl_typesupport_introspection_c
[2.070s] -- Using all available rosidl_typesupport_cpp: rosidl_typesupport_fastrtps_cpp;rosidl_typesupport_introspection_cpp
[2.204s] -- Found rmw_implementation_cmake: 7.3.1 (/opt/ros/jazzy/share/rmw_implementation_cmake/cmake)
[2.209s] -- Found rmw_fastrtps_cpp: 8.4.1 (/opt/ros/jazzy/share/rmw_fastrtps_cpp/cmake)
[2.401s] -- Found OpenSSL: /usr/lib/aarch64-linux-gnu/libcrypto.so (found version "3.0.13")  
[2.433s] -- Found FastRTPS: /opt/ros/jazzy/include (Required is at least version "2.13") 
[2.474s] -- Using RMW implementation 'rmw_fastrtps_cpp' as default
[2.588s] -- Found sensor_msgs: 5.3.5 (/opt/ros/jazzy/share/sensor_msgs/cmake)
[2.702s] -- Found OpenCV: /usr (found version "4.6.0") 
[2.706s] -- Found cv_bridge: 4.1.0 (/opt/ros/jazzy/share/cv_bridge/cmake)
[2.714s] -- Found image_geometry: 4.1.0 (/opt/ros/jazzy/share/image_geometry/cmake)
[2.719s] -- Found ament_lint_auto: 0.17.1 (/opt/ros/jazzy/share/ament_lint_auto/cmake)
[3.069s] -- Added test 'copyright' to check source files copyright and LICENSE
[3.077s] -- Added test 'cppcheck' to perform static code analysis on C / C++ code
[3.078s] -- Configured cppcheck include dirs: 
[3.078s] -- Configured cppcheck exclude dirs and/or files: 
[3.085s] -- Added test 'cpplint' to check C / C++ code against the Google style
[3.086s] -- Configured cpplint exclude dirs and/or files: 
[3.088s] -- Added test 'flake8' to check Python code syntax and style conventions
[3.088s] -- Configured 'flake8' exclude dirs and/or files: 
[3.092s] -- Added test 'lint_cmake' to check CMake code style
[3.094s] -- Added test 'pep257' to check Python code against some of the docstring style conventions in PEP 257
[3.101s] -- Added test 'uncrustify' to check C / C++ code style
[3.101s] -- Configured uncrustify additional arguments: 
[3.103s] -- Added test 'xmllint' to check XML markup files
[3.107s] -- Configuring done (3.0s)
[3.144s] -- Generating done (0.0s)
[3.157s] -- Build files have been written to: /home/robogames/vt-cro/car_robot_ws/build/articubot_one
[3.192s] Invoked command in '/home/robogames/vt-cro/car_robot_ws/build/articubot_one' returned '0': CMAKE_PREFIX_PATH=/home/robogames/car_robot_ws/install/mini_car_bot:/home/robogames/car_robot_ws/install/diffdrive_arduino:/home/robogames/car_robot_ws/install/articubot_one:/opt/ros/jazzy:${CMAKE_PREFIX_PATH} DEBUGINFOD_URLS=https://debuginfod.ubuntu.com /usr/bin/cmake /home/robogames/vt-cro/car_robot_ws/src/articubot_one -DCMAKE_INSTALL_PREFIX=/home/robogames/vt-cro/car_robot_ws/install/articubot_one
[3.195s] Invoking command in '/home/robogames/vt-cro/car_robot_ws/build/articubot_one': CMAKE_PREFIX_PATH=/home/robogames/car_robot_ws/install/mini_car_bot:/home/robogames/car_robot_ws/install/diffdrive_arduino:/home/robogames/car_robot_ws/install/articubot_one:/opt/ros/jazzy:${CMAKE_PREFIX_PATH} DEBUGINFOD_URLS=https://debuginfod.ubuntu.com /usr/bin/cmake --build /home/robogames/vt-cro/car_robot_ws/build/articubot_one -- -j4 -l4
[3.310s] [ 25%] [32mBuilding CXX object CMakeFiles/joy_serial.dir/src/joy_serial.cpp.o[0m
[3.311s] [ 50%] [32mBuilding CXX object CMakeFiles/depth_to_laserscan.dir/src/depth_to_laserscan.cpp.o[0m
[21.959s] [ 75%] [32m[1mLinking CXX executable joy_serial[0m
[23.048s] [ 75%] Built target joy_serial
[34.876s] [32m[1mLinking CXX executable depth_to_laserscan[0m
[37.507s] Built target depth_to_laserscan
