[0.057s] Invoking command in '/home/robogames/vt-cro/robogames_pi/car_robot_ws/build/articubot_one': CMAKE_PREFIX_PATH=/opt/ros/jazzy:${CMAKE_PREFIX_PATH} DEBUGINFOD_URLS=https://debuginfod.ubuntu.com /usr/bin/cmake --build /home/robogames/vt-cro/robogames_pi/car_robot_ws/build/articubot_one -- -j4 -l4
[0.114s] -- Found ament_cmake: 2.5.3 (/opt/ros/jazzy/share/ament_cmake/cmake)
[0.515s] -- Found serial: 1.2.1 (/home/robogames/vt-cro/robogames_pi/car_robot_ws/install/serial/share/serial/cmake)
[0.517s] -- Found rclcpp: 28.1.6 (/opt/ros/jazzy/share/rclcpp/cmake)
[0.556s] -- Found rosidl_generator_c: 4.6.5 (/opt/ros/jazzy/share/rosidl_generator_c/cmake)
[0.569s] -- Found rosidl_generator_cpp: 4.6.5 (/opt/ros/jazzy/share/rosidl_generator_cpp/cmake)
[0.585s] -- Using all available rosidl_typesupport_c: rosidl_typesupport_fastrtps_c;rosidl_typesupport_introspection_c
[0.604s] -- Using all available rosidl_typesupport_cpp: rosidl_typesupport_fastrtps_cpp;rosidl_typesupport_introspection_cpp
[0.684s] -- Found rmw_implementation_cmake: 7.3.1 (/opt/ros/jazzy/share/rmw_implementation_cmake/cmake)
[0.686s] -- Found rmw_fastrtps_cpp: 8.4.1 (/opt/ros/jazzy/share/rmw_fastrtps_cpp/cmake)
[0.782s] -- Using RMW implementation 'rmw_fastrtps_cpp' as default
[0.885s] -- Found sensor_msgs: 5.3.5 (/opt/ros/jazzy/share/sensor_msgs/cmake)
[0.967s] -- Found cv_bridge: 4.1.0 (/opt/ros/jazzy/share/cv_bridge/cmake)
[0.971s] -- Found image_geometry: 4.1.0 (/opt/ros/jazzy/share/image_geometry/cmake)
[0.975s] -- Found controller_manager_msgs: 4.27.0 (/opt/ros/jazzy/share/controller_manager_msgs/cmake)
[1.039s] -- Found rclcpp_action: 28.1.6 (/opt/ros/jazzy/share/rclcpp_action/cmake)
[1.095s] -- Found nav2_msgs: 1.3.5 (/opt/ros/jazzy/share/nav2_msgs/cmake)
[1.255s] -- Found nav2_util: 1.3.5 (/opt/ros/jazzy/share/nav2_util/cmake)
[1.329s] -- Found eigen3_cmake_module: 0.3.0 (/opt/ros/jazzy/share/eigen3_cmake_module/cmake)
[1.331s] -- Ensuring Eigen3 include directory is part of orocos-kdl CMake target
[1.434s] [31mCMake Error at CMakeLists.txt:31 (find_package):
[1.434s]   By not providing "Findonnxruntime.cmake" in CMAKE_MODULE_PATH this project
[1.434s]   has asked CMake to find a package configuration file provided by
[1.434s]   "onnxruntime", but CMake did not find one.
[1.435s] 
[1.435s]   Could not find a package configuration file provided by "onnxruntime" with
[1.435s]   any of the following names:
[1.435s] 
[1.435s]     onnxruntimeConfig.cmake
[1.435s]     onnxruntime-config.cmake
[1.435s] 
[1.435s]   Add the installation prefix of "onnxruntime" to CMAKE_PREFIX_PATH or set
[1.435s]   "onnxruntime_DIR" to a directory containing one of the above files.  If
[1.435s]   "onnxruntime" provides a separate development package or SDK, be sure it
[1.435s]   has been installed.
[1.435s] 
[1.436s] [0m
[1.436s] -- Configuring incomplete, errors occurred!
[1.452s] gmake: *** [Makefile:472: cmake_check_build_system] Error 1
[1.455s] Invoked command in '/home/robogames/vt-cro/robogames_pi/car_robot_ws/build/articubot_one' returned '2': CMAKE_PREFIX_PATH=/opt/ros/jazzy:${CMAKE_PREFIX_PATH} DEBUGINFOD_URLS=https://debuginfod.ubuntu.com /usr/bin/cmake --build /home/robogames/vt-cro/robogames_pi/car_robot_ws/build/articubot_one -- -j4 -l4
