[0.095s] Invoking command in '/home/robogames/vt-cro/robogames_pi/car_robot_ws/build/articubot_one': CMAKE_PREFIX_PATH=/opt/ros/jazzy:${CMAKE_PREFIX_PATH} DEBUGINFOD_URLS=https://debuginfod.ubuntu.com /usr/bin/cmake /home/robogames/vt-cro/robogames_pi/car_robot_ws/src/articubot_one -DCMAKE_INSTALL_PREFIX=/home/robogames/vt-cro/robogames_pi/car_robot_ws/install/articubot_one
[0.353s] -- The C compiler identification is GNU 13.3.0
[0.638s] -- The CXX compiler identification is GNU 13.3.0
[0.770s] -- Detecting C compiler ABI info
[1.259s] -- Detecting C compiler ABI info - done
[1.278s] -- Check for working C compiler: /usr/bin/cc - skipped
[1.279s] -- Detecting C compile features
[1.279s] -- Detecting C compile features - done
[1.308s] -- Detecting CXX compiler ABI info
[1.589s] -- Detecting CXX compiler ABI info - done
[1.606s] -- Check for working CXX compiler: /usr/bin/c++ - skipped
[1.606s] -- Detecting CXX compile features
[1.606s] -- Detecting CXX compile features - done
[1.613s] -- Found ament_cmake: 2.5.3 (/opt/ros/jazzy/share/ament_cmake/cmake)
[2.001s] -- Found Python3: /usr/bin/python3 (found version "3.12.3") found components: Interpreter 
[2.286s] -- Found serial: 1.2.1 (/home/robogames/vt-cro/robogames_pi/car_robot_ws/install/serial/share/serial/cmake)
[2.290s] -- Found rclcpp: 28.1.6 (/opt/ros/jazzy/share/rclcpp/cmake)
[2.366s] -- Found rosidl_generator_c: 4.6.5 (/opt/ros/jazzy/share/rosidl_generator_c/cmake)
[2.391s] -- Found rosidl_generator_cpp: 4.6.5 (/opt/ros/jazzy/share/rosidl_generator_cpp/cmake)
[2.423s] -- Using all available rosidl_typesupport_c: rosidl_typesupport_fastrtps_c;rosidl_typesupport_introspection_c
[2.462s] -- Using all available rosidl_typesupport_cpp: rosidl_typesupport_fastrtps_cpp;rosidl_typesupport_introspection_cpp
[2.609s] -- Found rmw_implementation_cmake: 7.3.1 (/opt/ros/jazzy/share/rmw_implementation_cmake/cmake)
[2.612s] -- Found rmw_fastrtps_cpp: 8.4.1 (/opt/ros/jazzy/share/rmw_fastrtps_cpp/cmake)
[2.824s] -- Found OpenSSL: /usr/lib/aarch64-linux-gnu/libcrypto.so (found version "3.0.13")  
[2.866s] -- Found FastRTPS: /opt/ros/jazzy/include (Required is at least version "2.13") 
[2.910s] -- Using RMW implementation 'rmw_fastrtps_cpp' as default
[3.045s] -- Found sensor_msgs: 5.3.5 (/opt/ros/jazzy/share/sensor_msgs/cmake)
[3.157s] -- Found OpenCV: /usr (found version "4.6.0") 
[3.161s] -- Found cv_bridge: 4.1.0 (/opt/ros/jazzy/share/cv_bridge/cmake)
[3.169s] -- Found image_geometry: 4.1.0 (/opt/ros/jazzy/share/image_geometry/cmake)
[3.176s] -- Found ament_lint_auto: 0.17.1 (/opt/ros/jazzy/share/ament_lint_auto/cmake)
[3.431s] -- Added test 'copyright' to check source files copyright and LICENSE
[3.436s] -- Added test 'cppcheck' to perform static code analysis on C / C++ code
[3.436s] -- Configured cppcheck include dirs: 
[3.437s] -- Configured cppcheck exclude dirs and/or files: 
[3.444s] -- Added test 'cpplint' to check C / C++ code against the Google style
[3.444s] -- Configured cpplint exclude dirs and/or files: 
[3.446s] -- Added test 'flake8' to check Python code syntax and style conventions
[3.446s] -- Configured 'flake8' exclude dirs and/or files: 
[3.449s] -- Added test 'lint_cmake' to check CMake code style
[3.450s] -- Added test 'pep257' to check Python code against some of the docstring style conventions in PEP 257
[3.458s] -- Added test 'uncrustify' to check C / C++ code style
[3.458s] -- Configured uncrustify additional arguments: 
[3.459s] -- Added test 'xmllint' to check XML markup files
[3.462s] -- Configuring done (3.3s)
[3.497s] -- Generating done (0.0s)
[3.507s] -- Build files have been written to: /home/robogames/vt-cro/robogames_pi/car_robot_ws/build/articubot_one
[3.540s] Invoked command in '/home/robogames/vt-cro/robogames_pi/car_robot_ws/build/articubot_one' returned '0': CMAKE_PREFIX_PATH=/opt/ros/jazzy:${CMAKE_PREFIX_PATH} DEBUGINFOD_URLS=https://debuginfod.ubuntu.com /usr/bin/cmake /home/robogames/vt-cro/robogames_pi/car_robot_ws/src/articubot_one -DCMAKE_INSTALL_PREFIX=/home/robogames/vt-cro/robogames_pi/car_robot_ws/install/articubot_one
[3.543s] Invoking command in '/home/robogames/vt-cro/robogames_pi/car_robot_ws/build/articubot_one': CMAKE_PREFIX_PATH=/opt/ros/jazzy:${CMAKE_PREFIX_PATH} DEBUGINFOD_URLS=https://debuginfod.ubuntu.com /usr/bin/cmake --build /home/robogames/vt-cro/robogames_pi/car_robot_ws/build/articubot_one -- -j4 -l4
[3.692s] [ 25%] [32mBuilding CXX object CMakeFiles/joy_serial.dir/src/joy_serial.cpp.o[0m
[3.694s] [ 50%] [32mBuilding CXX object CMakeFiles/depth_to_laserscan.dir/src/depth_to_laserscan.cpp.o[0m
[24.189s] [ 75%] [32m[1mLinking CXX executable joy_serial[0m
[25.571s] [ 75%] Built target joy_serial
[39.759s] [100%] [32m[1mLinking CXX executable depth_to_laserscan[0m
[42.127s] [100%] Built target depth_to_laserscan
[42.150s] Invoked command in '/home/robogames/vt-cro/robogames_pi/car_robot_ws/build/articubot_one' returned '0': CMAKE_PREFIX_PATH=/opt/ros/jazzy:${CMAKE_PREFIX_PATH} DEBUGINFOD_URLS=https://debuginfod.ubuntu.com /usr/bin/cmake --build /home/robogames/vt-cro/robogames_pi/car_robot_ws/build/articubot_one -- -j4 -l4
[42.152s] Invoking command in '/home/robogames/vt-cro/robogames_pi/car_robot_ws/build/articubot_one': CMAKE_PREFIX_PATH=/opt/ros/jazzy:${CMAKE_PREFIX_PATH} DEBUGINFOD_URLS=https://debuginfod.ubuntu.com /usr/bin/cmake --install /home/robogames/vt-cro/robogames_pi/car_robot_ws/build/articubot_one
[42.197s] -- Install configuration: ""
[42.198s] -- Installing: /home/robogames/vt-cro/robogames_pi/car_robot_ws/install/articubot_one/share/articubot_one/config
[42.199s] -- Installing: /home/robogames/vt-cro/robogames_pi/car_robot_ws/install/articubot_one/share/articubot_one/config/my_controllers.yaml
[42.199s] -- Installing: /home/robogames/vt-cro/robogames_pi/car_robot_ws/install/articubot_one/share/articubot_one/config/empty.yaml
[42.199s] -- Installing: /home/robogames/vt-cro/robogames_pi/car_robot_ws/install/articubot_one/share/articubot_one/config/gaz_ros2_ctl_use_sim.yaml
[42.202s] -- Installing: /home/robogames/vt-cro/robogames_pi/car_robot_ws/install/articubot_one/share/articubot_one/config/gz_bridge.yaml
[42.204s] -- Installing: /home/robogames/vt-cro/robogames_pi/car_robot_ws/install/articubot_one/share/articubot_one/config/twist_mux.yaml
[42.205s] -- Installing: /home/robogames/vt-cro/robogames_pi/car_robot_ws/install/articubot_one/share/articubot_one/config/view_bot.rviz
[42.206s] -- Installing: /home/robogames/vt-cro/robogames_pi/car_robot_ws/install/articubot_one/share/articubot_one/config/mapper_params_online_async.yaml
[42.206s] -- Installing: /home/robogames/vt-cro/robogames_pi/car_robot_ws/install/articubot_one/share/articubot_one/config/ball_tracker_params_sim.yaml
[42.207s] -- Installing: /home/robogames/vt-cro/robogames_pi/car_robot_ws/install/articubot_one/share/articubot_one/config/nav2_params.yaml
[42.207s] -- Installing: /home/robogames/vt-cro/robogames_pi/car_robot_ws/install/articubot_one/share/articubot_one/config/joystick.yaml
[42.207s] -- Installing: /home/robogames/vt-cro/robogames_pi/car_robot_ws/install/articubot_one/share/articubot_one/config/main.rviz
[42.208s] -- Installing: /home/robogames/vt-cro/robogames_pi/car_robot_ws/install/articubot_one/share/articubot_one/config/map.rviz
[42.208s] -- Installing: /home/robogames/vt-cro/robogames_pi/car_robot_ws/install/articubot_one/share/articubot_one/config/drive_bot.rviz
[42.208s] -- Installing: /home/robogames/vt-cro/robogames_pi/car_robot_ws/install/articubot_one/share/articubot_one/config/ball_tracker_params_robot.yaml
[42.208s] -- Installing: /home/robogames/vt-cro/robogames_pi/car_robot_ws/install/articubot_one/share/articubot_one/description
[42.208s] -- Installing: /home/robogames/vt-cro/robogames_pi/car_robot_ws/install/articubot_one/share/articubot_one/description/robot.urdf.xacro
[42.208s] -- Installing: /home/robogames/vt-cro/robogames_pi/car_robot_ws/install/articubot_one/share/articubot_one/description/inertial_macros.xacro
[42.208s] -- Installing: /home/robogames/vt-cro/robogames_pi/car_robot_ws/install/articubot_one/share/articubot_one/description/face.xacro
[42.208s] -- Installing: /home/robogames/vt-cro/robogames_pi/car_robot_ws/install/articubot_one/share/articubot_one/description/ros2_control.xacro
[42.208s] -- Installing: /home/robogames/vt-cro/robogames_pi/car_robot_ws/install/articubot_one/share/articubot_one/description/gazebo_control.xacro
[42.210s] -- Installing: /home/robogames/vt-cro/robogames_pi/car_robot_ws/install/articubot_one/share/articubot_one/description/depth_camera.xacro
[42.210s] -- Installing: /home/robogames/vt-cro/robogames_pi/car_robot_ws/install/articubot_one/share/articubot_one/description/camera.xacro
[42.210s] -- Installing: /home/robogames/vt-cro/robogames_pi/car_robot_ws/install/articubot_one/share/articubot_one/description/lidar.xacro
[42.210s] -- Installing: /home/robogames/vt-cro/robogames_pi/car_robot_ws/install/articubot_one/share/articubot_one/description/robot_core.xacro
[42.210s] -- Installing: /home/robogames/vt-cro/robogames_pi/car_robot_ws/install/articubot_one/share/articubot_one/launch
[42.210s] -- Installing: /home/robogames/vt-cro/robogames_pi/car_robot_ws/install/articubot_one/share/articubot_one/launch/ball_tracker.launch.py
[42.210s] -- Installing: /home/robogames/vt-cro/robogames_pi/car_robot_ws/install/articubot_one/share/articubot_one/launch/navigation_launch.py
[42.210s] -- Installing: /home/robogames/vt-cro/robogames_pi/car_robot_ws/install/articubot_one/share/articubot_one/launch/localization_launch.py
[42.211s] -- Installing: /home/robogames/vt-cro/robogames_pi/car_robot_ws/install/articubot_one/share/articubot_one/launch/rsp.launch.py
[42.211s] -- Installing: /home/robogames/vt-cro/robogames_pi/car_robot_ws/install/articubot_one/share/articubot_one/launch/launch_sim.launch.py
[42.211s] -- Installing: /home/robogames/vt-cro/robogames_pi/car_robot_ws/install/articubot_one/share/articubot_one/launch/joystick.launch.py
[42.211s] -- Installing: /home/robogames/vt-cro/robogames_pi/car_robot_ws/install/articubot_one/share/articubot_one/launch/rplidar.launch.py
[42.211s] -- Installing: /home/robogames/vt-cro/robogames_pi/car_robot_ws/install/articubot_one/share/articubot_one/launch/camera.launch.py
[42.211s] -- Installing: /home/robogames/vt-cro/robogames_pi/car_robot_ws/install/articubot_one/share/articubot_one/launch/online_async_launch.py
[42.211s] -- Installing: /home/robogames/vt-cro/robogames_pi/car_robot_ws/install/articubot_one/share/articubot_one/launch/launch_robot.launch.py
[42.211s] -- Installing: /home/robogames/vt-cro/robogames_pi/car_robot_ws/install/articubot_one/share/articubot_one/worlds
[42.211s] -- Installing: /home/robogames/vt-cro/robogames_pi/car_robot_ws/install/articubot_one/share/articubot_one/worlds/obstacles.world
[42.211s] -- Installing: /home/robogames/vt-cro/robogames_pi/car_robot_ws/install/articubot_one/share/articubot_one/worlds/empty.world
[42.211s] -- Installing: /home/robogames/vt-cro/robogames_pi/car_robot_ws/install/articubot_one/lib/articubot_one/joy_serial
[42.220s] -- Set non-toolchain portion of runtime path of "/home/robogames/vt-cro/robogames_pi/car_robot_ws/install/articubot_one/lib/articubot_one/joy_serial" to ""
[42.220s] -- Installing: /home/robogames/vt-cro/robogames_pi/car_robot_ws/install/articubot_one/lib/articubot_one/depth_to_laserscan
[42.236s] -- Set non-toolchain portion of runtime path of "/home/robogames/vt-cro/robogames_pi/car_robot_ws/install/articubot_one/lib/articubot_one/depth_to_laserscan" to ""
[42.236s] -- Installing: /home/robogames/vt-cro/robogames_pi/car_robot_ws/install/articubot_one/share/ament_index/resource_index/package_run_dependencies/articubot_one
[42.237s] -- Installing: /home/robogames/vt-cro/robogames_pi/car_robot_ws/install/articubot_one/share/ament_index/resource_index/parent_prefix_path/articubot_one
[42.237s] -- Installing: /home/robogames/vt-cro/robogames_pi/car_robot_ws/install/articubot_one/share/articubot_one/environment/ament_prefix_path.sh
[42.237s] -- Installing: /home/robogames/vt-cro/robogames_pi/car_robot_ws/install/articubot_one/share/articubot_one/environment/ament_prefix_path.dsv
[42.237s] -- Installing: /home/robogames/vt-cro/robogames_pi/car_robot_ws/install/articubot_one/share/articubot_one/environment/path.sh
[42.237s] -- Installing: /home/robogames/vt-cro/robogames_pi/car_robot_ws/install/articubot_one/share/articubot_one/environment/path.dsv
[42.237s] -- Installing: /home/robogames/vt-cro/robogames_pi/car_robot_ws/install/articubot_one/share/articubot_one/local_setup.bash
[42.238s] -- Installing: /home/robogames/vt-cro/robogames_pi/car_robot_ws/install/articubot_one/share/articubot_one/local_setup.sh
[42.238s] -- Installing: /home/robogames/vt-cro/robogames_pi/car_robot_ws/install/articubot_one/share/articubot_one/local_setup.zsh
[42.238s] -- Installing: /home/robogames/vt-cro/robogames_pi/car_robot_ws/install/articubot_one/share/articubot_one/local_setup.dsv
[42.238s] -- Installing: /home/robogames/vt-cro/robogames_pi/car_robot_ws/install/articubot_one/share/articubot_one/package.dsv
[42.238s] -- Installing: /home/robogames/vt-cro/robogames_pi/car_robot_ws/install/articubot_one/share/ament_index/resource_index/packages/articubot_one
[42.239s] -- Installing: /home/robogames/vt-cro/robogames_pi/car_robot_ws/install/articubot_one/share/articubot_one/cmake/articubot_oneConfig.cmake
[42.239s] -- Installing: /home/robogames/vt-cro/robogames_pi/car_robot_ws/install/articubot_one/share/articubot_one/cmake/articubot_oneConfig-version.cmake
[42.239s] -- Installing: /home/robogames/vt-cro/robogames_pi/car_robot_ws/install/articubot_one/share/articubot_one/package.xml
[42.242s] Invoked command in '/home/robogames/vt-cro/robogames_pi/car_robot_ws/build/articubot_one' returned '0': CMAKE_PREFIX_PATH=/opt/ros/jazzy:${CMAKE_PREFIX_PATH} DEBUGINFOD_URLS=https://debuginfod.ubuntu.com /usr/bin/cmake --install /home/robogames/vt-cro/robogames_pi/car_robot_ws/build/articubot_one
