-- The C compiler identification is GNU 13.3.0
-- The CXX compiler identification is GNU 13.3.0
-- Detecting C compiler ABI info
-- Detecting C compiler ABI info - done
-- Check for working C compiler: /usr/bin/cc - skipped
-- Detecting C compile features
-- Detecting C compile features - done
-- Detecting CXX compiler ABI info
-- Detecting CXX compiler ABI info - done
-- Check for working CXX compiler: /usr/bin/c++ - skipped
-- Detecting CXX compile features
-- Detecting CXX compile features - done
-- Found ament_cmake: 2.5.3 (/opt/ros/jazzy/share/ament_cmake/cmake)
-- Found Python3: /usr/bin/python3 (found version "3.12.3") found components: Interpreter 
<<<<<<<< HEAD:car_robot_ws/log/build_2025-03-19_21-04-28/serial/stdout_stderr.log
-- Configuring done (1.9s)
========
-- Configuring done (0.7s)
>>>>>>>> 5040cca21e4b0d9e905b5203751ba11a2b02af38:car_robot_ws/log/build_2025-03-19_19-39-14/serial/stdout_stderr.log
-- Generating done (0.0s)
[33mCMake Warning:
  Manually-specified variables were not used by the project:

    CATKIN_INSTALL_INTO_PREFIX_ROOT

[0m
<<<<<<<< HEAD:car_robot_ws/log/build_2025-03-19_21-04-28/serial/stdout_stderr.log
-- Build files have been written to: /home/robogames/vt-cro/robogames_pi/car_robot_ws/build/serial
[ 16%] [32mBuilding CXX object CMakeFiles/serial.dir/src/serial.cc.o[0m
[ 33%] [32mBuilding CXX object CMakeFiles/serial.dir/src/impl/list_ports/list_ports_linux.cc.o[0m
[ 50%] [32mBuilding CXX object CMakeFiles/serial.dir/src/impl/unix.cc.o[0m
========
-- Build files have been written to: /home/houndsito/vt-cro/robogames_pi/car_robot_ws/build/serial
[ 33%] [32mBuilding CXX object CMakeFiles/serial.dir/src/impl/list_ports/list_ports_linux.cc.o[0m
[ 33%] [32mBuilding CXX object CMakeFiles/serial.dir/src/impl/unix.cc.o[0m
[ 50%] [32mBuilding CXX object CMakeFiles/serial.dir/src/serial.cc.o[0m
>>>>>>>> 5040cca21e4b0d9e905b5203751ba11a2b02af38:car_robot_ws/log/build_2025-03-19_19-39-14/serial/stdout_stderr.log
[ 66%] [32m[1mLinking CXX static library libserial.a[0m
[ 66%] Built target serial
[ 83%] [32mBuilding CXX object CMakeFiles/serial_example.dir/examples/serial_example.cc.o[0m
[100%] [32m[1mLinking CXX executable serial_example[0m
[100%] Built target serial_example
-- Install configuration: ""
-- Installing: /home/houndsito/vt-cro/robogames_pi/car_robot_ws/install/serial/lib/libserial.a
-- Installing: /home/houndsito/vt-cro/robogames_pi/car_robot_ws/install/serial/bin/serial_example
-- Installing: /home/houndsito/vt-cro/robogames_pi/car_robot_ws/install/serial/include/serial
-- Installing: /home/houndsito/vt-cro/robogames_pi/car_robot_ws/install/serial/include/serial/serial.h
-- Installing: /home/houndsito/vt-cro/robogames_pi/car_robot_ws/install/serial/include/serial/v8stdint.h
-- Installing: /home/houndsito/vt-cro/robogames_pi/car_robot_ws/install/serial/include/serial/impl
-- Installing: /home/houndsito/vt-cro/robogames_pi/car_robot_ws/install/serial/include/serial/impl/unix.h
-- Installing: /home/houndsito/vt-cro/robogames_pi/car_robot_ws/install/serial/include/serial/impl/win.h
-- Installing: /home/houndsito/vt-cro/robogames_pi/car_robot_ws/install/serial/share/serial/environment/library_path.sh
-- Installing: /home/houndsito/vt-cro/robogames_pi/car_robot_ws/install/serial/share/serial/environment/library_path.dsv
-- Installing: /home/houndsito/vt-cro/robogames_pi/car_robot_ws/install/serial/share/ament_index/resource_index/package_run_dependencies/serial
-- Installing: /home/houndsito/vt-cro/robogames_pi/car_robot_ws/install/serial/share/ament_index/resource_index/parent_prefix_path/serial
-- Installing: /home/houndsito/vt-cro/robogames_pi/car_robot_ws/install/serial/share/serial/environment/ament_prefix_path.sh
-- Installing: /home/houndsito/vt-cro/robogames_pi/car_robot_ws/install/serial/share/serial/environment/ament_prefix_path.dsv
-- Installing: /home/houndsito/vt-cro/robogames_pi/car_robot_ws/install/serial/share/serial/environment/path.sh
-- Installing: /home/houndsito/vt-cro/robogames_pi/car_robot_ws/install/serial/share/serial/environment/path.dsv
-- Installing: /home/houndsito/vt-cro/robogames_pi/car_robot_ws/install/serial/share/serial/local_setup.bash
-- Installing: /home/houndsito/vt-cro/robogames_pi/car_robot_ws/install/serial/share/serial/local_setup.sh
-- Installing: /home/houndsito/vt-cro/robogames_pi/car_robot_ws/install/serial/share/serial/local_setup.zsh
-- Installing: /home/houndsito/vt-cro/robogames_pi/car_robot_ws/install/serial/share/serial/local_setup.dsv
-- Installing: /home/houndsito/vt-cro/robogames_pi/car_robot_ws/install/serial/share/serial/package.dsv
-- Installing: /home/houndsito/vt-cro/robogames_pi/car_robot_ws/install/serial/share/ament_index/resource_index/packages/serial
-- Installing: /home/houndsito/vt-cro/robogames_pi/car_robot_ws/install/serial/share/serial/cmake/ament_cmake_export_include_directories-extras.cmake
-- Installing: /home/houndsito/vt-cro/robogames_pi/car_robot_ws/install/serial/share/serial/cmake/ament_cmake_export_libraries-extras.cmake
-- Installing: /home/houndsito/vt-cro/robogames_pi/car_robot_ws/install/serial/share/serial/cmake/serialConfig.cmake
-- Installing: /home/houndsito/vt-cro/robogames_pi/car_robot_ws/install/serial/share/serial/cmake/serialConfig-version.cmake
-- Installing: /home/houndsito/vt-cro/robogames_pi/car_robot_ws/install/serial/share/serial/package.xml
