[ 16%] Built target joy_serial
[ 25%] [32mBuilding CXX object CMakeFiles/yolo_detector_node.dir/src/yolo_detector_node.cpp.o[0m
[ 41%] Built target depth_to_laserscan
[ 58%] Built target color_detection_node
[ 75%] Built target depth_processing_node
[ 91%] Built target main_bt_node
[100%] [32m[1mLinking CXX executable yolo_detector_node[0m
[100%] Built target yolo_detector_node
-- Install configuration: ""
-- Up-to-date: /home/robogames/vt-cro/robogames_pi/car_robot_ws/install/articubot_one/share/articubot_one/config
-- Up-to-date: /home/robogames/vt-cro/robogames_pi/car_robot_ws/install/articubot_one/share/articubot_one/config/nrc_bt.xml
-- Up-to-date: /home/robogames/vt-cro/robogames_pi/car_robot_ws/install/articubot_one/share/articubot_one/config/my_controllers.yaml
-- Up-to-date: /home/robogames/vt-cro/robogames_pi/car_robot_ws/install/articubot_one/share/articubot_one/config/empty.yaml
-- Up-to-date: /home/robogames/vt-cro/robogames_pi/car_robot_ws/install/articubot_one/share/articubot_one/config/speedlimit_params.yaml
-- Up-to-date: /home/robogames/vt-cro/robogames_pi/car_robot_ws/install/articubot_one/share/articubot_one/config/gaz_ros2_ctl_use_sim.yaml
-- Up-to-date: /home/robogames/vt-cro/robogames_pi/car_robot_ws/install/articubot_one/share/articubot_one/config/gz_bridge.yaml
-- Up-to-date: /home/robogames/vt-cro/robogames_pi/car_robot_ws/install/articubot_one/share/articubot_one/config/twist_mux.yaml
-- Up-to-date: /home/robogames/vt-cro/robogames_pi/car_robot_ws/install/articubot_one/share/articubot_one/config/view_bot.rviz
-- Up-to-date: /home/robogames/vt-cro/robogames_pi/car_robot_ws/install/articubot_one/share/articubot_one/config/speedlimit_nav2_params.yaml
-- Up-to-date: /home/robogames/vt-cro/robogames_pi/car_robot_ws/install/articubot_one/share/articubot_one/config/mapper_params_online_async.yaml
-- Up-to-date: /home/robogames/vt-cro/robogames_pi/car_robot_ws/install/articubot_one/share/articubot_one/config/ball_tracker_params_sim.yaml
-- Up-to-date: /home/robogames/vt-cro/robogames_pi/car_robot_ws/install/articubot_one/share/articubot_one/config/navigate_w_replanning_and_recovery.xml
-- Up-to-date: /home/robogames/vt-cro/robogames_pi/car_robot_ws/install/articubot_one/share/articubot_one/config/nav2_params.yaml
-- Up-to-date: /home/robogames/vt-cro/robogames_pi/car_robot_ws/install/articubot_one/share/articubot_one/config/joystick.yaml
-- Up-to-date: /home/robogames/vt-cro/robogames_pi/car_robot_ws/install/articubot_one/share/articubot_one/config/main.rviz
-- Up-to-date: /home/robogames/vt-cro/robogames_pi/car_robot_ws/install/articubot_one/share/articubot_one/config/keepout_nav2_params.yaml
-- Up-to-date: /home/robogames/vt-cro/robogames_pi/car_robot_ws/install/articubot_one/share/articubot_one/config/keepout_params.yaml
-- Up-to-date: /home/robogames/vt-cro/robogames_pi/car_robot_ws/install/articubot_one/share/articubot_one/config/map.rviz
-- Up-to-date: /home/robogames/vt-cro/robogames_pi/car_robot_ws/install/articubot_one/share/articubot_one/config/drive_bot.rviz
-- Up-to-date: /home/robogames/vt-cro/robogames_pi/car_robot_ws/install/articubot_one/share/articubot_one/config/ball_tracker_params_robot.yaml
-- Up-to-date: /home/robogames/vt-cro/robogames_pi/car_robot_ws/install/articubot_one/share/articubot_one/config/rtabmap_params.yaml
-- Up-to-date: /home/robogames/vt-cro/robogames_pi/car_robot_ws/install/articubot_one/share/articubot_one/description
-- Up-to-date: /home/robogames/vt-cro/robogames_pi/car_robot_ws/install/articubot_one/share/articubot_one/description/robot.urdf.xacro
-- Up-to-date: /home/robogames/vt-cro/robogames_pi/car_robot_ws/install/articubot_one/share/articubot_one/description/inertial_macros.xacro
-- Up-to-date: /home/robogames/vt-cro/robogames_pi/car_robot_ws/install/articubot_one/share/articubot_one/description/face.xacro
-- Up-to-date: /home/robogames/vt-cro/robogames_pi/car_robot_ws/install/articubot_one/share/articubot_one/description/ros2_control.xacro
-- Up-to-date: /home/robogames/vt-cro/robogames_pi/car_robot_ws/install/articubot_one/share/articubot_one/description/gazebo_control.xacro
-- Up-to-date: /home/robogames/vt-cro/robogames_pi/car_robot_ws/install/articubot_one/share/articubot_one/description/depth_camera.xacro
-- Up-to-date: /home/robogames/vt-cro/robogames_pi/car_robot_ws/install/articubot_one/share/articubot_one/description/camera.xacro
-- Up-to-date: /home/robogames/vt-cro/robogames_pi/car_robot_ws/install/articubot_one/share/articubot_one/description/lidar.xacro
-- Up-to-date: /home/robogames/vt-cro/robogames_pi/car_robot_ws/install/articubot_one/share/articubot_one/description/robot_core.xacro
-- Up-to-date: /home/robogames/vt-cro/robogames_pi/car_robot_ws/install/articubot_one/share/articubot_one/launch
-- Up-to-date: /home/robogames/vt-cro/robogames_pi/car_robot_ws/install/articubot_one/share/articubot_one/launch/ball_tracker.launch.py
-- Up-to-date: /home/robogames/vt-cro/robogames_pi/car_robot_ws/install/articubot_one/share/articubot_one/launch/navigation_launch.py
-- Up-to-date: /home/robogames/vt-cro/robogames_pi/car_robot_ws/install/articubot_one/share/articubot_one/launch/localization_launch.py
-- Up-to-date: /home/robogames/vt-cro/robogames_pi/car_robot_ws/install/articubot_one/share/articubot_one/launch/vision.launch.py
-- Up-to-date: /home/robogames/vt-cro/robogames_pi/car_robot_ws/install/articubot_one/share/articubot_one/launch/__pycache__
-- Up-to-date: /home/robogames/vt-cro/robogames_pi/car_robot_ws/install/articubot_one/share/articubot_one/launch/__pycache__/launch_robot.launch.cpython-312.pyc
-- Up-to-date: /home/robogames/vt-cro/robogames_pi/car_robot_ws/install/articubot_one/share/articubot_one/launch/rsp.launch.py
-- Up-to-date: /home/robogames/vt-cro/robogames_pi/car_robot_ws/install/articubot_one/share/articubot_one/launch/rs_pointcloud_launch.py
-- Up-to-date: /home/robogames/vt-cro/robogames_pi/car_robot_ws/install/articubot_one/share/articubot_one/launch/launch_sim.launch.py
-- Up-to-date: /home/robogames/vt-cro/robogames_pi/car_robot_ws/install/articubot_one/share/articubot_one/launch/joystick.launch.py
-- Up-to-date: /home/robogames/vt-cro/robogames_pi/car_robot_ws/install/articubot_one/share/articubot_one/launch/rplidar.launch.py
-- Up-to-date: /home/robogames/vt-cro/robogames_pi/car_robot_ws/install/articubot_one/share/articubot_one/launch/rtabmap.launch.py
-- Up-to-date: /home/robogames/vt-cro/robogames_pi/car_robot_ws/install/articubot_one/share/articubot_one/launch/controllers.launch.py
-- Up-to-date: /home/robogames/vt-cro/robogames_pi/car_robot_ws/install/articubot_one/share/articubot_one/launch/robot_master.launch.py
-- Up-to-date: /home/robogames/vt-cro/robogames_pi/car_robot_ws/install/articubot_one/share/articubot_one/launch/online_async_launch.py
-- Up-to-date: /home/robogames/vt-cro/robogames_pi/car_robot_ws/install/articubot_one/share/articubot_one/launch/launch_robot.launch.py
-- Up-to-date: /home/robogames/vt-cro/robogames_pi/car_robot_ws/install/articubot_one/share/articubot_one/worlds
-- Up-to-date: /home/robogames/vt-cro/robogames_pi/car_robot_ws/install/articubot_one/share/articubot_one/worlds/obstacles.world
-- Up-to-date: /home/robogames/vt-cro/robogames_pi/car_robot_ws/install/articubot_one/share/articubot_one/worlds/empty.world
-- Up-to-date: /home/robogames/vt-cro/robogames_pi/car_robot_ws/install/articubot_one/lib/articubot_one/joy_serial
-- Up-to-date: /home/robogames/vt-cro/robogames_pi/car_robot_ws/install/articubot_one/lib/articubot_one/depth_to_laserscan
-- Installing: /home/robogames/vt-cro/robogames_pi/car_robot_ws/install/articubot_one/lib/articubot_one/yolo_detector_node
-- Set non-toolchain portion of runtime path of "/home/robogames/vt-cro/robogames_pi/car_robot_ws/install/articubot_one/lib/articubot_one/yolo_detector_node" to ""
-- Up-to-date: /home/robogames/vt-cro/robogames_pi/car_robot_ws/install/articubot_one/lib/articubot_one/color_detection_node
-- Up-to-date: /home/robogames/vt-cro/robogames_pi/car_robot_ws/install/articubot_one/lib/articubot_one/depth_processing_node
-- Up-to-date: /home/robogames/vt-cro/robogames_pi/car_robot_ws/install/articubot_one/lib/articubot_one/main_bt_node
-- Up-to-date: /home/robogames/vt-cro/robogames_pi/car_robot_ws/install/articubot_one/share/ament_index/resource_index/package_run_dependencies/articubot_one
-- Up-to-date: /home/robogames/vt-cro/robogames_pi/car_robot_ws/install/articubot_one/share/ament_index/resource_index/parent_prefix_path/articubot_one
-- Up-to-date: /home/robogames/vt-cro/robogames_pi/car_robot_ws/install/articubot_one/share/articubot_one/environment/ament_prefix_path.sh
-- Up-to-date: /home/robogames/vt-cro/robogames_pi/car_robot_ws/install/articubot_one/share/articubot_one/environment/ament_prefix_path.dsv
-- Up-to-date: /home/robogames/vt-cro/robogames_pi/car_robot_ws/install/articubot_one/share/articubot_one/environment/path.sh
-- Up-to-date: /home/robogames/vt-cro/robogames_pi/car_robot_ws/install/articubot_one/share/articubot_one/environment/path.dsv
-- Up-to-date: /home/robogames/vt-cro/robogames_pi/car_robot_ws/install/articubot_one/share/articubot_one/local_setup.bash
-- Up-to-date: /home/robogames/vt-cro/robogames_pi/car_robot_ws/install/articubot_one/share/articubot_one/local_setup.sh
-- Up-to-date: /home/robogames/vt-cro/robogames_pi/car_robot_ws/install/articubot_one/share/articubot_one/local_setup.zsh
-- Up-to-date: /home/robogames/vt-cro/robogames_pi/car_robot_ws/install/articubot_one/share/articubot_one/local_setup.dsv
-- Installing: /home/robogames/vt-cro/robogames_pi/car_robot_ws/install/articubot_one/share/articubot_one/package.dsv
-- Up-to-date: /home/robogames/vt-cro/robogames_pi/car_robot_ws/install/articubot_one/share/ament_index/resource_index/packages/articubot_one
-- Up-to-date: /home/robogames/vt-cro/robogames_pi/car_robot_ws/install/articubot_one/share/articubot_one/cmake/articubot_oneConfig.cmake
-- Up-to-date: /home/robogames/vt-cro/robogames_pi/car_robot_ws/install/articubot_one/share/articubot_one/cmake/articubot_oneConfig-version.cmake
-- Up-to-date: /home/robogames/vt-cro/robogames_pi/car_robot_ws/install/articubot_one/share/articubot_one/package.xml
