[0.012s] Invoking command in '/home/houndsito/vt-cro/robogames_pi/car_robot_ws/build/serial': DEBUGINFOD_URLS=https://debuginfod.ubuntu.com /usr/bin/cmake --build /home/houndsito/vt-cro/robogames_pi/car_robot_ws/build/serial -- -j16 -l16
[0.067s] [ 66%] Built target serial
[0.091s] [100%] Built target serial_example
[0.102s] Invoked command in '/home/houndsito/vt-cro/robogames_pi/car_robot_ws/build/serial' returned '0': DEBUGINFOD_URLS=https://debuginfod.ubuntu.com /usr/bin/cmake --build /home/houndsito/vt-cro/robogames_pi/car_robot_ws/build/serial -- -j16 -l16
[0.113s] Invoking command in '/home/houndsito/vt-cro/robogames_pi/car_robot_ws/build/serial': DEBUGINFOD_URLS=https://debuginfod.ubuntu.com /usr/bin/cmake --install /home/houndsito/vt-cro/robogames_pi/car_robot_ws/build/serial
[0.120s] -- Install configuration: ""
[0.120s] -- Up-to-date: /home/houndsito/vt-cro/robogames_pi/car_robot_ws/install/serial/lib/libserial.a
[0.121s] -- Up-to-date: /home/houndsito/vt-cro/robogames_pi/car_robot_ws/install/serial/bin/serial_example
[0.121s] -- Up-to-date: /home/houndsito/vt-cro/robogames_pi/car_robot_ws/install/serial/include/serial
[0.121s] -- Up-to-date: /home/houndsito/vt-cro/robogames_pi/car_robot_ws/install/serial/include/serial/serial.h
[0.121s] -- Up-to-date: /home/houndsito/vt-cro/robogames_pi/car_robot_ws/install/serial/include/serial/v8stdint.h
[0.121s] -- Up-to-date: /home/houndsito/vt-cro/robogames_pi/car_robot_ws/install/serial/include/serial/impl
[0.121s] -- Up-to-date: /home/houndsito/vt-cro/robogames_pi/car_robot_ws/install/serial/include/serial/impl/unix.h
[0.121s] -- Up-to-date: /home/houndsito/vt-cro/robogames_pi/car_robot_ws/install/serial/include/serial/impl/win.h
[0.121s] -- Up-to-date: /home/houndsito/vt-cro/robogames_pi/car_robot_ws/install/serial/share/serial/environment/library_path.sh
[0.121s] -- Up-to-date: /home/houndsito/vt-cro/robogames_pi/car_robot_ws/install/serial/share/serial/environment/library_path.dsv
[0.121s] -- Up-to-date: /home/houndsito/vt-cro/robogames_pi/car_robot_ws/install/serial/share/ament_index/resource_index/package_run_dependencies/serial
[0.121s] -- Up-to-date: /home/houndsito/vt-cro/robogames_pi/car_robot_ws/install/serial/share/ament_index/resource_index/parent_prefix_path/serial
[0.121s] -- Up-to-date: /home/houndsito/vt-cro/robogames_pi/car_robot_ws/install/serial/share/serial/environment/ament_prefix_path.sh
[0.121s] -- Up-to-date: /home/houndsito/vt-cro/robogames_pi/car_robot_ws/install/serial/share/serial/environment/ament_prefix_path.dsv
[0.121s] -- Up-to-date: /home/houndsito/vt-cro/robogames_pi/car_robot_ws/install/serial/share/serial/environment/path.sh
[0.121s] -- Up-to-date: /home/houndsito/vt-cro/robogames_pi/car_robot_ws/install/serial/share/serial/environment/path.dsv
[0.121s] -- Up-to-date: /home/houndsito/vt-cro/robogames_pi/car_robot_ws/install/serial/share/serial/local_setup.bash
[0.121s] -- Up-to-date: /home/houndsito/vt-cro/robogames_pi/car_robot_ws/install/serial/share/serial/local_setup.sh
[0.122s] -- Up-to-date: /home/houndsito/vt-cro/robogames_pi/car_robot_ws/install/serial/share/serial/local_setup.zsh
[0.122s] -- Up-to-date: /home/houndsito/vt-cro/robogames_pi/car_robot_ws/install/serial/share/serial/local_setup.dsv
[0.122s] -- Up-to-date: /home/houndsito/vt-cro/robogames_pi/car_robot_ws/install/serial/share/serial/package.dsv
[0.122s] -- Up-to-date: /home/houndsito/vt-cro/robogames_pi/car_robot_ws/install/serial/share/ament_index/resource_index/packages/serial
[0.122s] -- Up-to-date: /home/houndsito/vt-cro/robogames_pi/car_robot_ws/install/serial/share/serial/cmake/ament_cmake_export_include_directories-extras.cmake
[0.122s] -- Up-to-date: /home/houndsito/vt-cro/robogames_pi/car_robot_ws/install/serial/share/serial/cmake/ament_cmake_export_libraries-extras.cmake
[0.122s] -- Up-to-date: /home/houndsito/vt-cro/robogames_pi/car_robot_ws/install/serial/share/serial/cmake/serialConfig.cmake
[0.122s] -- Up-to-date: /home/houndsito/vt-cro/robogames_pi/car_robot_ws/install/serial/share/serial/cmake/serialConfig-version.cmake
[0.122s] -- Up-to-date: /home/houndsito/vt-cro/robogames_pi/car_robot_ws/install/serial/share/serial/package.xml
[0.123s] Invoked command in '/home/houndsito/vt-cro/robogames_pi/car_robot_ws/build/serial' returned '0': DEBUGINFOD_URLS=https://debuginfod.ubuntu.com /usr/bin/cmake --install /home/houndsito/vt-cro/robogames_pi/car_robot_ws/build/serial
