[0.026s] Invoking command in '/home/robogames/vt-cro/robogames_pi/yolobot/build/yolobot_recognition': CMAKE_PREFIX_PATH=/home/robogames/vt-cro/robogames_pi/car_robot_ws/install/opencv_tools:/home/robogames/vt-cro/robogames_pi/car_robot_ws/install/object_detection:/opt/ros/jazzy:${CMAKE_PREFIX_PATH} DEBUGINFOD_URLS=https://debuginfod.ubuntu.com PS1=(ros2_python_venv) \[\e]0;\u@\h: \w\a\]${debian_chroot:+($debian_chroot)}\[\033[01;32m\]\u@\h\[\033[00m\]:\[\033[01;34m\]\w\[\033[00m\]\$ VIRTUAL_ENV_PROMPT=(ros2_python_venv) /usr/bin/cmake /home/robogames/vt-cro/robogames_pi/yolobot/src/yolobot_recognition -DAMENT_CMAKE_SYMLINK_INSTALL=1 -DCMAKE_INSTALL_PREFIX=/home/robogames/vt-cro/robogames_pi/yolobot/install/yolobot_recognition
[0.446s] -- The C compiler identification is GNU 13.3.0
[0.957s] -- The CXX compiler identification is GNU 13.3.0
[0.997s] -- Detecting C compiler ABI info
[1.265s] -- Detecting C compiler ABI info - done
[1.276s] -- Check for working C compiler: /usr/bin/cc - skipped
[1.277s] -- Detecting C compile features
[1.279s] -- Detecting C compile features - done
[1.298s] -- Detecting CXX compiler ABI info
[1.564s] -- Detecting CXX compiler ABI info - done
[1.580s] -- Check for working CXX compiler: /usr/bin/c++ - skipped
[1.581s] -- Detecting CXX compile features
[1.582s] -- Detecting CXX compile features - done
[1.587s] -- Found ament_cmake: 2.5.3 (/opt/ros/jazzy/share/ament_cmake/cmake)
[1.974s] -- Found Python3: /home/robogames/ros2_python_venv/bin/python3 (found version "3.12.3") found components: Interpreter 
[2.294s] -- Override CMake install command with custom implementation using symlinks instead of copying resources
[2.380s] -- Found ament_lint_auto: 0.17.1 (/opt/ros/jazzy/share/ament_lint_auto/cmake)
[2.694s] -- Added test 'copyright' to check source files copyright and LICENSE
[2.697s] -- Added test 'flake8' to check Python code syntax and style conventions
[2.697s] -- Configured 'flake8' exclude dirs and/or files: 
[2.700s] -- Added test 'lint_cmake' to check CMake code style
[2.700s] -- Added test 'pep257' to check Python code against some of the docstring style conventions in PEP 257
[2.702s] -- Added test 'xmllint' to check XML markup files
[2.707s] -- Configuring done (2.7s)
[2.713s] -- Generating done (0.0s)
[2.718s] -- Build files have been written to: /home/robogames/vt-cro/robogames_pi/yolobot/build/yolobot_recognition
[2.737s] Invoked command in '/home/robogames/vt-cro/robogames_pi/yolobot/build/yolobot_recognition' returned '0': CMAKE_PREFIX_PATH=/home/robogames/vt-cro/robogames_pi/car_robot_ws/install/opencv_tools:/home/robogames/vt-cro/robogames_pi/car_robot_ws/install/object_detection:/opt/ros/jazzy:${CMAKE_PREFIX_PATH} DEBUGINFOD_URLS=https://debuginfod.ubuntu.com PS1=(ros2_python_venv) \[\e]0;\u@\h: \w\a\]${debian_chroot:+($debian_chroot)}\[\033[01;32m\]\u@\h\[\033[00m\]:\[\033[01;34m\]\w\[\033[00m\]\$ VIRTUAL_ENV_PROMPT=(ros2_python_venv) /usr/bin/cmake /home/robogames/vt-cro/robogames_pi/yolobot/src/yolobot_recognition -DAMENT_CMAKE_SYMLINK_INSTALL=1 -DCMAKE_INSTALL_PREFIX=/home/robogames/vt-cro/robogames_pi/yolobot/install/yolobot_recognition
[2.738s] Invoking command in '/home/robogames/vt-cro/robogames_pi/yolobot/build/yolobot_recognition': CMAKE_PREFIX_PATH=/home/robogames/vt-cro/robogames_pi/car_robot_ws/install/opencv_tools:/home/robogames/vt-cro/robogames_pi/car_robot_ws/install/object_detection:/opt/ros/jazzy:${CMAKE_PREFIX_PATH} DEBUGINFOD_URLS=https://debuginfod.ubuntu.com PS1=(ros2_python_venv) \[\e]0;\u@\h: \w\a\]${debian_chroot:+($debian_chroot)}\[\033[01;32m\]\u@\h\[\033[00m\]:\[\033[01;34m\]\w\[\033[00m\]\$ VIRTUAL_ENV_PROMPT=(ros2_python_venv) /usr/bin/cmake --build /home/robogames/vt-cro/robogames_pi/yolobot/build/yolobot_recognition -- -j4 -l4
[2.859s] Invoked command in '/home/robogames/vt-cro/robogames_pi/yolobot/build/yolobot_recognition' returned '0': CMAKE_PREFIX_PATH=/home/robogames/vt-cro/robogames_pi/car_robot_ws/install/opencv_tools:/home/robogames/vt-cro/robogames_pi/car_robot_ws/install/object_detection:/opt/ros/jazzy:${CMAKE_PREFIX_PATH} DEBUGINFOD_URLS=https://debuginfod.ubuntu.com PS1=(ros2_python_venv) \[\e]0;\u@\h: \w\a\]${debian_chroot:+($debian_chroot)}\[\033[01;32m\]\u@\h\[\033[00m\]:\[\033[01;34m\]\w\[\033[00m\]\$ VIRTUAL_ENV_PROMPT=(ros2_python_venv) /usr/bin/cmake --build /home/robogames/vt-cro/robogames_pi/yolobot/build/yolobot_recognition -- -j4 -l4
[2.861s] Invoking command in '/home/robogames/vt-cro/robogames_pi/yolobot/build/yolobot_recognition': CMAKE_PREFIX_PATH=/home/robogames/vt-cro/robogames_pi/car_robot_ws/install/opencv_tools:/home/robogames/vt-cro/robogames_pi/car_robot_ws/install/object_detection:/opt/ros/jazzy:${CMAKE_PREFIX_PATH} DEBUGINFOD_URLS=https://debuginfod.ubuntu.com PS1=(ros2_python_venv) \[\e]0;\u@\h: \w\a\]${debian_chroot:+($debian_chroot)}\[\033[01;32m\]\u@\h\[\033[00m\]:\[\033[01;34m\]\w\[\033[00m\]\$ VIRTUAL_ENV_PROMPT=(ros2_python_venv) /usr/bin/cmake --install /home/robogames/vt-cro/robogames_pi/yolobot/build/yolobot_recognition
[2.881s] -- Install configuration: ""
[2.882s] -- Execute custom install script
[2.883s] -- Symlinking: /home/robogames/vt-cro/robogames_pi/yolobot/install/yolobot_recognition/share/yolobot_recognition//scripts/.dockerignore
[2.907s] -- Symlinking: /home/robogames/vt-cro/robogames_pi/yolobot/install/yolobot_recognition/share/yolobot_recognition//scripts/.gitattributes
[2.927s] -- Symlinking: /home/robogames/vt-cro/robogames_pi/yolobot/install/yolobot_recognition/share/yolobot_recognition//scripts/.gitignore
[2.948s] -- Symlinking: /home/robogames/vt-cro/robogames_pi/yolobot/install/yolobot_recognition/share/yolobot_recognition//scripts/yolov8_ros2_pt.py
[2.971s] -- Symlinking: /home/robogames/vt-cro/robogames_pi/yolobot/install/yolobot_recognition/share/yolobot_recognition//scripts/yolov8_ros2_subscriber.py
[2.994s] -- Symlinking: /home/robogames/vt-cro/robogames_pi/yolobot/install/yolobot_recognition/share/yolobot_recognition//scripts/yolov8n.pt
[3.019s] -- Symlinking: /home/robogames/vt-cro/robogames_pi/yolobot/install/yolobot_recognition/share/yolobot_recognition//launch/launch_yolov8.launch.py
[3.038s] -- Symlinking: /home/robogames/vt-cro/robogames_pi/yolobot/install/yolobot_recognition/lib/yolobot_recognition/yolov8_ros2_pt.py
[3.061s] -- Symlinking: /home/robogames/vt-cro/robogames_pi/yolobot/install/yolobot_recognition/lib/yolobot_recognition/yolov8_ros2_subscriber.py
[3.083s] -- Symlinking: /home/robogames/vt-cro/robogames_pi/yolobot/install/yolobot_recognition/lib/yolobot_recognition/launch_yolov8.launch.py
[3.106s] -- Symlinking: /home/robogames/vt-cro/robogames_pi/yolobot/install/yolobot_recognition/share/ament_index/resource_index/package_run_dependencies/yolobot_recognition
[3.130s] -- Symlinking: /home/robogames/vt-cro/robogames_pi/yolobot/install/yolobot_recognition/share/ament_index/resource_index/parent_prefix_path/yolobot_recognition
[3.154s] -- Symlinking: /home/robogames/vt-cro/robogames_pi/yolobot/install/yolobot_recognition/share/yolobot_recognition/environment/ament_prefix_path.sh
[3.176s] -- Symlinking: /home/robogames/vt-cro/robogames_pi/yolobot/install/yolobot_recognition/share/yolobot_recognition/environment/ament_prefix_path.dsv
[3.200s] -- Symlinking: /home/robogames/vt-cro/robogames_pi/yolobot/install/yolobot_recognition/share/yolobot_recognition/environment/path.sh
[3.225s] -- Symlinking: /home/robogames/vt-cro/robogames_pi/yolobot/install/yolobot_recognition/share/yolobot_recognition/environment/path.dsv
[3.246s] -- Symlinking: /home/robogames/vt-cro/robogames_pi/yolobot/install/yolobot_recognition/share/yolobot_recognition/local_setup.bash
[3.270s] -- Symlinking: /home/robogames/vt-cro/robogames_pi/yolobot/install/yolobot_recognition/share/yolobot_recognition/local_setup.sh
[3.292s] -- Symlinking: /home/robogames/vt-cro/robogames_pi/yolobot/install/yolobot_recognition/share/yolobot_recognition/local_setup.zsh
[3.313s] -- Symlinking: /home/robogames/vt-cro/robogames_pi/yolobot/install/yolobot_recognition/share/yolobot_recognition/local_setup.dsv
[3.334s] -- Symlinking: /home/robogames/vt-cro/robogames_pi/yolobot/install/yolobot_recognition/share/yolobot_recognition/package.dsv
[3.352s] -- Symlinking: /home/robogames/vt-cro/robogames_pi/yolobot/install/yolobot_recognition/share/ament_index/resource_index/packages/yolobot_recognition
[3.374s] -- Symlinking: /home/robogames/vt-cro/robogames_pi/yolobot/install/yolobot_recognition/share/yolobot_recognition/cmake/yolobot_recognitionConfig.cmake
[3.391s] -- Symlinking: /home/robogames/vt-cro/robogames_pi/yolobot/install/yolobot_recognition/share/yolobot_recognition/cmake/yolobot_recognitionConfig-version.cmake
[3.410s] -- Symlinking: /home/robogames/vt-cro/robogames_pi/yolobot/install/yolobot_recognition/share/yolobot_recognition/package.xml
[3.444s] Invoked command in '/home/robogames/vt-cro/robogames_pi/yolobot/build/yolobot_recognition' returned '0': CMAKE_PREFIX_PATH=/home/robogames/vt-cro/robogames_pi/car_robot_ws/install/opencv_tools:/home/robogames/vt-cro/robogames_pi/car_robot_ws/install/object_detection:/opt/ros/jazzy:${CMAKE_PREFIX_PATH} DEBUGINFOD_URLS=https://debuginfod.ubuntu.com PS1=(ros2_python_venv) \[\e]0;\u@\h: \w\a\]${debian_chroot:+($debian_chroot)}\[\033[01;32m\]\u@\h\[\033[00m\]:\[\033[01;34m\]\w\[\033[00m\]\$ VIRTUAL_ENV_PROMPT=(ros2_python_venv) /usr/bin/cmake --install /home/robogames/vt-cro/robogames_pi/yolobot/build/yolobot_recognition
