[0.057s] Invoking command in '/home/robogames/vt-cro/robogames_pi/car_robot_ws/build/articubot_one': CMAKE_PREFIX_PATH=/opt/ros/jazzy:${CMAKE_PREFIX_PATH} DEBUGINFOD_URLS=https://debuginfod.ubuntu.com /usr/bin/cmake --build /home/robogames/vt-cro/robogames_pi/car_robot_ws/build/articubot_one -- -j4 -l4
[0.113s] -- Found ament_cmake: 2.5.3 (/opt/ros/jazzy/share/ament_cmake/cmake)
[0.508s] -- Found serial: 1.2.1 (/home/robogames/vt-cro/robogames_pi/car_robot_ws/install/serial/share/serial/cmake)
[0.510s] -- Found rclcpp: 28.1.6 (/opt/ros/jazzy/share/rclcpp/cmake)
[0.549s] -- Found rosidl_generator_c: 4.6.5 (/opt/ros/jazzy/share/rosidl_generator_c/cmake)
[0.562s] -- Found rosidl_generator_cpp: 4.6.5 (/opt/ros/jazzy/share/rosidl_generator_cpp/cmake)
[0.578s] -- Using all available rosidl_typesupport_c: rosidl_typesupport_fastrtps_c;rosidl_typesupport_introspection_c
[0.597s] -- Using all available rosidl_typesupport_cpp: rosidl_typesupport_fastrtps_cpp;rosidl_typesupport_introspection_cpp
[0.678s] -- Found rmw_implementation_cmake: 7.3.1 (/opt/ros/jazzy/share/rmw_implementation_cmake/cmake)
[0.680s] -- Found rmw_fastrtps_cpp: 8.4.1 (/opt/ros/jazzy/share/rmw_fastrtps_cpp/cmake)
[0.777s] -- Using RMW implementation 'rmw_fastrtps_cpp' as default
[0.861s] -- Found sensor_msgs: 5.3.5 (/opt/ros/jazzy/share/sensor_msgs/cmake)
[0.943s] -- Found cv_bridge: 4.1.0 (/opt/ros/jazzy/share/cv_bridge/cmake)
[0.947s] -- Found image_geometry: 4.1.0 (/opt/ros/jazzy/share/image_geometry/cmake)
[0.951s] -- Found controller_manager_msgs: 4.27.0 (/opt/ros/jazzy/share/controller_manager_msgs/cmake)
[1.010s] -- Found ament_lint_auto: 0.17.1 (/opt/ros/jazzy/share/ament_lint_auto/cmake)
[1.181s] -- Added test 'copyright' to check source files copyright and LICENSE
[1.185s] -- Added test 'cppcheck' to perform static code analysis on C / C++ code
[1.186s] -- Configured cppcheck include dirs: 
[1.186s] -- Configured cppcheck exclude dirs and/or files: 
[1.189s] -- Added test 'cpplint' to check C / C++ code against the Google style
[1.189s] -- Configured cpplint exclude dirs and/or files: 
[1.190s] -- Added test 'flake8' to check Python code syntax and style conventions
[1.190s] -- Configured 'flake8' exclude dirs and/or files: 
[1.191s] -- Added test 'lint_cmake' to check CMake code style
[1.192s] -- Added test 'pep257' to check Python code against some of the docstring style conventions in PEP 257
[1.196s] -- Added test 'uncrustify' to check C / C++ code style
[1.196s] -- Configured uncrustify additional arguments: 
[1.196s] -- Added test 'xmllint' to check XML markup files
[1.198s] -- Configuring done (1.1s)
[1.271s] -- Generating done (0.1s)
[1.300s] -- Build files have been written to: /home/robogames/vt-cro/robogames_pi/car_robot_ws/build/articubot_one
[1.420s] [ 20%] Built target joy_serial
[1.420s] [ 40%] Built target color_detection_node
[1.423s] [ 60%] Built target depth_processing_node
[1.429s] [ 80%] Built target depth_to_laserscan
[1.477s] [ 90%] [32mBuilding CXX object CMakeFiles/main_bt_node.dir/src/main_bt_node.cpp.o[0m
[1.887s] In file included from [01m[K/home/robogames/vt-cro/robogames_pi/car_robot_ws/src/articubot_one/src/main_bt_node.cpp:16[m[K:
[1.887s] [01m[K/home/robogames/vt-cro/robogames_pi/car_robot_ws/src/articubot_one/src/cone_navigator_node.cpp:3:10:[m[K [01;31m[Kfatal error: [m[Krclcpp_action/rclcpp_action.hpp: No such file or directory
[1.887s]     3 | #include [01;31m[K"rclcpp_action/rclcpp_action.hpp"[m[K
[1.887s]       |          [01;31m[K^~~~~~~~~~~~~~~~~~~~~~~~~~~~~~~~~[m[K
[1.887s] compilation terminated.
[1.893s] gmake[2]: *** [CMakeFiles/main_bt_node.dir/build.make:76: CMakeFiles/main_bt_node.dir/src/main_bt_node.cpp.o] Error 1
[1.893s] gmake[1]: *** [CMakeFiles/Makefile2:249: CMakeFiles/main_bt_node.dir/all] Error 2
[1.893s] gmake: *** [Makefile:146: all] Error 2
[1.897s] Invoked command in '/home/robogames/vt-cro/robogames_pi/car_robot_ws/build/articubot_one' returned '2': CMAKE_PREFIX_PATH=/opt/ros/jazzy:${CMAKE_PREFIX_PATH} DEBUGINFOD_URLS=https://debuginfod.ubuntu.com /usr/bin/cmake --build /home/robogames/vt-cro/robogames_pi/car_robot_ws/build/articubot_one -- -j4 -l4
