-- Found ament_cmake: 2.5.3 (/opt/ros/jazzy/share/ament_cmake/cmake)
-- Found Python3: /home/robogames/ros2_python_venv/bin/python3 (found version "3.12.3") found components: Interpreter 
-- Override CMake install command with custom implementation using symlinks instead of copying resources
-- Found std_msgs: 5.3.5 (/opt/ros/jazzy/share/std_msgs/cmake)
-- Found rosidl_generator_c: 4.6.5 (/opt/ros/jazzy/share/rosidl_generator_c/cmake)
-- Found rosidl_generator_cpp: 4.6.5 (/opt/ros/jazzy/share/rosidl_generator_cpp/cmake)
-- Using all available rosidl_typesupport_c: rosidl_typesupport_fastrtps_c;rosidl_typesupport_introspection_c
-- Using all available rosidl_typesupport_cpp: rosidl_typesupport_fastrtps_cpp;rosidl_typesupport_introspection_cpp
-- Found rosidl_default_generators: 1.6.0 (/opt/ros/jazzy/share/rosidl_default_generators/cmake)
-- Found rosidl_adapter: 4.6.5 (/opt/ros/jazzy/share/rosidl_adapter/cmake)
-- Found ament_cmake_ros: 0.12.0 (/opt/ros/jazzy/share/ament_cmake_ros/cmake)
-- Using all available rosidl_typesupport_c: rosidl_typesupport_fastrtps_c;rosidl_typesupport_introspection_c
-- Using all available rosidl_typesupport_cpp: rosidl_typesupport_fastrtps_cpp;rosidl_typesupport_introspection_cpp
-- Found python_cmake_module: 0.11.1 (/opt/ros/jazzy/share/python_cmake_module/cmake)
-- Found Python3: /home/robogames/ros2_python_venv/bin/python3 (found version "3.12.3") found components: Interpreter Development NumPy Development.Module Development.Embed 
-- Found ament_lint_auto: 0.17.1 (/opt/ros/jazzy/share/ament_lint_auto/cmake)
-- Added test 'copyright' to check source files copyright and LICENSE
-- Added test 'lint_cmake' to check CMake code style
-- Added test 'xmllint' to check XML markup files
-- Configuring done (2.8s)
-- Generating done (0.2s)
-- Build files have been written to: /home/robogames/vt-cro/robogames_pi/car_robot_ws/build/yolov8_msgs
[  1%] Built target yolov8_msgs__rosidl_generator_type_description
[  1%] Built target ament_cmake_python_symlink_yolov8_msgs
[  3%] Built target yolov8_msgs__cpp
[ 24%] Built target yolov8_msgs__rosidl_generator_c
[ 33%] Built target yolov8_msgs__rosidl_typesupport_introspection_c
[ 42%] Built target yolov8_msgs__rosidl_typesupport_fastrtps_cpp
[ 51%] Built target yolov8_msgs__rosidl_typesupport_fastrtps_c
[ 61%] Built target yolov8_msgs__rosidl_typesupport_c
[ 70%] Built target yolov8_msgs__rosidl_typesupport_introspection_cpp
[ 79%] Built target yolov8_msgs__rosidl_typesupport_cpp
[ 79%] Built target yolov8_msgs
[ 81%] Built target yolov8_msgs__py
[ 88%] Built target yolov8_msgs__rosidl_generator_py
[ 92%] Built target yolov8_msgs_s__rosidl_typesupport_c
[ 96%] Built target yolov8_msgs_s__rosidl_typesupport_introspection_c
[100%] Built target yolov8_msgs_s__rosidl_typesupport_fastrtps_c
running egg_info
writing yolov8_msgs.egg-info/PKG-INFO
writing dependency_links to yolov8_msgs.egg-info/dependency_links.txt
writing top-level names to yolov8_msgs.egg-info/top_level.txt
reading manifest file 'yolov8_msgs.egg-info/SOURCES.txt'
writing manifest file 'yolov8_msgs.egg-info/SOURCES.txt'
[100%] Built target ament_cmake_python_build_yolov8_msgs_egg
-- Install configuration: ""
-- Execute custom install script
-- Up-to-date symlink: /home/robogames/vt-cro/robogames_pi/car_robot_ws/install/yolov8_msgs/share/ament_index/resource_index/rosidl_interfaces/yolov8_msgs
-- Up-to-date symlink: /home/robogames/vt-cro/robogames_pi/car_robot_ws/install/yolov8_msgs/share/yolov8_msgs/msg/InferenceResult.json
-- Up-to-date symlink: /home/robogames/vt-cro/robogames_pi/car_robot_ws/install/yolov8_msgs/share/yolov8_msgs/msg/Yolov8Inference.json
-- Up-to-date symlink: /home/robogames/vt-cro/robogames_pi/car_robot_ws/install/yolov8_msgs/share/yolov8_msgs/msg/ColorDetection.json
-- Up-to-date symlink: /home/robogames/vt-cro/robogames_pi/car_robot_ws/install/yolov8_msgs/include/yolov8_msgs/yolov8_msgs/msg/color_detection.h
-- Up-to-date symlink: /home/robogames/vt-cro/robogames_pi/car_robot_ws/install/yolov8_msgs/include/yolov8_msgs/yolov8_msgs/msg/detail/color_detection__functions.h
-- Up-to-date symlink: /home/robogames/vt-cro/robogames_pi/car_robot_ws/install/yolov8_msgs/include/yolov8_msgs/yolov8_msgs/msg/detail/color_detection__struct.h
-- Up-to-date symlink: /home/robogames/vt-cro/robogames_pi/car_robot_ws/install/yolov8_msgs/include/yolov8_msgs/yolov8_msgs/msg/detail/color_detection__type_support.h
-- Up-to-date symlink: /home/robogames/vt-cro/robogames_pi/car_robot_ws/install/yolov8_msgs/include/yolov8_msgs/yolov8_msgs/msg/detail/inference_result__functions.h
-- Up-to-date symlink: /home/robogames/vt-cro/robogames_pi/car_robot_ws/install/yolov8_msgs/include/yolov8_msgs/yolov8_msgs/msg/detail/inference_result__struct.h
-- Up-to-date symlink: /home/robogames/vt-cro/robogames_pi/car_robot_ws/install/yolov8_msgs/include/yolov8_msgs/yolov8_msgs/msg/detail/inference_result__type_support.h
-- Up-to-date symlink: /home/robogames/vt-cro/robogames_pi/car_robot_ws/install/yolov8_msgs/include/yolov8_msgs/yolov8_msgs/msg/detail/yolov8_inference__functions.h
-- Up-to-date symlink: /home/robogames/vt-cro/robogames_pi/car_robot_ws/install/yolov8_msgs/include/yolov8_msgs/yolov8_msgs/msg/detail/yolov8_inference__struct.h
-- Up-to-date symlink: /home/robogames/vt-cro/robogames_pi/car_robot_ws/install/yolov8_msgs/include/yolov8_msgs/yolov8_msgs/msg/detail/yolov8_inference__type_support.h
-- Up-to-date symlink: /home/robogames/vt-cro/robogames_pi/car_robot_ws/install/yolov8_msgs/include/yolov8_msgs/yolov8_msgs/msg/inference_result.h
-- Up-to-date symlink: /home/robogames/vt-cro/robogames_pi/car_robot_ws/install/yolov8_msgs/include/yolov8_msgs/yolov8_msgs/msg/rosidl_generator_c__visibility_control.h
-- Up-to-date symlink: /home/robogames/vt-cro/robogames_pi/car_robot_ws/install/yolov8_msgs/include/yolov8_msgs/yolov8_msgs/msg/yolov8_inference.h
-- Up-to-date symlink: /home/robogames/vt-cro/robogames_pi/car_robot_ws/install/yolov8_msgs/share/yolov8_msgs/environment/library_path.sh
-- Up-to-date symlink: /home/robogames/vt-cro/robogames_pi/car_robot_ws/install/yolov8_msgs/share/yolov8_msgs/environment/library_path.dsv
-- Up-to-date symlink: /home/robogames/vt-cro/robogames_pi/car_robot_ws/install/yolov8_msgs/include/yolov8_msgs/yolov8_msgs/msg/detail/color_detection__rosidl_typesupport_fastrtps_c.h
-- Up-to-date symlink: /home/robogames/vt-cro/robogames_pi/car_robot_ws/install/yolov8_msgs/include/yolov8_msgs/yolov8_msgs/msg/detail/inference_result__rosidl_typesupport_fastrtps_c.h
-- Up-to-date symlink: /home/robogames/vt-cro/robogames_pi/car_robot_ws/install/yolov8_msgs/include/yolov8_msgs/yolov8_msgs/msg/detail/yolov8_inference__rosidl_typesupport_fastrtps_c.h
-- Up-to-date symlink: /home/robogames/vt-cro/robogames_pi/car_robot_ws/install/yolov8_msgs/include/yolov8_msgs/yolov8_msgs/msg/rosidl_typesupport_fastrtps_c__visibility_control.h
-- Up-to-date symlink: /home/robogames/vt-cro/robogames_pi/car_robot_ws/install/yolov8_msgs/include/yolov8_msgs/yolov8_msgs/msg/color_detection.hpp
-- Up-to-date symlink: /home/robogames/vt-cro/robogames_pi/car_robot_ws/install/yolov8_msgs/include/yolov8_msgs/yolov8_msgs/msg/detail/color_detection__builder.hpp
-- Up-to-date symlink: /home/robogames/vt-cro/robogames_pi/car_robot_ws/install/yolov8_msgs/include/yolov8_msgs/yolov8_msgs/msg/detail/color_detection__struct.hpp
-- Up-to-date symlink: /home/robogames/vt-cro/robogames_pi/car_robot_ws/install/yolov8_msgs/include/yolov8_msgs/yolov8_msgs/msg/detail/color_detection__traits.hpp
-- Up-to-date symlink: /home/robogames/vt-cro/robogames_pi/car_robot_ws/install/yolov8_msgs/include/yolov8_msgs/yolov8_msgs/msg/detail/color_detection__type_support.hpp
-- Up-to-date symlink: /home/robogames/vt-cro/robogames_pi/car_robot_ws/install/yolov8_msgs/include/yolov8_msgs/yolov8_msgs/msg/detail/inference_result__builder.hpp
-- Up-to-date symlink: /home/robogames/vt-cro/robogames_pi/car_robot_ws/install/yolov8_msgs/include/yolov8_msgs/yolov8_msgs/msg/detail/inference_result__struct.hpp
-- Up-to-date symlink: /home/robogames/vt-cro/robogames_pi/car_robot_ws/install/yolov8_msgs/include/yolov8_msgs/yolov8_msgs/msg/detail/inference_result__traits.hpp
-- Up-to-date symlink: /home/robogames/vt-cro/robogames_pi/car_robot_ws/install/yolov8_msgs/include/yolov8_msgs/yolov8_msgs/msg/detail/inference_result__type_support.hpp
-- Up-to-date symlink: /home/robogames/vt-cro/robogames_pi/car_robot_ws/install/yolov8_msgs/include/yolov8_msgs/yolov8_msgs/msg/detail/yolov8_inference__builder.hpp
-- Up-to-date symlink: /home/robogames/vt-cro/robogames_pi/car_robot_ws/install/yolov8_msgs/include/yolov8_msgs/yolov8_msgs/msg/detail/yolov8_inference__struct.hpp
-- Up-to-date symlink: /home/robogames/vt-cro/robogames_pi/car_robot_ws/install/yolov8_msgs/include/yolov8_msgs/yolov8_msgs/msg/detail/yolov8_inference__traits.hpp
-- Up-to-date symlink: /home/robogames/vt-cro/robogames_pi/car_robot_ws/install/yolov8_msgs/include/yolov8_msgs/yolov8_msgs/msg/detail/yolov8_inference__type_support.hpp
-- Up-to-date symlink: /home/robogames/vt-cro/robogames_pi/car_robot_ws/install/yolov8_msgs/include/yolov8_msgs/yolov8_msgs/msg/inference_result.hpp
-- Up-to-date symlink: /home/robogames/vt-cro/robogames_pi/car_robot_ws/install/yolov8_msgs/include/yolov8_msgs/yolov8_msgs/msg/rosidl_generator_cpp__visibility_control.hpp
-- Up-to-date symlink: /home/robogames/vt-cro/robogames_pi/car_robot_ws/install/yolov8_msgs/include/yolov8_msgs/yolov8_msgs/msg/yolov8_inference.hpp
-- Up-to-date symlink: /home/robogames/vt-cro/robogames_pi/car_robot_ws/install/yolov8_msgs/include/yolov8_msgs/yolov8_msgs/msg/detail/color_detection__rosidl_typesupport_fastrtps_cpp.hpp
-- Up-to-date symlink: /home/robogames/vt-cro/robogames_pi/car_robot_ws/install/yolov8_msgs/include/yolov8_msgs/yolov8_msgs/msg/detail/inference_result__rosidl_typesupport_fastrtps_cpp.hpp
-- Up-to-date symlink: /home/robogames/vt-cro/robogames_pi/car_robot_ws/install/yolov8_msgs/include/yolov8_msgs/yolov8_msgs/msg/detail/yolov8_inference__rosidl_typesupport_fastrtps_cpp.hpp
-- Up-to-date symlink: /home/robogames/vt-cro/robogames_pi/car_robot_ws/install/yolov8_msgs/include/yolov8_msgs/yolov8_msgs/msg/rosidl_typesupport_fastrtps_cpp__visibility_control.h
-- Up-to-date symlink: /home/robogames/vt-cro/robogames_pi/car_robot_ws/install/yolov8_msgs/include/yolov8_msgs/yolov8_msgs/msg/detail/color_detection__rosidl_typesupport_introspection_c.h
-- Up-to-date symlink: /home/robogames/vt-cro/robogames_pi/car_robot_ws/install/yolov8_msgs/include/yolov8_msgs/yolov8_msgs/msg/detail/inference_result__rosidl_typesupport_introspection_c.h
-- Up-to-date symlink: /home/robogames/vt-cro/robogames_pi/car_robot_ws/install/yolov8_msgs/include/yolov8_msgs/yolov8_msgs/msg/detail/yolov8_inference__rosidl_typesupport_introspection_c.h
-- Up-to-date symlink: /home/robogames/vt-cro/robogames_pi/car_robot_ws/install/yolov8_msgs/include/yolov8_msgs/yolov8_msgs/msg/rosidl_typesupport_introspection_c__visibility_control.h
-- Up-to-date symlink: /home/robogames/vt-cro/robogames_pi/car_robot_ws/install/yolov8_msgs/include/yolov8_msgs/yolov8_msgs/msg/detail/color_detection__rosidl_typesupport_introspection_cpp.hpp
-- Up-to-date symlink: /home/robogames/vt-cro/robogames_pi/car_robot_ws/install/yolov8_msgs/include/yolov8_msgs/yolov8_msgs/msg/detail/inference_result__rosidl_typesupport_introspection_cpp.hpp
-- Up-to-date symlink: /home/robogames/vt-cro/robogames_pi/car_robot_ws/install/yolov8_msgs/include/yolov8_msgs/yolov8_msgs/msg/detail/yolov8_inference__rosidl_typesupport_introspection_cpp.hpp
-- Up-to-date symlink: /home/robogames/vt-cro/robogames_pi/car_robot_ws/install/yolov8_msgs/share/yolov8_msgs/environment/pythonpath.sh
-- Up-to-date symlink: /home/robogames/vt-cro/robogames_pi/car_robot_ws/install/yolov8_msgs/share/yolov8_msgs/environment/pythonpath.dsv
-- Up-to-date symlink: /home/robogames/vt-cro/robogames_pi/car_robot_ws/install/yolov8_msgs/lib/python3.12/site-packages/yolov8_msgs-0.0.0-py3.12.egg-info/PKG-INFO
-- Up-to-date symlink: /home/robogames/vt-cro/robogames_pi/car_robot_ws/install/yolov8_msgs/lib/python3.12/site-packages/yolov8_msgs-0.0.0-py3.12.egg-info/SOURCES.txt
-- Up-to-date symlink: /home/robogames/vt-cro/robogames_pi/car_robot_ws/install/yolov8_msgs/lib/python3.12/site-packages/yolov8_msgs-0.0.0-py3.12.egg-info/dependency_links.txt
-- Up-to-date symlink: /home/robogames/vt-cro/robogames_pi/car_robot_ws/install/yolov8_msgs/lib/python3.12/site-packages/yolov8_msgs-0.0.0-py3.12.egg-info/top_level.txt
-- Up-to-date symlink: /home/robogames/vt-cro/robogames_pi/car_robot_ws/install/yolov8_msgs/lib/python3.12/site-packages/yolov8_msgs/__init__.py
-- Up-to-date symlink: /home/robogames/vt-cro/robogames_pi/car_robot_ws/install/yolov8_msgs/lib/python3.12/site-packages/yolov8_msgs/_yolov8_msgs_s.ep.rosidl_typesupport_c.c
-- Up-to-date symlink: /home/robogames/vt-cro/robogames_pi/car_robot_ws/install/yolov8_msgs/lib/python3.12/site-packages/yolov8_msgs/_yolov8_msgs_s.ep.rosidl_typesupport_fastrtps_c.c
-- Up-to-date symlink: /home/robogames/vt-cro/robogames_pi/car_robot_ws/install/yolov8_msgs/lib/python3.12/site-packages/yolov8_msgs/_yolov8_msgs_s.ep.rosidl_typesupport_introspection_c.c
-- Up-to-date symlink: /home/robogames/vt-cro/robogames_pi/car_robot_ws/install/yolov8_msgs/lib/python3.12/site-packages/yolov8_msgs/msg/__init__.py
-- Up-to-date symlink: /home/robogames/vt-cro/robogames_pi/car_robot_ws/install/yolov8_msgs/lib/python3.12/site-packages/yolov8_msgs/msg/_color_detection.py
-- Up-to-date symlink: /home/robogames/vt-cro/robogames_pi/car_robot_ws/install/yolov8_msgs/lib/python3.12/site-packages/yolov8_msgs/msg/_color_detection_s.c
-- Up-to-date symlink: /home/robogames/vt-cro/robogames_pi/car_robot_ws/install/yolov8_msgs/lib/python3.12/site-packages/yolov8_msgs/msg/_inference_result.py
-- Up-to-date symlink: /home/robogames/vt-cro/robogames_pi/car_robot_ws/install/yolov8_msgs/lib/python3.12/site-packages/yolov8_msgs/msg/_inference_result_s.c
-- Up-to-date symlink: /home/robogames/vt-cro/robogames_pi/car_robot_ws/install/yolov8_msgs/lib/python3.12/site-packages/yolov8_msgs/msg/_yolov8_inference.py
-- Up-to-date symlink: /home/robogames/vt-cro/robogames_pi/car_robot_ws/install/yolov8_msgs/lib/python3.12/site-packages/yolov8_msgs/msg/_yolov8_inference_s.c
-- Up-to-date symlink: /home/robogames/vt-cro/robogames_pi/car_robot_ws/install/yolov8_msgs/lib/python3.12/site-packages/yolov8_msgs/yolov8_msgs_s__rosidl_typesupport_c.so
-- Up-to-date symlink: /home/robogames/vt-cro/robogames_pi/car_robot_ws/install/yolov8_msgs/lib/python3.12/site-packages/yolov8_msgs/yolov8_msgs_s__rosidl_typesupport_fastrtps_c.so
-- Up-to-date symlink: /home/robogames/vt-cro/robogames_pi/car_robot_ws/install/yolov8_msgs/lib/python3.12/site-packages/yolov8_msgs/yolov8_msgs_s__rosidl_typesupport_introspection_c.so
-- Up-to-date symlink: /home/robogames/vt-cro/robogames_pi/car_robot_ws/install/yolov8_msgs/lib/python3.12/site-packages/yolov8_msgs/yolov8_msgs_s__rosidl_typesupport_fastrtps_c.so
-- Up-to-date symlink: /home/robogames/vt-cro/robogames_pi/car_robot_ws/install/yolov8_msgs/lib/python3.12/site-packages/yolov8_msgs/yolov8_msgs_s__rosidl_typesupport_introspection_c.so
-- Up-to-date symlink: /home/robogames/vt-cro/robogames_pi/car_robot_ws/install/yolov8_msgs/lib/python3.12/site-packages/yolov8_msgs/yolov8_msgs_s__rosidl_typesupport_c.so
-- Up-to-date symlink: /home/robogames/vt-cro/robogames_pi/car_robot_ws/install/yolov8_msgs/share/yolov8_msgs/msg/InferenceResult.idl
-- Up-to-date symlink: /home/robogames/vt-cro/robogames_pi/car_robot_ws/install/yolov8_msgs/share/yolov8_msgs/msg/Yolov8Inference.idl
-- Up-to-date symlink: /home/robogames/vt-cro/robogames_pi/car_robot_ws/install/yolov8_msgs/share/yolov8_msgs/msg/ColorDetection.idl
-- Up-to-date symlink: /home/robogames/vt-cro/robogames_pi/car_robot_ws/install/yolov8_msgs/share/yolov8_msgs/msg/InferenceResult.msg
-- Up-to-date symlink: /home/robogames/vt-cro/robogames_pi/car_robot_ws/install/yolov8_msgs/share/yolov8_msgs/msg/Yolov8Inference.msg
-- Up-to-date symlink: /home/robogames/vt-cro/robogames_pi/car_robot_ws/install/yolov8_msgs/share/yolov8_msgs/msg/ColorDetection.msg
-- Up-to-date symlink: /home/robogames/vt-cro/robogames_pi/car_robot_ws/install/yolov8_msgs/share/ament_index/resource_index/package_run_dependencies/yolov8_msgs
-- Up-to-date symlink: /home/robogames/vt-cro/robogames_pi/car_robot_ws/install/yolov8_msgs/share/ament_index/resource_index/parent_prefix_path/yolov8_msgs
-- Up-to-date symlink: /home/robogames/vt-cro/robogames_pi/car_robot_ws/install/yolov8_msgs/share/yolov8_msgs/environment/ament_prefix_path.sh
-- Up-to-date symlink: /home/robogames/vt-cro/robogames_pi/car_robot_ws/install/yolov8_msgs/share/yolov8_msgs/environment/ament_prefix_path.dsv
-- Up-to-date symlink: /home/robogames/vt-cro/robogames_pi/car_robot_ws/install/yolov8_msgs/share/yolov8_msgs/environment/path.sh
-- Up-to-date symlink: /home/robogames/vt-cro/robogames_pi/car_robot_ws/install/yolov8_msgs/share/yolov8_msgs/environment/path.dsv
-- Up-to-date symlink: /home/robogames/vt-cro/robogames_pi/car_robot_ws/install/yolov8_msgs/share/yolov8_msgs/local_setup.bash
-- Up-to-date symlink: /home/robogames/vt-cro/robogames_pi/car_robot_ws/install/yolov8_msgs/share/yolov8_msgs/local_setup.sh
-- Up-to-date symlink: /home/robogames/vt-cro/robogames_pi/car_robot_ws/install/yolov8_msgs/share/yolov8_msgs/local_setup.zsh
-- Up-to-date symlink: /home/robogames/vt-cro/robogames_pi/car_robot_ws/install/yolov8_msgs/share/yolov8_msgs/local_setup.dsv
-- Symlinking: /home/robogames/vt-cro/robogames_pi/car_robot_ws/install/yolov8_msgs/share/yolov8_msgs/package.dsv
-- Up-to-date symlink: /home/robogames/vt-cro/robogames_pi/car_robot_ws/install/yolov8_msgs/share/ament_index/resource_index/packages/yolov8_msgs
-- Up-to-date symlink: /home/robogames/vt-cro/robogames_pi/car_robot_ws/install/yolov8_msgs/share/yolov8_msgs/cmake/rosidl_cmake-extras.cmake
-- Up-to-date symlink: /home/robogames/vt-cro/robogames_pi/car_robot_ws/install/yolov8_msgs/share/yolov8_msgs/cmake/ament_cmake_export_dependencies-extras.cmake
-- Up-to-date symlink: /home/robogames/vt-cro/robogames_pi/car_robot_ws/install/yolov8_msgs/share/yolov8_msgs/cmake/ament_cmake_export_include_directories-extras.cmake
-- Up-to-date symlink: /home/robogames/vt-cro/robogames_pi/car_robot_ws/install/yolov8_msgs/share/yolov8_msgs/cmake/ament_cmake_export_libraries-extras.cmake
-- Up-to-date symlink: /home/robogames/vt-cro/robogames_pi/car_robot_ws/install/yolov8_msgs/share/yolov8_msgs/cmake/ament_cmake_export_targets-extras.cmake
-- Up-to-date symlink: /home/robogames/vt-cro/robogames_pi/car_robot_ws/install/yolov8_msgs/share/yolov8_msgs/cmake/rosidl_cmake_export_typesupport_targets-extras.cmake
-- Up-to-date symlink: /home/robogames/vt-cro/robogames_pi/car_robot_ws/install/yolov8_msgs/share/yolov8_msgs/cmake/rosidl_cmake_export_typesupport_libraries-extras.cmake
-- Up-to-date symlink: /home/robogames/vt-cro/robogames_pi/car_robot_ws/install/yolov8_msgs/share/yolov8_msgs/cmake/yolov8_msgsConfig.cmake
-- Up-to-date symlink: /home/robogames/vt-cro/robogames_pi/car_robot_ws/install/yolov8_msgs/share/yolov8_msgs/cmake/yolov8_msgsConfig-version.cmake
-- Up-to-date symlink: /home/robogames/vt-cro/robogames_pi/car_robot_ws/install/yolov8_msgs/share/yolov8_msgs/package.xml
-- Up-to-date: /home/robogames/vt-cro/robogames_pi/car_robot_ws/install/yolov8_msgs/lib/libyolov8_msgs__rosidl_generator_c.so
-- Up-to-date: /home/robogames/vt-cro/robogames_pi/car_robot_ws/install/yolov8_msgs/lib/libyolov8_msgs__rosidl_typesupport_fastrtps_c.so
-- Up-to-date: /home/robogames/vt-cro/robogames_pi/car_robot_ws/install/yolov8_msgs/lib/libyolov8_msgs__rosidl_typesupport_fastrtps_cpp.so
-- Up-to-date: /home/robogames/vt-cro/robogames_pi/car_robot_ws/install/yolov8_msgs/lib/libyolov8_msgs__rosidl_typesupport_introspection_c.so
-- Up-to-date: /home/robogames/vt-cro/robogames_pi/car_robot_ws/install/yolov8_msgs/lib/libyolov8_msgs__rosidl_typesupport_c.so
-- Up-to-date: /home/robogames/vt-cro/robogames_pi/car_robot_ws/install/yolov8_msgs/lib/libyolov8_msgs__rosidl_typesupport_introspection_cpp.so
-- Up-to-date: /home/robogames/vt-cro/robogames_pi/car_robot_ws/install/yolov8_msgs/lib/libyolov8_msgs__rosidl_typesupport_cpp.so
Listing '/home/robogames/vt-cro/robogames_pi/car_robot_ws/install/yolov8_msgs/lib/python3.12/site-packages/yolov8_msgs'...
Compiling '/home/robogames/vt-cro/robogames_pi/car_robot_ws/install/yolov8_msgs/lib/python3.12/site-packages/yolov8_msgs/__init__.py'...
Listing '/home/robogames/vt-cro/robogames_pi/car_robot_ws/install/yolov8_msgs/lib/python3.12/site-packages/yolov8_msgs/msg'...
-- Up-to-date: /home/robogames/vt-cro/robogames_pi/car_robot_ws/install/yolov8_msgs/lib/libyolov8_msgs__rosidl_generator_py.so
-- Up-to-date: /home/robogames/vt-cro/robogames_pi/car_robot_ws/install/yolov8_msgs/share/yolov8_msgs/cmake/export_yolov8_msgs__rosidl_generator_cExport.cmake
-- Up-to-date: /home/robogames/vt-cro/robogames_pi/car_robot_ws/install/yolov8_msgs/share/yolov8_msgs/cmake/export_yolov8_msgs__rosidl_generator_cExport-noconfig.cmake
-- Up-to-date: /home/robogames/vt-cro/robogames_pi/car_robot_ws/install/yolov8_msgs/share/yolov8_msgs/cmake/export_yolov8_msgs__rosidl_typesupport_fastrtps_cExport.cmake
-- Up-to-date: /home/robogames/vt-cro/robogames_pi/car_robot_ws/install/yolov8_msgs/share/yolov8_msgs/cmake/export_yolov8_msgs__rosidl_typesupport_fastrtps_cExport-noconfig.cmake
-- Up-to-date: /home/robogames/vt-cro/robogames_pi/car_robot_ws/install/yolov8_msgs/share/yolov8_msgs/cmake/export_yolov8_msgs__rosidl_generator_cppExport.cmake
-- Up-to-date: /home/robogames/vt-cro/robogames_pi/car_robot_ws/install/yolov8_msgs/share/yolov8_msgs/cmake/export_yolov8_msgs__rosidl_typesupport_fastrtps_cppExport.cmake
-- Up-to-date: /home/robogames/vt-cro/robogames_pi/car_robot_ws/install/yolov8_msgs/share/yolov8_msgs/cmake/export_yolov8_msgs__rosidl_typesupport_fastrtps_cppExport-noconfig.cmake
-- Up-to-date: /home/robogames/vt-cro/robogames_pi/car_robot_ws/install/yolov8_msgs/share/yolov8_msgs/cmake/yolov8_msgs__rosidl_typesupport_introspection_cExport.cmake
-- Up-to-date: /home/robogames/vt-cro/robogames_pi/car_robot_ws/install/yolov8_msgs/share/yolov8_msgs/cmake/yolov8_msgs__rosidl_typesupport_introspection_cExport-noconfig.cmake
-- Up-to-date: /home/robogames/vt-cro/robogames_pi/car_robot_ws/install/yolov8_msgs/share/yolov8_msgs/cmake/yolov8_msgs__rosidl_typesupport_cExport.cmake
-- Up-to-date: /home/robogames/vt-cro/robogames_pi/car_robot_ws/install/yolov8_msgs/share/yolov8_msgs/cmake/yolov8_msgs__rosidl_typesupport_cExport-noconfig.cmake
-- Up-to-date: /home/robogames/vt-cro/robogames_pi/car_robot_ws/install/yolov8_msgs/share/yolov8_msgs/cmake/yolov8_msgs__rosidl_typesupport_introspection_cppExport.cmake
-- Up-to-date: /home/robogames/vt-cro/robogames_pi/car_robot_ws/install/yolov8_msgs/share/yolov8_msgs/cmake/yolov8_msgs__rosidl_typesupport_introspection_cppExport-noconfig.cmake
-- Up-to-date: /home/robogames/vt-cro/robogames_pi/car_robot_ws/install/yolov8_msgs/share/yolov8_msgs/cmake/yolov8_msgs__rosidl_typesupport_cppExport.cmake
-- Up-to-date: /home/robogames/vt-cro/robogames_pi/car_robot_ws/install/yolov8_msgs/share/yolov8_msgs/cmake/yolov8_msgs__rosidl_typesupport_cppExport-noconfig.cmake
-- Up-to-date: /home/robogames/vt-cro/robogames_pi/car_robot_ws/install/yolov8_msgs/share/yolov8_msgs/cmake/export_yolov8_msgs__rosidl_generator_pyExport.cmake
-- Up-to-date: /home/robogames/vt-cro/robogames_pi/car_robot_ws/install/yolov8_msgs/share/yolov8_msgs/cmake/export_yolov8_msgs__rosidl_generator_pyExport-noconfig.cmake
