[0.032s] Invoking command in '/home/robogames/vt-cro/car_robot_ws/build/diffdrive_arduino': CMAKE_PREFIX_PATH=/home/robogames/car_robot_ws/install/mini_car_bot:/home/robogames/car_robot_ws/install/diffdrive_arduino:/home/robogames/car_robot_ws/install/articubot_one:/opt/ros/jazzy:${CMAKE_PREFIX_PATH} DEBUGINFOD_URLS=https://debuginfod.ubuntu.com /usr/bin/cmake /home/robogames/vt-cro/car_robot_ws/src/diffdrive_arduino -DCMAKE_INSTALL_PREFIX=/home/robogames/vt-cro/car_robot_ws/install/diffdrive_arduino
[0.251s] -- The CXX compiler identification is GNU 13.3.0
[0.305s] -- Detecting CXX compiler ABI info
[0.721s] -- Detecting CXX compiler ABI info - done
[0.742s] -- Check for working CXX compiler: /usr/bin/c++ - skipped
[0.743s] -- Detecting CXX compile features
[0.743s] -- Detecting CXX compile features - done
[0.749s] -- Found ament_cmake: 2.5.3 (/opt/ros/jazzy/share/ament_cmake/cmake)
[1.122s] -- Found Python3: /usr/bin/python3 (found version "3.12.3") found components: Interpreter 
[1.371s] -- Found hardware_interface: 4.27.0 (/opt/ros/jazzy/share/hardware_interface/cmake)
[1.455s] -- Found rosidl_generator_c: 4.6.5 (/opt/ros/jazzy/share/rosidl_generator_c/cmake)
[1.483s] -- Found rosidl_generator_cpp: 4.6.5 (/opt/ros/jazzy/share/rosidl_generator_cpp/cmake)
[1.517s] -- Using all available rosidl_typesupport_c: rosidl_typesupport_fastrtps_c;rosidl_typesupport_introspection_c
[1.565s] -- Using all available rosidl_typesupport_cpp: rosidl_typesupport_fastrtps_cpp;rosidl_typesupport_introspection_cpp
[1.938s] -- Found TinyXML2 via Config file: /usr/lib/aarch64-linux-gnu/cmake/tinyxml2
[2.012s] -- Found rmw_implementation_cmake: 7.3.1 (/opt/ros/jazzy/share/rmw_implementation_cmake/cmake)
[2.016s] -- Found rmw_fastrtps_cpp: 8.4.1 (/opt/ros/jazzy/share/rmw_fastrtps_cpp/cmake)
[2.061s] -- Found TinyXML2 via Config file: /usr/lib/aarch64-linux-gnu/cmake/tinyxml2
[2.222s] -- Found OpenSSL: /usr/lib/aarch64-linux-gnu/libcrypto.so (found version "3.0.13")  
[2.223s] -- Found TinyXML2 via Config file: /usr/lib/aarch64-linux-gnu/cmake/tinyxml2
[2.256s] -- Found FastRTPS: /opt/ros/jazzy/include (Required is at least version "2.13") 
[2.260s] -- Found TinyXML2 via Config file: /usr/lib/aarch64-linux-gnu/cmake/tinyxml2
[2.286s] -- Found TinyXML2 via Config file: /usr/lib/aarch64-linux-gnu/cmake/tinyxml2
[2.312s] -- Using RMW implementation 'rmw_fastrtps_cpp' as default
[2.796s] -- Found ament_cmake_gtest: 2.5.3 (/opt/ros/jazzy/share/ament_cmake_gtest/cmake)
[3.092s] -- Configuring done (3.0s)
[3.130s] -- Generating done (0.0s)
[3.139s] -- Build files have been written to: /home/robogames/vt-cro/car_robot_ws/build/diffdrive_arduino
[3.174s] Invoked command in '/home/robogames/vt-cro/car_robot_ws/build/diffdrive_arduino' returned '0': CMAKE_PREFIX_PATH=/home/robogames/car_robot_ws/install/mini_car_bot:/home/robogames/car_robot_ws/install/diffdrive_arduino:/home/robogames/car_robot_ws/install/articubot_one:/opt/ros/jazzy:${CMAKE_PREFIX_PATH} DEBUGINFOD_URLS=https://debuginfod.ubuntu.com /usr/bin/cmake /home/robogames/vt-cro/car_robot_ws/src/diffdrive_arduino -DCMAKE_INSTALL_PREFIX=/home/robogames/vt-cro/car_robot_ws/install/diffdrive_arduino
[3.175s] Invoking command in '/home/robogames/vt-cro/car_robot_ws/build/diffdrive_arduino': CMAKE_PREFIX_PATH=/home/robogames/car_robot_ws/install/mini_car_bot:/home/robogames/car_robot_ws/install/diffdrive_arduino:/home/robogames/car_robot_ws/install/articubot_one:/opt/ros/jazzy:${CMAKE_PREFIX_PATH} DEBUGINFOD_URLS=https://debuginfod.ubuntu.com /usr/bin/cmake --build /home/robogames/vt-cro/car_robot_ws/build/diffdrive_arduino -- -j4 -l4
[3.303s] [ 50%] [32mBuilding CXX object CMakeFiles/diffdrive_arduino.dir/hardware/diffbot_system.cpp.o[0m
[9.639s] In file included from [01m[K/home/robogames/vt-cro/car_robot_ws/src/diffdrive_arduino/hardware/diffbot_system.cpp:15[m[K:
[9.639s] [01m[K/home/robogames/vt-cro/car_robot_ws/src/diffdrive_arduino/hardware/include/diffdrive_arduino/diffbot_system.hpp:103:27:[m[K [01;31m[Kerror: [m[K‘[01m[Ksensor_msgs[m[K’ does not name a type
[9.640s]   103 |   void joy_callback(const [01;31m[Ksensor_msgs[m[K::msg::Joy::SharedPtr msg);
[9.643s]       |                           [01;31m[K^~~~~~~~~~~[m[K
[9.645s] [01m[K/home/robogames/vt-cro/car_robot_ws/src/diffdrive_arduino/hardware/include/diffdrive_arduino/diffbot_system.hpp:103:43:[m[K [01;31m[Kerror: [m[Kexpected unqualified-id before ‘[01m[K::[m[K’ token
[9.648s]   103 |   void joy_callback(const sensor_msgs::msg[01;31m[K::[m[KJoy::SharedPtr msg);
[9.650s]       |                                           [01;31m[K^~[m[K
[9.652s] [01m[K/home/robogames/vt-cro/car_robot_ws/src/diffdrive_arduino/hardware/include/diffdrive_arduino/diffbot_system.hpp:103:43:[m[K [01;31m[Kerror: [m[Kexpected ‘[01m[K)[m[K’ before ‘[01m[K::[m[K’ token
[9.653s]   103 |   void joy_callback[34m[K([m[Kconst sensor_msgs::msg[01;31m[K:[m[K[32m[K:[m[KJoy::SharedPtr msg);
[9.655s]       |                    [34m[K~[m[K                      [01;31m[K^[m[K[32m[K~[m[K
[9.657s]       |                                           [32m[K)[m[K
[9.659s] [01m[K/home/robogames/vt-cro/car_robot_ws/src/diffdrive_arduino/hardware/include/diffdrive_arduino/diffbot_system.hpp:103:40:[m[K [01;31m[Kerror: [m[Kexpected ‘[01m[K;[m[K’ at end of member declaration
[9.659s]   103 |   void joy_callback(const sensor_msgs::[01;31m[Kmsg[m[K::Joy::SharedPtr msg);
[9.659s]       |                                        [01;31m[K^~~[m[K
[9.660s]       |                                           [32m[K;[m[K
[9.666s] [01m[K/home/robogames/vt-cro/car_robot_ws/src/diffdrive_arduino/hardware/include/diffdrive_arduino/diffbot_system.hpp:103:45:[m[K [01;31m[Kerror: [m[K‘[01m[KJoy[m[K’ in namespace ‘[01m[K::[m[K’ does not name a type
[9.672s]   103 |   void joy_callback(const sensor_msgs::msg::[01;31m[KJoy[m[K::SharedPtr msg);
[9.673s]       |                                             [01;31m[K^~~[m[K
[9.682s] [01m[K/home/robogames/vt-cro/car_robot_ws/src/diffdrive_arduino/hardware/include/diffdrive_arduino/diffbot_system.hpp:104:24:[m[K [01;31m[Kerror: [m[K‘[01m[Ksensor_msgs[m[K’ was not declared in this scope
[9.691s]   104 |   rclcpp::Subscription<[01;31m[Ksensor_msgs[m[K::msg::Joy>::SharedPtr joy_sub_;
[9.694s]       |                        [01;31m[K^~~~~~~~~~~[m[K
[9.694s] [01m[K/home/robogames/vt-cro/car_robot_ws/src/diffdrive_arduino/hardware/include/diffdrive_arduino/diffbot_system.hpp:104:45:[m[K [01;31m[Kerror: [m[Ktemplate argument 1 is invalid
[9.694s]   104 |   rclcpp::Subscription<sensor_msgs::msg::Joy[01;31m[K>[m[K::SharedPtr joy_sub_;
[9.702s]       |                                             [01;31m[K^[m[K
[9.710s] [01m[K/home/robogames/vt-cro/car_robot_ws/src/diffdrive_arduino/hardware/include/diffdrive_arduino/diffbot_system.hpp:104:45:[m[K [01;31m[Kerror: [m[Ktemplate argument 3 is invalid
[9.712s] [01m[K/home/robogames/vt-cro/car_robot_ws/src/diffdrive_arduino/hardware/include/diffdrive_arduino/diffbot_system.hpp:104:45:[m[K [01;31m[Kerror: [m[Ktemplate argument 4 is invalid
[9.713s] [01m[K/home/robogames/vt-cro/car_robot_ws/src/diffdrive_arduino/hardware/include/diffdrive_arduino/diffbot_system.hpp:104:45:[m[K [01;31m[Kerror: [m[Ktemplate argument 5 is invalid
[9.714s] [01m[K/home/robogames/vt-cro/car_robot_ws/src/diffdrive_arduino/hardware/include/diffdrive_arduino/diffbot_system.hpp:104:48:[m[K [01;31m[Kerror: [m[Kexpected ‘[01m[K;[m[K’ at end of member declaration
[9.718s]   104 |   rclcpp::Subscription<sensor_msgs::msg::Joy>::[01;31m[KSharedPtr[m[K joy_sub_;
[9.720s]       |                                                [01;31m[K^~~~~~~~~[m[K
[9.721s]       |                                                         [32m[K;[m[K
[9.721s] [01m[K/home/robogames/vt-cro/car_robot_ws/src/diffdrive_arduino/hardware/include/diffdrive_arduino/diffbot_system.hpp:104:48:[m[K [01;31m[Kerror: [m[K‘[01m[Kint diffdrive_arduino::DiffDriveArduinoHardware::SharedPtr[m[K’ conflicts with a previous declaration
[9.721s] In file included from [01m[K/opt/ros/jazzy/include/rclcpp/rclcpp/context.hpp:35[m[K,
[9.721s]                  from [01m[K/opt/ros/jazzy/include/rclcpp/rclcpp/utilities.hpp:24[m[K,
[9.721s]                  from [01m[K/opt/ros/jazzy/include/rclcpp/rclcpp/logging.hpp:25[m[K,
[9.722s]                  from [01m[K/opt/ros/jazzy/include/rclcpp/rclcpp/copy_all_parameter_values.hpp:27[m[K,
[9.727s]                  from [01m[K/opt/ros/jazzy/include/rclcpp/rclcpp/rclcpp.hpp:171[m[K,
[9.733s]                  from [01m[K/opt/ros/jazzy/include/pal_statistics/pal_statistics_utils.hpp:45[m[K,
[9.735s]                  from [01m[K/opt/ros/jazzy/include/pal_statistics/pal_statistics.hpp:38[m[K,
[9.736s]                  from [01m[K/opt/ros/jazzy/include/pal_statistics/pal_statistics_macros.hpp:36[m[K,
[9.738s]                  from [01m[K/opt/ros/jazzy/include/hardware_interface/hardware_interface/introspection.hpp:20[m[K,
[9.738s]                  from [01m[K/opt/ros/jazzy/include/hardware_interface/hardware_interface/handle.hpp:29[m[K,
[9.738s]                  from [01m[K/home/robogames/vt-cro/car_robot_ws/src/diffdrive_arduino/hardware/include/diffdrive_arduino/diffbot_system.hpp:22[m[K:
[9.739s] [01m[K/home/robogames/vt-cro/car_robot_ws/src/diffdrive_arduino/hardware/include/diffdrive_arduino/diffbot_system.hpp:59:3:[m[K [01;36m[Knote: [m[Kprevious declaration ‘[01m[Kusing diffdrive_arduino::DiffDriveArduinoHardware::SharedPtr = class std::shared_ptr<diffdrive_arduino::DiffDriveArduinoHardware>[m[K’
[9.739s]    59 |   [01;36m[KRCLCPP_SHARED_PTR_DEFINITIONS[m[K(DiffDriveArduinoHardware);
[9.739s]       |   [01;36m[K^~~~~~~~~~~~~~~~~~~~~~~~~~~~~[m[K
[9.739s] [01m[K/home/robogames/vt-cro/car_robot_ws/src/diffdrive_arduino/hardware/include/diffdrive_arduino/diffbot_system.hpp:104:58:[m[K [01;31m[Kerror: [m[K‘[01m[Kjoy_sub_[m[K’ does not name a type
[9.740s]   104 |   rclcpp::Subscription<sensor_msgs::msg::Joy>::SharedPtr [01;31m[Kjoy_sub_[m[K;
[9.740s]       |                                                          [01;31m[K^~~~~~~~[m[K
[9.740s] [01m[K/home/robogames/vt-cro/car_robot_ws/src/diffdrive_arduino/hardware/diffbot_system.cpp:[m[K In member function ‘[01m[Kvirtual hardware_interface::CallbackReturn diffdrive_arduino::DiffDriveArduinoHardware::[01;32m[Kon_init[m[K(const hardware_interface::HardwareInfo&)[m[K’:
[9.741s] [01m[K/home/robogames/vt-cro/car_robot_ws/src/diffdrive_arduino/hardware/diffbot_system.cpp:44:3:[m[K [01;31m[Kerror: [m[K‘[01m[Kjoy_sub_[m[K’ was not declared in this scope
[9.741s]    44 |   [01;31m[Kjoy_sub_[m[K = node->create_subscription<sensor_msgs::msg::Joy>(
[9.742s]       |   [01;31m[K^~~~~~~~[m[K
[9.837s] [01m[K/home/robogames/vt-cro/car_robot_ws/src/diffdrive_arduino/hardware/diffbot_system.cpp:[m[K At global scope:
[9.838s] [01m[K/home/robogames/vt-cro/car_robot_ws/src/diffdrive_arduino/hardware/diffbot_system.cpp:247:6:[m[K [01;31m[Kerror: [m[Kno declaration matches ‘[01m[Kvoid diffdrive_arduino::DiffDriveArduinoHardware::[01;32m[Kjoy_callback[m[K(sensor_msgs::msg::Joy_<std::allocator<void> >::SharedPtr)[m[K’
[9.840s]   247 | void [01;31m[KDiffDriveArduinoHardware[m[K::joy_callback(const sensor_msgs::msg::Joy::SharedPtr msg) {
[9.841s]       |      [01;31m[K^~~~~~~~~~~~~~~~~~~~~~~~[m[K
[9.841s] [01m[K/home/robogames/vt-cro/car_robot_ws/src/diffdrive_arduino/hardware/include/diffdrive_arduino/diffbot_system.hpp:103:8:[m[K [01;36m[Knote: [m[Kcandidate is: ‘[01m[Kvoid diffdrive_arduino::DiffDriveArduinoHardware::[01;32m[Kjoy_callback[m[K(...)[m[K’
[9.842s]   103 |   void [01;36m[Kjoy_callback[m[K(const sensor_msgs::msg::Joy::SharedPtr msg);
[9.843s]       |        [01;36m[K^~~~~~~~~~~~[m[K
[9.845s] [01m[K/home/robogames/vt-cro/car_robot_ws/src/diffdrive_arduino/hardware/include/diffdrive_arduino/diffbot_system.hpp:39:7:[m[K [01;36m[Knote: [m[K‘[01m[Kclass diffdrive_arduino::DiffDriveArduinoHardware[m[K’ defined here
[9.845s]    39 | class [01;36m[KDiffDriveArduinoHardware[m[K : public hardware_interface::SystemInterface
[9.847s]       |       [01;36m[K^~~~~~~~~~~~~~~~~~~~~~~~[m[K
[12.755s] In file included from [01m[K/opt/ros/jazzy/include/rclcpp/rclcpp/client.hpp:42[m[K,
[12.755s]                  from [01m[K/opt/ros/jazzy/include/rclcpp/rclcpp/callback_group.hpp:24[m[K,
[12.756s]                  from [01m[K/opt/ros/jazzy/include/rclcpp/rclcpp/any_executable.hpp:20[m[K,
[12.757s]                  from [01m[K/opt/ros/jazzy/include/rclcpp/rclcpp/memory_strategy.hpp:25[m[K,
[12.759s]                  from [01m[K/opt/ros/jazzy/include/rclcpp/rclcpp/memory_strategies.hpp:18[m[K,
[12.759s]                  from [01m[K/opt/ros/jazzy/include/rclcpp/rclcpp/executor_options.hpp:22[m[K,
[12.759s]                  from [01m[K/opt/ros/jazzy/include/rclcpp/rclcpp/executor.hpp:38[m[K,
[12.762s]                  from [01m[K/opt/ros/jazzy/include/rclcpp/rclcpp/executors/multi_threaded_executor.hpp:25[m[K,
[12.764s]                  from [01m[K/opt/ros/jazzy/include/rclcpp/rclcpp/executors.hpp:21[m[K,
[12.766s]                  from [01m[K/opt/ros/jazzy/include/rclcpp/rclcpp/rclcpp.hpp:172[m[K:
[12.767s] /opt/ros/jazzy/include/rclcpp/rclcpp/function_traits.hpp: In instantiation of ‘[01m[Kstruct rclcpp::function_traits::function_traits<std::_Bind<void (diffdrive_arduino::DiffDriveArduinoHardware::*(diffdrive_arduino::DiffDriveArduinoHardware*, std::_Placeholder<1>))(...)> >[m[K’:
[12.769s] [01m[K/opt/ros/jazzy/include/rclcpp/rclcpp/any_subscription_callback.hpp:396:25:[m[K   recursively required by substitution of ‘[01m[Ktemplate<class MessageT, class CallbackT> struct rclcpp::detail::SubscriptionCallbackTypeHelper<MessageT, CallbackT, typename std::enable_if<rclcpp::function_traits::same_arguments<CallbackT, std::function<void(std::shared_ptr<_Tp>, const rclcpp::MessageInfo&)> >::value, void>::type> [35m[K[with MessageT = sensor_msgs::msg::Joy_<std::allocator<void> >; CallbackT = std::_Bind<void (diffdrive_arduino::DiffDriveArduinoHardware::*(diffdrive_arduino::DiffDriveArduinoHardware*, std::_Placeholder<1>))(...)>][m[K[m[K’
[12.771s] [01m[K/opt/ros/jazzy/include/rclcpp/rclcpp/any_subscription_callback.hpp:396:25:[m[K   required from ‘[01m[Krclcpp::AnySubscriptionCallback<MessageT, AllocatorT> rclcpp::AnySubscriptionCallback<MessageT, AllocatorT>::[01;32m[Kset[m[K(CallbackT) [35m[K[with CallbackT = std::_Bind<void (diffdrive_arduino::DiffDriveArduinoHardware::*(diffdrive_arduino::DiffDriveArduinoHardware*, std::_Placeholder<1>))(...)>; MessageT = sensor_msgs::msg::Joy_<std::allocator<void> >; AllocatorT = std::allocator<void>][m[K[m[K’
[12.772s] [01m[K/opt/ros/jazzy/include/rclcpp/rclcpp/subscription_factory.hpp:93:32:[m[K   required from ‘[01m[Krclcpp::SubscriptionFactory rclcpp::[01;32m[Kcreate_subscription_factory[m[K(CallbackT&&, const SubscriptionOptionsWithAllocator<AllocatorT>&, typename MessageMemoryStrategyT::SharedPtr, std::shared_ptr<topic_statistics::SubscriptionTopicStatistics>) [35m[K[with MessageT = sensor_msgs::msg::Joy_<std::allocator<void> >; CallbackT = std::_Bind<void (diffdrive_arduino::DiffDriveArduinoHardware::*(diffdrive_arduino::DiffDriveArduinoHardware*, std::_Placeholder<1>))(...)>; AllocatorT = std::allocator<void>; SubscriptionT = Subscription<sensor_msgs::msg::Joy_<std::allocator<void> >, std::allocator<void>, sensor_msgs::msg::Joy_<std::allocator<void> >, sensor_msgs::msg::Joy_<std::allocator<void> >, message_memory_strategy::MessageMemoryStrategy<sensor_msgs::msg::Joy_<std::allocator<void> >, std::allocator<void> > >; MessageMemoryStrategyT = message_memory_strategy::MessageMemoryStrategy<sensor_msgs::msg::Joy_<std::allocator<void> >, std::allocator<void> >; typename MessageMemoryStrategyT::SharedPtr = std::shared_ptr<message_memory_strategy::MessageMemoryStrategy<sensor_msgs::msg::Joy_<std::allocator<void> >, std::allocator<void> > >][m[K[m[K’
[12.773s] [01m[K/opt/ros/jazzy/include/rclcpp/rclcpp/create_subscription.hpp:121:63:[m[K   required from ‘[01m[Kstd::shared_ptr<ROSMessageT> rclcpp::detail::[01;32m[Kcreate_subscription[m[K(NodeParametersT&, NodeTopicsT&, const std::string&, const rclcpp::QoS&, CallbackT&&, const rclcpp::SubscriptionOptionsWithAllocator<AllocatorT>&, typename MessageMemoryStrategyT::SharedPtr) [35m[K[with MessageT = sensor_msgs::msg::Joy_<std::allocator<void> >; CallbackT = std::_Bind<void (diffdrive_arduino::DiffDriveArduinoHardware::*(diffdrive_arduino::DiffDriveArduinoHardware*, std::_Placeholder<1>))(...)>; AllocatorT = std::allocator<void>; SubscriptionT = rclcpp::Subscription<sensor_msgs::msg::Joy_<std::allocator<void> >, std::allocator<void>, sensor_msgs::msg::Joy_<std::allocator<void> >, sensor_msgs::msg::Joy_<std::allocator<void> >, rclcpp::message_memory_strategy::MessageMemoryStrategy<sensor_msgs::msg::Joy_<std::allocator<void> >, std::allocator<void> > >; MessageMemoryStrategyT = rclcpp::message_memory_strategy::MessageMemoryStrategy<sensor_msgs::msg::Joy_<std::allocator<void> >, std::allocator<void> >; NodeParametersT = rclcpp::Node; NodeTopicsT = rclcpp::Node; std::string = std::__cxx11::basic_string<char>; typename MessageMemoryStrategyT::SharedPtr = std::shared_ptr<rclcpp::message_memory_strategy::MessageMemoryStrategy<sensor_msgs::msg::Joy_<std::allocator<void> >, std::allocator<void> > >][m[K[m[K’
[12.776s] [01m[K/opt/ros/jazzy/include/rclcpp/rclcpp/create_subscription.hpp:190:76:[m[K   required from ‘[01m[Kstd::shared_ptr<ROSMessageT> rclcpp::[01;32m[Kcreate_subscription[m[K(NodeT&, const std::string&, const QoS&, CallbackT&&, const SubscriptionOptionsWithAllocator<AllocatorT>&, typename MessageMemoryStrategyT::SharedPtr) [35m[K[with MessageT = sensor_msgs::msg::Joy_<std::allocator<void> >; CallbackT = std::_Bind<void (diffdrive_arduino::DiffDriveArduinoHardware::*(diffdrive_arduino::DiffDriveArduinoHardware*, std::_Placeholder<1>))(...)>; AllocatorT = std::allocator<void>; SubscriptionT = Subscription<sensor_msgs::msg::Joy_<std::allocator<void> >, std::allocator<void>, sensor_msgs::msg::Joy_<std::allocator<void> >, sensor_msgs::msg::Joy_<std::allocator<void> >, message_memory_strategy::MessageMemoryStrategy<sensor_msgs::msg::Joy_<std::allocator<void> >, std::allocator<void> > >; MessageMemoryStrategyT = message_memory_strategy::MessageMemoryStrategy<sensor_msgs::msg::Joy_<std::allocator<void> >, std::allocator<void> >; NodeT = Node; std::string = std::__cxx11::basic_string<char>; typename MessageMemoryStrategyT::SharedPtr = std::shared_ptr<message_memory_strategy::MessageMemoryStrategy<sensor_msgs::msg::Joy_<std::allocator<void> >, std::allocator<void> > >][m[K[m[K’
[12.776s] [01m[K/opt/ros/jazzy/include/rclcpp/rclcpp/node_impl.hpp:99:47:[m[K   required from ‘[01m[Kstd::shared_ptr<ROSMessageT> rclcpp::Node::[01;32m[Kcreate_subscription[m[K(const std::string&, const rclcpp::QoS&, CallbackT&&, const rclcpp::SubscriptionOptionsWithAllocator<AllocatorT>&, typename MessageMemoryStrategyT::SharedPtr) [35m[K[with MessageT = sensor_msgs::msg::Joy_<std::allocator<void> >; CallbackT = std::_Bind<void (diffdrive_arduino::DiffDriveArduinoHardware::*(diffdrive_arduino::DiffDriveArduinoHardware*, std::_Placeholder<1>))(...)>; AllocatorT = std::allocator<void>; SubscriptionT = rclcpp::Subscription<sensor_msgs::msg::Joy_<std::allocator<void> >, std::allocator<void>, sensor_msgs::msg::Joy_<std::allocator<void> >, sensor_msgs::msg::Joy_<std::allocator<void> >, rclcpp::message_memory_strategy::MessageMemoryStrategy<sensor_msgs::msg::Joy_<std::allocator<void> >, std::allocator<void> > >; MessageMemoryStrategyT = rclcpp::message_memory_strategy::MessageMemoryStrategy<sensor_msgs::msg::Joy_<std::allocator<void> >, std::allocator<void> >; std::string = std::__cxx11::basic_string<char>; typename MessageMemoryStrategyT::SharedPtr = std::shared_ptr<rclcpp::message_memory_strategy::MessageMemoryStrategy<sensor_msgs::msg::Joy_<std::allocator<void> >, std::allocator<void> > >][m[K[m[K’
[12.777s] [01m[K/home/robogames/vt-cro/car_robot_ws/src/diffdrive_arduino/hardware/diffbot_system.cpp:44:62:[m[K   required from here
[12.778s] [01m[K/opt/ros/jazzy/include/rclcpp/rclcpp/function_traits.hpp:51:9:[m[K [01;31m[Kerror: [m[K‘[01m[Kdecltype[m[K’ cannot resolve address of overloaded function
[12.779s]    51 |   using [01;31m[Karguments[m[K = typename tuple_tail<
[12.782s]       |         [01;31m[K^~~~~~~~~[m[K
[12.784s] [01m[K/opt/ros/jazzy/include/rclcpp/rclcpp/function_traits.hpp:57:9:[m[K [01;31m[Kerror: [m[K‘[01m[Kdecltype[m[K’ cannot resolve address of overloaded function
[12.786s]    57 |   using [01;31m[Kargument_type[m[K = typename std::tuple_element<N, arguments>::type;
[12.787s]       |         [01;31m[K^~~~~~~~~~~~~[m[K
[12.788s] [01m[K/opt/ros/jazzy/include/rclcpp/rclcpp/function_traits.hpp:59:9:[m[K [01;31m[Kerror: [m[K‘[01m[Kdecltype[m[K’ cannot resolve address of overloaded function
[12.788s]    59 |   using [01;31m[Kreturn_type[m[K = typename function_traits<decltype( &FunctionT::operator())>::return_type;
[12.789s]       |         [01;31m[K^~~~~~~~~~~[m[K
[15.719s] gmake[2]: *** [CMakeFiles/diffdrive_arduino.dir/build.make:76: CMakeFiles/diffdrive_arduino.dir/hardware/diffbot_system.cpp.o] Error 1
[15.721s] gmake[1]: *** [CMakeFiles/Makefile2:137: CMakeFiles/diffdrive_arduino.dir/all] Error 2
[15.721s] gmake: *** [Makefile:146: all] Error 2
[15.727s] Invoked command in '/home/robogames/vt-cro/car_robot_ws/build/diffdrive_arduino' returned '2': CMAKE_PREFIX_PATH=/home/robogames/car_robot_ws/install/mini_car_bot:/home/robogames/car_robot_ws/install/diffdrive_arduino:/home/robogames/car_robot_ws/install/articubot_one:/opt/ros/jazzy:${CMAKE_PREFIX_PATH} DEBUGINFOD_URLS=https://debuginfod.ubuntu.com /usr/bin/cmake --build /home/robogames/vt-cro/car_robot_ws/build/diffdrive_arduino -- -j4 -l4
