[2.607s] Invoking command in '/home/robogames/vt-cro/robogames_pi/car_robot_ws/src/opencv_tools': DEBUGINFOD_URLS=https://debuginfod.ubuntu.com PYTHONPATH=/home/robogames/vt-cro/robogames_pi/car_robot_ws/build/opencv_tools/prefix_override:/usr/lib/python3/dist-packages/colcon_core/task/python/colcon_distutils_commands:/home/robogames/vt-cro/robogames_pi/car_robot_ws/install/opencv_tools/lib/python3.12/site-packages:${PYTHONPATH} /usr/bin/python3 -W ignore:setup.py install is deprecated -W ignore:easy_install command is deprecated setup.py egg_info --egg-base ../../build/opencv_tools build --build-base /home/robogames/vt-cro/robogames_pi/car_robot_ws/build/opencv_tools/build install --record /home/robogames/vt-cro/robogames_pi/car_robot_ws/build/opencv_tools/install.log --single-version-externally-managed install_data
[3.170s] running egg_info
[3.215s] writing ../../build/opencv_tools/opencv_tools.egg-info/PKG-INFO
[3.215s] writing dependency_links to ../../build/opencv_tools/opencv_tools.egg-info/dependency_links.txt
[3.217s] writing entry points to ../../build/opencv_tools/opencv_tools.egg-info/entry_points.txt
[3.218s] writing requirements to ../../build/opencv_tools/opencv_tools.egg-info/requires.txt
[3.218s] writing top-level names to ../../build/opencv_tools/opencv_tools.egg-info/top_level.txt
[3.312s] reading manifest file '../../build/opencv_tools/opencv_tools.egg-info/SOURCES.txt'
[3.314s] writing manifest file '../../build/opencv_tools/opencv_tools.egg-info/SOURCES.txt'
[3.314s] running build
[3.314s] running build_py
[3.314s] running install
[3.326s] running install_lib
[3.373s] running install_data
[3.374s] running install_egg_info
[3.424s] removing '/home/robogames/vt-cro/robogames_pi/car_robot_ws/install/opencv_tools/lib/python3.12/site-packages/opencv_tools-0.0.0-py3.12.egg-info' (and everything under it)
[3.424s] Copying ../../build/opencv_tools/opencv_tools.egg-info to /home/robogames/vt-cro/robogames_pi/car_robot_ws/install/opencv_tools/lib/python3.12/site-packages/opencv_tools-0.0.0-py3.12.egg-info
[3.429s] running install_scripts
[3.719s] Installing detect_node script to /home/robogames/vt-cro/robogames_pi/car_robot_ws/install/opencv_tools/lib/opencv_tools
[3.719s] writing list of installed files to '/home/robogames/vt-cro/robogames_pi/car_robot_ws/build/opencv_tools/install.log'
[3.829s] Invoked command in '/home/robogames/vt-cro/robogames_pi/car_robot_ws/src/opencv_tools' returned '0': DEBUGINFOD_URLS=https://debuginfod.ubuntu.com PYTHONPATH=/home/robogames/vt-cro/robogames_pi/car_robot_ws/build/opencv_tools/prefix_override:/usr/lib/python3/dist-packages/colcon_core/task/python/colcon_distutils_commands:/home/robogames/vt-cro/robogames_pi/car_robot_ws/install/opencv_tools/lib/python3.12/site-packages:${PYTHONPATH} /usr/bin/python3 -W ignore:setup.py install is deprecated -W ignore:easy_install command is deprecated setup.py egg_info --egg-base ../../build/opencv_tools build --build-base /home/robogames/vt-cro/robogames_pi/car_robot_ws/build/opencv_tools/build install --record /home/robogames/vt-cro/robogames_pi/car_robot_ws/build/opencv_tools/install.log --single-version-externally-managed install_data
