-- The C compiler identification is GNU 13.3.0
-- The CXX compiler identification is GNU 13.3.0
-- Detecting C compiler ABI info
-- Detecting C compiler ABI info - done
-- Check for working C compiler: /usr/bin/cc - skipped
-- Detecting C compile features
-- Detecting C compile features - done
-- Detecting CXX compiler ABI info
-- Detecting CXX compiler ABI info - done
-- Check for working CXX compiler: /usr/bin/c++ - skipped
-- Detecting CXX compile features
-- Detecting CXX compile features - done
-- Found ament_cmake: 2.5.3 (/opt/ros/jazzy/share/ament_cmake/cmake)
-- Found Python3: /home/robogames/ros2_python_venv/bin/python3 (found version "3.12.3") found components: Interpreter 
-- Override CMake install command with custom implementation using symlinks instead of copying resources
-- Found ament_lint_auto: 0.17.1 (/opt/ros/jazzy/share/ament_lint_auto/cmake)
-- Added test 'copyright' to check source files copyright and LICENSE
-- Added test 'flake8' to check Python code syntax and style conventions
-- Configured 'flake8' exclude dirs and/or files: 
-- Added test 'lint_cmake' to check CMake code style
-- Added test 'pep257' to check Python code against some of the docstring style conventions in PEP 257
-- Added test 'xmllint' to check XML markup files
-- Configuring done (2.7s)
-- Generating done (0.0s)
-- Build files have been written to: /home/robogames/vt-cro/robogames_pi/yolobot/build/yolobot_control
-- Install configuration: ""
-- Execute custom install script
-- Symlinking: /home/robogames/vt-cro/robogames_pi/yolobot/install/yolobot_control/share/yolobot_control//scripts/robot_control.py
-- Symlinking: /home/robogames/vt-cro/robogames_pi/yolobot/install/yolobot_control/share/yolobot_control//launch/yolobot_control.launch.py
-- Symlinking: /home/robogames/vt-cro/robogames_pi/yolobot/install/yolobot_control/lib/yolobot_control/robot_control.py
-- Symlinking: /home/robogames/vt-cro/robogames_pi/yolobot/install/yolobot_control/lib/yolobot_control/yolobot_control.launch.py
-- Symlinking: /home/robogames/vt-cro/robogames_pi/yolobot/install/yolobot_control/share/ament_index/resource_index/package_run_dependencies/yolobot_control
-- Symlinking: /home/robogames/vt-cro/robogames_pi/yolobot/install/yolobot_control/share/ament_index/resource_index/parent_prefix_path/yolobot_control
-- Symlinking: /home/robogames/vt-cro/robogames_pi/yolobot/install/yolobot_control/share/yolobot_control/environment/ament_prefix_path.sh
-- Symlinking: /home/robogames/vt-cro/robogames_pi/yolobot/install/yolobot_control/share/yolobot_control/environment/ament_prefix_path.dsv
-- Symlinking: /home/robogames/vt-cro/robogames_pi/yolobot/install/yolobot_control/share/yolobot_control/environment/path.sh
-- Symlinking: /home/robogames/vt-cro/robogames_pi/yolobot/install/yolobot_control/share/yolobot_control/environment/path.dsv
-- Symlinking: /home/robogames/vt-cro/robogames_pi/yolobot/install/yolobot_control/share/yolobot_control/local_setup.bash
-- Symlinking: /home/robogames/vt-cro/robogames_pi/yolobot/install/yolobot_control/share/yolobot_control/local_setup.sh
-- Symlinking: /home/robogames/vt-cro/robogames_pi/yolobot/install/yolobot_control/share/yolobot_control/local_setup.zsh
-- Symlinking: /home/robogames/vt-cro/robogames_pi/yolobot/install/yolobot_control/share/yolobot_control/local_setup.dsv
-- Symlinking: /home/robogames/vt-cro/robogames_pi/yolobot/install/yolobot_control/share/yolobot_control/package.dsv
-- Symlinking: /home/robogames/vt-cro/robogames_pi/yolobot/install/yolobot_control/share/ament_index/resource_index/packages/yolobot_control
-- Symlinking: /home/robogames/vt-cro/robogames_pi/yolobot/install/yolobot_control/share/yolobot_control/cmake/yolobot_controlConfig.cmake
-- Symlinking: /home/robogames/vt-cro/robogames_pi/yolobot/install/yolobot_control/share/yolobot_control/cmake/yolobot_controlConfig-version.cmake
-- Symlinking: /home/robogames/vt-cro/robogames_pi/yolobot/install/yolobot_control/share/yolobot_control/package.xml
