[0.049s] Invoking command in '/home/robogames/vt-cro/robogames_pi/car_robot_ws/build/serial': DEBUGINFOD_URLS=https://debuginfod.ubuntu.com /usr/bin/cmake /home/robogames/vt-cro/robogames_pi/car_robot_ws/src/serial -DCATKIN_INSTALL_INTO_PREFIX_ROOT=0 -DCMAKE_INSTALL_PREFIX=/home/robogames/vt-cro/robogames_pi/car_robot_ws/install/serial
[0.225s] -- The C compiler identification is GNU 13.3.0
[0.464s] -- The CXX compiler identification is GNU 13.3.0
[0.494s] -- Detecting C compiler ABI info
[0.727s] -- Detecting C compiler ABI info - done
[0.743s] -- Check for working C compiler: /usr/bin/cc - skipped
[0.744s] -- Detecting C compile features
[0.745s] -- Detecting C compile features - done
[0.764s] -- Detecting CXX compiler ABI info
[1.080s] -- Detecting CXX compiler ABI info - done
[1.099s] -- Check for working CXX compiler: /usr/bin/c++ - skipped
[1.099s] -- Detecting CXX compile features
[1.100s] -- Detecting CXX compile features - done
[1.111s] -- Found ament_cmake: 2.5.3 (/opt/ros/jazzy/share/ament_cmake/cmake)
[1.486s] -- Found Python3: /usr/bin/python3 (found version "3.12.3") found components: Interpreter 
[2.153s] -- Configuring done (2.1s)
[2.166s] -- Generating done (0.0s)
[2.167s] [33mCMake Warning:
[2.167s]   Manually-specified variables were not used by the project:
[2.167s] 
[2.167s]     CATKIN_INSTALL_INTO_PREFIX_ROOT
[2.168s] 
[2.168s] [0m
[2.170s] -- Build files have been written to: /home/robogames/vt-cro/robogames_pi/car_robot_ws/build/serial
[2.185s] Invoked command in '/home/robogames/vt-cro/robogames_pi/car_robot_ws/build/serial' returned '0': DEBUGINFOD_URLS=https://debuginfod.ubuntu.com /usr/bin/cmake /home/robogames/vt-cro/robogames_pi/car_robot_ws/src/serial -DCATKIN_INSTALL_INTO_PREFIX_ROOT=0 -DCMAKE_INSTALL_PREFIX=/home/robogames/vt-cro/robogames_pi/car_robot_ws/install/serial
[2.189s] Invoking command in '/home/robogames/vt-cro/robogames_pi/car_robot_ws/build/serial': DEBUGINFOD_URLS=https://debuginfod.ubuntu.com /usr/bin/cmake --build /home/robogames/vt-cro/robogames_pi/car_robot_ws/build/serial -- -j4 -l4
[2.315s] [ 16%] [32mBuilding CXX object CMakeFiles/serial.dir/src/impl/list_ports/list_ports_linux.cc.o[0m
[2.315s] [ 33%] [32mBuilding CXX object CMakeFiles/serial.dir/src/impl/unix.cc.o[0m
[2.320s] [ 50%] [32mBuilding CXX object CMakeFiles/serial.dir/src/serial.cc.o[0m
[3.222s] [ 66%] [32m[1mLinking CXX static library libserial.a[0m
[3.352s] [ 66%] Built target serial
[3.424s] [ 83%] [32mBuilding CXX object CMakeFiles/serial_example.dir/examples/serial_example.cc.o[0m
[4.021s] [100%] [32m[1mLinking CXX executable serial_example[0m
[4.222s] [100%] Built target serial_example
[4.246s] Invoked command in '/home/robogames/vt-cro/robogames_pi/car_robot_ws/build/serial' returned '0': DEBUGINFOD_URLS=https://debuginfod.ubuntu.com /usr/bin/cmake --build /home/robogames/vt-cro/robogames_pi/car_robot_ws/build/serial -- -j4 -l4
[4.287s] Invoking command in '/home/robogames/vt-cro/robogames_pi/car_robot_ws/build/serial': DEBUGINFOD_URLS=https://debuginfod.ubuntu.com /usr/bin/cmake --install /home/robogames/vt-cro/robogames_pi/car_robot_ws/build/serial
[4.324s] -- Install configuration: ""
[4.325s] -- Installing: /home/robogames/vt-cro/robogames_pi/car_robot_ws/install/serial/lib/libserial.a
[4.327s] -- Installing: /home/robogames/vt-cro/robogames_pi/car_robot_ws/install/serial/bin/serial_example
[4.329s] -- Installing: /home/robogames/vt-cro/robogames_pi/car_robot_ws/install/serial/include/serial
[4.330s] -- Installing: /home/robogames/vt-cro/robogames_pi/car_robot_ws/install/serial/include/serial/serial.h
[4.331s] -- Installing: /home/robogames/vt-cro/robogames_pi/car_robot_ws/install/serial/include/serial/impl
[4.332s] -- Installing: /home/robogames/vt-cro/robogames_pi/car_robot_ws/install/serial/include/serial/impl/win.h
[4.333s] -- Installing: /home/robogames/vt-cro/robogames_pi/car_robot_ws/install/serial/include/serial/impl/unix.h
[4.333s] -- Installing: /home/robogames/vt-cro/robogames_pi/car_robot_ws/install/serial/include/serial/v8stdint.h
[4.333s] -- Installing: /home/robogames/vt-cro/robogames_pi/car_robot_ws/install/serial/share/serial/environment/library_path.sh
[4.334s] -- Installing: /home/robogames/vt-cro/robogames_pi/car_robot_ws/install/serial/share/serial/environment/library_path.dsv
[4.334s] -- Installing: /home/robogames/vt-cro/robogames_pi/car_robot_ws/install/serial/share/ament_index/resource_index/package_run_dependencies/serial
[4.335s] -- Installing: /home/robogames/vt-cro/robogames_pi/car_robot_ws/install/serial/share/ament_index/resource_index/parent_prefix_path/serial
[4.335s] -- Installing: /home/robogames/vt-cro/robogames_pi/car_robot_ws/install/serial/share/serial/environment/ament_prefix_path.sh
[4.335s] -- Installing: /home/robogames/vt-cro/robogames_pi/car_robot_ws/install/serial/share/serial/environment/ament_prefix_path.dsv
[4.336s] -- Installing: /home/robogames/vt-cro/robogames_pi/car_robot_ws/install/serial/share/serial/environment/path.sh
[4.336s] -- Installing: /home/robogames/vt-cro/robogames_pi/car_robot_ws/install/serial/share/serial/environment/path.dsv
[4.336s] -- Installing: /home/robogames/vt-cro/robogames_pi/car_robot_ws/install/serial/share/serial/local_setup.bash
[4.336s] -- Installing: /home/robogames/vt-cro/robogames_pi/car_robot_ws/install/serial/share/serial/local_setup.sh
[4.337s] -- Installing: /home/robogames/vt-cro/robogames_pi/car_robot_ws/install/serial/share/serial/local_setup.zsh
[4.337s] -- Installing: /home/robogames/vt-cro/robogames_pi/car_robot_ws/install/serial/share/serial/local_setup.dsv
[4.337s] -- Installing: /home/robogames/vt-cro/robogames_pi/car_robot_ws/install/serial/share/serial/package.dsv
[4.338s] -- Installing: /home/robogames/vt-cro/robogames_pi/car_robot_ws/install/serial/share/ament_index/resource_index/packages/serial
[4.338s] -- Installing: /home/robogames/vt-cro/robogames_pi/car_robot_ws/install/serial/share/serial/cmake/ament_cmake_export_include_directories-extras.cmake
[4.338s] -- Installing: /home/robogames/vt-cro/robogames_pi/car_robot_ws/install/serial/share/serial/cmake/ament_cmake_export_libraries-extras.cmake
[4.338s] -- Installing: /home/robogames/vt-cro/robogames_pi/car_robot_ws/install/serial/share/serial/cmake/serialConfig.cmake
[4.339s] -- Installing: /home/robogames/vt-cro/robogames_pi/car_robot_ws/install/serial/share/serial/cmake/serialConfig-version.cmake
[4.339s] -- Installing: /home/robogames/vt-cro/robogames_pi/car_robot_ws/install/serial/share/serial/package.xml
[4.342s] Invoked command in '/home/robogames/vt-cro/robogames_pi/car_robot_ws/build/serial' returned '0': DEBUGINFOD_URLS=https://debuginfod.ubuntu.com /usr/bin/cmake --install /home/robogames/vt-cro/robogames_pi/car_robot_ws/build/serial
