[0.038s] Invoking command in '/home/robogames/vt-cro/robogames_pi/car_robot_ws/build/yolov8_msgs': CMAKE_PREFIX_PATH=/home/robogames/vt-cro/robogames_pi/car_robot_ws/install/yolov8_msgs:/home/robogames/vt-cro/robogames_pi/car_robot_ws/install/yolobot_recognition:/opt/ros/jazzy:/home/robogames/vt-cro/robogames_pi/car_robot_ws/install/serial:/home/robogames/vt-cro/robogames_pi/car_robot_ws/install/diffdrive_arduino:/home/robogames/vt-cro/robogames_pi/car_robot_ws/install/articubot_one:/opt/ros/jazzy/opt/gz_sim_vendor:/opt/ros/jazzy/opt/gz_sensors_vendor:/opt/ros/jazzy/opt/gz_physics_vendor:/opt/ros/jazzy/opt/sdformat_vendor:/opt/ros/jazzy/opt/gz_gui_vendor:/opt/ros/jazzy/opt/gz_transport_vendor:/opt/ros/jazzy/opt/gz_rendering_vendor:/opt/ros/jazzy/opt/gz_plugin_vendor:/opt/ros/jazzy/opt/gz_fuel_tools_vendor:/opt/ros/jazzy/opt/gz_msgs_vendor:/opt/ros/jazzy/opt/gz_common_vendor:/opt/ros/jazzy/opt/gz_math_vendor:/opt/ros/jazzy/opt/gz_utils_vendor:/opt/ros/jazzy/opt/gz_tools_vendor:/opt/ros/jazzy/opt/gz_ogre_next_vendor:/opt/ros/jazzy/opt/gz_dartsim_vendor:/opt/ros/jazzy/opt/gz_cmake_vendor DEBUGINFOD_URLS=https://debuginfod.ubuntu.com PS1=(ros2_python_venv) \[\e]0;\u@\h: \w\a\]${debian_chroot:+($debian_chroot)}\[\033[01;32m\]\u@\h\[\033[00m\]:\[\033[01;34m\]\w\[\033[00m\]\$ VIRTUAL_ENV_PROMPT=(ros2_python_venv) /usr/bin/cmake --build /home/robogames/vt-cro/robogames_pi/car_robot_ws/build/yolov8_msgs -- -j4 -l4
[0.203s] [  1%] Built target yolov8_msgs__rosidl_generator_type_description
[0.238s] [  1%] Built target ament_cmake_python_symlink_yolov8_msgs
[0.265s] [  3%] Built target yolov8_msgs__cpp
[0.266s] [ 24%] Built target yolov8_msgs__rosidl_generator_c
[0.326s] [ 40%] Built target yolov8_msgs__rosidl_typesupport_fastrtps_cpp
[0.328s] [ 42%] Built target yolov8_msgs__rosidl_typesupport_fastrtps_c
[0.339s] [ 51%] Built target yolov8_msgs__rosidl_typesupport_introspection_c
[0.381s] [ 61%] Built target yolov8_msgs__rosidl_typesupport_c
[0.404s] [ 70%] Built target yolov8_msgs__rosidl_typesupport_introspection_cpp
[0.414s] [ 79%] Built target yolov8_msgs__rosidl_typesupport_cpp
[0.459s] [ 79%] Built target yolov8_msgs
[0.533s] [ 81%] Built target yolov8_msgs__py
[0.621s] [ 88%] Built target yolov8_msgs__rosidl_generator_py
[0.754s] [ 92%] Built target yolov8_msgs_s__rosidl_typesupport_introspection_c
[0.775s] [ 96%] Built target yolov8_msgs_s__rosidl_typesupport_c
[0.775s] [100%] Built target yolov8_msgs_s__rosidl_typesupport_fastrtps_c
[0.990s] running egg_info
[1.070s] writing yolov8_msgs.egg-info/PKG-INFO
[1.071s] writing dependency_links to yolov8_msgs.egg-info/dependency_links.txt
[1.073s] writing top-level names to yolov8_msgs.egg-info/top_level.txt
[1.254s] reading manifest file 'yolov8_msgs.egg-info/SOURCES.txt'
[1.254s] writing manifest file 'yolov8_msgs.egg-info/SOURCES.txt'
[1.371s] [100%] Built target ament_cmake_python_build_yolov8_msgs_egg
[1.402s] Invoked command in '/home/robogames/vt-cro/robogames_pi/car_robot_ws/build/yolov8_msgs' returned '0': CMAKE_PREFIX_PATH=/home/robogames/vt-cro/robogames_pi/car_robot_ws/install/yolov8_msgs:/home/robogames/vt-cro/robogames_pi/car_robot_ws/install/yolobot_recognition:/opt/ros/jazzy:/home/robogames/vt-cro/robogames_pi/car_robot_ws/install/serial:/home/robogames/vt-cro/robogames_pi/car_robot_ws/install/diffdrive_arduino:/home/robogames/vt-cro/robogames_pi/car_robot_ws/install/articubot_one:/opt/ros/jazzy/opt/gz_sim_vendor:/opt/ros/jazzy/opt/gz_sensors_vendor:/opt/ros/jazzy/opt/gz_physics_vendor:/opt/ros/jazzy/opt/sdformat_vendor:/opt/ros/jazzy/opt/gz_gui_vendor:/opt/ros/jazzy/opt/gz_transport_vendor:/opt/ros/jazzy/opt/gz_rendering_vendor:/opt/ros/jazzy/opt/gz_plugin_vendor:/opt/ros/jazzy/opt/gz_fuel_tools_vendor:/opt/ros/jazzy/opt/gz_msgs_vendor:/opt/ros/jazzy/opt/gz_common_vendor:/opt/ros/jazzy/opt/gz_math_vendor:/opt/ros/jazzy/opt/gz_utils_vendor:/opt/ros/jazzy/opt/gz_tools_vendor:/opt/ros/jazzy/opt/gz_ogre_next_vendor:/opt/ros/jazzy/opt/gz_dartsim_vendor:/opt/ros/jazzy/opt/gz_cmake_vendor DEBUGINFOD_URLS=https://debuginfod.ubuntu.com PS1=(ros2_python_venv) \[\e]0;\u@\h: \w\a\]${debian_chroot:+($debian_chroot)}\[\033[01;32m\]\u@\h\[\033[00m\]:\[\033[01;34m\]\w\[\033[00m\]\$ VIRTUAL_ENV_PROMPT=(ros2_python_venv) /usr/bin/cmake --build /home/robogames/vt-cro/robogames_pi/car_robot_ws/build/yolov8_msgs -- -j4 -l4
[1.405s] Invoking command in '/home/robogames/vt-cro/robogames_pi/car_robot_ws/build/yolov8_msgs': CMAKE_PREFIX_PATH=/home/robogames/vt-cro/robogames_pi/car_robot_ws/install/yolov8_msgs:/home/robogames/vt-cro/robogames_pi/car_robot_ws/install/yolobot_recognition:/opt/ros/jazzy:/home/robogames/vt-cro/robogames_pi/car_robot_ws/install/serial:/home/robogames/vt-cro/robogames_pi/car_robot_ws/install/diffdrive_arduino:/home/robogames/vt-cro/robogames_pi/car_robot_ws/install/articubot_one:/opt/ros/jazzy/opt/gz_sim_vendor:/opt/ros/jazzy/opt/gz_sensors_vendor:/opt/ros/jazzy/opt/gz_physics_vendor:/opt/ros/jazzy/opt/sdformat_vendor:/opt/ros/jazzy/opt/gz_gui_vendor:/opt/ros/jazzy/opt/gz_transport_vendor:/opt/ros/jazzy/opt/gz_rendering_vendor:/opt/ros/jazzy/opt/gz_plugin_vendor:/opt/ros/jazzy/opt/gz_fuel_tools_vendor:/opt/ros/jazzy/opt/gz_msgs_vendor:/opt/ros/jazzy/opt/gz_common_vendor:/opt/ros/jazzy/opt/gz_math_vendor:/opt/ros/jazzy/opt/gz_utils_vendor:/opt/ros/jazzy/opt/gz_tools_vendor:/opt/ros/jazzy/opt/gz_ogre_next_vendor:/opt/ros/jazzy/opt/gz_dartsim_vendor:/opt/ros/jazzy/opt/gz_cmake_vendor DEBUGINFOD_URLS=https://debuginfod.ubuntu.com PS1=(ros2_python_venv) \[\e]0;\u@\h: \w\a\]${debian_chroot:+($debian_chroot)}\[\033[01;32m\]\u@\h\[\033[00m\]:\[\033[01;34m\]\w\[\033[00m\]\$ VIRTUAL_ENV_PROMPT=(ros2_python_venv) /usr/bin/cmake --install /home/robogames/vt-cro/robogames_pi/car_robot_ws/build/yolov8_msgs
[1.424s] -- Install configuration: ""
[1.427s] -- Execute custom install script
[1.428s] -- Up-to-date symlink: /home/robogames/vt-cro/robogames_pi/car_robot_ws/install/yolov8_msgs/share/ament_index/resource_index/rosidl_interfaces/yolov8_msgs
[1.428s] -- Up-to-date symlink: /home/robogames/vt-cro/robogames_pi/car_robot_ws/install/yolov8_msgs/share/yolov8_msgs/msg/InferenceResult.json
[1.433s] -- Up-to-date symlink: /home/robogames/vt-cro/robogames_pi/car_robot_ws/install/yolov8_msgs/share/yolov8_msgs/msg/Yolov8Inference.json
[1.433s] -- Up-to-date symlink: /home/robogames/vt-cro/robogames_pi/car_robot_ws/install/yolov8_msgs/share/yolov8_msgs/msg/ColorDetection.json
[1.440s] -- Up-to-date symlink: /home/robogames/vt-cro/robogames_pi/car_robot_ws/install/yolov8_msgs/include/yolov8_msgs/yolov8_msgs/msg/color_detection.h
[1.440s] -- Up-to-date symlink: /home/robogames/vt-cro/robogames_pi/car_robot_ws/install/yolov8_msgs/include/yolov8_msgs/yolov8_msgs/msg/detail/color_detection__functions.h
[1.440s] -- Up-to-date symlink: /home/robogames/vt-cro/robogames_pi/car_robot_ws/install/yolov8_msgs/include/yolov8_msgs/yolov8_msgs/msg/detail/color_detection__struct.h
[1.445s] -- Up-to-date symlink: /home/robogames/vt-cro/robogames_pi/car_robot_ws/install/yolov8_msgs/include/yolov8_msgs/yolov8_msgs/msg/detail/color_detection__type_support.h
[1.445s] -- Up-to-date symlink: /home/robogames/vt-cro/robogames_pi/car_robot_ws/install/yolov8_msgs/include/yolov8_msgs/yolov8_msgs/msg/detail/inference_result__functions.h
[1.445s] -- Up-to-date symlink: /home/robogames/vt-cro/robogames_pi/car_robot_ws/install/yolov8_msgs/include/yolov8_msgs/yolov8_msgs/msg/detail/inference_result__struct.h
[1.446s] -- Up-to-date symlink: /home/robogames/vt-cro/robogames_pi/car_robot_ws/install/yolov8_msgs/include/yolov8_msgs/yolov8_msgs/msg/detail/inference_result__type_support.h
[1.446s] -- Up-to-date symlink: /home/robogames/vt-cro/robogames_pi/car_robot_ws/install/yolov8_msgs/include/yolov8_msgs/yolov8_msgs/msg/detail/yolov8_inference__functions.h
[1.446s] -- Up-to-date symlink: /home/robogames/vt-cro/robogames_pi/car_robot_ws/install/yolov8_msgs/include/yolov8_msgs/yolov8_msgs/msg/detail/yolov8_inference__struct.h
[1.446s] -- Up-to-date symlink: /home/robogames/vt-cro/robogames_pi/car_robot_ws/install/yolov8_msgs/include/yolov8_msgs/yolov8_msgs/msg/detail/yolov8_inference__type_support.h
[1.446s] -- Up-to-date symlink: /home/robogames/vt-cro/robogames_pi/car_robot_ws/install/yolov8_msgs/include/yolov8_msgs/yolov8_msgs/msg/inference_result.h
[1.446s] -- Up-to-date symlink: /home/robogames/vt-cro/robogames_pi/car_robot_ws/install/yolov8_msgs/include/yolov8_msgs/yolov8_msgs/msg/rosidl_generator_c__visibility_control.h
[1.446s] -- Up-to-date symlink: /home/robogames/vt-cro/robogames_pi/car_robot_ws/install/yolov8_msgs/include/yolov8_msgs/yolov8_msgs/msg/yolov8_inference.h
[1.446s] -- Up-to-date symlink: /home/robogames/vt-cro/robogames_pi/car_robot_ws/install/yolov8_msgs/share/yolov8_msgs/environment/library_path.sh
[1.451s] -- Up-to-date symlink: /home/robogames/vt-cro/robogames_pi/car_robot_ws/install/yolov8_msgs/share/yolov8_msgs/environment/library_path.dsv
[1.455s] -- Up-to-date symlink: /home/robogames/vt-cro/robogames_pi/car_robot_ws/install/yolov8_msgs/include/yolov8_msgs/yolov8_msgs/msg/detail/color_detection__rosidl_typesupport_fastrtps_c.h
[1.456s] -- Up-to-date symlink: /home/robogames/vt-cro/robogames_pi/car_robot_ws/install/yolov8_msgs/include/yolov8_msgs/yolov8_msgs/msg/detail/inference_result__rosidl_typesupport_fastrtps_c.h
[1.456s] -- Up-to-date symlink: /home/robogames/vt-cro/robogames_pi/car_robot_ws/install/yolov8_msgs/include/yolov8_msgs/yolov8_msgs/msg/detail/yolov8_inference__rosidl_typesupport_fastrtps_c.h
[1.456s] -- Up-to-date symlink: /home/robogames/vt-cro/robogames_pi/car_robot_ws/install/yolov8_msgs/include/yolov8_msgs/yolov8_msgs/msg/rosidl_typesupport_fastrtps_c__visibility_control.h
[1.456s] -- Up-to-date symlink: /home/robogames/vt-cro/robogames_pi/car_robot_ws/install/yolov8_msgs/include/yolov8_msgs/yolov8_msgs/msg/color_detection.hpp
[1.457s] -- Up-to-date symlink: /home/robogames/vt-cro/robogames_pi/car_robot_ws/install/yolov8_msgs/include/yolov8_msgs/yolov8_msgs/msg/detail/color_detection__builder.hpp
[1.457s] -- Up-to-date symlink: /home/robogames/vt-cro/robogames_pi/car_robot_ws/install/yolov8_msgs/include/yolov8_msgs/yolov8_msgs/msg/detail/color_detection__struct.hpp
[1.457s] -- Up-to-date symlink: /home/robogames/vt-cro/robogames_pi/car_robot_ws/install/yolov8_msgs/include/yolov8_msgs/yolov8_msgs/msg/detail/color_detection__traits.hpp
[1.457s] -- Up-to-date symlink: /home/robogames/vt-cro/robogames_pi/car_robot_ws/install/yolov8_msgs/include/yolov8_msgs/yolov8_msgs/msg/detail/color_detection__type_support.hpp
[1.457s] -- Up-to-date symlink: /home/robogames/vt-cro/robogames_pi/car_robot_ws/install/yolov8_msgs/include/yolov8_msgs/yolov8_msgs/msg/detail/inference_result__builder.hpp
[1.457s] -- Up-to-date symlink: /home/robogames/vt-cro/robogames_pi/car_robot_ws/install/yolov8_msgs/include/yolov8_msgs/yolov8_msgs/msg/detail/inference_result__struct.hpp
[1.457s] -- Up-to-date symlink: /home/robogames/vt-cro/robogames_pi/car_robot_ws/install/yolov8_msgs/include/yolov8_msgs/yolov8_msgs/msg/detail/inference_result__traits.hpp
[1.459s] -- Up-to-date symlink: /home/robogames/vt-cro/robogames_pi/car_robot_ws/install/yolov8_msgs/include/yolov8_msgs/yolov8_msgs/msg/detail/inference_result__type_support.hpp
[1.460s] -- Up-to-date symlink: /home/robogames/vt-cro/robogames_pi/car_robot_ws/install/yolov8_msgs/include/yolov8_msgs/yolov8_msgs/msg/detail/yolov8_inference__builder.hpp
[1.460s] -- Up-to-date symlink: /home/robogames/vt-cro/robogames_pi/car_robot_ws/install/yolov8_msgs/include/yolov8_msgs/yolov8_msgs/msg/detail/yolov8_inference__struct.hpp
[1.460s] -- Up-to-date symlink: /home/robogames/vt-cro/robogames_pi/car_robot_ws/install/yolov8_msgs/include/yolov8_msgs/yolov8_msgs/msg/detail/yolov8_inference__traits.hpp
[1.460s] -- Up-to-date symlink: /home/robogames/vt-cro/robogames_pi/car_robot_ws/install/yolov8_msgs/include/yolov8_msgs/yolov8_msgs/msg/detail/yolov8_inference__type_support.hpp
[1.460s] -- Up-to-date symlink: /home/robogames/vt-cro/robogames_pi/car_robot_ws/install/yolov8_msgs/include/yolov8_msgs/yolov8_msgs/msg/inference_result.hpp
[1.460s] -- Up-to-date symlink: /home/robogames/vt-cro/robogames_pi/car_robot_ws/install/yolov8_msgs/include/yolov8_msgs/yolov8_msgs/msg/rosidl_generator_cpp__visibility_control.hpp
[1.460s] -- Up-to-date symlink: /home/robogames/vt-cro/robogames_pi/car_robot_ws/install/yolov8_msgs/include/yolov8_msgs/yolov8_msgs/msg/yolov8_inference.hpp
[1.460s] -- Up-to-date symlink: /home/robogames/vt-cro/robogames_pi/car_robot_ws/install/yolov8_msgs/include/yolov8_msgs/yolov8_msgs/msg/detail/color_detection__rosidl_typesupport_fastrtps_cpp.hpp
[1.460s] -- Up-to-date symlink: /home/robogames/vt-cro/robogames_pi/car_robot_ws/install/yolov8_msgs/include/yolov8_msgs/yolov8_msgs/msg/detail/inference_result__rosidl_typesupport_fastrtps_cpp.hpp
[1.460s] -- Up-to-date symlink: /home/robogames/vt-cro/robogames_pi/car_robot_ws/install/yolov8_msgs/include/yolov8_msgs/yolov8_msgs/msg/detail/yolov8_inference__rosidl_typesupport_fastrtps_cpp.hpp
[1.461s] -- Up-to-date symlink: /home/robogames/vt-cro/robogames_pi/car_robot_ws/install/yolov8_msgs/include/yolov8_msgs/yolov8_msgs/msg/rosidl_typesupport_fastrtps_cpp__visibility_control.h
[1.461s] -- Up-to-date symlink: /home/robogames/vt-cro/robogames_pi/car_robot_ws/install/yolov8_msgs/include/yolov8_msgs/yolov8_msgs/msg/detail/color_detection__rosidl_typesupport_introspection_c.h
[1.461s] -- Up-to-date symlink: /home/robogames/vt-cro/robogames_pi/car_robot_ws/install/yolov8_msgs/include/yolov8_msgs/yolov8_msgs/msg/detail/inference_result__rosidl_typesupport_introspection_c.h
[1.461s] -- Up-to-date symlink: /home/robogames/vt-cro/robogames_pi/car_robot_ws/install/yolov8_msgs/include/yolov8_msgs/yolov8_msgs/msg/detail/yolov8_inference__rosidl_typesupport_introspection_c.h
[1.461s] -- Up-to-date symlink: /home/robogames/vt-cro/robogames_pi/car_robot_ws/install/yolov8_msgs/include/yolov8_msgs/yolov8_msgs/msg/rosidl_typesupport_introspection_c__visibility_control.h
[1.461s] -- Up-to-date symlink: /home/robogames/vt-cro/robogames_pi/car_robot_ws/install/yolov8_msgs/include/yolov8_msgs/yolov8_msgs/msg/detail/color_detection__rosidl_typesupport_introspection_cpp.hpp
[1.461s] -- Up-to-date symlink: /home/robogames/vt-cro/robogames_pi/car_robot_ws/install/yolov8_msgs/include/yolov8_msgs/yolov8_msgs/msg/detail/inference_result__rosidl_typesupport_introspection_cpp.hpp
[1.461s] -- Up-to-date symlink: /home/robogames/vt-cro/robogames_pi/car_robot_ws/install/yolov8_msgs/include/yolov8_msgs/yolov8_msgs/msg/detail/yolov8_inference__rosidl_typesupport_introspection_cpp.hpp
[1.461s] -- Up-to-date symlink: /home/robogames/vt-cro/robogames_pi/car_robot_ws/install/yolov8_msgs/share/yolov8_msgs/environment/pythonpath.sh
[1.461s] -- Up-to-date symlink: /home/robogames/vt-cro/robogames_pi/car_robot_ws/install/yolov8_msgs/share/yolov8_msgs/environment/pythonpath.dsv
[1.462s] -- Up-to-date symlink: /home/robogames/vt-cro/robogames_pi/car_robot_ws/install/yolov8_msgs/lib/python3.12/site-packages/yolov8_msgs-0.0.0-py3.12.egg-info/PKG-INFO
[1.462s] -- Up-to-date symlink: /home/robogames/vt-cro/robogames_pi/car_robot_ws/install/yolov8_msgs/lib/python3.12/site-packages/yolov8_msgs-0.0.0-py3.12.egg-info/SOURCES.txt
[1.462s] -- Up-to-date symlink: /home/robogames/vt-cro/robogames_pi/car_robot_ws/install/yolov8_msgs/lib/python3.12/site-packages/yolov8_msgs-0.0.0-py3.12.egg-info/dependency_links.txt
[1.462s] -- Up-to-date symlink: /home/robogames/vt-cro/robogames_pi/car_robot_ws/install/yolov8_msgs/lib/python3.12/site-packages/yolov8_msgs-0.0.0-py3.12.egg-info/top_level.txt
[1.462s] -- Up-to-date symlink: /home/robogames/vt-cro/robogames_pi/car_robot_ws/install/yolov8_msgs/lib/python3.12/site-packages/yolov8_msgs/__init__.py
[1.462s] -- Up-to-date symlink: /home/robogames/vt-cro/robogames_pi/car_robot_ws/install/yolov8_msgs/lib/python3.12/site-packages/yolov8_msgs/_yolov8_msgs_s.ep.rosidl_typesupport_c.c
[1.462s] -- Up-to-date symlink: /home/robogames/vt-cro/robogames_pi/car_robot_ws/install/yolov8_msgs/lib/python3.12/site-packages/yolov8_msgs/_yolov8_msgs_s.ep.rosidl_typesupport_fastrtps_c.c
[1.462s] -- Up-to-date symlink: /home/robogames/vt-cro/robogames_pi/car_robot_ws/install/yolov8_msgs/lib/python3.12/site-packages/yolov8_msgs/_yolov8_msgs_s.ep.rosidl_typesupport_introspection_c.c
[1.462s] -- Up-to-date symlink: /home/robogames/vt-cro/robogames_pi/car_robot_ws/install/yolov8_msgs/lib/python3.12/site-packages/yolov8_msgs/msg/__init__.py
[1.462s] -- Up-to-date symlink: /home/robogames/vt-cro/robogames_pi/car_robot_ws/install/yolov8_msgs/lib/python3.12/site-packages/yolov8_msgs/msg/_color_detection.py
[1.463s] -- Up-to-date symlink: /home/robogames/vt-cro/robogames_pi/car_robot_ws/install/yolov8_msgs/lib/python3.12/site-packages/yolov8_msgs/msg/_color_detection_s.c
[1.463s] -- Up-to-date symlink: /home/robogames/vt-cro/robogames_pi/car_robot_ws/install/yolov8_msgs/lib/python3.12/site-packages/yolov8_msgs/msg/_inference_result.py
[1.463s] -- Up-to-date symlink: /home/robogames/vt-cro/robogames_pi/car_robot_ws/install/yolov8_msgs/lib/python3.12/site-packages/yolov8_msgs/msg/_inference_result_s.c
[1.463s] -- Up-to-date symlink: /home/robogames/vt-cro/robogames_pi/car_robot_ws/install/yolov8_msgs/lib/python3.12/site-packages/yolov8_msgs/msg/_yolov8_inference.py
[1.463s] -- Up-to-date symlink: /home/robogames/vt-cro/robogames_pi/car_robot_ws/install/yolov8_msgs/lib/python3.12/site-packages/yolov8_msgs/msg/_yolov8_inference_s.c
[1.463s] -- Up-to-date symlink: /home/robogames/vt-cro/robogames_pi/car_robot_ws/install/yolov8_msgs/lib/python3.12/site-packages/yolov8_msgs/yolov8_msgs_s__rosidl_typesupport_c.so
[1.463s] -- Up-to-date symlink: /home/robogames/vt-cro/robogames_pi/car_robot_ws/install/yolov8_msgs/lib/python3.12/site-packages/yolov8_msgs/yolov8_msgs_s__rosidl_typesupport_fastrtps_c.so
[1.463s] -- Up-to-date symlink: /home/robogames/vt-cro/robogames_pi/car_robot_ws/install/yolov8_msgs/lib/python3.12/site-packages/yolov8_msgs/yolov8_msgs_s__rosidl_typesupport_introspection_c.so
[1.463s] -- Up-to-date symlink: /home/robogames/vt-cro/robogames_pi/car_robot_ws/install/yolov8_msgs/lib/python3.12/site-packages/yolov8_msgs/yolov8_msgs_s__rosidl_typesupport_fastrtps_c.so
[1.463s] -- Up-to-date symlink: /home/robogames/vt-cro/robogames_pi/car_robot_ws/install/yolov8_msgs/lib/python3.12/site-packages/yolov8_msgs/yolov8_msgs_s__rosidl_typesupport_introspection_c.so
[1.463s] -- Up-to-date symlink: /home/robogames/vt-cro/robogames_pi/car_robot_ws/install/yolov8_msgs/lib/python3.12/site-packages/yolov8_msgs/yolov8_msgs_s__rosidl_typesupport_c.so
[1.464s] -- Up-to-date symlink: /home/robogames/vt-cro/robogames_pi/car_robot_ws/install/yolov8_msgs/share/yolov8_msgs/msg/InferenceResult.idl
[1.464s] -- Up-to-date symlink: /home/robogames/vt-cro/robogames_pi/car_robot_ws/install/yolov8_msgs/share/yolov8_msgs/msg/Yolov8Inference.idl
[1.464s] -- Up-to-date symlink: /home/robogames/vt-cro/robogames_pi/car_robot_ws/install/yolov8_msgs/share/yolov8_msgs/msg/ColorDetection.idl
[1.464s] -- Up-to-date symlink: /home/robogames/vt-cro/robogames_pi/car_robot_ws/install/yolov8_msgs/share/yolov8_msgs/msg/InferenceResult.msg
[1.464s] -- Up-to-date symlink: /home/robogames/vt-cro/robogames_pi/car_robot_ws/install/yolov8_msgs/share/yolov8_msgs/msg/Yolov8Inference.msg
[1.464s] -- Up-to-date symlink: /home/robogames/vt-cro/robogames_pi/car_robot_ws/install/yolov8_msgs/share/yolov8_msgs/msg/ColorDetection.msg
[1.464s] -- Up-to-date symlink: /home/robogames/vt-cro/robogames_pi/car_robot_ws/install/yolov8_msgs/share/ament_index/resource_index/package_run_dependencies/yolov8_msgs
[1.464s] -- Up-to-date symlink: /home/robogames/vt-cro/robogames_pi/car_robot_ws/install/yolov8_msgs/share/ament_index/resource_index/parent_prefix_path/yolov8_msgs
[1.464s] -- Up-to-date symlink: /home/robogames/vt-cro/robogames_pi/car_robot_ws/install/yolov8_msgs/share/yolov8_msgs/environment/ament_prefix_path.sh
[1.464s] -- Up-to-date symlink: /home/robogames/vt-cro/robogames_pi/car_robot_ws/install/yolov8_msgs/share/yolov8_msgs/environment/ament_prefix_path.dsv
[1.465s] -- Up-to-date symlink: /home/robogames/vt-cro/robogames_pi/car_robot_ws/install/yolov8_msgs/share/yolov8_msgs/environment/path.sh
[1.465s] -- Up-to-date symlink: /home/robogames/vt-cro/robogames_pi/car_robot_ws/install/yolov8_msgs/share/yolov8_msgs/environment/path.dsv
[1.465s] -- Up-to-date symlink: /home/robogames/vt-cro/robogames_pi/car_robot_ws/install/yolov8_msgs/share/yolov8_msgs/local_setup.bash
[1.465s] -- Up-to-date symlink: /home/robogames/vt-cro/robogames_pi/car_robot_ws/install/yolov8_msgs/share/yolov8_msgs/local_setup.sh
[1.465s] -- Up-to-date symlink: /home/robogames/vt-cro/robogames_pi/car_robot_ws/install/yolov8_msgs/share/yolov8_msgs/local_setup.zsh
[1.465s] -- Up-to-date symlink: /home/robogames/vt-cro/robogames_pi/car_robot_ws/install/yolov8_msgs/share/yolov8_msgs/local_setup.dsv
[1.465s] -- Symlinking: /home/robogames/vt-cro/robogames_pi/car_robot_ws/install/yolov8_msgs/share/yolov8_msgs/package.dsv
[1.479s] -- Up-to-date symlink: /home/robogames/vt-cro/robogames_pi/car_robot_ws/install/yolov8_msgs/share/ament_index/resource_index/packages/yolov8_msgs
[1.480s] -- Up-to-date symlink: /home/robogames/vt-cro/robogames_pi/car_robot_ws/install/yolov8_msgs/share/yolov8_msgs/cmake/rosidl_cmake-extras.cmake
[1.480s] -- Up-to-date symlink: /home/robogames/vt-cro/robogames_pi/car_robot_ws/install/yolov8_msgs/share/yolov8_msgs/cmake/ament_cmake_export_dependencies-extras.cmake
[1.480s] -- Up-to-date symlink: /home/robogames/vt-cro/robogames_pi/car_robot_ws/install/yolov8_msgs/share/yolov8_msgs/cmake/ament_cmake_export_include_directories-extras.cmake
[1.481s] -- Up-to-date symlink: /home/robogames/vt-cro/robogames_pi/car_robot_ws/install/yolov8_msgs/share/yolov8_msgs/cmake/ament_cmake_export_libraries-extras.cmake
[1.481s] -- Up-to-date symlink: /home/robogames/vt-cro/robogames_pi/car_robot_ws/install/yolov8_msgs/share/yolov8_msgs/cmake/ament_cmake_export_targets-extras.cmake
[1.481s] -- Up-to-date symlink: /home/robogames/vt-cro/robogames_pi/car_robot_ws/install/yolov8_msgs/share/yolov8_msgs/cmake/rosidl_cmake_export_typesupport_targets-extras.cmake
[1.482s] -- Up-to-date symlink: /home/robogames/vt-cro/robogames_pi/car_robot_ws/install/yolov8_msgs/share/yolov8_msgs/cmake/rosidl_cmake_export_typesupport_libraries-extras.cmake
[1.482s] -- Up-to-date symlink: /home/robogames/vt-cro/robogames_pi/car_robot_ws/install/yolov8_msgs/share/yolov8_msgs/cmake/yolov8_msgsConfig.cmake
[1.482s] -- Up-to-date symlink: /home/robogames/vt-cro/robogames_pi/car_robot_ws/install/yolov8_msgs/share/yolov8_msgs/cmake/yolov8_msgsConfig-version.cmake
[1.482s] -- Up-to-date symlink: /home/robogames/vt-cro/robogames_pi/car_robot_ws/install/yolov8_msgs/share/yolov8_msgs/package.xml
[1.483s] -- Up-to-date: /home/robogames/vt-cro/robogames_pi/car_robot_ws/install/yolov8_msgs/lib/libyolov8_msgs__rosidl_generator_c.so
[1.483s] -- Up-to-date: /home/robogames/vt-cro/robogames_pi/car_robot_ws/install/yolov8_msgs/lib/libyolov8_msgs__rosidl_typesupport_fastrtps_c.so
[1.483s] -- Up-to-date: /home/robogames/vt-cro/robogames_pi/car_robot_ws/install/yolov8_msgs/lib/libyolov8_msgs__rosidl_typesupport_fastrtps_cpp.so
[1.484s] -- Up-to-date: /home/robogames/vt-cro/robogames_pi/car_robot_ws/install/yolov8_msgs/lib/libyolov8_msgs__rosidl_typesupport_introspection_c.so
[1.484s] -- Up-to-date: /home/robogames/vt-cro/robogames_pi/car_robot_ws/install/yolov8_msgs/lib/libyolov8_msgs__rosidl_typesupport_c.so
[1.484s] -- Up-to-date: /home/robogames/vt-cro/robogames_pi/car_robot_ws/install/yolov8_msgs/lib/libyolov8_msgs__rosidl_typesupport_introspection_cpp.so
[1.487s] -- Up-to-date: /home/robogames/vt-cro/robogames_pi/car_robot_ws/install/yolov8_msgs/lib/libyolov8_msgs__rosidl_typesupport_cpp.so
[1.553s] Listing '/home/robogames/vt-cro/robogames_pi/car_robot_ws/install/yolov8_msgs/lib/python3.12/site-packages/yolov8_msgs'...
[1.553s] Listing '/home/robogames/vt-cro/robogames_pi/car_robot_ws/install/yolov8_msgs/lib/python3.12/site-packages/yolov8_msgs/msg'...
[1.569s] -- Up-to-date: /home/robogames/vt-cro/robogames_pi/car_robot_ws/install/yolov8_msgs/lib/libyolov8_msgs__rosidl_generator_py.so
[1.572s] -- Up-to-date: /home/robogames/vt-cro/robogames_pi/car_robot_ws/install/yolov8_msgs/share/yolov8_msgs/cmake/export_yolov8_msgs__rosidl_generator_cExport.cmake
[1.572s] -- Up-to-date: /home/robogames/vt-cro/robogames_pi/car_robot_ws/install/yolov8_msgs/share/yolov8_msgs/cmake/export_yolov8_msgs__rosidl_generator_cExport-noconfig.cmake
[1.572s] -- Up-to-date: /home/robogames/vt-cro/robogames_pi/car_robot_ws/install/yolov8_msgs/share/yolov8_msgs/cmake/export_yolov8_msgs__rosidl_typesupport_fastrtps_cExport.cmake
[1.572s] -- Up-to-date: /home/robogames/vt-cro/robogames_pi/car_robot_ws/install/yolov8_msgs/share/yolov8_msgs/cmake/export_yolov8_msgs__rosidl_typesupport_fastrtps_cExport-noconfig.cmake
[1.572s] -- Up-to-date: /home/robogames/vt-cro/robogames_pi/car_robot_ws/install/yolov8_msgs/share/yolov8_msgs/cmake/export_yolov8_msgs__rosidl_generator_cppExport.cmake
[1.573s] -- Up-to-date: /home/robogames/vt-cro/robogames_pi/car_robot_ws/install/yolov8_msgs/share/yolov8_msgs/cmake/export_yolov8_msgs__rosidl_typesupport_fastrtps_cppExport.cmake
[1.573s] -- Up-to-date: /home/robogames/vt-cro/robogames_pi/car_robot_ws/install/yolov8_msgs/share/yolov8_msgs/cmake/export_yolov8_msgs__rosidl_typesupport_fastrtps_cppExport-noconfig.cmake
[1.573s] -- Up-to-date: /home/robogames/vt-cro/robogames_pi/car_robot_ws/install/yolov8_msgs/share/yolov8_msgs/cmake/yolov8_msgs__rosidl_typesupport_introspection_cExport.cmake
[1.573s] -- Up-to-date: /home/robogames/vt-cro/robogames_pi/car_robot_ws/install/yolov8_msgs/share/yolov8_msgs/cmake/yolov8_msgs__rosidl_typesupport_introspection_cExport-noconfig.cmake
[1.577s] -- Up-to-date: /home/robogames/vt-cro/robogames_pi/car_robot_ws/install/yolov8_msgs/share/yolov8_msgs/cmake/yolov8_msgs__rosidl_typesupport_cExport.cmake
[1.577s] -- Up-to-date: /home/robogames/vt-cro/robogames_pi/car_robot_ws/install/yolov8_msgs/share/yolov8_msgs/cmake/yolov8_msgs__rosidl_typesupport_cExport-noconfig.cmake
[1.577s] -- Up-to-date: /home/robogames/vt-cro/robogames_pi/car_robot_ws/install/yolov8_msgs/share/yolov8_msgs/cmake/yolov8_msgs__rosidl_typesupport_introspection_cppExport.cmake
[1.577s] -- Up-to-date: /home/robogames/vt-cro/robogames_pi/car_robot_ws/install/yolov8_msgs/share/yolov8_msgs/cmake/yolov8_msgs__rosidl_typesupport_introspection_cppExport-noconfig.cmake
[1.577s] -- Up-to-date: /home/robogames/vt-cro/robogames_pi/car_robot_ws/install/yolov8_msgs/share/yolov8_msgs/cmake/yolov8_msgs__rosidl_typesupport_cppExport.cmake
[1.578s] -- Up-to-date: /home/robogames/vt-cro/robogames_pi/car_robot_ws/install/yolov8_msgs/share/yolov8_msgs/cmake/yolov8_msgs__rosidl_typesupport_cppExport-noconfig.cmake
[1.578s] -- Up-to-date: /home/robogames/vt-cro/robogames_pi/car_robot_ws/install/yolov8_msgs/share/yolov8_msgs/cmake/export_yolov8_msgs__rosidl_generator_pyExport.cmake
[1.578s] -- Up-to-date: /home/robogames/vt-cro/robogames_pi/car_robot_ws/install/yolov8_msgs/share/yolov8_msgs/cmake/export_yolov8_msgs__rosidl_generator_pyExport-noconfig.cmake
[1.578s] Invoked command in '/home/robogames/vt-cro/robogames_pi/car_robot_ws/build/yolov8_msgs' returned '0': CMAKE_PREFIX_PATH=/home/robogames/vt-cro/robogames_pi/car_robot_ws/install/yolov8_msgs:/home/robogames/vt-cro/robogames_pi/car_robot_ws/install/yolobot_recognition:/opt/ros/jazzy:/home/robogames/vt-cro/robogames_pi/car_robot_ws/install/serial:/home/robogames/vt-cro/robogames_pi/car_robot_ws/install/diffdrive_arduino:/home/robogames/vt-cro/robogames_pi/car_robot_ws/install/articubot_one:/opt/ros/jazzy/opt/gz_sim_vendor:/opt/ros/jazzy/opt/gz_sensors_vendor:/opt/ros/jazzy/opt/gz_physics_vendor:/opt/ros/jazzy/opt/sdformat_vendor:/opt/ros/jazzy/opt/gz_gui_vendor:/opt/ros/jazzy/opt/gz_transport_vendor:/opt/ros/jazzy/opt/gz_rendering_vendor:/opt/ros/jazzy/opt/gz_plugin_vendor:/opt/ros/jazzy/opt/gz_fuel_tools_vendor:/opt/ros/jazzy/opt/gz_msgs_vendor:/opt/ros/jazzy/opt/gz_common_vendor:/opt/ros/jazzy/opt/gz_math_vendor:/opt/ros/jazzy/opt/gz_utils_vendor:/opt/ros/jazzy/opt/gz_tools_vendor:/opt/ros/jazzy/opt/gz_ogre_next_vendor:/opt/ros/jazzy/opt/gz_dartsim_vendor:/opt/ros/jazzy/opt/gz_cmake_vendor DEBUGINFOD_URLS=https://debuginfod.ubuntu.com PS1=(ros2_python_venv) \[\e]0;\u@\h: \w\a\]${debian_chroot:+($debian_chroot)}\[\033[01;32m\]\u@\h\[\033[00m\]:\[\033[01;34m\]\w\[\033[00m\]\$ VIRTUAL_ENV_PROMPT=(ros2_python_venv) /usr/bin/cmake --install /home/robogames/vt-cro/robogames_pi/car_robot_ws/build/yolov8_msgs
