[0.091s] Invoking command in '/home/robogames/vt-cro/robogames_pi/yolobot/build/yolov8_msgs': CMAKE_PREFIX_PATH=/home/robogames/vt-cro/robogames_pi/yolobot/install/yolov8_msgs:/home/robogames/vt-cro/robogames_pi/yolobot/install/yolobot_recognition:/home/robogames/vt-cro/robogames_pi/yolobot/install/yolobot_gazebo:/home/robogames/vt-cro/robogames_pi/yolobot/install/yolobot_description:/home/robogames/vt-cro/robogames_pi/yolobot/install/yolobot_control:/home/robogames/vt-cro/robogames_pi/car_robot_ws/install/opencv_tools:/home/robogames/vt-cro/robogames_pi/car_robot_ws/install/object_detection:/opt/ros/jazzy:/home/robogames/vt-cro/robogames_pi/car_robot_ws/install/serial:/home/robogames/vt-cro/robogames_pi/car_robot_ws/install/diffdrive_arduino:/home/robogames/vt-cro/robogames_pi/car_robot_ws/install/articubot_one:/opt/ros/jazzy/opt/gz_sim_vendor:/opt/ros/jazzy/opt/gz_sensors_vendor:/opt/ros/jazzy/opt/gz_physics_vendor:/opt/ros/jazzy/opt/sdformat_vendor:/opt/ros/jazzy/opt/gz_gui_vendor:/opt/ros/jazzy/opt/gz_transport_vendor:/opt/ros/jazzy/opt/gz_rendering_vendor:/opt/ros/jazzy/opt/gz_plugin_vendor:/opt/ros/jazzy/opt/gz_fuel_tools_vendor:/opt/ros/jazzy/opt/gz_msgs_vendor:/opt/ros/jazzy/opt/gz_common_vendor:/opt/ros/jazzy/opt/gz_math_vendor:/opt/ros/jazzy/opt/gz_utils_vendor:/opt/ros/jazzy/opt/gz_tools_vendor:/opt/ros/jazzy/opt/gz_ogre_next_vendor:/opt/ros/jazzy/opt/gz_dartsim_vendor:/opt/ros/jazzy/opt/gz_cmake_vendor DEBUGINFOD_URLS=https://debuginfod.ubuntu.com PS1=(ros2_python_venv) \[\e]0;\u@\h: \w\a\]${debian_chroot:+($debian_chroot)}\[\033[01;32m\]\u@\h\[\033[00m\]:\[\033[01;34m\]\w\[\033[00m\]\$ VIRTUAL_ENV_PROMPT=(ros2_python_venv) /usr/bin/cmake /home/robogames/vt-cro/robogames_pi/yolobot/src/yolov8_msgs -DCMAKE_INSTALL_PREFIX=/home/robogames/vt-cro/robogames_pi/yolobot/install/yolov8_msgs
[0.116s] -- Found ament_cmake: 2.5.3 (/opt/ros/jazzy/share/ament_cmake/cmake)
[0.158s] -- Found Python3: /home/robogames/ros2_python_venv/bin/python3 (found version "3.12.3") found components: Interpreter 
[0.305s] -- Override CMake install command with custom implementation using symlinks instead of copying resources
[0.316s] -- Found std_msgs: 5.3.5 (/opt/ros/jazzy/share/std_msgs/cmake)
[0.355s] -- Found rosidl_generator_c: 4.6.5 (/opt/ros/jazzy/share/rosidl_generator_c/cmake)
[0.369s] -- Found rosidl_generator_cpp: 4.6.5 (/opt/ros/jazzy/share/rosidl_generator_cpp/cmake)
[0.386s] -- Using all available rosidl_typesupport_c: rosidl_typesupport_fastrtps_c;rosidl_typesupport_introspection_c
[0.407s] -- Using all available rosidl_typesupport_cpp: rosidl_typesupport_fastrtps_cpp;rosidl_typesupport_introspection_cpp
[0.447s] -- Found rosidl_default_generators: 1.6.0 (/opt/ros/jazzy/share/rosidl_default_generators/cmake)
[0.460s] -- Found rosidl_adapter: 4.6.5 (/opt/ros/jazzy/share/rosidl_adapter/cmake)
[0.925s] -- Found ament_cmake_ros: 0.12.0 (/opt/ros/jazzy/share/ament_cmake_ros/cmake)
[1.280s] -- Using all available rosidl_typesupport_c: rosidl_typesupport_fastrtps_c;rosidl_typesupport_introspection_c
[1.422s] -- Using all available rosidl_typesupport_cpp: rosidl_typesupport_fastrtps_cpp;rosidl_typesupport_introspection_cpp
[1.424s] -- Found python_cmake_module: 0.11.1 (/opt/ros/jazzy/share/python_cmake_module/cmake)
[1.880s] -- Found Python3: /home/robogames/ros2_python_venv/bin/python3 (found version "3.12.3") found components: Interpreter Development NumPy Development.Module Development.Embed 
[1.919s] -- Found ament_lint_auto: 0.17.1 (/opt/ros/jazzy/share/ament_lint_auto/cmake)
[1.935s] -- Added test 'copyright' to check source files copyright and LICENSE
[1.937s] -- Added test 'lint_cmake' to check CMake code style
[1.938s] -- Added test 'xmllint' to check XML markup files
[1.942s] -- Configuring done (1.8s)
[2.033s] -- Generating done (0.1s)
[2.083s] -- Build files have been written to: /home/robogames/vt-cro/robogames_pi/yolobot/build/yolov8_msgs
[2.102s] Invoked command in '/home/robogames/vt-cro/robogames_pi/yolobot/build/yolov8_msgs' returned '0': CMAKE_PREFIX_PATH=/home/robogames/vt-cro/robogames_pi/yolobot/install/yolov8_msgs:/home/robogames/vt-cro/robogames_pi/yolobot/install/yolobot_recognition:/home/robogames/vt-cro/robogames_pi/yolobot/install/yolobot_gazebo:/home/robogames/vt-cro/robogames_pi/yolobot/install/yolobot_description:/home/robogames/vt-cro/robogames_pi/yolobot/install/yolobot_control:/home/robogames/vt-cro/robogames_pi/car_robot_ws/install/opencv_tools:/home/robogames/vt-cro/robogames_pi/car_robot_ws/install/object_detection:/opt/ros/jazzy:/home/robogames/vt-cro/robogames_pi/car_robot_ws/install/serial:/home/robogames/vt-cro/robogames_pi/car_robot_ws/install/diffdrive_arduino:/home/robogames/vt-cro/robogames_pi/car_robot_ws/install/articubot_one:/opt/ros/jazzy/opt/gz_sim_vendor:/opt/ros/jazzy/opt/gz_sensors_vendor:/opt/ros/jazzy/opt/gz_physics_vendor:/opt/ros/jazzy/opt/sdformat_vendor:/opt/ros/jazzy/opt/gz_gui_vendor:/opt/ros/jazzy/opt/gz_transport_vendor:/opt/ros/jazzy/opt/gz_rendering_vendor:/opt/ros/jazzy/opt/gz_plugin_vendor:/opt/ros/jazzy/opt/gz_fuel_tools_vendor:/opt/ros/jazzy/opt/gz_msgs_vendor:/opt/ros/jazzy/opt/gz_common_vendor:/opt/ros/jazzy/opt/gz_math_vendor:/opt/ros/jazzy/opt/gz_utils_vendor:/opt/ros/jazzy/opt/gz_tools_vendor:/opt/ros/jazzy/opt/gz_ogre_next_vendor:/opt/ros/jazzy/opt/gz_dartsim_vendor:/opt/ros/jazzy/opt/gz_cmake_vendor DEBUGINFOD_URLS=https://debuginfod.ubuntu.com PS1=(ros2_python_venv) \[\e]0;\u@\h: \w\a\]${debian_chroot:+($debian_chroot)}\[\033[01;32m\]\u@\h\[\033[00m\]:\[\033[01;34m\]\w\[\033[00m\]\$ VIRTUAL_ENV_PROMPT=(ros2_python_venv) /usr/bin/cmake /home/robogames/vt-cro/robogames_pi/yolobot/src/yolov8_msgs -DCMAKE_INSTALL_PREFIX=/home/robogames/vt-cro/robogames_pi/yolobot/install/yolov8_msgs
[2.104s] Invoking command in '/home/robogames/vt-cro/robogames_pi/yolobot/build/yolov8_msgs': CMAKE_PREFIX_PATH=/home/robogames/vt-cro/robogames_pi/yolobot/install/yolov8_msgs:/home/robogames/vt-cro/robogames_pi/yolobot/install/yolobot_recognition:/home/robogames/vt-cro/robogames_pi/yolobot/install/yolobot_gazebo:/home/robogames/vt-cro/robogames_pi/yolobot/install/yolobot_description:/home/robogames/vt-cro/robogames_pi/yolobot/install/yolobot_control:/home/robogames/vt-cro/robogames_pi/car_robot_ws/install/opencv_tools:/home/robogames/vt-cro/robogames_pi/car_robot_ws/install/object_detection:/opt/ros/jazzy:/home/robogames/vt-cro/robogames_pi/car_robot_ws/install/serial:/home/robogames/vt-cro/robogames_pi/car_robot_ws/install/diffdrive_arduino:/home/robogames/vt-cro/robogames_pi/car_robot_ws/install/articubot_one:/opt/ros/jazzy/opt/gz_sim_vendor:/opt/ros/jazzy/opt/gz_sensors_vendor:/opt/ros/jazzy/opt/gz_physics_vendor:/opt/ros/jazzy/opt/sdformat_vendor:/opt/ros/jazzy/opt/gz_gui_vendor:/opt/ros/jazzy/opt/gz_transport_vendor:/opt/ros/jazzy/opt/gz_rendering_vendor:/opt/ros/jazzy/opt/gz_plugin_vendor:/opt/ros/jazzy/opt/gz_fuel_tools_vendor:/opt/ros/jazzy/opt/gz_msgs_vendor:/opt/ros/jazzy/opt/gz_common_vendor:/opt/ros/jazzy/opt/gz_math_vendor:/opt/ros/jazzy/opt/gz_utils_vendor:/opt/ros/jazzy/opt/gz_tools_vendor:/opt/ros/jazzy/opt/gz_ogre_next_vendor:/opt/ros/jazzy/opt/gz_dartsim_vendor:/opt/ros/jazzy/opt/gz_cmake_vendor DEBUGINFOD_URLS=https://debuginfod.ubuntu.com PS1=(ros2_python_venv) \[\e]0;\u@\h: \w\a\]${debian_chroot:+($debian_chroot)}\[\033[01;32m\]\u@\h\[\033[00m\]:\[\033[01;34m\]\w\[\033[00m\]\$ VIRTUAL_ENV_PROMPT=(ros2_python_venv) /usr/bin/cmake --build /home/robogames/vt-cro/robogames_pi/yolobot/build/yolov8_msgs -- -j4 -l4
[2.209s] [  2%] Built target yolov8_msgs__rosidl_generator_type_description
[2.230s] [  2%] Built target ament_cmake_python_symlink_yolov8_msgs
[2.260s] [  4%] Built target yolov8_msgs__cpp
[2.262s] [ 22%] Built target yolov8_msgs__rosidl_generator_c
[2.334s] [ 31%] Built target yolov8_msgs__rosidl_typesupport_fastrtps_c
[2.334s] [ 40%] Built target yolov8_msgs__rosidl_typesupport_fastrtps_cpp
[2.352s] [ 50%] Built target yolov8_msgs__rosidl_typesupport_cpp
[2.402s] [ 59%] Built target yolov8_msgs__rosidl_typesupport_introspection_c
[2.420s] [ 68%] Built target yolov8_msgs__rosidl_typesupport_c
[2.433s] [ 77%] Built target yolov8_msgs__rosidl_typesupport_introspection_cpp
[2.477s] [ 77%] Built target yolov8_msgs
[2.519s] [ 79%] Built target yolov8_msgs__py
[2.572s] [ 86%] Built target yolov8_msgs__rosidl_generator_py
[2.628s] [ 90%] Built target yolov8_msgs_s__rosidl_typesupport_introspection_c
[2.637s] [ 95%] Built target yolov8_msgs_s__rosidl_typesupport_fastrtps_c
[2.638s] [100%] Built target yolov8_msgs_s__rosidl_typesupport_c
[2.690s] running egg_info
[2.738s] writing yolov8_msgs.egg-info/PKG-INFO
[2.739s] writing dependency_links to yolov8_msgs.egg-info/dependency_links.txt
[2.741s] writing top-level names to yolov8_msgs.egg-info/top_level.txt
[2.886s] reading manifest file 'yolov8_msgs.egg-info/SOURCES.txt'
[2.887s] writing manifest file 'yolov8_msgs.egg-info/SOURCES.txt'
[2.983s] [100%] Built target ament_cmake_python_build_yolov8_msgs_egg
[3.012s] Invoked command in '/home/robogames/vt-cro/robogames_pi/yolobot/build/yolov8_msgs' returned '0': CMAKE_PREFIX_PATH=/home/robogames/vt-cro/robogames_pi/yolobot/install/yolov8_msgs:/home/robogames/vt-cro/robogames_pi/yolobot/install/yolobot_recognition:/home/robogames/vt-cro/robogames_pi/yolobot/install/yolobot_gazebo:/home/robogames/vt-cro/robogames_pi/yolobot/install/yolobot_description:/home/robogames/vt-cro/robogames_pi/yolobot/install/yolobot_control:/home/robogames/vt-cro/robogames_pi/car_robot_ws/install/opencv_tools:/home/robogames/vt-cro/robogames_pi/car_robot_ws/install/object_detection:/opt/ros/jazzy:/home/robogames/vt-cro/robogames_pi/car_robot_ws/install/serial:/home/robogames/vt-cro/robogames_pi/car_robot_ws/install/diffdrive_arduino:/home/robogames/vt-cro/robogames_pi/car_robot_ws/install/articubot_one:/opt/ros/jazzy/opt/gz_sim_vendor:/opt/ros/jazzy/opt/gz_sensors_vendor:/opt/ros/jazzy/opt/gz_physics_vendor:/opt/ros/jazzy/opt/sdformat_vendor:/opt/ros/jazzy/opt/gz_gui_vendor:/opt/ros/jazzy/opt/gz_transport_vendor:/opt/ros/jazzy/opt/gz_rendering_vendor:/opt/ros/jazzy/opt/gz_plugin_vendor:/opt/ros/jazzy/opt/gz_fuel_tools_vendor:/opt/ros/jazzy/opt/gz_msgs_vendor:/opt/ros/jazzy/opt/gz_common_vendor:/opt/ros/jazzy/opt/gz_math_vendor:/opt/ros/jazzy/opt/gz_utils_vendor:/opt/ros/jazzy/opt/gz_tools_vendor:/opt/ros/jazzy/opt/gz_ogre_next_vendor:/opt/ros/jazzy/opt/gz_dartsim_vendor:/opt/ros/jazzy/opt/gz_cmake_vendor DEBUGINFOD_URLS=https://debuginfod.ubuntu.com PS1=(ros2_python_venv) \[\e]0;\u@\h: \w\a\]${debian_chroot:+($debian_chroot)}\[\033[01;32m\]\u@\h\[\033[00m\]:\[\033[01;34m\]\w\[\033[00m\]\$ VIRTUAL_ENV_PROMPT=(ros2_python_venv) /usr/bin/cmake --build /home/robogames/vt-cro/robogames_pi/yolobot/build/yolov8_msgs -- -j4 -l4
[3.016s] Invoking command in '/home/robogames/vt-cro/robogames_pi/yolobot/build/yolov8_msgs': CMAKE_PREFIX_PATH=/home/robogames/vt-cro/robogames_pi/yolobot/install/yolov8_msgs:/home/robogames/vt-cro/robogames_pi/yolobot/install/yolobot_recognition:/home/robogames/vt-cro/robogames_pi/yolobot/install/yolobot_gazebo:/home/robogames/vt-cro/robogames_pi/yolobot/install/yolobot_description:/home/robogames/vt-cro/robogames_pi/yolobot/install/yolobot_control:/home/robogames/vt-cro/robogames_pi/car_robot_ws/install/opencv_tools:/home/robogames/vt-cro/robogames_pi/car_robot_ws/install/object_detection:/opt/ros/jazzy:/home/robogames/vt-cro/robogames_pi/car_robot_ws/install/serial:/home/robogames/vt-cro/robogames_pi/car_robot_ws/install/diffdrive_arduino:/home/robogames/vt-cro/robogames_pi/car_robot_ws/install/articubot_one:/opt/ros/jazzy/opt/gz_sim_vendor:/opt/ros/jazzy/opt/gz_sensors_vendor:/opt/ros/jazzy/opt/gz_physics_vendor:/opt/ros/jazzy/opt/sdformat_vendor:/opt/ros/jazzy/opt/gz_gui_vendor:/opt/ros/jazzy/opt/gz_transport_vendor:/opt/ros/jazzy/opt/gz_rendering_vendor:/opt/ros/jazzy/opt/gz_plugin_vendor:/opt/ros/jazzy/opt/gz_fuel_tools_vendor:/opt/ros/jazzy/opt/gz_msgs_vendor:/opt/ros/jazzy/opt/gz_common_vendor:/opt/ros/jazzy/opt/gz_math_vendor:/opt/ros/jazzy/opt/gz_utils_vendor:/opt/ros/jazzy/opt/gz_tools_vendor:/opt/ros/jazzy/opt/gz_ogre_next_vendor:/opt/ros/jazzy/opt/gz_dartsim_vendor:/opt/ros/jazzy/opt/gz_cmake_vendor DEBUGINFOD_URLS=https://debuginfod.ubuntu.com PS1=(ros2_python_venv) \[\e]0;\u@\h: \w\a\]${debian_chroot:+($debian_chroot)}\[\033[01;32m\]\u@\h\[\033[00m\]:\[\033[01;34m\]\w\[\033[00m\]\$ VIRTUAL_ENV_PROMPT=(ros2_python_venv) /usr/bin/cmake --install /home/robogames/vt-cro/robogames_pi/yolobot/build/yolov8_msgs
[3.041s] -- Install configuration: ""
[3.042s] -- Execute custom install script
[3.043s] -- Up-to-date symlink: /home/robogames/vt-cro/robogames_pi/yolobot/install/yolov8_msgs/share/ament_index/resource_index/rosidl_interfaces/yolov8_msgs
[3.044s] -- Up-to-date symlink: /home/robogames/vt-cro/robogames_pi/yolobot/install/yolov8_msgs/share/yolov8_msgs/msg/InferenceResult.json
[3.045s] -- Up-to-date symlink: /home/robogames/vt-cro/robogames_pi/yolobot/install/yolov8_msgs/share/yolov8_msgs/msg/Yolov8Inference.json
[3.046s] -- Up-to-date symlink: /home/robogames/vt-cro/robogames_pi/yolobot/install/yolov8_msgs/include/yolov8_msgs/yolov8_msgs/msg/detail/inference_result__functions.h
[3.047s] -- Up-to-date symlink: /home/robogames/vt-cro/robogames_pi/yolobot/install/yolov8_msgs/include/yolov8_msgs/yolov8_msgs/msg/detail/inference_result__struct.h
[3.047s] -- Up-to-date symlink: /home/robogames/vt-cro/robogames_pi/yolobot/install/yolov8_msgs/include/yolov8_msgs/yolov8_msgs/msg/detail/inference_result__type_support.h
[3.048s] -- Up-to-date symlink: /home/robogames/vt-cro/robogames_pi/yolobot/install/yolov8_msgs/include/yolov8_msgs/yolov8_msgs/msg/detail/yolov8_inference__functions.h
[3.048s] -- Up-to-date symlink: /home/robogames/vt-cro/robogames_pi/yolobot/install/yolov8_msgs/include/yolov8_msgs/yolov8_msgs/msg/detail/yolov8_inference__struct.h
[3.048s] -- Up-to-date symlink: /home/robogames/vt-cro/robogames_pi/yolobot/install/yolov8_msgs/include/yolov8_msgs/yolov8_msgs/msg/detail/yolov8_inference__type_support.h
[3.050s] -- Up-to-date symlink: /home/robogames/vt-cro/robogames_pi/yolobot/install/yolov8_msgs/include/yolov8_msgs/yolov8_msgs/msg/inference_result.h
[3.051s] -- Up-to-date symlink: /home/robogames/vt-cro/robogames_pi/yolobot/install/yolov8_msgs/include/yolov8_msgs/yolov8_msgs/msg/rosidl_generator_c__visibility_control.h
[3.051s] -- Up-to-date symlink: /home/robogames/vt-cro/robogames_pi/yolobot/install/yolov8_msgs/include/yolov8_msgs/yolov8_msgs/msg/yolov8_inference.h
[3.051s] -- Up-to-date symlink: /home/robogames/vt-cro/robogames_pi/yolobot/install/yolov8_msgs/share/yolov8_msgs/environment/library_path.sh
[3.051s] -- Up-to-date symlink: /home/robogames/vt-cro/robogames_pi/yolobot/install/yolov8_msgs/share/yolov8_msgs/environment/library_path.dsv
[3.052s] -- Up-to-date symlink: /home/robogames/vt-cro/robogames_pi/yolobot/install/yolov8_msgs/include/yolov8_msgs/yolov8_msgs/msg/detail/inference_result__rosidl_typesupport_fastrtps_c.h
[3.052s] -- Up-to-date symlink: /home/robogames/vt-cro/robogames_pi/yolobot/install/yolov8_msgs/include/yolov8_msgs/yolov8_msgs/msg/detail/yolov8_inference__rosidl_typesupport_fastrtps_c.h
[3.053s] -- Up-to-date symlink: /home/robogames/vt-cro/robogames_pi/yolobot/install/yolov8_msgs/include/yolov8_msgs/yolov8_msgs/msg/rosidl_typesupport_fastrtps_c__visibility_control.h
[3.054s] -- Up-to-date symlink: /home/robogames/vt-cro/robogames_pi/yolobot/install/yolov8_msgs/include/yolov8_msgs/yolov8_msgs/msg/detail/inference_result__builder.hpp
[3.055s] -- Up-to-date symlink: /home/robogames/vt-cro/robogames_pi/yolobot/install/yolov8_msgs/include/yolov8_msgs/yolov8_msgs/msg/detail/inference_result__struct.hpp
[3.056s] -- Up-to-date symlink: /home/robogames/vt-cro/robogames_pi/yolobot/install/yolov8_msgs/include/yolov8_msgs/yolov8_msgs/msg/detail/inference_result__traits.hpp
[3.056s] -- Up-to-date symlink: /home/robogames/vt-cro/robogames_pi/yolobot/install/yolov8_msgs/include/yolov8_msgs/yolov8_msgs/msg/detail/inference_result__type_support.hpp
[3.056s] -- Up-to-date symlink: /home/robogames/vt-cro/robogames_pi/yolobot/install/yolov8_msgs/include/yolov8_msgs/yolov8_msgs/msg/detail/yolov8_inference__builder.hpp
[3.056s] -- Up-to-date symlink: /home/robogames/vt-cro/robogames_pi/yolobot/install/yolov8_msgs/include/yolov8_msgs/yolov8_msgs/msg/detail/yolov8_inference__struct.hpp
[3.056s] -- Up-to-date symlink: /home/robogames/vt-cro/robogames_pi/yolobot/install/yolov8_msgs/include/yolov8_msgs/yolov8_msgs/msg/detail/yolov8_inference__traits.hpp
[3.057s] -- Up-to-date symlink: /home/robogames/vt-cro/robogames_pi/yolobot/install/yolov8_msgs/include/yolov8_msgs/yolov8_msgs/msg/detail/yolov8_inference__type_support.hpp
[3.057s] -- Up-to-date symlink: /home/robogames/vt-cro/robogames_pi/yolobot/install/yolov8_msgs/include/yolov8_msgs/yolov8_msgs/msg/inference_result.hpp
[3.058s] -- Up-to-date symlink: /home/robogames/vt-cro/robogames_pi/yolobot/install/yolov8_msgs/include/yolov8_msgs/yolov8_msgs/msg/rosidl_generator_cpp__visibility_control.hpp
[3.058s] -- Up-to-date symlink: /home/robogames/vt-cro/robogames_pi/yolobot/install/yolov8_msgs/include/yolov8_msgs/yolov8_msgs/msg/yolov8_inference.hpp
[3.059s] -- Up-to-date symlink: /home/robogames/vt-cro/robogames_pi/yolobot/install/yolov8_msgs/include/yolov8_msgs/yolov8_msgs/msg/detail/inference_result__rosidl_typesupport_fastrtps_cpp.hpp
[3.060s] -- Up-to-date symlink: /home/robogames/vt-cro/robogames_pi/yolobot/install/yolov8_msgs/include/yolov8_msgs/yolov8_msgs/msg/detail/yolov8_inference__rosidl_typesupport_fastrtps_cpp.hpp
[3.060s] -- Up-to-date symlink: /home/robogames/vt-cro/robogames_pi/yolobot/install/yolov8_msgs/include/yolov8_msgs/yolov8_msgs/msg/rosidl_typesupport_fastrtps_cpp__visibility_control.h
[3.060s] -- Up-to-date symlink: /home/robogames/vt-cro/robogames_pi/yolobot/install/yolov8_msgs/include/yolov8_msgs/yolov8_msgs/msg/detail/inference_result__rosidl_typesupport_introspection_c.h
[3.060s] -- Up-to-date symlink: /home/robogames/vt-cro/robogames_pi/yolobot/install/yolov8_msgs/include/yolov8_msgs/yolov8_msgs/msg/detail/yolov8_inference__rosidl_typesupport_introspection_c.h
[3.060s] -- Up-to-date symlink: /home/robogames/vt-cro/robogames_pi/yolobot/install/yolov8_msgs/include/yolov8_msgs/yolov8_msgs/msg/rosidl_typesupport_introspection_c__visibility_control.h
[3.061s] -- Up-to-date symlink: /home/robogames/vt-cro/robogames_pi/yolobot/install/yolov8_msgs/include/yolov8_msgs/yolov8_msgs/msg/detail/inference_result__rosidl_typesupport_introspection_cpp.hpp
[3.061s] -- Up-to-date symlink: /home/robogames/vt-cro/robogames_pi/yolobot/install/yolov8_msgs/include/yolov8_msgs/yolov8_msgs/msg/detail/yolov8_inference__rosidl_typesupport_introspection_cpp.hpp
[3.061s] -- Up-to-date symlink: /home/robogames/vt-cro/robogames_pi/yolobot/install/yolov8_msgs/share/yolov8_msgs/environment/pythonpath.sh
[3.061s] -- Up-to-date symlink: /home/robogames/vt-cro/robogames_pi/yolobot/install/yolov8_msgs/share/yolov8_msgs/environment/pythonpath.dsv
[3.064s] -- Up-to-date symlink: /home/robogames/vt-cro/robogames_pi/yolobot/install/yolov8_msgs/lib/python3.12/site-packages/yolov8_msgs-0.0.0-py3.12.egg-info/PKG-INFO
[3.064s] -- Up-to-date symlink: /home/robogames/vt-cro/robogames_pi/yolobot/install/yolov8_msgs/lib/python3.12/site-packages/yolov8_msgs-0.0.0-py3.12.egg-info/SOURCES.txt
[3.064s] -- Up-to-date symlink: /home/robogames/vt-cro/robogames_pi/yolobot/install/yolov8_msgs/lib/python3.12/site-packages/yolov8_msgs-0.0.0-py3.12.egg-info/dependency_links.txt
[3.064s] -- Up-to-date symlink: /home/robogames/vt-cro/robogames_pi/yolobot/install/yolov8_msgs/lib/python3.12/site-packages/yolov8_msgs-0.0.0-py3.12.egg-info/top_level.txt
[3.064s] -- Up-to-date symlink: /home/robogames/vt-cro/robogames_pi/yolobot/install/yolov8_msgs/lib/python3.12/site-packages/yolov8_msgs/__init__.py
[3.064s] -- Up-to-date symlink: /home/robogames/vt-cro/robogames_pi/yolobot/install/yolov8_msgs/lib/python3.12/site-packages/yolov8_msgs/_yolov8_msgs_s.ep.rosidl_typesupport_c.c
[3.064s] -- Up-to-date symlink: /home/robogames/vt-cro/robogames_pi/yolobot/install/yolov8_msgs/lib/python3.12/site-packages/yolov8_msgs/_yolov8_msgs_s.ep.rosidl_typesupport_fastrtps_c.c
[3.065s] -- Up-to-date symlink: /home/robogames/vt-cro/robogames_pi/yolobot/install/yolov8_msgs/lib/python3.12/site-packages/yolov8_msgs/_yolov8_msgs_s.ep.rosidl_typesupport_introspection_c.c
[3.065s] -- Up-to-date symlink: /home/robogames/vt-cro/robogames_pi/yolobot/install/yolov8_msgs/lib/python3.12/site-packages/yolov8_msgs/msg/__init__.py
[3.065s] -- Up-to-date symlink: /home/robogames/vt-cro/robogames_pi/yolobot/install/yolov8_msgs/lib/python3.12/site-packages/yolov8_msgs/msg/_inference_result.py
[3.065s] -- Up-to-date symlink: /home/robogames/vt-cro/robogames_pi/yolobot/install/yolov8_msgs/lib/python3.12/site-packages/yolov8_msgs/msg/_inference_result_s.c
[3.065s] -- Up-to-date symlink: /home/robogames/vt-cro/robogames_pi/yolobot/install/yolov8_msgs/lib/python3.12/site-packages/yolov8_msgs/msg/_yolov8_inference.py
[3.065s] -- Up-to-date symlink: /home/robogames/vt-cro/robogames_pi/yolobot/install/yolov8_msgs/lib/python3.12/site-packages/yolov8_msgs/msg/_yolov8_inference_s.c
[3.066s] -- Up-to-date symlink: /home/robogames/vt-cro/robogames_pi/yolobot/install/yolov8_msgs/lib/python3.12/site-packages/yolov8_msgs/yolov8_msgs_s__rosidl_typesupport_c.so
[3.066s] -- Up-to-date symlink: /home/robogames/vt-cro/robogames_pi/yolobot/install/yolov8_msgs/lib/python3.12/site-packages/yolov8_msgs/yolov8_msgs_s__rosidl_typesupport_fastrtps_c.so
[3.066s] -- Up-to-date symlink: /home/robogames/vt-cro/robogames_pi/yolobot/install/yolov8_msgs/lib/python3.12/site-packages/yolov8_msgs/yolov8_msgs_s__rosidl_typesupport_introspection_c.so
[3.066s] -- Up-to-date symlink: /home/robogames/vt-cro/robogames_pi/yolobot/install/yolov8_msgs/lib/python3.12/site-packages/yolov8_msgs/yolov8_msgs_s__rosidl_typesupport_fastrtps_c.so
[3.066s] -- Up-to-date symlink: /home/robogames/vt-cro/robogames_pi/yolobot/install/yolov8_msgs/lib/python3.12/site-packages/yolov8_msgs/yolov8_msgs_s__rosidl_typesupport_introspection_c.so
[3.067s] -- Up-to-date symlink: /home/robogames/vt-cro/robogames_pi/yolobot/install/yolov8_msgs/lib/python3.12/site-packages/yolov8_msgs/yolov8_msgs_s__rosidl_typesupport_c.so
[3.067s] -- Up-to-date symlink: /home/robogames/vt-cro/robogames_pi/yolobot/install/yolov8_msgs/share/yolov8_msgs/msg/InferenceResult.idl
[3.068s] -- Up-to-date symlink: /home/robogames/vt-cro/robogames_pi/yolobot/install/yolov8_msgs/share/yolov8_msgs/msg/Yolov8Inference.idl
[3.068s] -- Up-to-date symlink: /home/robogames/vt-cro/robogames_pi/yolobot/install/yolov8_msgs/share/yolov8_msgs/msg/InferenceResult.msg
[3.068s] -- Up-to-date symlink: /home/robogames/vt-cro/robogames_pi/yolobot/install/yolov8_msgs/share/yolov8_msgs/msg/Yolov8Inference.msg
[3.068s] -- Up-to-date symlink: /home/robogames/vt-cro/robogames_pi/yolobot/install/yolov8_msgs/share/ament_index/resource_index/package_run_dependencies/yolov8_msgs
[3.069s] -- Up-to-date symlink: /home/robogames/vt-cro/robogames_pi/yolobot/install/yolov8_msgs/share/ament_index/resource_index/parent_prefix_path/yolov8_msgs
[3.070s] -- Up-to-date symlink: /home/robogames/vt-cro/robogames_pi/yolobot/install/yolov8_msgs/share/yolov8_msgs/environment/ament_prefix_path.sh
[3.070s] -- Up-to-date symlink: /home/robogames/vt-cro/robogames_pi/yolobot/install/yolov8_msgs/share/yolov8_msgs/environment/ament_prefix_path.dsv
[3.070s] -- Up-to-date symlink: /home/robogames/vt-cro/robogames_pi/yolobot/install/yolov8_msgs/share/yolov8_msgs/environment/path.sh
[3.071s] -- Up-to-date symlink: /home/robogames/vt-cro/robogames_pi/yolobot/install/yolov8_msgs/share/yolov8_msgs/environment/path.dsv
[3.071s] -- Up-to-date symlink: /home/robogames/vt-cro/robogames_pi/yolobot/install/yolov8_msgs/share/yolov8_msgs/local_setup.bash
[3.071s] -- Up-to-date symlink: /home/robogames/vt-cro/robogames_pi/yolobot/install/yolov8_msgs/share/yolov8_msgs/local_setup.sh
[3.071s] -- Up-to-date symlink: /home/robogames/vt-cro/robogames_pi/yolobot/install/yolov8_msgs/share/yolov8_msgs/local_setup.zsh
[3.072s] -- Up-to-date symlink: /home/robogames/vt-cro/robogames_pi/yolobot/install/yolov8_msgs/share/yolov8_msgs/local_setup.dsv
[3.072s] -- Symlinking: /home/robogames/vt-cro/robogames_pi/yolobot/install/yolov8_msgs/share/yolov8_msgs/package.dsv
[3.094s] -- Up-to-date symlink: /home/robogames/vt-cro/robogames_pi/yolobot/install/yolov8_msgs/share/ament_index/resource_index/packages/yolov8_msgs
[3.094s] -- Up-to-date symlink: /home/robogames/vt-cro/robogames_pi/yolobot/install/yolov8_msgs/share/yolov8_msgs/cmake/rosidl_cmake-extras.cmake
[3.095s] -- Up-to-date symlink: /home/robogames/vt-cro/robogames_pi/yolobot/install/yolov8_msgs/share/yolov8_msgs/cmake/ament_cmake_export_dependencies-extras.cmake
[3.095s] -- Up-to-date symlink: /home/robogames/vt-cro/robogames_pi/yolobot/install/yolov8_msgs/share/yolov8_msgs/cmake/ament_cmake_export_include_directories-extras.cmake
[3.095s] -- Up-to-date symlink: /home/robogames/vt-cro/robogames_pi/yolobot/install/yolov8_msgs/share/yolov8_msgs/cmake/ament_cmake_export_libraries-extras.cmake
[3.095s] -- Up-to-date symlink: /home/robogames/vt-cro/robogames_pi/yolobot/install/yolov8_msgs/share/yolov8_msgs/cmake/ament_cmake_export_targets-extras.cmake
[3.096s] -- Up-to-date symlink: /home/robogames/vt-cro/robogames_pi/yolobot/install/yolov8_msgs/share/yolov8_msgs/cmake/rosidl_cmake_export_typesupport_targets-extras.cmake
[3.096s] -- Up-to-date symlink: /home/robogames/vt-cro/robogames_pi/yolobot/install/yolov8_msgs/share/yolov8_msgs/cmake/rosidl_cmake_export_typesupport_libraries-extras.cmake
[3.096s] -- Up-to-date symlink: /home/robogames/vt-cro/robogames_pi/yolobot/install/yolov8_msgs/share/yolov8_msgs/cmake/yolov8_msgsConfig.cmake
[3.096s] -- Up-to-date symlink: /home/robogames/vt-cro/robogames_pi/yolobot/install/yolov8_msgs/share/yolov8_msgs/cmake/yolov8_msgsConfig-version.cmake
[3.096s] -- Up-to-date symlink: /home/robogames/vt-cro/robogames_pi/yolobot/install/yolov8_msgs/share/yolov8_msgs/package.xml
[3.097s] -- Up-to-date: /home/robogames/vt-cro/robogames_pi/yolobot/install/yolov8_msgs/lib/libyolov8_msgs__rosidl_generator_c.so
[3.097s] -- Up-to-date: /home/robogames/vt-cro/robogames_pi/yolobot/install/yolov8_msgs/lib/libyolov8_msgs__rosidl_typesupport_fastrtps_c.so
[3.098s] -- Up-to-date: /home/robogames/vt-cro/robogames_pi/yolobot/install/yolov8_msgs/lib/libyolov8_msgs__rosidl_typesupport_fastrtps_cpp.so
[3.098s] -- Up-to-date: /home/robogames/vt-cro/robogames_pi/yolobot/install/yolov8_msgs/lib/libyolov8_msgs__rosidl_typesupport_introspection_c.so
[3.099s] -- Up-to-date: /home/robogames/vt-cro/robogames_pi/yolobot/install/yolov8_msgs/lib/libyolov8_msgs__rosidl_typesupport_c.so
[3.099s] -- Up-to-date: /home/robogames/vt-cro/robogames_pi/yolobot/install/yolov8_msgs/lib/libyolov8_msgs__rosidl_typesupport_introspection_cpp.so
[3.099s] -- Up-to-date: /home/robogames/vt-cro/robogames_pi/yolobot/install/yolov8_msgs/lib/libyolov8_msgs__rosidl_typesupport_cpp.so
[3.155s] Listing '/home/robogames/vt-cro/robogames_pi/yolobot/install/yolov8_msgs/lib/python3.12/site-packages/yolov8_msgs'...
[3.155s] Compiling '/home/robogames/vt-cro/robogames_pi/yolobot/install/yolov8_msgs/lib/python3.12/site-packages/yolov8_msgs/__init__.py'...
[3.155s] Listing '/home/robogames/vt-cro/robogames_pi/yolobot/install/yolov8_msgs/lib/python3.12/site-packages/yolov8_msgs/msg'...
[3.168s] -- Up-to-date: /home/robogames/vt-cro/robogames_pi/yolobot/install/yolov8_msgs/lib/libyolov8_msgs__rosidl_generator_py.so
[3.168s] -- Up-to-date: /home/robogames/vt-cro/robogames_pi/yolobot/install/yolov8_msgs/share/yolov8_msgs/cmake/export_yolov8_msgs__rosidl_generator_cExport.cmake
[3.168s] -- Up-to-date: /home/robogames/vt-cro/robogames_pi/yolobot/install/yolov8_msgs/share/yolov8_msgs/cmake/export_yolov8_msgs__rosidl_generator_cExport-noconfig.cmake
[3.169s] -- Up-to-date: /home/robogames/vt-cro/robogames_pi/yolobot/install/yolov8_msgs/share/yolov8_msgs/cmake/export_yolov8_msgs__rosidl_typesupport_fastrtps_cExport.cmake
[3.169s] -- Up-to-date: /home/robogames/vt-cro/robogames_pi/yolobot/install/yolov8_msgs/share/yolov8_msgs/cmake/export_yolov8_msgs__rosidl_typesupport_fastrtps_cExport-noconfig.cmake
[3.169s] -- Up-to-date: /home/robogames/vt-cro/robogames_pi/yolobot/install/yolov8_msgs/share/yolov8_msgs/cmake/export_yolov8_msgs__rosidl_generator_cppExport.cmake
[3.169s] -- Up-to-date: /home/robogames/vt-cro/robogames_pi/yolobot/install/yolov8_msgs/share/yolov8_msgs/cmake/export_yolov8_msgs__rosidl_typesupport_fastrtps_cppExport.cmake
[3.169s] -- Up-to-date: /home/robogames/vt-cro/robogames_pi/yolobot/install/yolov8_msgs/share/yolov8_msgs/cmake/export_yolov8_msgs__rosidl_typesupport_fastrtps_cppExport-noconfig.cmake
[3.169s] -- Up-to-date: /home/robogames/vt-cro/robogames_pi/yolobot/install/yolov8_msgs/share/yolov8_msgs/cmake/yolov8_msgs__rosidl_typesupport_introspection_cExport.cmake
[3.169s] -- Up-to-date: /home/robogames/vt-cro/robogames_pi/yolobot/install/yolov8_msgs/share/yolov8_msgs/cmake/yolov8_msgs__rosidl_typesupport_introspection_cExport-noconfig.cmake
[3.170s] -- Up-to-date: /home/robogames/vt-cro/robogames_pi/yolobot/install/yolov8_msgs/share/yolov8_msgs/cmake/yolov8_msgs__rosidl_typesupport_cExport.cmake
[3.170s] -- Up-to-date: /home/robogames/vt-cro/robogames_pi/yolobot/install/yolov8_msgs/share/yolov8_msgs/cmake/yolov8_msgs__rosidl_typesupport_cExport-noconfig.cmake
[3.170s] -- Up-to-date: /home/robogames/vt-cro/robogames_pi/yolobot/install/yolov8_msgs/share/yolov8_msgs/cmake/yolov8_msgs__rosidl_typesupport_introspection_cppExport.cmake
[3.170s] -- Up-to-date: /home/robogames/vt-cro/robogames_pi/yolobot/install/yolov8_msgs/share/yolov8_msgs/cmake/yolov8_msgs__rosidl_typesupport_introspection_cppExport-noconfig.cmake
[3.170s] -- Up-to-date: /home/robogames/vt-cro/robogames_pi/yolobot/install/yolov8_msgs/share/yolov8_msgs/cmake/yolov8_msgs__rosidl_typesupport_cppExport.cmake
[3.170s] -- Up-to-date: /home/robogames/vt-cro/robogames_pi/yolobot/install/yolov8_msgs/share/yolov8_msgs/cmake/yolov8_msgs__rosidl_typesupport_cppExport-noconfig.cmake
[3.170s] -- Up-to-date: /home/robogames/vt-cro/robogames_pi/yolobot/install/yolov8_msgs/share/yolov8_msgs/cmake/export_yolov8_msgs__rosidl_generator_pyExport.cmake
[3.170s] -- Up-to-date: /home/robogames/vt-cro/robogames_pi/yolobot/install/yolov8_msgs/share/yolov8_msgs/cmake/export_yolov8_msgs__rosidl_generator_pyExport-noconfig.cmake
[3.174s] Invoked command in '/home/robogames/vt-cro/robogames_pi/yolobot/build/yolov8_msgs' returned '0': CMAKE_PREFIX_PATH=/home/robogames/vt-cro/robogames_pi/yolobot/install/yolov8_msgs:/home/robogames/vt-cro/robogames_pi/yolobot/install/yolobot_recognition:/home/robogames/vt-cro/robogames_pi/yolobot/install/yolobot_gazebo:/home/robogames/vt-cro/robogames_pi/yolobot/install/yolobot_description:/home/robogames/vt-cro/robogames_pi/yolobot/install/yolobot_control:/home/robogames/vt-cro/robogames_pi/car_robot_ws/install/opencv_tools:/home/robogames/vt-cro/robogames_pi/car_robot_ws/install/object_detection:/opt/ros/jazzy:/home/robogames/vt-cro/robogames_pi/car_robot_ws/install/serial:/home/robogames/vt-cro/robogames_pi/car_robot_ws/install/diffdrive_arduino:/home/robogames/vt-cro/robogames_pi/car_robot_ws/install/articubot_one:/opt/ros/jazzy/opt/gz_sim_vendor:/opt/ros/jazzy/opt/gz_sensors_vendor:/opt/ros/jazzy/opt/gz_physics_vendor:/opt/ros/jazzy/opt/sdformat_vendor:/opt/ros/jazzy/opt/gz_gui_vendor:/opt/ros/jazzy/opt/gz_transport_vendor:/opt/ros/jazzy/opt/gz_rendering_vendor:/opt/ros/jazzy/opt/gz_plugin_vendor:/opt/ros/jazzy/opt/gz_fuel_tools_vendor:/opt/ros/jazzy/opt/gz_msgs_vendor:/opt/ros/jazzy/opt/gz_common_vendor:/opt/ros/jazzy/opt/gz_math_vendor:/opt/ros/jazzy/opt/gz_utils_vendor:/opt/ros/jazzy/opt/gz_tools_vendor:/opt/ros/jazzy/opt/gz_ogre_next_vendor:/opt/ros/jazzy/opt/gz_dartsim_vendor:/opt/ros/jazzy/opt/gz_cmake_vendor DEBUGINFOD_URLS=https://debuginfod.ubuntu.com PS1=(ros2_python_venv) \[\e]0;\u@\h: \w\a\]${debian_chroot:+($debian_chroot)}\[\033[01;32m\]\u@\h\[\033[00m\]:\[\033[01;34m\]\w\[\033[00m\]\$ VIRTUAL_ENV_PROMPT=(ros2_python_venv) /usr/bin/cmake --install /home/robogames/vt-cro/robogames_pi/yolobot/build/yolov8_msgs
