[0.228s] DEBUG:colcon:Command line arguments: ['/usr/bin/colcon', 'build']
[0.228s] DEBUG:colcon:Parsed command line arguments: Namespace(log_base=None, log_level=None, verb_name='build', build_base='build', install_base='install', merge_install=False, symlink_install=False, test_result_base=None, continue_on_error=False, executor='parallel', parallel_workers=4, event_handlers=None, ignore_user_meta=False, metas=['./colcon.meta'], base_paths=['.'], packages_ignore=None, packages_ignore_regex=None, paths=None, packages_up_to=None, packages_up_to_regex=None, packages_above=None, packages_above_and_dependencies=None, packages_above_depth=None, packages_select_by_dep=None, packages_skip_by_dep=None, packages_skip_up_to=None, packages_select_build_failed=False, packages_skip_build_finished=False, packages_select_test_failures=False, packages_skip_test_passed=False, packages_select=None, packages_skip=None, packages_select_regex=None, packages_skip_regex=None, packages_start=None, packages_end=None, allow_overriding=[], cmake_args=None, cmake_target=None, cmake_target_skip_unavailable=False, cmake_clean_cache=False, cmake_clean_first=False, cmake_force_configure=False, ament_cmake_args=None, catkin_cmake_args=None, catkin_skip_building_tests=False, mixin_files=None, mixin=None, verb_parser=<colcon_mixin.mixin.mixin_argument.MixinArgumentDecorator object at 0xffffa538f0b0>, verb_extension=<colcon_core.verb.build.BuildVerb object at 0xffffa538edb0>, main=<bound method BuildVerb.main of <colcon_core.verb.build.BuildVerb object at 0xffffa538edb0>>, mixin_verb=('build',))
[0.307s] Level 1:colcon.colcon_core.package_discovery:discover_packages(colcon_meta) check parameters
[0.308s] Level 1:colcon.colcon_core.package_discovery:discover_packages(recursive) check parameters
[0.308s] Level 1:colcon.colcon_core.package_discovery:discover_packages(ignore) check parameters
[0.308s] Level 1:colcon.colcon_core.package_discovery:discover_packages(path) check parameters
[0.308s] Level 1:colcon.colcon_core.package_discovery:discover_packages(colcon_meta) discover
[0.309s] Level 1:colcon.colcon_core.package_discovery:discover_packages(recursive) discover
[0.309s] INFO:colcon.colcon_core.package_discovery:Crawling recursively for packages in '/home/robogames/vt-cro/robogames_pi/car_robot_ws'
[0.309s] Level 1:colcon.colcon_core.package_identification:_identify(.) by extensions ['ignore', 'ignore_ament_install']
[0.310s] Level 1:colcon.colcon_core.package_identification:_identify(.) by extension 'ignore'
[0.310s] Level 1:colcon.colcon_core.package_identification:_identify(.) by extension 'ignore_ament_install'
[0.310s] Level 1:colcon.colcon_core.package_identification:_identify(.) by extensions ['colcon_pkg']
[0.310s] Level 1:colcon.colcon_core.package_identification:_identify(.) by extension 'colcon_pkg'
[0.310s] Level 1:colcon.colcon_core.package_identification:_identify(.) by extensions ['colcon_meta']
[0.310s] Level 1:colcon.colcon_core.package_identification:_identify(.) by extension 'colcon_meta'
[0.310s] Level 1:colcon.colcon_core.package_identification:_identify(.) by extensions ['ros']
[0.310s] Level 1:colcon.colcon_core.package_identification:_identify(.) by extension 'ros'
[0.364s] Level 1:colcon.colcon_core.package_identification:_identify(.) by extensions ['cmake', 'python']
[0.364s] Level 1:colcon.colcon_core.package_identification:_identify(.) by extension 'cmake'
[0.364s] Level 1:colcon.colcon_core.package_identification:_identify(.) by extension 'python'
[0.364s] Level 1:colcon.colcon_core.package_identification:_identify(.) by extensions ['python_setup_py']
[0.364s] Level 1:colcon.colcon_core.package_identification:_identify(.) by extension 'python_setup_py'
[0.365s] Level 1:colcon.colcon_core.package_identification:_identify(build) by extensions ['ignore', 'ignore_ament_install']
[0.365s] Level 1:colcon.colcon_core.package_identification:_identify(build) by extension 'ignore'
[0.365s] Level 1:colcon.colcon_core.package_identification:_identify(build) ignored
[0.365s] Level 1:colcon.colcon_core.package_identification:_identify(install) by extensions ['ignore', 'ignore_ament_install']
[0.365s] Level 1:colcon.colcon_core.package_identification:_identify(install) by extension 'ignore'
[0.366s] Level 1:colcon.colcon_core.package_identification:_identify(install) ignored
[0.366s] Level 1:colcon.colcon_core.package_identification:_identify(log) by extensions ['ignore', 'ignore_ament_install']
[0.366s] Level 1:colcon.colcon_core.package_identification:_identify(log) by extension 'ignore'
[0.366s] Level 1:colcon.colcon_core.package_identification:_identify(log) ignored
[0.366s] Level 1:colcon.colcon_core.package_identification:_identify(src) by extensions ['ignore', 'ignore_ament_install']
[0.366s] Level 1:colcon.colcon_core.package_identification:_identify(src) by extension 'ignore'
[0.366s] Level 1:colcon.colcon_core.package_identification:_identify(src) by extension 'ignore_ament_install'
[0.366s] Level 1:colcon.colcon_core.package_identification:_identify(src) by extensions ['colcon_pkg']
[0.366s] Level 1:colcon.colcon_core.package_identification:_identify(src) by extension 'colcon_pkg'
[0.367s] Level 1:colcon.colcon_core.package_identification:_identify(src) by extensions ['colcon_meta']
[0.367s] Level 1:colcon.colcon_core.package_identification:_identify(src) by extension 'colcon_meta'
[0.367s] Level 1:colcon.colcon_core.package_identification:_identify(src) by extensions ['ros']
[0.367s] Level 1:colcon.colcon_core.package_identification:_identify(src) by extension 'ros'
[0.367s] Level 1:colcon.colcon_core.package_identification:_identify(src) by extensions ['cmake', 'python']
[0.367s] Level 1:colcon.colcon_core.package_identification:_identify(src) by extension 'cmake'
[0.367s] Level 1:colcon.colcon_core.package_identification:_identify(src) by extension 'python'
[0.367s] Level 1:colcon.colcon_core.package_identification:_identify(src) by extensions ['python_setup_py']
[0.367s] Level 1:colcon.colcon_core.package_identification:_identify(src) by extension 'python_setup_py'
[0.367s] Level 1:colcon.colcon_core.package_identification:_identify(src/articubot_one) by extensions ['ignore', 'ignore_ament_install']
[0.367s] Level 1:colcon.colcon_core.package_identification:_identify(src/articubot_one) by extension 'ignore'
[0.367s] Level 1:colcon.colcon_core.package_identification:_identify(src/articubot_one) by extension 'ignore_ament_install'
[0.368s] Level 1:colcon.colcon_core.package_identification:_identify(src/articubot_one) by extensions ['colcon_pkg']
[0.368s] Level 1:colcon.colcon_core.package_identification:_identify(src/articubot_one) by extension 'colcon_pkg'
[0.368s] Level 1:colcon.colcon_core.package_identification:_identify(src/articubot_one) by extensions ['colcon_meta']
[0.368s] Level 1:colcon.colcon_core.package_identification:_identify(src/articubot_one) by extension 'colcon_meta'
[0.368s] Level 1:colcon.colcon_core.package_identification:_identify(src/articubot_one) by extensions ['ros']
[0.368s] Level 1:colcon.colcon_core.package_identification:_identify(src/articubot_one) by extension 'ros'
[0.374s] DEBUG:colcon.colcon_core.package_identification:Package 'src/articubot_one' with type 'ros.ament_cmake' and name 'articubot_one'
[0.374s] Level 1:colcon.colcon_core.package_identification:_identify(src/build) by extensions ['ignore', 'ignore_ament_install']
[0.374s] Level 1:colcon.colcon_core.package_identification:_identify(src/build) by extension 'ignore'
[0.374s] Level 1:colcon.colcon_core.package_identification:_identify(src/build) ignored
[0.375s] Level 1:colcon.colcon_core.package_identification:_identify(src/diffdrive_arduino) by extensions ['ignore', 'ignore_ament_install']
[0.375s] Level 1:colcon.colcon_core.package_identification:_identify(src/diffdrive_arduino) by extension 'ignore'
[0.375s] Level 1:colcon.colcon_core.package_identification:_identify(src/diffdrive_arduino) by extension 'ignore_ament_install'
[0.375s] Level 1:colcon.colcon_core.package_identification:_identify(src/diffdrive_arduino) by extensions ['colcon_pkg']
[0.375s] Level 1:colcon.colcon_core.package_identification:_identify(src/diffdrive_arduino) by extension 'colcon_pkg'
[0.375s] Level 1:colcon.colcon_core.package_identification:_identify(src/diffdrive_arduino) by extensions ['colcon_meta']
[0.375s] Level 1:colcon.colcon_core.package_identification:_identify(src/diffdrive_arduino) by extension 'colcon_meta'
[0.375s] Level 1:colcon.colcon_core.package_identification:_identify(src/diffdrive_arduino) by extensions ['ros']
[0.375s] Level 1:colcon.colcon_core.package_identification:_identify(src/diffdrive_arduino) by extension 'ros'
[0.376s] DEBUG:colcon.colcon_core.package_identification:Package 'src/diffdrive_arduino' with type 'ros.ament_cmake' and name 'diffdrive_arduino'
[0.376s] Level 1:colcon.colcon_core.package_identification:_identify(src/install) by extensions ['ignore', 'ignore_ament_install']
[0.376s] Level 1:colcon.colcon_core.package_identification:_identify(src/install) by extension 'ignore'
[0.377s] Level 1:colcon.colcon_core.package_identification:_identify(src/install) ignored
[0.377s] Level 1:colcon.colcon_core.package_identification:_identify(src/log) by extensions ['ignore', 'ignore_ament_install']
[0.377s] Level 1:colcon.colcon_core.package_identification:_identify(src/log) by extension 'ignore'
[0.377s] Level 1:colcon.colcon_core.package_identification:_identify(src/log) ignored
[0.377s] Level 1:colcon.colcon_core.package_identification:_identify(src/serial) by extensions ['ignore', 'ignore_ament_install']
[0.377s] Level 1:colcon.colcon_core.package_identification:_identify(src/serial) by extension 'ignore'
[0.377s] Level 1:colcon.colcon_core.package_identification:_identify(src/serial) by extension 'ignore_ament_install'
[0.377s] Level 1:colcon.colcon_core.package_identification:_identify(src/serial) by extensions ['colcon_pkg']
[0.377s] Level 1:colcon.colcon_core.package_identification:_identify(src/serial) by extension 'colcon_pkg'
[0.377s] Level 1:colcon.colcon_core.package_identification:_identify(src/serial) by extensions ['colcon_meta']
[0.377s] Level 1:colcon.colcon_core.package_identification:_identify(src/serial) by extension 'colcon_meta'
[0.377s] Level 1:colcon.colcon_core.package_identification:_identify(src/serial) by extensions ['ros']
[0.377s] Level 1:colcon.colcon_core.package_identification:_identify(src/serial) by extension 'ros'
[0.378s] DEBUG:colcon.colcon_core.package_identification:Package 'src/serial' with type 'ros.catkin' and name 'serial'
[0.378s] Level 1:colcon.colcon_core.package_discovery:discover_packages(recursive) using defaults
[0.378s] Level 1:colcon.colcon_core.package_discovery:discover_packages(ignore) discover
[0.378s] Level 1:colcon.colcon_core.package_discovery:discover_packages(ignore) using defaults
[0.378s] Level 1:colcon.colcon_core.package_discovery:discover_packages(path) discover
[0.378s] Level 1:colcon.colcon_core.package_discovery:discover_packages(path) using defaults
[0.411s] Level 1:colcon.colcon_core.package_discovery:discover_packages(prefix_path) check parameters
[0.411s] Level 1:colcon.colcon_core.package_discovery:discover_packages(prefix_path) discover
[0.416s] DEBUG:colcon.colcon_installed_package_information.package_discovery:Found 3 installed packages in /home/robogames/vt-cro/robogames_pi/car_robot_ws/install
[0.420s] DEBUG:colcon.colcon_installed_package_information.package_discovery:Found 489 installed packages in /opt/ros/jazzy
[0.425s] Level 1:colcon.colcon_core.package_discovery:discover_packages(prefix_path) using defaults
[0.539s] Level 5:colcon.colcon_core.verb:set package 'articubot_one' build argument 'cmake_args' from command line to 'None'
[0.539s] Level 5:colcon.colcon_core.verb:set package 'articubot_one' build argument 'cmake_target' from command line to 'None'
[0.539s] Level 5:colcon.colcon_core.verb:set package 'articubot_one' build argument 'cmake_target_skip_unavailable' from command line to 'False'
[0.539s] Level 5:colcon.colcon_core.verb:set package 'articubot_one' build argument 'cmake_clean_cache' from command line to 'False'
[0.539s] Level 5:colcon.colcon_core.verb:set package 'articubot_one' build argument 'cmake_clean_first' from command line to 'False'
[0.539s] Level 5:colcon.colcon_core.verb:set package 'articubot_one' build argument 'cmake_force_configure' from command line to 'False'
[0.539s] Level 5:colcon.colcon_core.verb:set package 'articubot_one' build argument 'ament_cmake_args' from command line to 'None'
[0.539s] Level 5:colcon.colcon_core.verb:set package 'articubot_one' build argument 'catkin_cmake_args' from command line to 'None'
[0.539s] Level 5:colcon.colcon_core.verb:set package 'articubot_one' build argument 'catkin_skip_building_tests' from command line to 'False'
[0.540s] DEBUG:colcon.colcon_core.verb:Building package 'articubot_one' with the following arguments: {'ament_cmake_args': None, 'build_base': '/home/robogames/vt-cro/robogames_pi/car_robot_ws/build/articubot_one', 'catkin_cmake_args': None, 'catkin_skip_building_tests': False, 'cmake_args': None, 'cmake_clean_cache': False, 'cmake_clean_first': False, 'cmake_force_configure': False, 'cmake_target': None, 'cmake_target_skip_unavailable': False, 'install_base': '/home/robogames/vt-cro/robogames_pi/car_robot_ws/install/articubot_one', 'merge_install': False, 'path': '/home/robogames/vt-cro/robogames_pi/car_robot_ws/src/articubot_one', 'symlink_install': False, 'test_result_base': None}
[0.540s] Level 5:colcon.colcon_core.verb:set package 'diffdrive_arduino' build argument 'cmake_args' from command line to 'None'
[0.540s] Level 5:colcon.colcon_core.verb:set package 'diffdrive_arduino' build argument 'cmake_target' from command line to 'None'
[0.540s] Level 5:colcon.colcon_core.verb:set package 'diffdrive_arduino' build argument 'cmake_target_skip_unavailable' from command line to 'False'
[0.541s] Level 5:colcon.colcon_core.verb:set package 'diffdrive_arduino' build argument 'cmake_clean_cache' from command line to 'False'
[0.541s] Level 5:colcon.colcon_core.verb:set package 'diffdrive_arduino' build argument 'cmake_clean_first' from command line to 'False'
[0.541s] Level 5:colcon.colcon_core.verb:set package 'diffdrive_arduino' build argument 'cmake_force_configure' from command line to 'False'
[0.541s] Level 5:colcon.colcon_core.verb:set package 'diffdrive_arduino' build argument 'ament_cmake_args' from command line to 'None'
[0.541s] Level 5:colcon.colcon_core.verb:set package 'diffdrive_arduino' build argument 'catkin_cmake_args' from command line to 'None'
[0.541s] Level 5:colcon.colcon_core.verb:set package 'diffdrive_arduino' build argument 'catkin_skip_building_tests' from command line to 'False'
[0.541s] DEBUG:colcon.colcon_core.verb:Building package 'diffdrive_arduino' with the following arguments: {'ament_cmake_args': None, 'build_base': '/home/robogames/vt-cro/robogames_pi/car_robot_ws/build/diffdrive_arduino', 'catkin_cmake_args': None, 'catkin_skip_building_tests': False, 'cmake_args': None, 'cmake_clean_cache': False, 'cmake_clean_first': False, 'cmake_force_configure': False, 'cmake_target': None, 'cmake_target_skip_unavailable': False, 'install_base': '/home/robogames/vt-cro/robogames_pi/car_robot_ws/install/diffdrive_arduino', 'merge_install': False, 'path': '/home/robogames/vt-cro/robogames_pi/car_robot_ws/src/diffdrive_arduino', 'symlink_install': False, 'test_result_base': None}
[0.541s] Level 5:colcon.colcon_core.verb:set package 'serial' build argument 'cmake_args' from command line to 'None'
[0.541s] Level 5:colcon.colcon_core.verb:set package 'serial' build argument 'cmake_target' from command line to 'None'
[0.541s] Level 5:colcon.colcon_core.verb:set package 'serial' build argument 'cmake_target_skip_unavailable' from command line to 'False'
[0.541s] Level 5:colcon.colcon_core.verb:set package 'serial' build argument 'cmake_clean_cache' from command line to 'False'
[0.541s] Level 5:colcon.colcon_core.verb:set package 'serial' build argument 'cmake_clean_first' from command line to 'False'
[0.541s] Level 5:colcon.colcon_core.verb:set package 'serial' build argument 'cmake_force_configure' from command line to 'False'
[0.541s] Level 5:colcon.colcon_core.verb:set package 'serial' build argument 'ament_cmake_args' from command line to 'None'
[0.541s] Level 5:colcon.colcon_core.verb:set package 'serial' build argument 'catkin_cmake_args' from command line to 'None'
[0.542s] Level 5:colcon.colcon_core.verb:set package 'serial' build argument 'catkin_skip_building_tests' from command line to 'False'
[0.542s] DEBUG:colcon.colcon_core.verb:Building package 'serial' with the following arguments: {'ament_cmake_args': None, 'build_base': '/home/robogames/vt-cro/robogames_pi/car_robot_ws/build/serial', 'catkin_cmake_args': None, 'catkin_skip_building_tests': False, 'cmake_args': None, 'cmake_clean_cache': False, 'cmake_clean_first': False, 'cmake_force_configure': False, 'cmake_target': None, 'cmake_target_skip_unavailable': False, 'install_base': '/home/robogames/vt-cro/robogames_pi/car_robot_ws/install/serial', 'merge_install': False, 'path': '/home/robogames/vt-cro/robogames_pi/car_robot_ws/src/serial', 'symlink_install': False, 'test_result_base': None}
[0.542s] INFO:colcon.colcon_core.executor:Executing jobs using 'parallel' executor
[0.544s] DEBUG:colcon.colcon_parallel_executor.executor.parallel:run_until_complete
[0.545s] INFO:colcon.colcon_ros.task.ament_cmake.build:Building ROS package in '/home/robogames/vt-cro/robogames_pi/car_robot_ws/src/articubot_one' with build type 'ament_cmake'
[0.545s] INFO:colcon.colcon_cmake.task.cmake.build:Building CMake package in '/home/robogames/vt-cro/robogames_pi/car_robot_ws/src/articubot_one'
[0.549s] INFO:colcon.colcon_core.plugin_system:Skipping extension 'colcon_core.shell.bat': Not used on non-Windows systems
[0.550s] INFO:colcon.colcon_core.shell:Skip shell extension 'powershell' for command environment: Not usable outside of PowerShell
[0.550s] DEBUG:colcon.colcon_core.shell:Skip shell extension 'dsv' for command environment
[0.559s] INFO:colcon.colcon_ros.task.ament_cmake.build:Building ROS package in '/home/robogames/vt-cro/robogames_pi/car_robot_ws/src/diffdrive_arduino' with build type 'ament_cmake'
[0.559s] INFO:colcon.colcon_cmake.task.cmake.build:Building CMake package in '/home/robogames/vt-cro/robogames_pi/car_robot_ws/src/diffdrive_arduino'
[0.560s] INFO:colcon.colcon_core.shell:Skip shell extension 'powershell' for command environment: Not usable outside of PowerShell
[0.560s] DEBUG:colcon.colcon_core.shell:Skip shell extension 'dsv' for command environment
[0.568s] INFO:colcon.colcon_ros.task.catkin.build:Building ROS package in '/home/robogames/vt-cro/robogames_pi/car_robot_ws/src/serial' with build type 'catkin'
[0.569s] INFO:colcon.colcon_cmake.task.cmake.build:Building CMake package in '/home/robogames/vt-cro/robogames_pi/car_robot_ws/src/serial'
[0.570s] INFO:colcon.colcon_core.shell:Skip shell extension 'powershell' for command environment: Not usable outside of PowerShell
[0.570s] DEBUG:colcon.colcon_core.shell:Skip shell extension 'dsv' for command environment
[0.641s] DEBUG:colcon.colcon_core.event_handler.log_command:Invoking command in '/home/robogames/vt-cro/robogames_pi/car_robot_ws/build/articubot_one': CMAKE_PREFIX_PATH=/opt/ros/jazzy:${CMAKE_PREFIX_PATH} DEBUGINFOD_URLS=https://debuginfod.ubuntu.com /usr/bin/cmake --build /home/robogames/vt-cro/robogames_pi/car_robot_ws/build/articubot_one -- -j4 -l4
[0.650s] DEBUG:colcon.colcon_core.event_handler.log_command:Invoking command in '/home/robogames/vt-cro/robogames_pi/car_robot_ws/build/diffdrive_arduino': CMAKE_PREFIX_PATH=/opt/ros/jazzy:${CMAKE_PREFIX_PATH} DEBUGINFOD_URLS=https://debuginfod.ubuntu.com /usr/bin/cmake --build /home/robogames/vt-cro/robogames_pi/car_robot_ws/build/diffdrive_arduino -- -j4 -l4
[0.660s] DEBUG:colcon.colcon_core.event_handler.log_command:Invoking command in '/home/robogames/vt-cro/robogames_pi/car_robot_ws/build/serial': DEBUGINFOD_URLS=https://debuginfod.ubuntu.com /usr/bin/cmake --build /home/robogames/vt-cro/robogames_pi/car_robot_ws/build/serial -- -j4 -l4
[0.866s] DEBUG:colcon.colcon_core.event_handler.log_command:Invoked command in '/home/robogames/vt-cro/robogames_pi/car_robot_ws/build/diffdrive_arduino' returned '0': CMAKE_PREFIX_PATH=/opt/ros/jazzy:${CMAKE_PREFIX_PATH} DEBUGINFOD_URLS=https://debuginfod.ubuntu.com /usr/bin/cmake --build /home/robogames/vt-cro/robogames_pi/car_robot_ws/build/diffdrive_arduino -- -j4 -l4
[0.901s] DEBUG:colcon.colcon_core.event_handler.log_command:Invoking command in '/home/robogames/vt-cro/robogames_pi/car_robot_ws/build/diffdrive_arduino': CMAKE_PREFIX_PATH=/opt/ros/jazzy:${CMAKE_PREFIX_PATH} DEBUGINFOD_URLS=https://debuginfod.ubuntu.com /usr/bin/cmake --install /home/robogames/vt-cro/robogames_pi/car_robot_ws/build/diffdrive_arduino
[0.951s] DEBUG:colcon.colcon_core.event_handler.log_command:Invoked command in '/home/robogames/vt-cro/robogames_pi/car_robot_ws/build/serial' returned '0': DEBUGINFOD_URLS=https://debuginfod.ubuntu.com /usr/bin/cmake --build /home/robogames/vt-cro/robogames_pi/car_robot_ws/build/serial -- -j4 -l4
[0.954s] DEBUG:colcon.colcon_core.event_handler.log_command:Invoking command in '/home/robogames/vt-cro/robogames_pi/car_robot_ws/build/serial': DEBUGINFOD_URLS=https://debuginfod.ubuntu.com /usr/bin/cmake --install /home/robogames/vt-cro/robogames_pi/car_robot_ws/build/serial
[0.955s] Level 1:colcon.colcon_core.environment:create_environment_scripts_only(diffdrive_arduino)
[0.957s] DEBUG:colcon.colcon_core.event_handler.log_command:Invoked command in '/home/robogames/vt-cro/robogames_pi/car_robot_ws/build/diffdrive_arduino' returned '0': CMAKE_PREFIX_PATH=/opt/ros/jazzy:${CMAKE_PREFIX_PATH} DEBUGINFOD_URLS=https://debuginfod.ubuntu.com /usr/bin/cmake --install /home/robogames/vt-cro/robogames_pi/car_robot_ws/build/diffdrive_arduino
[0.960s] Level 1:colcon.colcon_core.environment:checking '/home/robogames/vt-cro/robogames_pi/car_robot_ws/install/diffdrive_arduino' for CMake module files
[0.961s] Level 1:colcon.colcon_core.environment:checking '/home/robogames/vt-cro/robogames_pi/car_robot_ws/install/diffdrive_arduino' for CMake config files
[0.962s] Level 1:colcon.colcon_core.shell:create_environment_hook('diffdrive_arduino', 'cmake_prefix_path')
[0.962s] INFO:colcon.colcon_core.shell:Creating environment hook '/home/robogames/vt-cro/robogames_pi/car_robot_ws/install/diffdrive_arduino/share/diffdrive_arduino/hook/cmake_prefix_path.ps1'
[0.964s] INFO:colcon.colcon_core.shell:Creating environment descriptor '/home/robogames/vt-cro/robogames_pi/car_robot_ws/install/diffdrive_arduino/share/diffdrive_arduino/hook/cmake_prefix_path.dsv'
[0.966s] INFO:colcon.colcon_core.shell:Creating environment hook '/home/robogames/vt-cro/robogames_pi/car_robot_ws/install/diffdrive_arduino/share/diffdrive_arduino/hook/cmake_prefix_path.sh'
[0.970s] Level 1:colcon.colcon_core.environment:checking '/home/robogames/vt-cro/robogames_pi/car_robot_ws/install/diffdrive_arduino/lib'
[0.971s] Level 1:colcon.colcon_core.shell:create_environment_hook('diffdrive_arduino', 'ld_library_path_lib')
[0.972s] INFO:colcon.colcon_core.shell:Creating environment hook '/home/robogames/vt-cro/robogames_pi/car_robot_ws/install/diffdrive_arduino/share/diffdrive_arduino/hook/ld_library_path_lib.ps1'
[0.974s] INFO:colcon.colcon_core.shell:Creating environment descriptor '/home/robogames/vt-cro/robogames_pi/car_robot_ws/install/diffdrive_arduino/share/diffdrive_arduino/hook/ld_library_path_lib.dsv'
[0.976s] INFO:colcon.colcon_core.shell:Creating environment hook '/home/robogames/vt-cro/robogames_pi/car_robot_ws/install/diffdrive_arduino/share/diffdrive_arduino/hook/ld_library_path_lib.sh'
[0.980s] Level 1:colcon.colcon_core.environment:checking '/home/robogames/vt-cro/robogames_pi/car_robot_ws/install/diffdrive_arduino/bin'
[0.981s] Level 1:colcon.colcon_core.environment:checking '/home/robogames/vt-cro/robogames_pi/car_robot_ws/install/diffdrive_arduino/lib/pkgconfig/diffdrive_arduino.pc'
[0.981s] Level 1:colcon.colcon_core.environment:checking '/home/robogames/vt-cro/robogames_pi/car_robot_ws/install/diffdrive_arduino/lib/python3.12/site-packages'
[0.982s] Level 1:colcon.colcon_core.environment:checking '/home/robogames/vt-cro/robogames_pi/car_robot_ws/install/diffdrive_arduino/bin'
[0.983s] INFO:colcon.colcon_core.shell:Creating package script '/home/robogames/vt-cro/robogames_pi/car_robot_ws/install/diffdrive_arduino/share/diffdrive_arduino/package.ps1'
[0.988s] INFO:colcon.colcon_core.shell:Creating package descriptor '/home/robogames/vt-cro/robogames_pi/car_robot_ws/install/diffdrive_arduino/share/diffdrive_arduino/package.dsv'
[0.990s] INFO:colcon.colcon_core.shell:Creating package script '/home/robogames/vt-cro/robogames_pi/car_robot_ws/install/diffdrive_arduino/share/diffdrive_arduino/package.sh'
[0.991s] INFO:colcon.colcon_core.shell:Creating package script '/home/robogames/vt-cro/robogames_pi/car_robot_ws/install/diffdrive_arduino/share/diffdrive_arduino/package.bash'
[0.993s] INFO:colcon.colcon_core.shell:Creating package script '/home/robogames/vt-cro/robogames_pi/car_robot_ws/install/diffdrive_arduino/share/diffdrive_arduino/package.zsh'
[0.995s] Level 1:colcon.colcon_core.environment:create_file_with_runtime_dependencies(/home/robogames/vt-cro/robogames_pi/car_robot_ws/install/diffdrive_arduino/share/colcon-core/packages/diffdrive_arduino)
[0.997s] Level 1:colcon.colcon_core.environment:create_environment_scripts_only(diffdrive_arduino)
[0.998s] Level 1:colcon.colcon_core.environment:checking '/home/robogames/vt-cro/robogames_pi/car_robot_ws/install/diffdrive_arduino' for CMake module files
[0.999s] Level 1:colcon.colcon_core.environment:checking '/home/robogames/vt-cro/robogames_pi/car_robot_ws/install/diffdrive_arduino' for CMake config files
[1.000s] Level 1:colcon.colcon_core.shell:create_environment_hook('diffdrive_arduino', 'cmake_prefix_path')
[1.000s] INFO:colcon.colcon_core.shell:Creating environment hook '/home/robogames/vt-cro/robogames_pi/car_robot_ws/install/diffdrive_arduino/share/diffdrive_arduino/hook/cmake_prefix_path.ps1'
[1.001s] INFO:colcon.colcon_core.shell:Creating environment descriptor '/home/robogames/vt-cro/robogames_pi/car_robot_ws/install/diffdrive_arduino/share/diffdrive_arduino/hook/cmake_prefix_path.dsv'
[1.002s] INFO:colcon.colcon_core.shell:Creating environment hook '/home/robogames/vt-cro/robogames_pi/car_robot_ws/install/diffdrive_arduino/share/diffdrive_arduino/hook/cmake_prefix_path.sh'
[1.004s] Level 1:colcon.colcon_core.environment:checking '/home/robogames/vt-cro/robogames_pi/car_robot_ws/install/diffdrive_arduino/lib'
[1.005s] Level 1:colcon.colcon_core.shell:create_environment_hook('diffdrive_arduino', 'ld_library_path_lib')
[1.005s] INFO:colcon.colcon_core.shell:Creating environment hook '/home/robogames/vt-cro/robogames_pi/car_robot_ws/install/diffdrive_arduino/share/diffdrive_arduino/hook/ld_library_path_lib.ps1'
[1.006s] INFO:colcon.colcon_core.shell:Creating environment descriptor '/home/robogames/vt-cro/robogames_pi/car_robot_ws/install/diffdrive_arduino/share/diffdrive_arduino/hook/ld_library_path_lib.dsv'
[1.008s] INFO:colcon.colcon_core.shell:Creating environment hook '/home/robogames/vt-cro/robogames_pi/car_robot_ws/install/diffdrive_arduino/share/diffdrive_arduino/hook/ld_library_path_lib.sh'
[1.010s] Level 1:colcon.colcon_core.environment:checking '/home/robogames/vt-cro/robogames_pi/car_robot_ws/install/diffdrive_arduino/bin'
[1.010s] Level 1:colcon.colcon_core.environment:checking '/home/robogames/vt-cro/robogames_pi/car_robot_ws/install/diffdrive_arduino/lib/pkgconfig/diffdrive_arduino.pc'
[1.011s] Level 1:colcon.colcon_core.environment:checking '/home/robogames/vt-cro/robogames_pi/car_robot_ws/install/diffdrive_arduino/lib/python3.12/site-packages'
[1.012s] Level 1:colcon.colcon_core.environment:checking '/home/robogames/vt-cro/robogames_pi/car_robot_ws/install/diffdrive_arduino/bin'
[1.013s] INFO:colcon.colcon_core.shell:Creating package script '/home/robogames/vt-cro/robogames_pi/car_robot_ws/install/diffdrive_arduino/share/diffdrive_arduino/package.ps1'
[1.015s] INFO:colcon.colcon_core.shell:Creating package descriptor '/home/robogames/vt-cro/robogames_pi/car_robot_ws/install/diffdrive_arduino/share/diffdrive_arduino/package.dsv'
[1.017s] INFO:colcon.colcon_core.shell:Creating package script '/home/robogames/vt-cro/robogames_pi/car_robot_ws/install/diffdrive_arduino/share/diffdrive_arduino/package.sh'
[1.018s] INFO:colcon.colcon_core.shell:Creating package script '/home/robogames/vt-cro/robogames_pi/car_robot_ws/install/diffdrive_arduino/share/diffdrive_arduino/package.bash'
[1.019s] INFO:colcon.colcon_core.shell:Creating package script '/home/robogames/vt-cro/robogames_pi/car_robot_ws/install/diffdrive_arduino/share/diffdrive_arduino/package.zsh'
[1.020s] Level 1:colcon.colcon_core.environment:create_file_with_runtime_dependencies(/home/robogames/vt-cro/robogames_pi/car_robot_ws/install/diffdrive_arduino/share/colcon-core/packages/diffdrive_arduino)
[1.023s] Level 1:colcon.colcon_core.shell:create_environment_hook('serial', 'ros_package_path')
[1.023s] INFO:colcon.colcon_core.shell:Creating environment hook '/home/robogames/vt-cro/robogames_pi/car_robot_ws/install/serial/share/serial/hook/ros_package_path.ps1'
[1.025s] DEBUG:colcon.colcon_core.event_handler.log_command:Invoked command in '/home/robogames/vt-cro/robogames_pi/car_robot_ws/build/serial' returned '0': DEBUGINFOD_URLS=https://debuginfod.ubuntu.com /usr/bin/cmake --install /home/robogames/vt-cro/robogames_pi/car_robot_ws/build/serial
[1.025s] INFO:colcon.colcon_core.shell:Creating environment descriptor '/home/robogames/vt-cro/robogames_pi/car_robot_ws/install/serial/share/serial/hook/ros_package_path.dsv'
[1.026s] INFO:colcon.colcon_core.shell:Creating environment hook '/home/robogames/vt-cro/robogames_pi/car_robot_ws/install/serial/share/serial/hook/ros_package_path.sh'
[1.028s] Level 1:colcon.colcon_core.shell:create_environment_hook('serial', 'pkg_config_path')
[1.029s] INFO:colcon.colcon_core.shell:Creating environment hook '/home/robogames/vt-cro/robogames_pi/car_robot_ws/install/serial/share/serial/hook/pkg_config_path.ps1'
[1.031s] INFO:colcon.colcon_core.shell:Creating environment descriptor '/home/robogames/vt-cro/robogames_pi/car_robot_ws/install/serial/share/serial/hook/pkg_config_path.dsv'
[1.033s] INFO:colcon.colcon_core.shell:Creating environment hook '/home/robogames/vt-cro/robogames_pi/car_robot_ws/install/serial/share/serial/hook/pkg_config_path.sh'
[1.037s] Level 1:colcon.colcon_core.shell:create_environment_hook('serial', 'pkg_config_path_multiarch')
[1.038s] INFO:colcon.colcon_core.shell:Creating environment hook '/home/robogames/vt-cro/robogames_pi/car_robot_ws/install/serial/share/serial/hook/pkg_config_path_multiarch.ps1'
[1.039s] INFO:colcon.colcon_core.shell:Creating environment descriptor '/home/robogames/vt-cro/robogames_pi/car_robot_ws/install/serial/share/serial/hook/pkg_config_path_multiarch.dsv'
[1.040s] INFO:colcon.colcon_core.shell:Creating environment hook '/home/robogames/vt-cro/robogames_pi/car_robot_ws/install/serial/share/serial/hook/pkg_config_path_multiarch.sh'
[1.042s] Level 1:colcon.colcon_core.environment:create_environment_scripts_only(serial)
[1.043s] Level 1:colcon.colcon_core.environment:checking '/home/robogames/vt-cro/robogames_pi/car_robot_ws/install/serial' for CMake module files
[1.043s] Level 1:colcon.colcon_core.environment:checking '/home/robogames/vt-cro/robogames_pi/car_robot_ws/install/serial' for CMake config files
[1.044s] Level 1:colcon.colcon_core.shell:create_environment_hook('serial', 'cmake_prefix_path')
[1.044s] INFO:colcon.colcon_core.shell:Creating environment hook '/home/robogames/vt-cro/robogames_pi/car_robot_ws/install/serial/share/serial/hook/cmake_prefix_path.ps1'
[1.045s] INFO:colcon.colcon_core.shell:Creating environment descriptor '/home/robogames/vt-cro/robogames_pi/car_robot_ws/install/serial/share/serial/hook/cmake_prefix_path.dsv'
[1.046s] INFO:colcon.colcon_core.shell:Creating environment hook '/home/robogames/vt-cro/robogames_pi/car_robot_ws/install/serial/share/serial/hook/cmake_prefix_path.sh'
[1.049s] Level 1:colcon.colcon_core.environment:checking '/home/robogames/vt-cro/robogames_pi/car_robot_ws/install/serial/lib'
[1.049s] Level 1:colcon.colcon_core.environment:checking '/home/robogames/vt-cro/robogames_pi/car_robot_ws/install/serial/bin'
[1.049s] Level 1:colcon.colcon_core.shell:create_environment_hook('serial', 'path')
[1.050s] INFO:colcon.colcon_core.shell:Creating environment hook '/home/robogames/vt-cro/robogames_pi/car_robot_ws/install/serial/share/serial/hook/path.ps1'
[1.052s] INFO:colcon.colcon_core.shell:Creating environment descriptor '/home/robogames/vt-cro/robogames_pi/car_robot_ws/install/serial/share/serial/hook/path.dsv'
[1.053s] INFO:colcon.colcon_core.shell:Creating environment hook '/home/robogames/vt-cro/robogames_pi/car_robot_ws/install/serial/share/serial/hook/path.sh'
[1.055s] Level 1:colcon.colcon_core.environment:checking '/home/robogames/vt-cro/robogames_pi/car_robot_ws/install/serial/lib/pkgconfig/serial.pc'
[1.056s] Level 1:colcon.colcon_core.environment:checking '/home/robogames/vt-cro/robogames_pi/car_robot_ws/install/serial/lib/python3.12/site-packages'
[1.056s] Level 1:colcon.colcon_core.environment:checking '/home/robogames/vt-cro/robogames_pi/car_robot_ws/install/serial/bin'
[1.056s] Level 1:colcon.colcon_core.shell:create_environment_hook('serial', 'pythonscriptspath')
[1.057s] INFO:colcon.colcon_core.shell:Creating environment hook '/home/robogames/vt-cro/robogames_pi/car_robot_ws/install/serial/share/serial/hook/pythonscriptspath.ps1'
[1.058s] INFO:colcon.colcon_core.shell:Creating environment descriptor '/home/robogames/vt-cro/robogames_pi/car_robot_ws/install/serial/share/serial/hook/pythonscriptspath.dsv'
[1.060s] INFO:colcon.colcon_core.shell:Creating environment hook '/home/robogames/vt-cro/robogames_pi/car_robot_ws/install/serial/share/serial/hook/pythonscriptspath.sh'
[1.064s] INFO:colcon.colcon_core.shell:Creating package script '/home/robogames/vt-cro/robogames_pi/car_robot_ws/install/serial/share/serial/package.ps1'
[1.066s] INFO:colcon.colcon_core.shell:Creating package descriptor '/home/robogames/vt-cro/robogames_pi/car_robot_ws/install/serial/share/serial/package.dsv'
[1.068s] INFO:colcon.colcon_core.shell:Creating package script '/home/robogames/vt-cro/robogames_pi/car_robot_ws/install/serial/share/serial/package.sh'
[1.069s] INFO:colcon.colcon_core.shell:Creating package script '/home/robogames/vt-cro/robogames_pi/car_robot_ws/install/serial/share/serial/package.bash'
[1.069s] INFO:colcon.colcon_core.shell:Creating package script '/home/robogames/vt-cro/robogames_pi/car_robot_ws/install/serial/share/serial/package.zsh'
[1.070s] Level 1:colcon.colcon_core.environment:create_file_with_runtime_dependencies(/home/robogames/vt-cro/robogames_pi/car_robot_ws/install/serial/share/colcon-core/packages/serial)
[1.177s] DEBUG:colcon.colcon_core.event_handler.log_command:Invoked command in '/home/robogames/vt-cro/robogames_pi/car_robot_ws/build/articubot_one' returned '0': CMAKE_PREFIX_PATH=/opt/ros/jazzy:${CMAKE_PREFIX_PATH} DEBUGINFOD_URLS=https://debuginfod.ubuntu.com /usr/bin/cmake --build /home/robogames/vt-cro/robogames_pi/car_robot_ws/build/articubot_one -- -j4 -l4
[1.179s] DEBUG:colcon.colcon_core.event_handler.log_command:Invoking command in '/home/robogames/vt-cro/robogames_pi/car_robot_ws/build/articubot_one': CMAKE_PREFIX_PATH=/opt/ros/jazzy:${CMAKE_PREFIX_PATH} DEBUGINFOD_URLS=https://debuginfod.ubuntu.com /usr/bin/cmake --install /home/robogames/vt-cro/robogames_pi/car_robot_ws/build/articubot_one
[1.215s] Level 1:colcon.colcon_core.environment:create_environment_scripts_only(articubot_one)
[1.216s] Level 1:colcon.colcon_core.environment:checking '/home/robogames/vt-cro/robogames_pi/car_robot_ws/install/articubot_one' for CMake module files
[1.216s] DEBUG:colcon.colcon_core.event_handler.log_command:Invoked command in '/home/robogames/vt-cro/robogames_pi/car_robot_ws/build/articubot_one' returned '0': CMAKE_PREFIX_PATH=/opt/ros/jazzy:${CMAKE_PREFIX_PATH} DEBUGINFOD_URLS=https://debuginfod.ubuntu.com /usr/bin/cmake --install /home/robogames/vt-cro/robogames_pi/car_robot_ws/build/articubot_one
[1.218s] Level 1:colcon.colcon_core.environment:checking '/home/robogames/vt-cro/robogames_pi/car_robot_ws/install/articubot_one' for CMake config files
[1.219s] Level 1:colcon.colcon_core.shell:create_environment_hook('articubot_one', 'cmake_prefix_path')
[1.220s] INFO:colcon.colcon_core.shell:Creating environment hook '/home/robogames/vt-cro/robogames_pi/car_robot_ws/install/articubot_one/share/articubot_one/hook/cmake_prefix_path.ps1'
[1.222s] INFO:colcon.colcon_core.shell:Creating environment descriptor '/home/robogames/vt-cro/robogames_pi/car_robot_ws/install/articubot_one/share/articubot_one/hook/cmake_prefix_path.dsv'
[1.223s] INFO:colcon.colcon_core.shell:Creating environment hook '/home/robogames/vt-cro/robogames_pi/car_robot_ws/install/articubot_one/share/articubot_one/hook/cmake_prefix_path.sh'
[1.225s] Level 1:colcon.colcon_core.environment:checking '/home/robogames/vt-cro/robogames_pi/car_robot_ws/install/articubot_one/lib'
[1.225s] Level 1:colcon.colcon_core.environment:checking '/home/robogames/vt-cro/robogames_pi/car_robot_ws/install/articubot_one/bin'
[1.225s] Level 1:colcon.colcon_core.environment:checking '/home/robogames/vt-cro/robogames_pi/car_robot_ws/install/articubot_one/lib/pkgconfig/articubot_one.pc'
[1.226s] Level 1:colcon.colcon_core.environment:checking '/home/robogames/vt-cro/robogames_pi/car_robot_ws/install/articubot_one/lib/python3.12/site-packages'
[1.226s] Level 1:colcon.colcon_core.environment:checking '/home/robogames/vt-cro/robogames_pi/car_robot_ws/install/articubot_one/bin'
[1.227s] INFO:colcon.colcon_core.shell:Creating package script '/home/robogames/vt-cro/robogames_pi/car_robot_ws/install/articubot_one/share/articubot_one/package.ps1'
[1.229s] INFO:colcon.colcon_core.shell:Creating package descriptor '/home/robogames/vt-cro/robogames_pi/car_robot_ws/install/articubot_one/share/articubot_one/package.dsv'
[1.230s] INFO:colcon.colcon_core.shell:Creating package script '/home/robogames/vt-cro/robogames_pi/car_robot_ws/install/articubot_one/share/articubot_one/package.sh'
[1.231s] INFO:colcon.colcon_core.shell:Creating package script '/home/robogames/vt-cro/robogames_pi/car_robot_ws/install/articubot_one/share/articubot_one/package.bash'
[1.232s] INFO:colcon.colcon_core.shell:Creating package script '/home/robogames/vt-cro/robogames_pi/car_robot_ws/install/articubot_one/share/articubot_one/package.zsh'
[1.234s] Level 1:colcon.colcon_core.environment:create_file_with_runtime_dependencies(/home/robogames/vt-cro/robogames_pi/car_robot_ws/install/articubot_one/share/colcon-core/packages/articubot_one)
[1.235s] Level 1:colcon.colcon_core.environment:create_environment_scripts_only(articubot_one)
[1.236s] Level 1:colcon.colcon_core.environment:checking '/home/robogames/vt-cro/robogames_pi/car_robot_ws/install/articubot_one' for CMake module files
[1.237s] Level 1:colcon.colcon_core.environment:checking '/home/robogames/vt-cro/robogames_pi/car_robot_ws/install/articubot_one' for CMake config files
[1.237s] Level 1:colcon.colcon_core.shell:create_environment_hook('articubot_one', 'cmake_prefix_path')
[1.238s] INFO:colcon.colcon_core.shell:Creating environment hook '/home/robogames/vt-cro/robogames_pi/car_robot_ws/install/articubot_one/share/articubot_one/hook/cmake_prefix_path.ps1'
[1.239s] INFO:colcon.colcon_core.shell:Creating environment descriptor '/home/robogames/vt-cro/robogames_pi/car_robot_ws/install/articubot_one/share/articubot_one/hook/cmake_prefix_path.dsv'
[1.240s] INFO:colcon.colcon_core.shell:Creating environment hook '/home/robogames/vt-cro/robogames_pi/car_robot_ws/install/articubot_one/share/articubot_one/hook/cmake_prefix_path.sh'
[1.242s] Level 1:colcon.colcon_core.environment:checking '/home/robogames/vt-cro/robogames_pi/car_robot_ws/install/articubot_one/lib'
[1.242s] Level 1:colcon.colcon_core.environment:checking '/home/robogames/vt-cro/robogames_pi/car_robot_ws/install/articubot_one/bin'
[1.242s] Level 1:colcon.colcon_core.environment:checking '/home/robogames/vt-cro/robogames_pi/car_robot_ws/install/articubot_one/lib/pkgconfig/articubot_one.pc'
[1.243s] Level 1:colcon.colcon_core.environment:checking '/home/robogames/vt-cro/robogames_pi/car_robot_ws/install/articubot_one/lib/python3.12/site-packages'
[1.243s] Level 1:colcon.colcon_core.environment:checking '/home/robogames/vt-cro/robogames_pi/car_robot_ws/install/articubot_one/bin'
[1.244s] INFO:colcon.colcon_core.shell:Creating package script '/home/robogames/vt-cro/robogames_pi/car_robot_ws/install/articubot_one/share/articubot_one/package.ps1'
[1.245s] INFO:colcon.colcon_core.shell:Creating package descriptor '/home/robogames/vt-cro/robogames_pi/car_robot_ws/install/articubot_one/share/articubot_one/package.dsv'
[1.246s] INFO:colcon.colcon_core.shell:Creating package script '/home/robogames/vt-cro/robogames_pi/car_robot_ws/install/articubot_one/share/articubot_one/package.sh'
[1.248s] INFO:colcon.colcon_core.shell:Creating package script '/home/robogames/vt-cro/robogames_pi/car_robot_ws/install/articubot_one/share/articubot_one/package.bash'
[1.250s] INFO:colcon.colcon_core.shell:Creating package script '/home/robogames/vt-cro/robogames_pi/car_robot_ws/install/articubot_one/share/articubot_one/package.zsh'
[1.254s] Level 1:colcon.colcon_core.environment:create_file_with_runtime_dependencies(/home/robogames/vt-cro/robogames_pi/car_robot_ws/install/articubot_one/share/colcon-core/packages/articubot_one)
[1.254s] DEBUG:colcon.colcon_parallel_executor.executor.parallel:closing loop
[1.255s] DEBUG:colcon.colcon_parallel_executor.executor.parallel:loop closed
[1.255s] DEBUG:colcon.colcon_parallel_executor.executor.parallel:run_until_complete finished with '0'
[1.256s] DEBUG:colcon.colcon_core.event_reactor:joining thread
[1.265s] INFO:colcon.colcon_core.plugin_system:Skipping extension 'colcon_notification.desktop_notification.terminal_notifier': Not used on non-Darwin systems
[1.265s] INFO:colcon.colcon_core.plugin_system:Skipping extension 'colcon_notification.desktop_notification.win32': Not used on non-Windows systems
[1.265s] INFO:colcon.colcon_notification.desktop_notification:Sending desktop notification using 'notify2'
[1.304s] DEBUG:colcon.colcon_core.event_reactor:joined thread
[1.305s] INFO:colcon.colcon_core.shell:Creating prefix script '/home/robogames/vt-cro/robogames_pi/car_robot_ws/install/local_setup.ps1'
[1.307s] INFO:colcon.colcon_core.shell:Creating prefix util module '/home/robogames/vt-cro/robogames_pi/car_robot_ws/install/_local_setup_util_ps1.py'
[1.310s] INFO:colcon.colcon_core.shell:Creating prefix chain script '/home/robogames/vt-cro/robogames_pi/car_robot_ws/install/setup.ps1'
[1.314s] INFO:colcon.colcon_core.shell:Creating prefix script '/home/robogames/vt-cro/robogames_pi/car_robot_ws/install/local_setup.sh'
[1.315s] INFO:colcon.colcon_core.shell:Creating prefix util module '/home/robogames/vt-cro/robogames_pi/car_robot_ws/install/_local_setup_util_sh.py'
[1.317s] INFO:colcon.colcon_core.shell:Creating prefix chain script '/home/robogames/vt-cro/robogames_pi/car_robot_ws/install/setup.sh'
[1.319s] INFO:colcon.colcon_core.shell:Creating prefix script '/home/robogames/vt-cro/robogames_pi/car_robot_ws/install/local_setup.bash'
[1.320s] INFO:colcon.colcon_core.shell:Creating prefix chain script '/home/robogames/vt-cro/robogames_pi/car_robot_ws/install/setup.bash'
[1.322s] INFO:colcon.colcon_core.shell:Creating prefix script '/home/robogames/vt-cro/robogames_pi/car_robot_ws/install/local_setup.zsh'
[1.323s] INFO:colcon.colcon_core.shell:Creating prefix chain script '/home/robogames/vt-cro/robogames_pi/car_robot_ws/install/setup.zsh'
