-- Found ament_cmake: 2.5.3 (/opt/ros/jazzy/share/ament_cmake/cmake)
-- Found serial: 1.2.1 (/home/robogames/vt-cro/robogames_pi/car_robot_ws/install/serial/share/serial/cmake)
-- Found rclcpp: 28.1.6 (/opt/ros/jazzy/share/rclcpp/cmake)
-- Found rosidl_generator_c: 4.6.5 (/opt/ros/jazzy/share/rosidl_generator_c/cmake)
-- Found rosidl_generator_cpp: 4.6.5 (/opt/ros/jazzy/share/rosidl_generator_cpp/cmake)
-- Using all available rosidl_typesupport_c: rosidl_typesupport_fastrtps_c;rosidl_typesupport_introspection_c
-- Using all available rosidl_typesupport_cpp: rosidl_typesupport_fastrtps_cpp;rosidl_typesupport_introspection_cpp
-- Found rmw_implementation_cmake: 7.3.1 (/opt/ros/jazzy/share/rmw_implementation_cmake/cmake)
-- Found rmw_fastrtps_cpp: 8.4.1 (/opt/ros/jazzy/share/rmw_fastrtps_cpp/cmake)
-- Using RMW implementation 'rmw_fastrtps_cpp' as default
-- Found sensor_msgs: 5.3.5 (/opt/ros/jazzy/share/sensor_msgs/cmake)
-- Found cv_bridge: 4.1.0 (/opt/ros/jazzy/share/cv_bridge/cmake)
-- Found image_geometry: 4.1.0 (/opt/ros/jazzy/share/image_geometry/cmake)
-- Found controller_manager_msgs: 4.27.0 (/opt/ros/jazzy/share/controller_manager_msgs/cmake)
-- Found rclcpp_action: 28.1.6 (/opt/ros/jazzy/share/rclcpp_action/cmake)
-- Found nav2_msgs: 1.3.5 (/opt/ros/jazzy/share/nav2_msgs/cmake)
-- Found ament_lint_auto: 0.17.1 (/opt/ros/jazzy/share/ament_lint_auto/cmake)
-- Added test 'copyright' to check source files copyright and LICENSE
-- Added test 'cppcheck' to perform static code analysis on C / C++ code
-- Configured cppcheck include dirs: 
-- Configured cppcheck exclude dirs and/or files: 
-- Added test 'cpplint' to check C / C++ code against the Google style
-- Configured cpplint exclude dirs and/or files: 
-- Added test 'flake8' to check Python code syntax and style conventions
-- Configured 'flake8' exclude dirs and/or files: 
-- Added test 'lint_cmake' to check CMake code style
-- Added test 'pep257' to check Python code against some of the docstring style conventions in PEP 257
-- Added test 'uncrustify' to check C / C++ code style
-- Configured uncrustify additional arguments: 
-- Added test 'xmllint' to check XML markup files
-- Configuring done (1.3s)
-- Generating done (0.1s)
-- Build files have been written to: /home/robogames/vt-cro/robogames_pi/car_robot_ws/build/articubot_one
[ 20%] Built target joy_serial
[ 40%] Built target depth_to_laserscan
[ 60%] Built target depth_processing_node
[ 80%] Built target color_detection_node
[ 90%] [32mBuilding CXX object CMakeFiles/main_bt_node.dir/src/main_bt_node.cpp.o[0m
In file included from [01m[K/home/robogames/vt-cro/robogames_pi/car_robot_ws/src/articubot_one/src/main_bt_node.cpp:17[m[K:
[01m[K/home/robogames/vt-cro/robogames_pi/car_robot_ws/src/articubot_one/src/cone_recovery_node.cpp:46:5:[m[K [01;31m[Kerror: [m[Kredefinition of ‘[01m[Kint[01;32m[K main[m[K(int, char**)[m[K’
   46 | int [01;31m[Kmain[m[K(int argc, char **argv) {
      |     [01;31m[K^~~~[m[K
In file included from [01m[K/home/robogames/vt-cro/robogames_pi/car_robot_ws/src/articubot_one/src/main_bt_node.cpp:16[m[K:
[01m[K/home/robogames/vt-cro/robogames_pi/car_robot_ws/src/articubot_one/src/cone_navigator_node.cpp:68:5:[m[K [01;36m[Knote: [m[K‘[01m[Kint[01;32m[K main[m[K(int, char**)[m[K’ previously defined here
   68 | int [01;36m[Kmain[m[K(int argc, char **argv)
      |     [01;36m[K^~~~[m[K
[01m[K/home/robogames/vt-cro/robogames_pi/car_robot_ws/src/articubot_one/src/main_bt_node.cpp:21:5:[m[K [01;31m[Kerror: [m[Kredefinition of ‘[01m[Kint[01;32m[K main[m[K(int, char**)[m[K’
   21 | int [01;31m[Kmain[m[K(int argc, char **argv)
      |     [01;31m[K^~~~[m[K
[01m[K/home/robogames/vt-cro/robogames_pi/car_robot_ws/src/articubot_one/src/cone_navigator_node.cpp:68:5:[m[K [01;36m[Knote: [m[K‘[01m[Kint[01;32m[K main[m[K(int, char**)[m[K’ previously defined here
   68 | int [01;36m[Kmain[m[K(int argc, char **argv)
      |     [01;36m[K^~~~[m[K
In file included from [01m[K/home/robogames/vt-cro/robogames_pi/car_robot_ws/src/articubot_one/src/main_bt_node.cpp:6[m[K:
/opt/ros/jazzy/include/behaviortree_cpp_v3/bt_factory.h: In instantiation of ‘[01m[Kvoid BT::BehaviorTreeFactory::[01;32m[KregisterNodeType[m[K(const std::string&) [35m[K[with T = ConeNavigator; std::string = std::__cxx11::basic_string<char>][m[K[m[K’:
[01m[K/home/robogames/vt-cro/robogames_pi/car_robot_ws/src/articubot_one/src/main_bt_node.cpp:41:42:[m[K   required from here
[01m[K/opt/ros/jazzy/include/behaviortree_cpp_v3/bt_factory.h:368:64:[m[K [01;31m[Kerror: [m[Kstatic assertion failed: [registerNode]: accepts only classed derived from either ActionNodeBase, DecoratorNode, ControlNode or ConditionNode
  366 |     static_assert(std::is_base_of<ActionNodeBase, T>::[01;31m[Kvalue ||[m[K
      |                                                       [01;31m[K~~~~~~~~[m[K  
  367 | [01;31m[K                      std::is_base_of<ControlNode, T>::value ||[m[K
      |                       [01;31m[K~~~~~~~~~~~~~~~~~~~~~~~~~~~~~~~~~~~~~~~~~[m[K 
  368 | [01;31m[K                      std::is_base_of<DecoratorNode, T>::value ||[m[K
      |                       [01;31m[K~~~~~~~~~~~~~~~~~~~~~~~~~~~~~~~~~~~~~~~~~^~[m[K
  369 | [01;31m[K                      std::is_base_of<ConditionNode, T>::value[m[K,
      |                       [01;31m[K~~~~~~~~~~~~~~~~~~~~~~~~~~~~~~~~~~~~~~~~[m[K  
[01m[K/opt/ros/jazzy/include/behaviortree_cpp_v3/bt_factory.h:368:64:[m[K [01;36m[Knote: [m[K‘[01m[K(((((bool)std::integral_constant<bool, false>::value) || ((bool)std::integral_constant<bool, false>::value)) || ((bool)std::integral_constant<bool, false>::value)) || ((bool)std::integral_constant<bool, false>::value))[m[K’ evaluates to false
[01m[K/opt/ros/jazzy/include/behaviortree_cpp_v3/bt_factory.h:385:41:[m[K [01;31m[Kerror: [m[Kstatic assertion failed: [registerNode]: the registered class must have at least one of these two constructors:   (const std::string&, const NodeConfiguration&) or (const std::string&).
Check also if the constructor is public!
  385 |     static_assert([01;31m[Kdefault_constructable || param_constructable[m[K, "[registerNode]: the "
      |                   [01;31m[K~~~~~~~~~~~~~~~~~~~~~~^~~~~~~~~~~~~~~~~~~~~~[m[K
[01m[K/opt/ros/jazzy/include/behaviortree_cpp_v3/bt_factory.h:385:41:[m[K [01;36m[Knote: [m[K‘[01m[K(((bool)default_constructable) || ((bool)param_constructable))[m[K’ evaluates to false
[01m[K/opt/ros/jazzy/include/behaviortree_cpp_v3/bt_factory.h:418:60:[m[K [01;31m[Kerror: [m[Kno matching function for call to ‘[01m[KCreateBuilder<ConeNavigator>()[m[K’
  418 |     registerBuilder(CreateManifest<T>(ID), [01;31m[KCreateBuilder<T>()[m[K);
      |                                            [01;31m[K~~~~~~~~~~~~~~~~^~[m[K
[01m[K/opt/ros/jazzy/include/behaviortree_cpp_v3/bt_factory.h:43:1:[m[K [01;36m[Knote: [m[Kcandidate: ‘[01m[Ktemplate<class T> BT::NodeBuilder BT::[01;32m[KCreateBuilder[m[K(typename std::enable_if<(std::is_constructible<T, const std::__cxx11::basic_string<char, std::char_traits<char>, std::allocator<char> >&>::value && std::is_constructible<T, const std::__cxx11::basic_string<char, std::char_traits<char>, std::allocator<char> >&, const NodeConfiguration&>::value)>::type*)[m[K’
   43 | [01;36m[KCreateBuilder[m[K(typename std::enable_if<has_default_constructor<T>::value &&
      | [01;36m[K^~~~~~~~~~~~~[m[K
[01m[K/opt/ros/jazzy/include/behaviortree_cpp_v3/bt_factory.h:43:1:[m[K [01;36m[Knote: [m[K  template argument deduction/substitution failed:
/opt/ros/jazzy/include/behaviortree_cpp_v3/bt_factory.h: In substitution of ‘[01m[Ktemplate<class T> BT::NodeBuilder BT::[01;32m[KCreateBuilder[m[K(typename std::enable_if<(std::is_constructible<T, const std::__cxx11::basic_string<char, std::char_traits<char>, std::allocator<char> >&>::value && std::is_constructible<T, const std::__cxx11::basic_string<char, std::char_traits<char>, std::allocator<char> >&, const NodeConfiguration&>::value)>::type*) [35m[K[with T = ConeNavigator][m[K[m[K’:
[01m[K/opt/ros/jazzy/include/behaviortree_cpp_v3/bt_factory.h:418:60:[m[K   required from ‘[01m[Kvoid BT::BehaviorTreeFactory::[01;32m[KregisterNodeType[m[K(const std::string&) [35m[K[with T = ConeNavigator; std::string = std::__cxx11::basic_string<char>][m[K[m[K’
[01m[K/home/robogames/vt-cro/robogames_pi/car_robot_ws/src/articubot_one/src/main_bt_node.cpp:41:42:[m[K   required from here
[01m[K/opt/ros/jazzy/include/behaviortree_cpp_v3/bt_factory.h:43:1:[m[K [01;31m[Kerror: [m[Kno type named ‘[01m[Ktype[m[K’ in ‘[01m[Kstruct std::enable_if<false, void>[m[K’
/opt/ros/jazzy/include/behaviortree_cpp_v3/bt_factory.h: In instantiation of ‘[01m[Kvoid BT::BehaviorTreeFactory::[01;32m[KregisterNodeType[m[K(const std::string&) [35m[K[with T = ConeNavigator; std::string = std::__cxx11::basic_string<char>][m[K[m[K’:
[01m[K/home/robogames/vt-cro/robogames_pi/car_robot_ws/src/articubot_one/src/main_bt_node.cpp:41:42:[m[K   required from here
[01m[K/opt/ros/jazzy/include/behaviortree_cpp_v3/bt_factory.h:59:1:[m[K [01;36m[Knote: [m[Kcandidate: ‘[01m[Ktemplate<class T> BT::NodeBuilder BT::[01;32m[KCreateBuilder[m[K(typename std::enable_if<((! std::is_constructible<T, const std::__cxx11::basic_string<char, std::char_traits<char>, std::allocator<char> >&>::value) && std::is_constructible<T, const std::__cxx11::basic_string<char, std::char_traits<char>, std::allocator<char> >&, const NodeConfiguration&>::value)>::type*)[m[K’
   59 | [01;36m[KCreateBuilder[m[K(typename std::enable_if<!has_default_constructor<T>::value &&
      | [01;36m[K^~~~~~~~~~~~~[m[K
[01m[K/opt/ros/jazzy/include/behaviortree_cpp_v3/bt_factory.h:59:1:[m[K [01;36m[Knote: [m[K  template argument deduction/substitution failed:
/opt/ros/jazzy/include/behaviortree_cpp_v3/bt_factory.h: In substitution of ‘[01m[Ktemplate<class T> BT::NodeBuilder BT::[01;32m[KCreateBuilder[m[K(typename std::enable_if<((! std::is_constructible<T, const std::__cxx11::basic_string<char, std::char_traits<char>, std::allocator<char> >&>::value) && std::is_constructible<T, const std::__cxx11::basic_string<char, std::char_traits<char>, std::allocator<char> >&, const NodeConfiguration&>::value)>::type*) [35m[K[with T = ConeNavigator][m[K[m[K’:
[01m[K/opt/ros/jazzy/include/behaviortree_cpp_v3/bt_factory.h:418:60:[m[K   required from ‘[01m[Kvoid BT::BehaviorTreeFactory::[01;32m[KregisterNodeType[m[K(const std::string&) [35m[K[with T = ConeNavigator; std::string = std::__cxx11::basic_string<char>][m[K[m[K’
[01m[K/home/robogames/vt-cro/robogames_pi/car_robot_ws/src/articubot_one/src/main_bt_node.cpp:41:42:[m[K   required from here
[01m[K/opt/ros/jazzy/include/behaviortree_cpp_v3/bt_factory.h:59:1:[m[K [01;31m[Kerror: [m[Kno type named ‘[01m[Ktype[m[K’ in ‘[01m[Kstruct std::enable_if<false, void>[m[K’
/opt/ros/jazzy/include/behaviortree_cpp_v3/bt_factory.h: In instantiation of ‘[01m[Kvoid BT::BehaviorTreeFactory::[01;32m[KregisterNodeType[m[K(const std::string&) [35m[K[with T = ConeNavigator; std::string = std::__cxx11::basic_string<char>][m[K[m[K’:
[01m[K/home/robogames/vt-cro/robogames_pi/car_robot_ws/src/articubot_one/src/main_bt_node.cpp:41:42:[m[K   required from here
[01m[K/opt/ros/jazzy/include/behaviortree_cpp_v3/bt_factory.h:69:1:[m[K [01;36m[Knote: [m[Kcandidate: ‘[01m[Ktemplate<class T> BT::NodeBuilder BT::[01;32m[KCreateBuilder[m[K(typename std::enable_if<(std::is_constructible<T, const std::__cxx11::basic_string<char, std::char_traits<char>, std::allocator<char> >&>::value && (! std::is_constructible<T, const std::__cxx11::basic_string<char, std::char_traits<char>, std::allocator<char> >&, const NodeConfiguration&>::value))>::type*)[m[K’
   69 | [01;36m[KCreateBuilder[m[K(typename std::enable_if<has_default_constructor<T>::value &&
      | [01;36m[K^~~~~~~~~~~~~[m[K
[01m[K/opt/ros/jazzy/include/behaviortree_cpp_v3/bt_factory.h:69:1:[m[K [01;36m[Knote: [m[K  template argument deduction/substitution failed:
/opt/ros/jazzy/include/behaviortree_cpp_v3/bt_factory.h: In substitution of ‘[01m[Ktemplate<class T> BT::NodeBuilder BT::[01;32m[KCreateBuilder[m[K(typename std::enable_if<(std::is_constructible<T, const std::__cxx11::basic_string<char, std::char_traits<char>, std::allocator<char> >&>::value && (! std::is_constructible<T, const std::__cxx11::basic_string<char, std::char_traits<char>, std::allocator<char> >&, const NodeConfiguration&>::value))>::type*) [35m[K[with T = ConeNavigator][m[K[m[K’:
[01m[K/opt/ros/jazzy/include/behaviortree_cpp_v3/bt_factory.h:418:60:[m[K   required from ‘[01m[Kvoid BT::BehaviorTreeFactory::[01;32m[KregisterNodeType[m[K(const std::string&) [35m[K[with T = ConeNavigator; std::string = std::__cxx11::basic_string<char>][m[K[m[K’
[01m[K/home/robogames/vt-cro/robogames_pi/car_robot_ws/src/articubot_one/src/main_bt_node.cpp:41:42:[m[K   required from here
[01m[K/opt/ros/jazzy/include/behaviortree_cpp_v3/bt_factory.h:69:1:[m[K [01;31m[Kerror: [m[Kno type named ‘[01m[Ktype[m[K’ in ‘[01m[Kstruct std::enable_if<false, void>[m[K’
gmake[2]: *** [CMakeFiles/main_bt_node.dir/build.make:76: CMakeFiles/main_bt_node.dir/src/main_bt_node.cpp.o] Error 1
gmake[1]: *** [CMakeFiles/Makefile2:249: CMakeFiles/main_bt_node.dir/all] Error 2
gmake: *** [Makefile:146: all] Error 2
