-- Found ament_cmake: 2.5.3 (/opt/ros/jazzy/share/ament_cmake/cmake)
-- Override CMake install command with custom implementation using symlinks instead of copying resources
-- Found urdf: 2.10.0 (/opt/ros/jazzy/share/urdf/cmake)
-- Found TinyXML2 via Config file: /usr/lib/aarch64-linux-gnu/cmake/tinyxml2
-- Found ament_lint_auto: 0.17.1 (/opt/ros/jazzy/share/ament_lint_auto/cmake)
-- Added test 'copyright' to check source files copyright and LICENSE
-- Added test 'flake8' to check Python code syntax and style conventions
-- Configured 'flake8' exclude dirs and/or files: 
-- Added test 'lint_cmake' to check CMake code style
-- Added test 'pep257' to check Python code against some of the docstring style conventions in PEP 257
-- Added test 'xmllint' to check XML markup files
-- Configuring done (1.0s)
-- Generating done (0.0s)
-- Build files have been written to: /home/robogames/vt-cro/robogames_pi/yolobot/build/yolobot_description
-- Install configuration: ""
-- Execute custom install script
-- Up-to-date symlink: /home/robogames/vt-cro/robogames_pi/yolobot/install/yolobot_description/share/yolobot_description//launch/spawn_yolobot.py
-- Up-to-date symlink: /home/robogames/vt-cro/robogames_pi/yolobot/install/yolobot_description/share/yolobot_description//launch/spawn_yolobot_launch.launch.py
-- Up-to-date symlink: /home/robogames/vt-cro/robogames_pi/yolobot/install/yolobot_description/share/yolobot_description//robot/yolobot.urdf
-- Up-to-date symlink: /home/robogames/vt-cro/robogames_pi/yolobot/install/yolobot_description/lib/yolobot_description/spawn_yolobot.py
-- Up-to-date symlink: /home/robogames/vt-cro/robogames_pi/yolobot/install/yolobot_description/share/ament_index/resource_index/package_run_dependencies/yolobot_description
-- Up-to-date symlink: /home/robogames/vt-cro/robogames_pi/yolobot/install/yolobot_description/share/ament_index/resource_index/parent_prefix_path/yolobot_description
-- Up-to-date symlink: /home/robogames/vt-cro/robogames_pi/yolobot/install/yolobot_description/share/yolobot_description/environment/ament_prefix_path.sh
-- Up-to-date symlink: /home/robogames/vt-cro/robogames_pi/yolobot/install/yolobot_description/share/yolobot_description/environment/ament_prefix_path.dsv
-- Up-to-date symlink: /home/robogames/vt-cro/robogames_pi/yolobot/install/yolobot_description/share/yolobot_description/environment/path.sh
-- Up-to-date symlink: /home/robogames/vt-cro/robogames_pi/yolobot/install/yolobot_description/share/yolobot_description/environment/path.dsv
-- Up-to-date symlink: /home/robogames/vt-cro/robogames_pi/yolobot/install/yolobot_description/share/yolobot_description/local_setup.bash
-- Up-to-date symlink: /home/robogames/vt-cro/robogames_pi/yolobot/install/yolobot_description/share/yolobot_description/local_setup.sh
-- Up-to-date symlink: /home/robogames/vt-cro/robogames_pi/yolobot/install/yolobot_description/share/yolobot_description/local_setup.zsh
-- Up-to-date symlink: /home/robogames/vt-cro/robogames_pi/yolobot/install/yolobot_description/share/yolobot_description/local_setup.dsv
-- Symlinking: /home/robogames/vt-cro/robogames_pi/yolobot/install/yolobot_description/share/yolobot_description/package.dsv
-- Up-to-date symlink: /home/robogames/vt-cro/robogames_pi/yolobot/install/yolobot_description/share/ament_index/resource_index/packages/yolobot_description
-- Up-to-date symlink: /home/robogames/vt-cro/robogames_pi/yolobot/install/yolobot_description/share/yolobot_description/cmake/yolobot_descriptionConfig.cmake
-- Up-to-date symlink: /home/robogames/vt-cro/robogames_pi/yolobot/install/yolobot_description/share/yolobot_description/cmake/yolobot_descriptionConfig-version.cmake
-- Up-to-date symlink: /home/robogames/vt-cro/robogames_pi/yolobot/install/yolobot_description/share/yolobot_description/package.xml
