[0.055s] Invoking command in '/home/robogames/vt-cro/robogames_pi/car_robot_ws/build/yolov8_msgs': CMAKE_PREFIX_PATH=/home/robogames/vt-cro/robogames_pi/car_robot_ws/install/yolov8_msgs:/home/robogames/vt-cro/robogames_pi/car_robot_ws/install/yolobot_recognition:/opt/ros/jazzy:/home/robogames/vt-cro/robogames_pi/car_robot_ws/install/serial:/home/robogames/vt-cro/robogames_pi/car_robot_ws/install/diffdrive_arduino:/home/robogames/vt-cro/robogames_pi/car_robot_ws/install/articubot_one:/opt/ros/jazzy/opt/gz_sim_vendor:/opt/ros/jazzy/opt/gz_sensors_vendor:/opt/ros/jazzy/opt/gz_physics_vendor:/opt/ros/jazzy/opt/sdformat_vendor:/opt/ros/jazzy/opt/gz_gui_vendor:/opt/ros/jazzy/opt/gz_transport_vendor:/opt/ros/jazzy/opt/gz_rendering_vendor:/opt/ros/jazzy/opt/gz_plugin_vendor:/opt/ros/jazzy/opt/gz_fuel_tools_vendor:/opt/ros/jazzy/opt/gz_msgs_vendor:/opt/ros/jazzy/opt/gz_common_vendor:/opt/ros/jazzy/opt/gz_math_vendor:/opt/ros/jazzy/opt/gz_utils_vendor:/opt/ros/jazzy/opt/gz_tools_vendor:/opt/ros/jazzy/opt/gz_ogre_next_vendor:/opt/ros/jazzy/opt/gz_dartsim_vendor:/opt/ros/jazzy/opt/gz_cmake_vendor DEBUGINFOD_URLS=https://debuginfod.ubuntu.com PS1=(ros2_python_venv) \[\e]0;\u@\h: \w\a\]${debian_chroot:+($debian_chroot)}\[\033[01;32m\]\u@\h\[\033[00m\]:\[\033[01;34m\]\w\[\033[00m\]\$ VIRTUAL_ENV_PROMPT=(ros2_python_venv) /usr/bin/cmake --build /home/robogames/vt-cro/robogames_pi/car_robot_ws/build/yolov8_msgs -- -j4 -l4
[0.317s] [  1%] Built target yolov8_msgs__rosidl_generator_type_description
[0.356s] [  1%] Built target ament_cmake_python_symlink_yolov8_msgs
[0.450s] [  3%] Built target yolov8_msgs__cpp
[0.452s] [ 24%] Built target yolov8_msgs__rosidl_generator_c
[0.578s] [ 33%] Built target yolov8_msgs__rosidl_typesupport_c
[0.587s] [ 42%] Built target yolov8_msgs__rosidl_typesupport_cpp
[0.597s] [ 51%] Built target yolov8_msgs__rosidl_typesupport_introspection_cpp
[0.696s] [ 61%] Built target yolov8_msgs__rosidl_typesupport_fastrtps_c
[0.723s] [ 70%] Built target yolov8_msgs__rosidl_typesupport_fastrtps_cpp
[0.743s] [ 79%] Built target yolov8_msgs__rosidl_typesupport_introspection_c
[0.812s] [ 79%] Built target yolov8_msgs
[0.905s] [ 81%] Built target yolov8_msgs__py
[1.041s] [ 88%] Built target yolov8_msgs__rosidl_generator_py
[1.191s] [ 92%] Built target yolov8_msgs_s__rosidl_typesupport_fastrtps_c
[1.202s] [ 96%] Built target yolov8_msgs_s__rosidl_typesupport_c
[1.209s] [100%] Built target yolov8_msgs_s__rosidl_typesupport_introspection_c
[1.419s] running egg_info
[1.493s] writing yolov8_msgs.egg-info/PKG-INFO
[1.494s] writing dependency_links to yolov8_msgs.egg-info/dependency_links.txt
[1.496s] writing top-level names to yolov8_msgs.egg-info/top_level.txt
[1.682s] reading manifest file 'yolov8_msgs.egg-info/SOURCES.txt'
[1.683s] writing manifest file 'yolov8_msgs.egg-info/SOURCES.txt'
[1.810s] [100%] Built target ament_cmake_python_build_yolov8_msgs_egg
[1.855s] Invoked command in '/home/robogames/vt-cro/robogames_pi/car_robot_ws/build/yolov8_msgs' returned '0': CMAKE_PREFIX_PATH=/home/robogames/vt-cro/robogames_pi/car_robot_ws/install/yolov8_msgs:/home/robogames/vt-cro/robogames_pi/car_robot_ws/install/yolobot_recognition:/opt/ros/jazzy:/home/robogames/vt-cro/robogames_pi/car_robot_ws/install/serial:/home/robogames/vt-cro/robogames_pi/car_robot_ws/install/diffdrive_arduino:/home/robogames/vt-cro/robogames_pi/car_robot_ws/install/articubot_one:/opt/ros/jazzy/opt/gz_sim_vendor:/opt/ros/jazzy/opt/gz_sensors_vendor:/opt/ros/jazzy/opt/gz_physics_vendor:/opt/ros/jazzy/opt/sdformat_vendor:/opt/ros/jazzy/opt/gz_gui_vendor:/opt/ros/jazzy/opt/gz_transport_vendor:/opt/ros/jazzy/opt/gz_rendering_vendor:/opt/ros/jazzy/opt/gz_plugin_vendor:/opt/ros/jazzy/opt/gz_fuel_tools_vendor:/opt/ros/jazzy/opt/gz_msgs_vendor:/opt/ros/jazzy/opt/gz_common_vendor:/opt/ros/jazzy/opt/gz_math_vendor:/opt/ros/jazzy/opt/gz_utils_vendor:/opt/ros/jazzy/opt/gz_tools_vendor:/opt/ros/jazzy/opt/gz_ogre_next_vendor:/opt/ros/jazzy/opt/gz_dartsim_vendor:/opt/ros/jazzy/opt/gz_cmake_vendor DEBUGINFOD_URLS=https://debuginfod.ubuntu.com PS1=(ros2_python_venv) \[\e]0;\u@\h: \w\a\]${debian_chroot:+($debian_chroot)}\[\033[01;32m\]\u@\h\[\033[00m\]:\[\033[01;34m\]\w\[\033[00m\]\$ VIRTUAL_ENV_PROMPT=(ros2_python_venv) /usr/bin/cmake --build /home/robogames/vt-cro/robogames_pi/car_robot_ws/build/yolov8_msgs -- -j4 -l4
[1.858s] Invoking command in '/home/robogames/vt-cro/robogames_pi/car_robot_ws/build/yolov8_msgs': CMAKE_PREFIX_PATH=/home/robogames/vt-cro/robogames_pi/car_robot_ws/install/yolov8_msgs:/home/robogames/vt-cro/robogames_pi/car_robot_ws/install/yolobot_recognition:/opt/ros/jazzy:/home/robogames/vt-cro/robogames_pi/car_robot_ws/install/serial:/home/robogames/vt-cro/robogames_pi/car_robot_ws/install/diffdrive_arduino:/home/robogames/vt-cro/robogames_pi/car_robot_ws/install/articubot_one:/opt/ros/jazzy/opt/gz_sim_vendor:/opt/ros/jazzy/opt/gz_sensors_vendor:/opt/ros/jazzy/opt/gz_physics_vendor:/opt/ros/jazzy/opt/sdformat_vendor:/opt/ros/jazzy/opt/gz_gui_vendor:/opt/ros/jazzy/opt/gz_transport_vendor:/opt/ros/jazzy/opt/gz_rendering_vendor:/opt/ros/jazzy/opt/gz_plugin_vendor:/opt/ros/jazzy/opt/gz_fuel_tools_vendor:/opt/ros/jazzy/opt/gz_msgs_vendor:/opt/ros/jazzy/opt/gz_common_vendor:/opt/ros/jazzy/opt/gz_math_vendor:/opt/ros/jazzy/opt/gz_utils_vendor:/opt/ros/jazzy/opt/gz_tools_vendor:/opt/ros/jazzy/opt/gz_ogre_next_vendor:/opt/ros/jazzy/opt/gz_dartsim_vendor:/opt/ros/jazzy/opt/gz_cmake_vendor DEBUGINFOD_URLS=https://debuginfod.ubuntu.com PS1=(ros2_python_venv) \[\e]0;\u@\h: \w\a\]${debian_chroot:+($debian_chroot)}\[\033[01;32m\]\u@\h\[\033[00m\]:\[\033[01;34m\]\w\[\033[00m\]\$ VIRTUAL_ENV_PROMPT=(ros2_python_venv) /usr/bin/cmake --install /home/robogames/vt-cro/robogames_pi/car_robot_ws/build/yolov8_msgs
[1.877s] -- Install configuration: ""
[1.878s] -- Execute custom install script
[1.879s] -- Up-to-date symlink: /home/robogames/vt-cro/robogames_pi/car_robot_ws/install/yolov8_msgs/share/ament_index/resource_index/rosidl_interfaces/yolov8_msgs
[1.882s] -- Up-to-date symlink: /home/robogames/vt-cro/robogames_pi/car_robot_ws/install/yolov8_msgs/share/yolov8_msgs/msg/InferenceResult.json
[1.882s] -- Up-to-date symlink: /home/robogames/vt-cro/robogames_pi/car_robot_ws/install/yolov8_msgs/share/yolov8_msgs/msg/Yolov8Inference.json
[1.882s] -- Up-to-date symlink: /home/robogames/vt-cro/robogames_pi/car_robot_ws/install/yolov8_msgs/share/yolov8_msgs/msg/ColorDetection.json
[1.882s] -- Up-to-date symlink: /home/robogames/vt-cro/robogames_pi/car_robot_ws/install/yolov8_msgs/include/yolov8_msgs/yolov8_msgs/msg/color_detection.h
[1.883s] -- Up-to-date symlink: /home/robogames/vt-cro/robogames_pi/car_robot_ws/install/yolov8_msgs/include/yolov8_msgs/yolov8_msgs/msg/detail/color_detection__functions.h
[1.883s] -- Up-to-date symlink: /home/robogames/vt-cro/robogames_pi/car_robot_ws/install/yolov8_msgs/include/yolov8_msgs/yolov8_msgs/msg/detail/color_detection__struct.h
[1.883s] -- Up-to-date symlink: /home/robogames/vt-cro/robogames_pi/car_robot_ws/install/yolov8_msgs/include/yolov8_msgs/yolov8_msgs/msg/detail/color_detection__type_support.h
[1.884s] -- Up-to-date symlink: /home/robogames/vt-cro/robogames_pi/car_robot_ws/install/yolov8_msgs/include/yolov8_msgs/yolov8_msgs/msg/detail/inference_result__functions.h
[1.884s] -- Up-to-date symlink: /home/robogames/vt-cro/robogames_pi/car_robot_ws/install/yolov8_msgs/include/yolov8_msgs/yolov8_msgs/msg/detail/inference_result__struct.h
[1.885s] -- Up-to-date symlink: /home/robogames/vt-cro/robogames_pi/car_robot_ws/install/yolov8_msgs/include/yolov8_msgs/yolov8_msgs/msg/detail/inference_result__type_support.h
[1.885s] -- Up-to-date symlink: /home/robogames/vt-cro/robogames_pi/car_robot_ws/install/yolov8_msgs/include/yolov8_msgs/yolov8_msgs/msg/detail/yolov8_inference__functions.h
[1.885s] -- Up-to-date symlink: /home/robogames/vt-cro/robogames_pi/car_robot_ws/install/yolov8_msgs/include/yolov8_msgs/yolov8_msgs/msg/detail/yolov8_inference__struct.h
[1.886s] -- Up-to-date symlink: /home/robogames/vt-cro/robogames_pi/car_robot_ws/install/yolov8_msgs/include/yolov8_msgs/yolov8_msgs/msg/detail/yolov8_inference__type_support.h
[1.886s] -- Up-to-date symlink: /home/robogames/vt-cro/robogames_pi/car_robot_ws/install/yolov8_msgs/include/yolov8_msgs/yolov8_msgs/msg/inference_result.h
[1.887s] -- Up-to-date symlink: /home/robogames/vt-cro/robogames_pi/car_robot_ws/install/yolov8_msgs/include/yolov8_msgs/yolov8_msgs/msg/rosidl_generator_c__visibility_control.h
[1.888s] -- Up-to-date symlink: /home/robogames/vt-cro/robogames_pi/car_robot_ws/install/yolov8_msgs/include/yolov8_msgs/yolov8_msgs/msg/yolov8_inference.h
[1.889s] -- Up-to-date symlink: /home/robogames/vt-cro/robogames_pi/car_robot_ws/install/yolov8_msgs/share/yolov8_msgs/environment/library_path.sh
[1.890s] -- Up-to-date symlink: /home/robogames/vt-cro/robogames_pi/car_robot_ws/install/yolov8_msgs/share/yolov8_msgs/environment/library_path.dsv
[1.890s] -- Up-to-date symlink: /home/robogames/vt-cro/robogames_pi/car_robot_ws/install/yolov8_msgs/include/yolov8_msgs/yolov8_msgs/msg/detail/color_detection__rosidl_typesupport_fastrtps_c.h
[1.891s] -- Up-to-date symlink: /home/robogames/vt-cro/robogames_pi/car_robot_ws/install/yolov8_msgs/include/yolov8_msgs/yolov8_msgs/msg/detail/inference_result__rosidl_typesupport_fastrtps_c.h
[1.892s] -- Up-to-date symlink: /home/robogames/vt-cro/robogames_pi/car_robot_ws/install/yolov8_msgs/include/yolov8_msgs/yolov8_msgs/msg/detail/yolov8_inference__rosidl_typesupport_fastrtps_c.h
[1.894s] -- Up-to-date symlink: /home/robogames/vt-cro/robogames_pi/car_robot_ws/install/yolov8_msgs/include/yolov8_msgs/yolov8_msgs/msg/rosidl_typesupport_fastrtps_c__visibility_control.h
[1.894s] -- Up-to-date symlink: /home/robogames/vt-cro/robogames_pi/car_robot_ws/install/yolov8_msgs/include/yolov8_msgs/yolov8_msgs/msg/color_detection.hpp
[1.895s] -- Up-to-date symlink: /home/robogames/vt-cro/robogames_pi/car_robot_ws/install/yolov8_msgs/include/yolov8_msgs/yolov8_msgs/msg/detail/color_detection__builder.hpp
[1.895s] -- Up-to-date symlink: /home/robogames/vt-cro/robogames_pi/car_robot_ws/install/yolov8_msgs/include/yolov8_msgs/yolov8_msgs/msg/detail/color_detection__struct.hpp
[1.897s] -- Up-to-date symlink: /home/robogames/vt-cro/robogames_pi/car_robot_ws/install/yolov8_msgs/include/yolov8_msgs/yolov8_msgs/msg/detail/color_detection__traits.hpp
[1.897s] -- Up-to-date symlink: /home/robogames/vt-cro/robogames_pi/car_robot_ws/install/yolov8_msgs/include/yolov8_msgs/yolov8_msgs/msg/detail/color_detection__type_support.hpp
[1.898s] -- Up-to-date symlink: /home/robogames/vt-cro/robogames_pi/car_robot_ws/install/yolov8_msgs/include/yolov8_msgs/yolov8_msgs/msg/detail/inference_result__builder.hpp
[1.898s] -- Up-to-date symlink: /home/robogames/vt-cro/robogames_pi/car_robot_ws/install/yolov8_msgs/include/yolov8_msgs/yolov8_msgs/msg/detail/inference_result__struct.hpp
[1.899s] -- Up-to-date symlink: /home/robogames/vt-cro/robogames_pi/car_robot_ws/install/yolov8_msgs/include/yolov8_msgs/yolov8_msgs/msg/detail/inference_result__traits.hpp
[1.899s] -- Up-to-date symlink: /home/robogames/vt-cro/robogames_pi/car_robot_ws/install/yolov8_msgs/include/yolov8_msgs/yolov8_msgs/msg/detail/inference_result__type_support.hpp
[1.900s] -- Up-to-date symlink: /home/robogames/vt-cro/robogames_pi/car_robot_ws/install/yolov8_msgs/include/yolov8_msgs/yolov8_msgs/msg/detail/yolov8_inference__builder.hpp
[1.900s] -- Up-to-date symlink: /home/robogames/vt-cro/robogames_pi/car_robot_ws/install/yolov8_msgs/include/yolov8_msgs/yolov8_msgs/msg/detail/yolov8_inference__struct.hpp
[1.902s] -- Up-to-date symlink: /home/robogames/vt-cro/robogames_pi/car_robot_ws/install/yolov8_msgs/include/yolov8_msgs/yolov8_msgs/msg/detail/yolov8_inference__traits.hpp
[1.902s] -- Up-to-date symlink: /home/robogames/vt-cro/robogames_pi/car_robot_ws/install/yolov8_msgs/include/yolov8_msgs/yolov8_msgs/msg/detail/yolov8_inference__type_support.hpp
[1.903s] -- Up-to-date symlink: /home/robogames/vt-cro/robogames_pi/car_robot_ws/install/yolov8_msgs/include/yolov8_msgs/yolov8_msgs/msg/inference_result.hpp
[1.903s] -- Up-to-date symlink: /home/robogames/vt-cro/robogames_pi/car_robot_ws/install/yolov8_msgs/include/yolov8_msgs/yolov8_msgs/msg/rosidl_generator_cpp__visibility_control.hpp
[1.904s] -- Up-to-date symlink: /home/robogames/vt-cro/robogames_pi/car_robot_ws/install/yolov8_msgs/include/yolov8_msgs/yolov8_msgs/msg/yolov8_inference.hpp
[1.904s] -- Up-to-date symlink: /home/robogames/vt-cro/robogames_pi/car_robot_ws/install/yolov8_msgs/include/yolov8_msgs/yolov8_msgs/msg/detail/color_detection__rosidl_typesupport_fastrtps_cpp.hpp
[1.905s] -- Up-to-date symlink: /home/robogames/vt-cro/robogames_pi/car_robot_ws/install/yolov8_msgs/include/yolov8_msgs/yolov8_msgs/msg/detail/inference_result__rosidl_typesupport_fastrtps_cpp.hpp
[1.906s] -- Up-to-date symlink: /home/robogames/vt-cro/robogames_pi/car_robot_ws/install/yolov8_msgs/include/yolov8_msgs/yolov8_msgs/msg/detail/yolov8_inference__rosidl_typesupport_fastrtps_cpp.hpp
[1.907s] -- Up-to-date symlink: /home/robogames/vt-cro/robogames_pi/car_robot_ws/install/yolov8_msgs/include/yolov8_msgs/yolov8_msgs/msg/rosidl_typesupport_fastrtps_cpp__visibility_control.h
[1.908s] -- Up-to-date symlink: /home/robogames/vt-cro/robogames_pi/car_robot_ws/install/yolov8_msgs/include/yolov8_msgs/yolov8_msgs/msg/detail/color_detection__rosidl_typesupport_introspection_c.h
[1.908s] -- Up-to-date symlink: /home/robogames/vt-cro/robogames_pi/car_robot_ws/install/yolov8_msgs/include/yolov8_msgs/yolov8_msgs/msg/detail/inference_result__rosidl_typesupport_introspection_c.h
[1.909s] -- Up-to-date symlink: /home/robogames/vt-cro/robogames_pi/car_robot_ws/install/yolov8_msgs/include/yolov8_msgs/yolov8_msgs/msg/detail/yolov8_inference__rosidl_typesupport_introspection_c.h
[1.910s] -- Up-to-date symlink: /home/robogames/vt-cro/robogames_pi/car_robot_ws/install/yolov8_msgs/include/yolov8_msgs/yolov8_msgs/msg/rosidl_typesupport_introspection_c__visibility_control.h
[1.910s] -- Up-to-date symlink: /home/robogames/vt-cro/robogames_pi/car_robot_ws/install/yolov8_msgs/include/yolov8_msgs/yolov8_msgs/msg/detail/color_detection__rosidl_typesupport_introspection_cpp.hpp
[1.911s] -- Up-to-date symlink: /home/robogames/vt-cro/robogames_pi/car_robot_ws/install/yolov8_msgs/include/yolov8_msgs/yolov8_msgs/msg/detail/inference_result__rosidl_typesupport_introspection_cpp.hpp
[1.913s] -- Up-to-date symlink: /home/robogames/vt-cro/robogames_pi/car_robot_ws/install/yolov8_msgs/include/yolov8_msgs/yolov8_msgs/msg/detail/yolov8_inference__rosidl_typesupport_introspection_cpp.hpp
[1.913s] -- Up-to-date symlink: /home/robogames/vt-cro/robogames_pi/car_robot_ws/install/yolov8_msgs/share/yolov8_msgs/environment/pythonpath.sh
[1.913s] -- Up-to-date symlink: /home/robogames/vt-cro/robogames_pi/car_robot_ws/install/yolov8_msgs/share/yolov8_msgs/environment/pythonpath.dsv
[1.916s] -- Up-to-date symlink: /home/robogames/vt-cro/robogames_pi/car_robot_ws/install/yolov8_msgs/lib/python3.12/site-packages/yolov8_msgs-0.0.0-py3.12.egg-info/PKG-INFO
[1.917s] -- Up-to-date symlink: /home/robogames/vt-cro/robogames_pi/car_robot_ws/install/yolov8_msgs/lib/python3.12/site-packages/yolov8_msgs-0.0.0-py3.12.egg-info/SOURCES.txt
[1.917s] -- Up-to-date symlink: /home/robogames/vt-cro/robogames_pi/car_robot_ws/install/yolov8_msgs/lib/python3.12/site-packages/yolov8_msgs-0.0.0-py3.12.egg-info/dependency_links.txt
[1.917s] -- Up-to-date symlink: /home/robogames/vt-cro/robogames_pi/car_robot_ws/install/yolov8_msgs/lib/python3.12/site-packages/yolov8_msgs-0.0.0-py3.12.egg-info/top_level.txt
[1.919s] -- Up-to-date symlink: /home/robogames/vt-cro/robogames_pi/car_robot_ws/install/yolov8_msgs/lib/python3.12/site-packages/yolov8_msgs/__init__.py
[1.919s] -- Up-to-date symlink: /home/robogames/vt-cro/robogames_pi/car_robot_ws/install/yolov8_msgs/lib/python3.12/site-packages/yolov8_msgs/_yolov8_msgs_s.ep.rosidl_typesupport_c.c
[1.920s] -- Up-to-date symlink: /home/robogames/vt-cro/robogames_pi/car_robot_ws/install/yolov8_msgs/lib/python3.12/site-packages/yolov8_msgs/_yolov8_msgs_s.ep.rosidl_typesupport_fastrtps_c.c
[1.921s] -- Up-to-date symlink: /home/robogames/vt-cro/robogames_pi/car_robot_ws/install/yolov8_msgs/lib/python3.12/site-packages/yolov8_msgs/_yolov8_msgs_s.ep.rosidl_typesupport_introspection_c.c
[1.921s] -- Up-to-date symlink: /home/robogames/vt-cro/robogames_pi/car_robot_ws/install/yolov8_msgs/lib/python3.12/site-packages/yolov8_msgs/msg/__init__.py
[1.922s] -- Up-to-date symlink: /home/robogames/vt-cro/robogames_pi/car_robot_ws/install/yolov8_msgs/lib/python3.12/site-packages/yolov8_msgs/msg/_color_detection.py
[1.923s] -- Up-to-date symlink: /home/robogames/vt-cro/robogames_pi/car_robot_ws/install/yolov8_msgs/lib/python3.12/site-packages/yolov8_msgs/msg/_color_detection_s.c
[1.923s] -- Up-to-date symlink: /home/robogames/vt-cro/robogames_pi/car_robot_ws/install/yolov8_msgs/lib/python3.12/site-packages/yolov8_msgs/msg/_inference_result.py
[1.924s] -- Up-to-date symlink: /home/robogames/vt-cro/robogames_pi/car_robot_ws/install/yolov8_msgs/lib/python3.12/site-packages/yolov8_msgs/msg/_inference_result_s.c
[1.925s] -- Up-to-date symlink: /home/robogames/vt-cro/robogames_pi/car_robot_ws/install/yolov8_msgs/lib/python3.12/site-packages/yolov8_msgs/msg/_yolov8_inference.py
[1.926s] -- Up-to-date symlink: /home/robogames/vt-cro/robogames_pi/car_robot_ws/install/yolov8_msgs/lib/python3.12/site-packages/yolov8_msgs/msg/_yolov8_inference_s.c
[1.926s] -- Up-to-date symlink: /home/robogames/vt-cro/robogames_pi/car_robot_ws/install/yolov8_msgs/lib/python3.12/site-packages/yolov8_msgs/yolov8_msgs_s__rosidl_typesupport_c.so
[1.926s] -- Up-to-date symlink: /home/robogames/vt-cro/robogames_pi/car_robot_ws/install/yolov8_msgs/lib/python3.12/site-packages/yolov8_msgs/yolov8_msgs_s__rosidl_typesupport_fastrtps_c.so
[1.927s] -- Up-to-date symlink: /home/robogames/vt-cro/robogames_pi/car_robot_ws/install/yolov8_msgs/lib/python3.12/site-packages/yolov8_msgs/yolov8_msgs_s__rosidl_typesupport_introspection_c.so
[1.928s] -- Up-to-date symlink: /home/robogames/vt-cro/robogames_pi/car_robot_ws/install/yolov8_msgs/lib/python3.12/site-packages/yolov8_msgs/yolov8_msgs_s__rosidl_typesupport_fastrtps_c.so
[1.930s] -- Up-to-date symlink: /home/robogames/vt-cro/robogames_pi/car_robot_ws/install/yolov8_msgs/lib/python3.12/site-packages/yolov8_msgs/yolov8_msgs_s__rosidl_typesupport_introspection_c.so
[1.930s] -- Up-to-date symlink: /home/robogames/vt-cro/robogames_pi/car_robot_ws/install/yolov8_msgs/lib/python3.12/site-packages/yolov8_msgs/yolov8_msgs_s__rosidl_typesupport_c.so
[1.931s] -- Up-to-date symlink: /home/robogames/vt-cro/robogames_pi/car_robot_ws/install/yolov8_msgs/share/yolov8_msgs/msg/InferenceResult.idl
[1.931s] -- Up-to-date symlink: /home/robogames/vt-cro/robogames_pi/car_robot_ws/install/yolov8_msgs/share/yolov8_msgs/msg/Yolov8Inference.idl
[1.932s] -- Up-to-date symlink: /home/robogames/vt-cro/robogames_pi/car_robot_ws/install/yolov8_msgs/share/yolov8_msgs/msg/ColorDetection.idl
[1.933s] -- Up-to-date symlink: /home/robogames/vt-cro/robogames_pi/car_robot_ws/install/yolov8_msgs/share/yolov8_msgs/msg/InferenceResult.msg
[1.933s] -- Up-to-date symlink: /home/robogames/vt-cro/robogames_pi/car_robot_ws/install/yolov8_msgs/share/yolov8_msgs/msg/Yolov8Inference.msg
[1.934s] -- Up-to-date symlink: /home/robogames/vt-cro/robogames_pi/car_robot_ws/install/yolov8_msgs/share/yolov8_msgs/msg/ColorDetection.msg
[1.936s] -- Up-to-date symlink: /home/robogames/vt-cro/robogames_pi/car_robot_ws/install/yolov8_msgs/share/ament_index/resource_index/package_run_dependencies/yolov8_msgs
[1.936s] -- Up-to-date symlink: /home/robogames/vt-cro/robogames_pi/car_robot_ws/install/yolov8_msgs/share/ament_index/resource_index/parent_prefix_path/yolov8_msgs
[1.937s] -- Up-to-date symlink: /home/robogames/vt-cro/robogames_pi/car_robot_ws/install/yolov8_msgs/share/yolov8_msgs/environment/ament_prefix_path.sh
[1.937s] -- Up-to-date symlink: /home/robogames/vt-cro/robogames_pi/car_robot_ws/install/yolov8_msgs/share/yolov8_msgs/environment/ament_prefix_path.dsv
[1.940s] -- Up-to-date symlink: /home/robogames/vt-cro/robogames_pi/car_robot_ws/install/yolov8_msgs/share/yolov8_msgs/environment/path.sh
[1.942s] -- Up-to-date symlink: /home/robogames/vt-cro/robogames_pi/car_robot_ws/install/yolov8_msgs/share/yolov8_msgs/environment/path.dsv
[1.944s] -- Up-to-date symlink: /home/robogames/vt-cro/robogames_pi/car_robot_ws/install/yolov8_msgs/share/yolov8_msgs/local_setup.bash
[1.944s] -- Up-to-date symlink: /home/robogames/vt-cro/robogames_pi/car_robot_ws/install/yolov8_msgs/share/yolov8_msgs/local_setup.sh
[1.945s] -- Up-to-date symlink: /home/robogames/vt-cro/robogames_pi/car_robot_ws/install/yolov8_msgs/share/yolov8_msgs/local_setup.zsh
[1.945s] -- Up-to-date symlink: /home/robogames/vt-cro/robogames_pi/car_robot_ws/install/yolov8_msgs/share/yolov8_msgs/local_setup.dsv
[1.946s] -- Symlinking: /home/robogames/vt-cro/robogames_pi/car_robot_ws/install/yolov8_msgs/share/yolov8_msgs/package.dsv
[1.970s] -- Up-to-date symlink: /home/robogames/vt-cro/robogames_pi/car_robot_ws/install/yolov8_msgs/share/ament_index/resource_index/packages/yolov8_msgs
[1.971s] -- Up-to-date symlink: /home/robogames/vt-cro/robogames_pi/car_robot_ws/install/yolov8_msgs/share/yolov8_msgs/cmake/rosidl_cmake-extras.cmake
[1.971s] -- Up-to-date symlink: /home/robogames/vt-cro/robogames_pi/car_robot_ws/install/yolov8_msgs/share/yolov8_msgs/cmake/ament_cmake_export_dependencies-extras.cmake
[1.972s] -- Up-to-date symlink: /home/robogames/vt-cro/robogames_pi/car_robot_ws/install/yolov8_msgs/share/yolov8_msgs/cmake/ament_cmake_export_include_directories-extras.cmake
[1.973s] -- Up-to-date symlink: /home/robogames/vt-cro/robogames_pi/car_robot_ws/install/yolov8_msgs/share/yolov8_msgs/cmake/ament_cmake_export_libraries-extras.cmake
[1.974s] -- Up-to-date symlink: /home/robogames/vt-cro/robogames_pi/car_robot_ws/install/yolov8_msgs/share/yolov8_msgs/cmake/ament_cmake_export_targets-extras.cmake
[1.974s] -- Up-to-date symlink: /home/robogames/vt-cro/robogames_pi/car_robot_ws/install/yolov8_msgs/share/yolov8_msgs/cmake/rosidl_cmake_export_typesupport_targets-extras.cmake
[1.974s] -- Up-to-date symlink: /home/robogames/vt-cro/robogames_pi/car_robot_ws/install/yolov8_msgs/share/yolov8_msgs/cmake/rosidl_cmake_export_typesupport_libraries-extras.cmake
[1.975s] -- Up-to-date symlink: /home/robogames/vt-cro/robogames_pi/car_robot_ws/install/yolov8_msgs/share/yolov8_msgs/cmake/yolov8_msgsConfig.cmake
[1.975s] -- Up-to-date symlink: /home/robogames/vt-cro/robogames_pi/car_robot_ws/install/yolov8_msgs/share/yolov8_msgs/cmake/yolov8_msgsConfig-version.cmake
[1.975s] -- Up-to-date symlink: /home/robogames/vt-cro/robogames_pi/car_robot_ws/install/yolov8_msgs/share/yolov8_msgs/package.xml
[1.975s] -- Up-to-date: /home/robogames/vt-cro/robogames_pi/car_robot_ws/install/yolov8_msgs/lib/libyolov8_msgs__rosidl_generator_c.so
[1.975s] -- Up-to-date: /home/robogames/vt-cro/robogames_pi/car_robot_ws/install/yolov8_msgs/lib/libyolov8_msgs__rosidl_typesupport_fastrtps_c.so
[1.976s] -- Up-to-date: /home/robogames/vt-cro/robogames_pi/car_robot_ws/install/yolov8_msgs/lib/libyolov8_msgs__rosidl_typesupport_fastrtps_cpp.so
[1.976s] -- Up-to-date: /home/robogames/vt-cro/robogames_pi/car_robot_ws/install/yolov8_msgs/lib/libyolov8_msgs__rosidl_typesupport_introspection_c.so
[1.977s] -- Up-to-date: /home/robogames/vt-cro/robogames_pi/car_robot_ws/install/yolov8_msgs/lib/libyolov8_msgs__rosidl_typesupport_c.so
[1.978s] -- Up-to-date: /home/robogames/vt-cro/robogames_pi/car_robot_ws/install/yolov8_msgs/lib/libyolov8_msgs__rosidl_typesupport_introspection_cpp.so
[1.979s] -- Up-to-date: /home/robogames/vt-cro/robogames_pi/car_robot_ws/install/yolov8_msgs/lib/libyolov8_msgs__rosidl_typesupport_cpp.so
[2.050s] Listing '/home/robogames/vt-cro/robogames_pi/car_robot_ws/install/yolov8_msgs/lib/python3.12/site-packages/yolov8_msgs'...
[2.050s] Listing '/home/robogames/vt-cro/robogames_pi/car_robot_ws/install/yolov8_msgs/lib/python3.12/site-packages/yolov8_msgs/msg'...
[2.064s] -- Up-to-date: /home/robogames/vt-cro/robogames_pi/car_robot_ws/install/yolov8_msgs/lib/libyolov8_msgs__rosidl_generator_py.so
[2.065s] -- Up-to-date: /home/robogames/vt-cro/robogames_pi/car_robot_ws/install/yolov8_msgs/share/yolov8_msgs/cmake/export_yolov8_msgs__rosidl_generator_cExport.cmake
[2.065s] -- Up-to-date: /home/robogames/vt-cro/robogames_pi/car_robot_ws/install/yolov8_msgs/share/yolov8_msgs/cmake/export_yolov8_msgs__rosidl_generator_cExport-noconfig.cmake
[2.065s] -- Up-to-date: /home/robogames/vt-cro/robogames_pi/car_robot_ws/install/yolov8_msgs/share/yolov8_msgs/cmake/export_yolov8_msgs__rosidl_typesupport_fastrtps_cExport.cmake
[2.066s] -- Up-to-date: /home/robogames/vt-cro/robogames_pi/car_robot_ws/install/yolov8_msgs/share/yolov8_msgs/cmake/export_yolov8_msgs__rosidl_typesupport_fastrtps_cExport-noconfig.cmake
[2.066s] -- Up-to-date: /home/robogames/vt-cro/robogames_pi/car_robot_ws/install/yolov8_msgs/share/yolov8_msgs/cmake/export_yolov8_msgs__rosidl_generator_cppExport.cmake
[2.066s] -- Up-to-date: /home/robogames/vt-cro/robogames_pi/car_robot_ws/install/yolov8_msgs/share/yolov8_msgs/cmake/export_yolov8_msgs__rosidl_typesupport_fastrtps_cppExport.cmake
[2.066s] -- Up-to-date: /home/robogames/vt-cro/robogames_pi/car_robot_ws/install/yolov8_msgs/share/yolov8_msgs/cmake/export_yolov8_msgs__rosidl_typesupport_fastrtps_cppExport-noconfig.cmake
[2.066s] -- Up-to-date: /home/robogames/vt-cro/robogames_pi/car_robot_ws/install/yolov8_msgs/share/yolov8_msgs/cmake/yolov8_msgs__rosidl_typesupport_introspection_cExport.cmake
[2.066s] -- Up-to-date: /home/robogames/vt-cro/robogames_pi/car_robot_ws/install/yolov8_msgs/share/yolov8_msgs/cmake/yolov8_msgs__rosidl_typesupport_introspection_cExport-noconfig.cmake
[2.066s] -- Up-to-date: /home/robogames/vt-cro/robogames_pi/car_robot_ws/install/yolov8_msgs/share/yolov8_msgs/cmake/yolov8_msgs__rosidl_typesupport_cExport.cmake
[2.067s] -- Up-to-date: /home/robogames/vt-cro/robogames_pi/car_robot_ws/install/yolov8_msgs/share/yolov8_msgs/cmake/yolov8_msgs__rosidl_typesupport_cExport-noconfig.cmake
[2.067s] -- Up-to-date: /home/robogames/vt-cro/robogames_pi/car_robot_ws/install/yolov8_msgs/share/yolov8_msgs/cmake/yolov8_msgs__rosidl_typesupport_introspection_cppExport.cmake
[2.068s] -- Up-to-date: /home/robogames/vt-cro/robogames_pi/car_robot_ws/install/yolov8_msgs/share/yolov8_msgs/cmake/yolov8_msgs__rosidl_typesupport_introspection_cppExport-noconfig.cmake
[2.068s] -- Up-to-date: /home/robogames/vt-cro/robogames_pi/car_robot_ws/install/yolov8_msgs/share/yolov8_msgs/cmake/yolov8_msgs__rosidl_typesupport_cppExport.cmake
[2.068s] -- Up-to-date: /home/robogames/vt-cro/robogames_pi/car_robot_ws/install/yolov8_msgs/share/yolov8_msgs/cmake/yolov8_msgs__rosidl_typesupport_cppExport-noconfig.cmake
[2.069s] -- Up-to-date: /home/robogames/vt-cro/robogames_pi/car_robot_ws/install/yolov8_msgs/share/yolov8_msgs/cmake/export_yolov8_msgs__rosidl_generator_pyExport.cmake
[2.069s] -- Up-to-date: /home/robogames/vt-cro/robogames_pi/car_robot_ws/install/yolov8_msgs/share/yolov8_msgs/cmake/export_yolov8_msgs__rosidl_generator_pyExport-noconfig.cmake
[2.077s] Invoked command in '/home/robogames/vt-cro/robogames_pi/car_robot_ws/build/yolov8_msgs' returned '0': CMAKE_PREFIX_PATH=/home/robogames/vt-cro/robogames_pi/car_robot_ws/install/yolov8_msgs:/home/robogames/vt-cro/robogames_pi/car_robot_ws/install/yolobot_recognition:/opt/ros/jazzy:/home/robogames/vt-cro/robogames_pi/car_robot_ws/install/serial:/home/robogames/vt-cro/robogames_pi/car_robot_ws/install/diffdrive_arduino:/home/robogames/vt-cro/robogames_pi/car_robot_ws/install/articubot_one:/opt/ros/jazzy/opt/gz_sim_vendor:/opt/ros/jazzy/opt/gz_sensors_vendor:/opt/ros/jazzy/opt/gz_physics_vendor:/opt/ros/jazzy/opt/sdformat_vendor:/opt/ros/jazzy/opt/gz_gui_vendor:/opt/ros/jazzy/opt/gz_transport_vendor:/opt/ros/jazzy/opt/gz_rendering_vendor:/opt/ros/jazzy/opt/gz_plugin_vendor:/opt/ros/jazzy/opt/gz_fuel_tools_vendor:/opt/ros/jazzy/opt/gz_msgs_vendor:/opt/ros/jazzy/opt/gz_common_vendor:/opt/ros/jazzy/opt/gz_math_vendor:/opt/ros/jazzy/opt/gz_utils_vendor:/opt/ros/jazzy/opt/gz_tools_vendor:/opt/ros/jazzy/opt/gz_ogre_next_vendor:/opt/ros/jazzy/opt/gz_dartsim_vendor:/opt/ros/jazzy/opt/gz_cmake_vendor DEBUGINFOD_URLS=https://debuginfod.ubuntu.com PS1=(ros2_python_venv) \[\e]0;\u@\h: \w\a\]${debian_chroot:+($debian_chroot)}\[\033[01;32m\]\u@\h\[\033[00m\]:\[\033[01;34m\]\w\[\033[00m\]\$ VIRTUAL_ENV_PROMPT=(ros2_python_venv) /usr/bin/cmake --install /home/robogames/vt-cro/robogames_pi/car_robot_ws/build/yolov8_msgs
