[0.647s] DEBUG:colcon:Command line arguments: ['/usr/bin/colcon', 'build']
[0.647s] DEBUG:colcon:Parsed command line arguments: Namespace(log_base=None, log_level=None, verb_name='build', build_base='build', install_base='install', merge_install=False, symlink_install=False, test_result_base=None, continue_on_error=False, executor='parallel', parallel_workers=4, event_handlers=None, ignore_user_meta=False, metas=['./colcon.meta'], base_paths=['.'], packages_ignore=None, packages_ignore_regex=None, paths=None, packages_up_to=None, packages_up_to_regex=None, packages_above=None, packages_above_and_dependencies=None, packages_above_depth=None, packages_select_by_dep=None, packages_skip_by_dep=None, packages_skip_up_to=None, packages_select_build_failed=False, packages_skip_build_finished=False, packages_select_test_failures=False, packages_skip_test_passed=False, packages_select=None, packages_skip=None, packages_select_regex=None, packages_skip_regex=None, packages_start=None, packages_end=None, allow_overriding=[], cmake_args=None, cmake_target=None, cmake_target_skip_unavailable=False, cmake_clean_cache=False, cmake_clean_first=False, cmake_force_configure=False, ament_cmake_args=None, catkin_cmake_args=None, catkin_skip_building_tests=False, mixin_files=None, mixin=None, verb_parser=<colcon_mixin.mixin.mixin_argument.MixinArgumentDecorator object at 0xffffa9d42cc0>, verb_extension=<colcon_core.verb.build.BuildVerb object at 0xffffa9d42a80>, main=<bound method BuildVerb.main of <colcon_core.verb.build.BuildVerb object at 0xffffa9d42a80>>, mixin_verb=('build',))
[0.759s] Level 1:colcon.colcon_core.package_discovery:discover_packages(colcon_meta) check parameters
[0.760s] Level 1:colcon.colcon_core.package_discovery:discover_packages(recursive) check parameters
[0.760s] Level 1:colcon.colcon_core.package_discovery:discover_packages(ignore) check parameters
[0.760s] Level 1:colcon.colcon_core.package_discovery:discover_packages(path) check parameters
[0.760s] Level 1:colcon.colcon_core.package_discovery:discover_packages(colcon_meta) discover
[0.760s] Level 1:colcon.colcon_core.package_discovery:discover_packages(recursive) discover
[0.760s] INFO:colcon.colcon_core.package_discovery:Crawling recursively for packages in '/home/robogames/vt-cro/robogames_pi/car_robot_ws'
[0.760s] Level 1:colcon.colcon_core.package_identification:_identify(.) by extensions ['ignore', 'ignore_ament_install']
[0.760s] Level 1:colcon.colcon_core.package_identification:_identify(.) by extension 'ignore'
[0.760s] Level 1:colcon.colcon_core.package_identification:_identify(.) by extension 'ignore_ament_install'
[0.760s] Level 1:colcon.colcon_core.package_identification:_identify(.) by extensions ['colcon_pkg']
[0.760s] Level 1:colcon.colcon_core.package_identification:_identify(.) by extension 'colcon_pkg'
[0.760s] Level 1:colcon.colcon_core.package_identification:_identify(.) by extensions ['colcon_meta']
[0.761s] Level 1:colcon.colcon_core.package_identification:_identify(.) by extension 'colcon_meta'
[0.761s] Level 1:colcon.colcon_core.package_identification:_identify(.) by extensions ['ros']
[0.761s] Level 1:colcon.colcon_core.package_identification:_identify(.) by extension 'ros'
[0.863s] Level 1:colcon.colcon_core.package_identification:_identify(.) by extensions ['cmake', 'python']
[0.863s] Level 1:colcon.colcon_core.package_identification:_identify(.) by extension 'cmake'
[0.863s] Level 1:colcon.colcon_core.package_identification:_identify(.) by extension 'python'
[0.863s] Level 1:colcon.colcon_core.package_identification:_identify(.) by extensions ['python_setup_py']
[0.864s] Level 1:colcon.colcon_core.package_identification:_identify(.) by extension 'python_setup_py'
[0.864s] Level 1:colcon.colcon_core.package_identification:_identify(build) by extensions ['ignore', 'ignore_ament_install']
[0.864s] Level 1:colcon.colcon_core.package_identification:_identify(build) by extension 'ignore'
[0.864s] Level 1:colcon.colcon_core.package_identification:_identify(build) ignored
[0.864s] Level 1:colcon.colcon_core.package_identification:_identify(install) by extensions ['ignore', 'ignore_ament_install']
[0.864s] Level 1:colcon.colcon_core.package_identification:_identify(install) by extension 'ignore'
[0.864s] Level 1:colcon.colcon_core.package_identification:_identify(install) ignored
[0.864s] Level 1:colcon.colcon_core.package_identification:_identify(log) by extensions ['ignore', 'ignore_ament_install']
[0.865s] Level 1:colcon.colcon_core.package_identification:_identify(log) by extension 'ignore'
[0.865s] Level 1:colcon.colcon_core.package_identification:_identify(log) ignored
[0.865s] Level 1:colcon.colcon_core.package_identification:_identify(src) by extensions ['ignore', 'ignore_ament_install']
[0.865s] Level 1:colcon.colcon_core.package_identification:_identify(src) by extension 'ignore'
[0.865s] Level 1:colcon.colcon_core.package_identification:_identify(src) by extension 'ignore_ament_install'
[0.865s] Level 1:colcon.colcon_core.package_identification:_identify(src) by extensions ['colcon_pkg']
[0.865s] Level 1:colcon.colcon_core.package_identification:_identify(src) by extension 'colcon_pkg'
[0.865s] Level 1:colcon.colcon_core.package_identification:_identify(src) by extensions ['colcon_meta']
[0.865s] Level 1:colcon.colcon_core.package_identification:_identify(src) by extension 'colcon_meta'
[0.865s] Level 1:colcon.colcon_core.package_identification:_identify(src) by extensions ['ros']
[0.866s] Level 1:colcon.colcon_core.package_identification:_identify(src) by extension 'ros'
[0.866s] Level 1:colcon.colcon_core.package_identification:_identify(src) by extensions ['cmake', 'python']
[0.866s] Level 1:colcon.colcon_core.package_identification:_identify(src) by extension 'cmake'
[0.866s] Level 1:colcon.colcon_core.package_identification:_identify(src) by extension 'python'
[0.866s] Level 1:colcon.colcon_core.package_identification:_identify(src) by extensions ['python_setup_py']
[0.866s] Level 1:colcon.colcon_core.package_identification:_identify(src) by extension 'python_setup_py'
[0.866s] Level 1:colcon.colcon_core.package_identification:_identify(src/articubot_one) by extensions ['ignore', 'ignore_ament_install']
[0.866s] Level 1:colcon.colcon_core.package_identification:_identify(src/articubot_one) by extension 'ignore'
[0.866s] Level 1:colcon.colcon_core.package_identification:_identify(src/articubot_one) by extension 'ignore_ament_install'
[0.866s] Level 1:colcon.colcon_core.package_identification:_identify(src/articubot_one) by extensions ['colcon_pkg']
[0.867s] Level 1:colcon.colcon_core.package_identification:_identify(src/articubot_one) by extension 'colcon_pkg'
[0.867s] Level 1:colcon.colcon_core.package_identification:_identify(src/articubot_one) by extensions ['colcon_meta']
[0.867s] Level 1:colcon.colcon_core.package_identification:_identify(src/articubot_one) by extension 'colcon_meta'
[0.867s] Level 1:colcon.colcon_core.package_identification:_identify(src/articubot_one) by extensions ['ros']
[0.867s] Level 1:colcon.colcon_core.package_identification:_identify(src/articubot_one) by extension 'ros'
[0.872s] DEBUG:colcon.colcon_core.package_identification:Package 'src/articubot_one' with type 'ros.ament_cmake' and name 'articubot_one'
[0.875s] Level 1:colcon.colcon_core.package_identification:_identify(src/build) by extensions ['ignore', 'ignore_ament_install']
[0.875s] Level 1:colcon.colcon_core.package_identification:_identify(src/build) by extension 'ignore'
[0.875s] Level 1:colcon.colcon_core.package_identification:_identify(src/build) ignored
[0.876s] Level 1:colcon.colcon_core.package_identification:_identify(src/diffdrive_arduino) by extensions ['ignore', 'ignore_ament_install']
[0.876s] Level 1:colcon.colcon_core.package_identification:_identify(src/diffdrive_arduino) by extension 'ignore'
[0.876s] Level 1:colcon.colcon_core.package_identification:_identify(src/diffdrive_arduino) by extension 'ignore_ament_install'
[0.876s] Level 1:colcon.colcon_core.package_identification:_identify(src/diffdrive_arduino) by extensions ['colcon_pkg']
[0.876s] Level 1:colcon.colcon_core.package_identification:_identify(src/diffdrive_arduino) by extension 'colcon_pkg'
[0.876s] Level 1:colcon.colcon_core.package_identification:_identify(src/diffdrive_arduino) by extensions ['colcon_meta']
[0.876s] Level 1:colcon.colcon_core.package_identification:_identify(src/diffdrive_arduino) by extension 'colcon_meta'
[0.876s] Level 1:colcon.colcon_core.package_identification:_identify(src/diffdrive_arduino) by extensions ['ros']
[0.876s] Level 1:colcon.colcon_core.package_identification:_identify(src/diffdrive_arduino) by extension 'ros'
[0.878s] DEBUG:colcon.colcon_core.package_identification:Package 'src/diffdrive_arduino' with type 'ros.ament_cmake' and name 'diffdrive_arduino'
[0.878s] Level 1:colcon.colcon_core.package_identification:_identify(src/install) by extensions ['ignore', 'ignore_ament_install']
[0.878s] Level 1:colcon.colcon_core.package_identification:_identify(src/install) by extension 'ignore'
[0.878s] Level 1:colcon.colcon_core.package_identification:_identify(src/install) ignored
[0.879s] Level 1:colcon.colcon_core.package_identification:_identify(src/log) by extensions ['ignore', 'ignore_ament_install']
[0.879s] Level 1:colcon.colcon_core.package_identification:_identify(src/log) by extension 'ignore'
[0.879s] Level 1:colcon.colcon_core.package_identification:_identify(src/log) ignored
[0.879s] Level 1:colcon.colcon_core.package_identification:_identify(src/serial) by extensions ['ignore', 'ignore_ament_install']
[0.880s] Level 1:colcon.colcon_core.package_identification:_identify(src/serial) by extension 'ignore'
[0.880s] Level 1:colcon.colcon_core.package_identification:_identify(src/serial) by extension 'ignore_ament_install'
[0.880s] Level 1:colcon.colcon_core.package_identification:_identify(src/serial) by extensions ['colcon_pkg']
[0.880s] Level 1:colcon.colcon_core.package_identification:_identify(src/serial) by extension 'colcon_pkg'
[0.880s] Level 1:colcon.colcon_core.package_identification:_identify(src/serial) by extensions ['colcon_meta']
[0.880s] Level 1:colcon.colcon_core.package_identification:_identify(src/serial) by extension 'colcon_meta'
[0.880s] Level 1:colcon.colcon_core.package_identification:_identify(src/serial) by extensions ['ros']
[0.880s] Level 1:colcon.colcon_core.package_identification:_identify(src/serial) by extension 'ros'
[0.881s] DEBUG:colcon.colcon_core.package_identification:Package 'src/serial' with type 'ros.catkin' and name 'serial'
[0.881s] Level 1:colcon.colcon_core.package_discovery:discover_packages(recursive) using defaults
[0.881s] Level 1:colcon.colcon_core.package_discovery:discover_packages(ignore) discover
[0.881s] Level 1:colcon.colcon_core.package_discovery:discover_packages(ignore) using defaults
[0.881s] Level 1:colcon.colcon_core.package_discovery:discover_packages(path) discover
[0.881s] Level 1:colcon.colcon_core.package_discovery:discover_packages(path) using defaults
[0.922s] Level 1:colcon.colcon_core.package_discovery:discover_packages(prefix_path) check parameters
[0.922s] Level 1:colcon.colcon_core.package_discovery:discover_packages(prefix_path) discover
[0.927s] DEBUG:colcon.colcon_installed_package_information.package_discovery:Found 3 installed packages in /home/robogames/vt-cro/robogames_pi/car_robot_ws/install
[0.930s] DEBUG:colcon.colcon_installed_package_information.package_discovery:Found 489 installed packages in /opt/ros/jazzy
[0.934s] Level 1:colcon.colcon_core.package_discovery:discover_packages(prefix_path) using defaults
[1.032s] Level 5:colcon.colcon_core.verb:set package 'articubot_one' build argument 'cmake_args' from command line to 'None'
[1.032s] Level 5:colcon.colcon_core.verb:set package 'articubot_one' build argument 'cmake_target' from command line to 'None'
[1.032s] Level 5:colcon.colcon_core.verb:set package 'articubot_one' build argument 'cmake_target_skip_unavailable' from command line to 'False'
[1.032s] Level 5:colcon.colcon_core.verb:set package 'articubot_one' build argument 'cmake_clean_cache' from command line to 'False'
[1.032s] Level 5:colcon.colcon_core.verb:set package 'articubot_one' build argument 'cmake_clean_first' from command line to 'False'
[1.032s] Level 5:colcon.colcon_core.verb:set package 'articubot_one' build argument 'cmake_force_configure' from command line to 'False'
[1.032s] Level 5:colcon.colcon_core.verb:set package 'articubot_one' build argument 'ament_cmake_args' from command line to 'None'
[1.032s] Level 5:colcon.colcon_core.verb:set package 'articubot_one' build argument 'catkin_cmake_args' from command line to 'None'
[1.032s] Level 5:colcon.colcon_core.verb:set package 'articubot_one' build argument 'catkin_skip_building_tests' from command line to 'False'
[1.032s] DEBUG:colcon.colcon_core.verb:Building package 'articubot_one' with the following arguments: {'ament_cmake_args': None, 'build_base': '/home/robogames/vt-cro/robogames_pi/car_robot_ws/build/articubot_one', 'catkin_cmake_args': None, 'catkin_skip_building_tests': False, 'cmake_args': None, 'cmake_clean_cache': False, 'cmake_clean_first': False, 'cmake_force_configure': False, 'cmake_target': None, 'cmake_target_skip_unavailable': False, 'install_base': '/home/robogames/vt-cro/robogames_pi/car_robot_ws/install/articubot_one', 'merge_install': False, 'path': '/home/robogames/vt-cro/robogames_pi/car_robot_ws/src/articubot_one', 'symlink_install': False, 'test_result_base': None}
[1.033s] Level 5:colcon.colcon_core.verb:set package 'diffdrive_arduino' build argument 'cmake_args' from command line to 'None'
[1.034s] Level 5:colcon.colcon_core.verb:set package 'diffdrive_arduino' build argument 'cmake_target' from command line to 'None'
[1.034s] Level 5:colcon.colcon_core.verb:set package 'diffdrive_arduino' build argument 'cmake_target_skip_unavailable' from command line to 'False'
[1.034s] Level 5:colcon.colcon_core.verb:set package 'diffdrive_arduino' build argument 'cmake_clean_cache' from command line to 'False'
[1.034s] Level 5:colcon.colcon_core.verb:set package 'diffdrive_arduino' build argument 'cmake_clean_first' from command line to 'False'
[1.034s] Level 5:colcon.colcon_core.verb:set package 'diffdrive_arduino' build argument 'cmake_force_configure' from command line to 'False'
[1.034s] Level 5:colcon.colcon_core.verb:set package 'diffdrive_arduino' build argument 'ament_cmake_args' from command line to 'None'
[1.035s] Level 5:colcon.colcon_core.verb:set package 'diffdrive_arduino' build argument 'catkin_cmake_args' from command line to 'None'
[1.035s] Level 5:colcon.colcon_core.verb:set package 'diffdrive_arduino' build argument 'catkin_skip_building_tests' from command line to 'False'
[1.035s] DEBUG:colcon.colcon_core.verb:Building package 'diffdrive_arduino' with the following arguments: {'ament_cmake_args': None, 'build_base': '/home/robogames/vt-cro/robogames_pi/car_robot_ws/build/diffdrive_arduino', 'catkin_cmake_args': None, 'catkin_skip_building_tests': False, 'cmake_args': None, 'cmake_clean_cache': False, 'cmake_clean_first': False, 'cmake_force_configure': False, 'cmake_target': None, 'cmake_target_skip_unavailable': False, 'install_base': '/home/robogames/vt-cro/robogames_pi/car_robot_ws/install/diffdrive_arduino', 'merge_install': False, 'path': '/home/robogames/vt-cro/robogames_pi/car_robot_ws/src/diffdrive_arduino', 'symlink_install': False, 'test_result_base': None}
[1.035s] Level 5:colcon.colcon_core.verb:set package 'serial' build argument 'cmake_args' from command line to 'None'
[1.035s] Level 5:colcon.colcon_core.verb:set package 'serial' build argument 'cmake_target' from command line to 'None'
[1.035s] Level 5:colcon.colcon_core.verb:set package 'serial' build argument 'cmake_target_skip_unavailable' from command line to 'False'
[1.035s] Level 5:colcon.colcon_core.verb:set package 'serial' build argument 'cmake_clean_cache' from command line to 'False'
[1.035s] Level 5:colcon.colcon_core.verb:set package 'serial' build argument 'cmake_clean_first' from command line to 'False'
[1.035s] Level 5:colcon.colcon_core.verb:set package 'serial' build argument 'cmake_force_configure' from command line to 'False'
[1.035s] Level 5:colcon.colcon_core.verb:set package 'serial' build argument 'ament_cmake_args' from command line to 'None'
[1.035s] Level 5:colcon.colcon_core.verb:set package 'serial' build argument 'catkin_cmake_args' from command line to 'None'
[1.035s] Level 5:colcon.colcon_core.verb:set package 'serial' build argument 'catkin_skip_building_tests' from command line to 'False'
[1.035s] DEBUG:colcon.colcon_core.verb:Building package 'serial' with the following arguments: {'ament_cmake_args': None, 'build_base': '/home/robogames/vt-cro/robogames_pi/car_robot_ws/build/serial', 'catkin_cmake_args': None, 'catkin_skip_building_tests': False, 'cmake_args': None, 'cmake_clean_cache': False, 'cmake_clean_first': False, 'cmake_force_configure': False, 'cmake_target': None, 'cmake_target_skip_unavailable': False, 'install_base': '/home/robogames/vt-cro/robogames_pi/car_robot_ws/install/serial', 'merge_install': False, 'path': '/home/robogames/vt-cro/robogames_pi/car_robot_ws/src/serial', 'symlink_install': False, 'test_result_base': None}
[1.035s] INFO:colcon.colcon_core.executor:Executing jobs using 'parallel' executor
[1.037s] DEBUG:colcon.colcon_parallel_executor.executor.parallel:run_until_complete
[1.037s] INFO:colcon.colcon_ros.task.ament_cmake.build:Building ROS package in '/home/robogames/vt-cro/robogames_pi/car_robot_ws/src/articubot_one' with build type 'ament_cmake'
[1.037s] INFO:colcon.colcon_cmake.task.cmake.build:Building CMake package in '/home/robogames/vt-cro/robogames_pi/car_robot_ws/src/articubot_one'
[1.045s] INFO:colcon.colcon_core.plugin_system:Skipping extension 'colcon_core.shell.bat': Not used on non-Windows systems
[1.045s] INFO:colcon.colcon_core.shell:Skip shell extension 'powershell' for command environment: Not usable outside of PowerShell
[1.045s] DEBUG:colcon.colcon_core.shell:Skip shell extension 'dsv' for command environment
[1.053s] INFO:colcon.colcon_ros.task.ament_cmake.build:Building ROS package in '/home/robogames/vt-cro/robogames_pi/car_robot_ws/src/diffdrive_arduino' with build type 'ament_cmake'
[1.053s] INFO:colcon.colcon_cmake.task.cmake.build:Building CMake package in '/home/robogames/vt-cro/robogames_pi/car_robot_ws/src/diffdrive_arduino'
[1.054s] INFO:colcon.colcon_core.shell:Skip shell extension 'powershell' for command environment: Not usable outside of PowerShell
[1.054s] DEBUG:colcon.colcon_core.shell:Skip shell extension 'dsv' for command environment
[1.061s] INFO:colcon.colcon_ros.task.catkin.build:Building ROS package in '/home/robogames/vt-cro/robogames_pi/car_robot_ws/src/serial' with build type 'catkin'
[1.061s] INFO:colcon.colcon_cmake.task.cmake.build:Building CMake package in '/home/robogames/vt-cro/robogames_pi/car_robot_ws/src/serial'
[1.062s] INFO:colcon.colcon_core.shell:Skip shell extension 'powershell' for command environment: Not usable outside of PowerShell
[1.062s] DEBUG:colcon.colcon_core.shell:Skip shell extension 'dsv' for command environment
[1.106s] DEBUG:colcon.colcon_core.event_handler.log_command:Invoking command in '/home/robogames/vt-cro/robogames_pi/car_robot_ws/build/articubot_one': CMAKE_PREFIX_PATH=/opt/ros/jazzy:${CMAKE_PREFIX_PATH} DEBUGINFOD_URLS=https://debuginfod.ubuntu.com /usr/bin/cmake --build /home/robogames/vt-cro/robogames_pi/car_robot_ws/build/articubot_one -- -j4 -l4
[1.119s] DEBUG:colcon.colcon_core.event_handler.log_command:Invoking command in '/home/robogames/vt-cro/robogames_pi/car_robot_ws/build/diffdrive_arduino': CMAKE_PREFIX_PATH=/opt/ros/jazzy:${CMAKE_PREFIX_PATH} DEBUGINFOD_URLS=https://debuginfod.ubuntu.com /usr/bin/cmake --build /home/robogames/vt-cro/robogames_pi/car_robot_ws/build/diffdrive_arduino -- -j4 -l4
[1.128s] DEBUG:colcon.colcon_core.event_handler.log_command:Invoking command in '/home/robogames/vt-cro/robogames_pi/car_robot_ws/build/serial': DEBUGINFOD_URLS=https://debuginfod.ubuntu.com /usr/bin/cmake --build /home/robogames/vt-cro/robogames_pi/car_robot_ws/build/serial -- -j4 -l4
[1.608s] DEBUG:colcon.colcon_core.event_handler.log_command:Invoked command in '/home/robogames/vt-cro/robogames_pi/car_robot_ws/build/serial' returned '0': DEBUGINFOD_URLS=https://debuginfod.ubuntu.com /usr/bin/cmake --build /home/robogames/vt-cro/robogames_pi/car_robot_ws/build/serial -- -j4 -l4
[1.632s] DEBUG:colcon.colcon_core.event_handler.log_command:Invoking command in '/home/robogames/vt-cro/robogames_pi/car_robot_ws/build/serial': DEBUGINFOD_URLS=https://debuginfod.ubuntu.com /usr/bin/cmake --install /home/robogames/vt-cro/robogames_pi/car_robot_ws/build/serial
[1.634s] DEBUG:colcon.colcon_core.event_handler.log_command:Invoked command in '/home/robogames/vt-cro/robogames_pi/car_robot_ws/build/diffdrive_arduino' returned '0': CMAKE_PREFIX_PATH=/opt/ros/jazzy:${CMAKE_PREFIX_PATH} DEBUGINFOD_URLS=https://debuginfod.ubuntu.com /usr/bin/cmake --build /home/robogames/vt-cro/robogames_pi/car_robot_ws/build/diffdrive_arduino -- -j4 -l4
[1.639s] DEBUG:colcon.colcon_core.event_handler.log_command:Invoking command in '/home/robogames/vt-cro/robogames_pi/car_robot_ws/build/diffdrive_arduino': CMAKE_PREFIX_PATH=/opt/ros/jazzy:${CMAKE_PREFIX_PATH} DEBUGINFOD_URLS=https://debuginfod.ubuntu.com /usr/bin/cmake --install /home/robogames/vt-cro/robogames_pi/car_robot_ws/build/diffdrive_arduino
[1.664s] DEBUG:colcon.colcon_core.event_handler.log_command:Invoked command in '/home/robogames/vt-cro/robogames_pi/car_robot_ws/build/serial' returned '0': DEBUGINFOD_URLS=https://debuginfod.ubuntu.com /usr/bin/cmake --install /home/robogames/vt-cro/robogames_pi/car_robot_ws/build/serial
[1.665s] Level 1:colcon.colcon_core.shell:create_environment_hook('serial', 'ros_package_path')
[1.665s] INFO:colcon.colcon_core.shell:Creating environment hook '/home/robogames/vt-cro/robogames_pi/car_robot_ws/install/serial/share/serial/hook/ros_package_path.ps1'
[1.668s] INFO:colcon.colcon_core.shell:Creating environment descriptor '/home/robogames/vt-cro/robogames_pi/car_robot_ws/install/serial/share/serial/hook/ros_package_path.dsv'
[1.672s] INFO:colcon.colcon_core.shell:Creating environment hook '/home/robogames/vt-cro/robogames_pi/car_robot_ws/install/serial/share/serial/hook/ros_package_path.sh'
[1.677s] Level 1:colcon.colcon_core.shell:create_environment_hook('serial', 'pkg_config_path')
[1.677s] INFO:colcon.colcon_core.shell:Creating environment hook '/home/robogames/vt-cro/robogames_pi/car_robot_ws/install/serial/share/serial/hook/pkg_config_path.ps1'
[1.678s] INFO:colcon.colcon_core.shell:Creating environment descriptor '/home/robogames/vt-cro/robogames_pi/car_robot_ws/install/serial/share/serial/hook/pkg_config_path.dsv'
[1.679s] INFO:colcon.colcon_core.shell:Creating environment hook '/home/robogames/vt-cro/robogames_pi/car_robot_ws/install/serial/share/serial/hook/pkg_config_path.sh'
[1.700s] Level 1:colcon.colcon_core.shell:create_environment_hook('serial', 'pkg_config_path_multiarch')
[1.701s] INFO:colcon.colcon_core.shell:Creating environment hook '/home/robogames/vt-cro/robogames_pi/car_robot_ws/install/serial/share/serial/hook/pkg_config_path_multiarch.ps1'
[1.702s] INFO:colcon.colcon_core.shell:Creating environment descriptor '/home/robogames/vt-cro/robogames_pi/car_robot_ws/install/serial/share/serial/hook/pkg_config_path_multiarch.dsv'
[1.703s] INFO:colcon.colcon_core.shell:Creating environment hook '/home/robogames/vt-cro/robogames_pi/car_robot_ws/install/serial/share/serial/hook/pkg_config_path_multiarch.sh'
[1.706s] Level 1:colcon.colcon_core.environment:create_environment_scripts_only(serial)
[1.715s] Level 1:colcon.colcon_core.environment:checking '/home/robogames/vt-cro/robogames_pi/car_robot_ws/install/serial' for CMake module files
[1.716s] Level 1:colcon.colcon_core.environment:checking '/home/robogames/vt-cro/robogames_pi/car_robot_ws/install/serial' for CMake config files
[1.717s] Level 1:colcon.colcon_core.shell:create_environment_hook('serial', 'cmake_prefix_path')
[1.717s] INFO:colcon.colcon_core.shell:Creating environment hook '/home/robogames/vt-cro/robogames_pi/car_robot_ws/install/serial/share/serial/hook/cmake_prefix_path.ps1'
[1.719s] INFO:colcon.colcon_core.shell:Creating environment descriptor '/home/robogames/vt-cro/robogames_pi/car_robot_ws/install/serial/share/serial/hook/cmake_prefix_path.dsv'
[1.721s] INFO:colcon.colcon_core.shell:Creating environment hook '/home/robogames/vt-cro/robogames_pi/car_robot_ws/install/serial/share/serial/hook/cmake_prefix_path.sh'
[1.723s] Level 1:colcon.colcon_core.environment:checking '/home/robogames/vt-cro/robogames_pi/car_robot_ws/install/serial/lib'
[1.723s] Level 1:colcon.colcon_core.environment:checking '/home/robogames/vt-cro/robogames_pi/car_robot_ws/install/serial/bin'
[1.724s] Level 1:colcon.colcon_core.shell:create_environment_hook('serial', 'path')
[1.724s] INFO:colcon.colcon_core.shell:Creating environment hook '/home/robogames/vt-cro/robogames_pi/car_robot_ws/install/serial/share/serial/hook/path.ps1'
[1.725s] INFO:colcon.colcon_core.shell:Creating environment descriptor '/home/robogames/vt-cro/robogames_pi/car_robot_ws/install/serial/share/serial/hook/path.dsv'
[1.726s] INFO:colcon.colcon_core.shell:Creating environment hook '/home/robogames/vt-cro/robogames_pi/car_robot_ws/install/serial/share/serial/hook/path.sh'
[1.730s] Level 1:colcon.colcon_core.environment:checking '/home/robogames/vt-cro/robogames_pi/car_robot_ws/install/serial/lib/pkgconfig/serial.pc'
[1.730s] Level 1:colcon.colcon_core.environment:checking '/home/robogames/vt-cro/robogames_pi/car_robot_ws/install/serial/lib/python3.12/site-packages'
[1.731s] Level 1:colcon.colcon_core.environment:checking '/home/robogames/vt-cro/robogames_pi/car_robot_ws/install/serial/bin'
[1.731s] Level 1:colcon.colcon_core.shell:create_environment_hook('serial', 'pythonscriptspath')
[1.731s] INFO:colcon.colcon_core.shell:Creating environment hook '/home/robogames/vt-cro/robogames_pi/car_robot_ws/install/serial/share/serial/hook/pythonscriptspath.ps1'
[1.732s] INFO:colcon.colcon_core.shell:Creating environment descriptor '/home/robogames/vt-cro/robogames_pi/car_robot_ws/install/serial/share/serial/hook/pythonscriptspath.dsv'
[1.733s] INFO:colcon.colcon_core.shell:Creating environment hook '/home/robogames/vt-cro/robogames_pi/car_robot_ws/install/serial/share/serial/hook/pythonscriptspath.sh'
[1.734s] INFO:colcon.colcon_core.shell:Creating package script '/home/robogames/vt-cro/robogames_pi/car_robot_ws/install/serial/share/serial/package.ps1'
[1.736s] INFO:colcon.colcon_core.shell:Creating package descriptor '/home/robogames/vt-cro/robogames_pi/car_robot_ws/install/serial/share/serial/package.dsv'
[1.738s] INFO:colcon.colcon_core.shell:Creating package script '/home/robogames/vt-cro/robogames_pi/car_robot_ws/install/serial/share/serial/package.sh'
[1.741s] INFO:colcon.colcon_core.shell:Creating package script '/home/robogames/vt-cro/robogames_pi/car_robot_ws/install/serial/share/serial/package.bash'
[1.743s] INFO:colcon.colcon_core.shell:Creating package script '/home/robogames/vt-cro/robogames_pi/car_robot_ws/install/serial/share/serial/package.zsh'
[1.746s] Level 1:colcon.colcon_core.environment:create_file_with_runtime_dependencies(/home/robogames/vt-cro/robogames_pi/car_robot_ws/install/serial/share/colcon-core/packages/serial)
[1.747s] Level 1:colcon.colcon_core.environment:create_environment_scripts_only(diffdrive_arduino)
[1.748s] Level 1:colcon.colcon_core.environment:checking '/home/robogames/vt-cro/robogames_pi/car_robot_ws/install/diffdrive_arduino' for CMake module files
[1.748s] DEBUG:colcon.colcon_core.event_handler.log_command:Invoked command in '/home/robogames/vt-cro/robogames_pi/car_robot_ws/build/diffdrive_arduino' returned '0': CMAKE_PREFIX_PATH=/opt/ros/jazzy:${CMAKE_PREFIX_PATH} DEBUGINFOD_URLS=https://debuginfod.ubuntu.com /usr/bin/cmake --install /home/robogames/vt-cro/robogames_pi/car_robot_ws/build/diffdrive_arduino
[1.749s] Level 1:colcon.colcon_core.environment:checking '/home/robogames/vt-cro/robogames_pi/car_robot_ws/install/diffdrive_arduino' for CMake config files
[1.750s] Level 1:colcon.colcon_core.shell:create_environment_hook('diffdrive_arduino', 'cmake_prefix_path')
[1.750s] INFO:colcon.colcon_core.shell:Creating environment hook '/home/robogames/vt-cro/robogames_pi/car_robot_ws/install/diffdrive_arduino/share/diffdrive_arduino/hook/cmake_prefix_path.ps1'
[1.751s] INFO:colcon.colcon_core.shell:Creating environment descriptor '/home/robogames/vt-cro/robogames_pi/car_robot_ws/install/diffdrive_arduino/share/diffdrive_arduino/hook/cmake_prefix_path.dsv'
[1.752s] INFO:colcon.colcon_core.shell:Creating environment hook '/home/robogames/vt-cro/robogames_pi/car_robot_ws/install/diffdrive_arduino/share/diffdrive_arduino/hook/cmake_prefix_path.sh'
[1.753s] Level 1:colcon.colcon_core.environment:checking '/home/robogames/vt-cro/robogames_pi/car_robot_ws/install/diffdrive_arduino/lib'
[1.753s] Level 1:colcon.colcon_core.shell:create_environment_hook('diffdrive_arduino', 'ld_library_path_lib')
[1.754s] INFO:colcon.colcon_core.shell:Creating environment hook '/home/robogames/vt-cro/robogames_pi/car_robot_ws/install/diffdrive_arduino/share/diffdrive_arduino/hook/ld_library_path_lib.ps1'
[1.754s] INFO:colcon.colcon_core.shell:Creating environment descriptor '/home/robogames/vt-cro/robogames_pi/car_robot_ws/install/diffdrive_arduino/share/diffdrive_arduino/hook/ld_library_path_lib.dsv'
[1.756s] INFO:colcon.colcon_core.shell:Creating environment hook '/home/robogames/vt-cro/robogames_pi/car_robot_ws/install/diffdrive_arduino/share/diffdrive_arduino/hook/ld_library_path_lib.sh'
[1.757s] Level 1:colcon.colcon_core.environment:checking '/home/robogames/vt-cro/robogames_pi/car_robot_ws/install/diffdrive_arduino/bin'
[1.757s] Level 1:colcon.colcon_core.environment:checking '/home/robogames/vt-cro/robogames_pi/car_robot_ws/install/diffdrive_arduino/lib/pkgconfig/diffdrive_arduino.pc'
[1.757s] Level 1:colcon.colcon_core.environment:checking '/home/robogames/vt-cro/robogames_pi/car_robot_ws/install/diffdrive_arduino/lib/python3.12/site-packages'
[1.758s] Level 1:colcon.colcon_core.environment:checking '/home/robogames/vt-cro/robogames_pi/car_robot_ws/install/diffdrive_arduino/bin'
[1.758s] INFO:colcon.colcon_core.shell:Creating package script '/home/robogames/vt-cro/robogames_pi/car_robot_ws/install/diffdrive_arduino/share/diffdrive_arduino/package.ps1'
[1.759s] INFO:colcon.colcon_core.shell:Creating package descriptor '/home/robogames/vt-cro/robogames_pi/car_robot_ws/install/diffdrive_arduino/share/diffdrive_arduino/package.dsv'
[1.760s] INFO:colcon.colcon_core.shell:Creating package script '/home/robogames/vt-cro/robogames_pi/car_robot_ws/install/diffdrive_arduino/share/diffdrive_arduino/package.sh'
[1.762s] INFO:colcon.colcon_core.shell:Creating package script '/home/robogames/vt-cro/robogames_pi/car_robot_ws/install/diffdrive_arduino/share/diffdrive_arduino/package.bash'
[1.763s] INFO:colcon.colcon_core.shell:Creating package script '/home/robogames/vt-cro/robogames_pi/car_robot_ws/install/diffdrive_arduino/share/diffdrive_arduino/package.zsh'
[1.765s] Level 1:colcon.colcon_core.environment:create_file_with_runtime_dependencies(/home/robogames/vt-cro/robogames_pi/car_robot_ws/install/diffdrive_arduino/share/colcon-core/packages/diffdrive_arduino)
[1.767s] Level 1:colcon.colcon_core.environment:create_environment_scripts_only(diffdrive_arduino)
[1.767s] Level 1:colcon.colcon_core.environment:checking '/home/robogames/vt-cro/robogames_pi/car_robot_ws/install/diffdrive_arduino' for CMake module files
[1.768s] Level 1:colcon.colcon_core.environment:checking '/home/robogames/vt-cro/robogames_pi/car_robot_ws/install/diffdrive_arduino' for CMake config files
[1.768s] Level 1:colcon.colcon_core.shell:create_environment_hook('diffdrive_arduino', 'cmake_prefix_path')
[1.768s] INFO:colcon.colcon_core.shell:Creating environment hook '/home/robogames/vt-cro/robogames_pi/car_robot_ws/install/diffdrive_arduino/share/diffdrive_arduino/hook/cmake_prefix_path.ps1'
[1.769s] INFO:colcon.colcon_core.shell:Creating environment descriptor '/home/robogames/vt-cro/robogames_pi/car_robot_ws/install/diffdrive_arduino/share/diffdrive_arduino/hook/cmake_prefix_path.dsv'
[1.771s] INFO:colcon.colcon_core.shell:Creating environment hook '/home/robogames/vt-cro/robogames_pi/car_robot_ws/install/diffdrive_arduino/share/diffdrive_arduino/hook/cmake_prefix_path.sh'
[1.775s] Level 1:colcon.colcon_core.environment:checking '/home/robogames/vt-cro/robogames_pi/car_robot_ws/install/diffdrive_arduino/lib'
[1.775s] Level 1:colcon.colcon_core.shell:create_environment_hook('diffdrive_arduino', 'ld_library_path_lib')
[1.775s] INFO:colcon.colcon_core.shell:Creating environment hook '/home/robogames/vt-cro/robogames_pi/car_robot_ws/install/diffdrive_arduino/share/diffdrive_arduino/hook/ld_library_path_lib.ps1'
[1.776s] INFO:colcon.colcon_core.shell:Creating environment descriptor '/home/robogames/vt-cro/robogames_pi/car_robot_ws/install/diffdrive_arduino/share/diffdrive_arduino/hook/ld_library_path_lib.dsv'
[1.776s] INFO:colcon.colcon_core.shell:Creating environment hook '/home/robogames/vt-cro/robogames_pi/car_robot_ws/install/diffdrive_arduino/share/diffdrive_arduino/hook/ld_library_path_lib.sh'
[1.777s] Level 1:colcon.colcon_core.environment:checking '/home/robogames/vt-cro/robogames_pi/car_robot_ws/install/diffdrive_arduino/bin'
[1.777s] Level 1:colcon.colcon_core.environment:checking '/home/robogames/vt-cro/robogames_pi/car_robot_ws/install/diffdrive_arduino/lib/pkgconfig/diffdrive_arduino.pc'
[1.778s] Level 1:colcon.colcon_core.environment:checking '/home/robogames/vt-cro/robogames_pi/car_robot_ws/install/diffdrive_arduino/lib/python3.12/site-packages'
[1.778s] Level 1:colcon.colcon_core.environment:checking '/home/robogames/vt-cro/robogames_pi/car_robot_ws/install/diffdrive_arduino/bin'
[1.778s] INFO:colcon.colcon_core.shell:Creating package script '/home/robogames/vt-cro/robogames_pi/car_robot_ws/install/diffdrive_arduino/share/diffdrive_arduino/package.ps1'
[1.779s] INFO:colcon.colcon_core.shell:Creating package descriptor '/home/robogames/vt-cro/robogames_pi/car_robot_ws/install/diffdrive_arduino/share/diffdrive_arduino/package.dsv'
[1.780s] INFO:colcon.colcon_core.shell:Creating package script '/home/robogames/vt-cro/robogames_pi/car_robot_ws/install/diffdrive_arduino/share/diffdrive_arduino/package.sh'
[1.781s] INFO:colcon.colcon_core.shell:Creating package script '/home/robogames/vt-cro/robogames_pi/car_robot_ws/install/diffdrive_arduino/share/diffdrive_arduino/package.bash'
[1.781s] INFO:colcon.colcon_core.shell:Creating package script '/home/robogames/vt-cro/robogames_pi/car_robot_ws/install/diffdrive_arduino/share/diffdrive_arduino/package.zsh'
[1.782s] Level 1:colcon.colcon_core.environment:create_file_with_runtime_dependencies(/home/robogames/vt-cro/robogames_pi/car_robot_ws/install/diffdrive_arduino/share/colcon-core/packages/diffdrive_arduino)
[1.784s] DEBUG:colcon.colcon_core.event_handler.log_command:Invoked command in '/home/robogames/vt-cro/robogames_pi/car_robot_ws/build/articubot_one' returned '0': CMAKE_PREFIX_PATH=/opt/ros/jazzy:${CMAKE_PREFIX_PATH} DEBUGINFOD_URLS=https://debuginfod.ubuntu.com /usr/bin/cmake --build /home/robogames/vt-cro/robogames_pi/car_robot_ws/build/articubot_one -- -j4 -l4
[1.790s] DEBUG:colcon.colcon_core.event_handler.log_command:Invoking command in '/home/robogames/vt-cro/robogames_pi/car_robot_ws/build/articubot_one': CMAKE_PREFIX_PATH=/opt/ros/jazzy:${CMAKE_PREFIX_PATH} DEBUGINFOD_URLS=https://debuginfod.ubuntu.com /usr/bin/cmake --install /home/robogames/vt-cro/robogames_pi/car_robot_ws/build/articubot_one
[1.833s] Level 1:colcon.colcon_core.environment:create_environment_scripts_only(articubot_one)
[1.833s] Level 1:colcon.colcon_core.environment:checking '/home/robogames/vt-cro/robogames_pi/car_robot_ws/install/articubot_one' for CMake module files
[1.834s] DEBUG:colcon.colcon_core.event_handler.log_command:Invoked command in '/home/robogames/vt-cro/robogames_pi/car_robot_ws/build/articubot_one' returned '0': CMAKE_PREFIX_PATH=/opt/ros/jazzy:${CMAKE_PREFIX_PATH} DEBUGINFOD_URLS=https://debuginfod.ubuntu.com /usr/bin/cmake --install /home/robogames/vt-cro/robogames_pi/car_robot_ws/build/articubot_one
[1.835s] Level 1:colcon.colcon_core.environment:checking '/home/robogames/vt-cro/robogames_pi/car_robot_ws/install/articubot_one' for CMake config files
[1.835s] Level 1:colcon.colcon_core.shell:create_environment_hook('articubot_one', 'cmake_prefix_path')
[1.835s] INFO:colcon.colcon_core.shell:Creating environment hook '/home/robogames/vt-cro/robogames_pi/car_robot_ws/install/articubot_one/share/articubot_one/hook/cmake_prefix_path.ps1'
[1.836s] INFO:colcon.colcon_core.shell:Creating environment descriptor '/home/robogames/vt-cro/robogames_pi/car_robot_ws/install/articubot_one/share/articubot_one/hook/cmake_prefix_path.dsv'
[1.837s] INFO:colcon.colcon_core.shell:Creating environment hook '/home/robogames/vt-cro/robogames_pi/car_robot_ws/install/articubot_one/share/articubot_one/hook/cmake_prefix_path.sh'
[1.839s] Level 1:colcon.colcon_core.environment:checking '/home/robogames/vt-cro/robogames_pi/car_robot_ws/install/articubot_one/lib'
[1.839s] Level 1:colcon.colcon_core.environment:checking '/home/robogames/vt-cro/robogames_pi/car_robot_ws/install/articubot_one/bin'
[1.839s] Level 1:colcon.colcon_core.environment:checking '/home/robogames/vt-cro/robogames_pi/car_robot_ws/install/articubot_one/lib/pkgconfig/articubot_one.pc'
[1.839s] Level 1:colcon.colcon_core.environment:checking '/home/robogames/vt-cro/robogames_pi/car_robot_ws/install/articubot_one/lib/python3.12/site-packages'
[1.840s] Level 1:colcon.colcon_core.environment:checking '/home/robogames/vt-cro/robogames_pi/car_robot_ws/install/articubot_one/bin'
[1.840s] INFO:colcon.colcon_core.shell:Creating package script '/home/robogames/vt-cro/robogames_pi/car_robot_ws/install/articubot_one/share/articubot_one/package.ps1'
[1.841s] INFO:colcon.colcon_core.shell:Creating package descriptor '/home/robogames/vt-cro/robogames_pi/car_robot_ws/install/articubot_one/share/articubot_one/package.dsv'
[1.842s] INFO:colcon.colcon_core.shell:Creating package script '/home/robogames/vt-cro/robogames_pi/car_robot_ws/install/articubot_one/share/articubot_one/package.sh'
[1.844s] INFO:colcon.colcon_core.shell:Creating package script '/home/robogames/vt-cro/robogames_pi/car_robot_ws/install/articubot_one/share/articubot_one/package.bash'
[1.845s] INFO:colcon.colcon_core.shell:Creating package script '/home/robogames/vt-cro/robogames_pi/car_robot_ws/install/articubot_one/share/articubot_one/package.zsh'
[1.847s] Level 1:colcon.colcon_core.environment:create_file_with_runtime_dependencies(/home/robogames/vt-cro/robogames_pi/car_robot_ws/install/articubot_one/share/colcon-core/packages/articubot_one)
[1.848s] Level 1:colcon.colcon_core.environment:create_environment_scripts_only(articubot_one)
[1.848s] Level 1:colcon.colcon_core.environment:checking '/home/robogames/vt-cro/robogames_pi/car_robot_ws/install/articubot_one' for CMake module files
[1.849s] Level 1:colcon.colcon_core.environment:checking '/home/robogames/vt-cro/robogames_pi/car_robot_ws/install/articubot_one' for CMake config files
[1.849s] Level 1:colcon.colcon_core.shell:create_environment_hook('articubot_one', 'cmake_prefix_path')
[1.849s] INFO:colcon.colcon_core.shell:Creating environment hook '/home/robogames/vt-cro/robogames_pi/car_robot_ws/install/articubot_one/share/articubot_one/hook/cmake_prefix_path.ps1'
[1.850s] INFO:colcon.colcon_core.shell:Creating environment descriptor '/home/robogames/vt-cro/robogames_pi/car_robot_ws/install/articubot_one/share/articubot_one/hook/cmake_prefix_path.dsv'
[1.851s] INFO:colcon.colcon_core.shell:Creating environment hook '/home/robogames/vt-cro/robogames_pi/car_robot_ws/install/articubot_one/share/articubot_one/hook/cmake_prefix_path.sh'
[1.853s] Level 1:colcon.colcon_core.environment:checking '/home/robogames/vt-cro/robogames_pi/car_robot_ws/install/articubot_one/lib'
[1.853s] Level 1:colcon.colcon_core.environment:checking '/home/robogames/vt-cro/robogames_pi/car_robot_ws/install/articubot_one/bin'
[1.853s] Level 1:colcon.colcon_core.environment:checking '/home/robogames/vt-cro/robogames_pi/car_robot_ws/install/articubot_one/lib/pkgconfig/articubot_one.pc'
[1.854s] Level 1:colcon.colcon_core.environment:checking '/home/robogames/vt-cro/robogames_pi/car_robot_ws/install/articubot_one/lib/python3.12/site-packages'
[1.854s] Level 1:colcon.colcon_core.environment:checking '/home/robogames/vt-cro/robogames_pi/car_robot_ws/install/articubot_one/bin'
[1.854s] INFO:colcon.colcon_core.shell:Creating package script '/home/robogames/vt-cro/robogames_pi/car_robot_ws/install/articubot_one/share/articubot_one/package.ps1'
[1.857s] INFO:colcon.colcon_core.shell:Creating package descriptor '/home/robogames/vt-cro/robogames_pi/car_robot_ws/install/articubot_one/share/articubot_one/package.dsv'
[1.857s] INFO:colcon.colcon_core.shell:Creating package script '/home/robogames/vt-cro/robogames_pi/car_robot_ws/install/articubot_one/share/articubot_one/package.sh'
[1.858s] INFO:colcon.colcon_core.shell:Creating package script '/home/robogames/vt-cro/robogames_pi/car_robot_ws/install/articubot_one/share/articubot_one/package.bash'
[1.859s] INFO:colcon.colcon_core.shell:Creating package script '/home/robogames/vt-cro/robogames_pi/car_robot_ws/install/articubot_one/share/articubot_one/package.zsh'
[1.859s] Level 1:colcon.colcon_core.environment:create_file_with_runtime_dependencies(/home/robogames/vt-cro/robogames_pi/car_robot_ws/install/articubot_one/share/colcon-core/packages/articubot_one)
[1.860s] DEBUG:colcon.colcon_parallel_executor.executor.parallel:closing loop
[1.860s] DEBUG:colcon.colcon_parallel_executor.executor.parallel:loop closed
[1.860s] DEBUG:colcon.colcon_parallel_executor.executor.parallel:run_until_complete finished with '0'
[1.860s] DEBUG:colcon.colcon_core.event_reactor:joining thread
[1.872s] INFO:colcon.colcon_core.plugin_system:Skipping extension 'colcon_notification.desktop_notification.terminal_notifier': Not used on non-Darwin systems
[1.872s] INFO:colcon.colcon_core.plugin_system:Skipping extension 'colcon_notification.desktop_notification.win32': Not used on non-Windows systems
[1.872s] INFO:colcon.colcon_notification.desktop_notification:Sending desktop notification using 'notify2'
[1.925s] DEBUG:colcon.colcon_core.event_reactor:joined thread
[1.926s] INFO:colcon.colcon_core.shell:Creating prefix script '/home/robogames/vt-cro/robogames_pi/car_robot_ws/install/local_setup.ps1'
[1.928s] INFO:colcon.colcon_core.shell:Creating prefix util module '/home/robogames/vt-cro/robogames_pi/car_robot_ws/install/_local_setup_util_ps1.py'
[1.932s] INFO:colcon.colcon_core.shell:Creating prefix chain script '/home/robogames/vt-cro/robogames_pi/car_robot_ws/install/setup.ps1'
[1.934s] INFO:colcon.colcon_core.shell:Creating prefix script '/home/robogames/vt-cro/robogames_pi/car_robot_ws/install/local_setup.sh'
[1.937s] INFO:colcon.colcon_core.shell:Creating prefix util module '/home/robogames/vt-cro/robogames_pi/car_robot_ws/install/_local_setup_util_sh.py'
[1.939s] INFO:colcon.colcon_core.shell:Creating prefix chain script '/home/robogames/vt-cro/robogames_pi/car_robot_ws/install/setup.sh'
[1.942s] INFO:colcon.colcon_core.shell:Creating prefix script '/home/robogames/vt-cro/robogames_pi/car_robot_ws/install/local_setup.bash'
[1.945s] INFO:colcon.colcon_core.shell:Creating prefix chain script '/home/robogames/vt-cro/robogames_pi/car_robot_ws/install/setup.bash'
[1.949s] INFO:colcon.colcon_core.shell:Creating prefix script '/home/robogames/vt-cro/robogames_pi/car_robot_ws/install/local_setup.zsh'
[1.954s] INFO:colcon.colcon_core.shell:Creating prefix chain script '/home/robogames/vt-cro/robogames_pi/car_robot_ws/install/setup.zsh'
