[0.266s] Invoking command in '/home/robogames/vt-cro/robogames_pi/car_robot_ws/build/yolobot_recognition': CMAKE_PREFIX_PATH=/home/robogames/vt-cro/robogames_pi/car_robot_ws/install/yolov8_msgs:/home/robogames/vt-cro/robogames_pi/car_robot_ws/install/yolobot_recognition:/opt/ros/jazzy:/home/robogames/vt-cro/robogames_pi/car_robot_ws/install/serial:/home/robogames/vt-cro/robogames_pi/car_robot_ws/install/diffdrive_arduino:/home/robogames/vt-cro/robogames_pi/car_robot_ws/install/articubot_one:/opt/ros/jazzy/opt/gz_sim_vendor:/opt/ros/jazzy/opt/gz_sensors_vendor:/opt/ros/jazzy/opt/gz_physics_vendor:/opt/ros/jazzy/opt/sdformat_vendor:/opt/ros/jazzy/opt/gz_gui_vendor:/opt/ros/jazzy/opt/gz_transport_vendor:/opt/ros/jazzy/opt/gz_rendering_vendor:/opt/ros/jazzy/opt/gz_plugin_vendor:/opt/ros/jazzy/opt/gz_fuel_tools_vendor:/opt/ros/jazzy/opt/gz_msgs_vendor:/opt/ros/jazzy/opt/gz_common_vendor:/opt/ros/jazzy/opt/gz_math_vendor:/opt/ros/jazzy/opt/gz_utils_vendor:/opt/ros/jazzy/opt/gz_tools_vendor:/opt/ros/jazzy/opt/gz_ogre_next_vendor:/opt/ros/jazzy/opt/gz_dartsim_vendor:/opt/ros/jazzy/opt/gz_cmake_vendor DEBUGINFOD_URLS=https://debuginfod.ubuntu.com PS1=(ros2_python_venv) \[\e]0;\u@\h: \w\a\]${debian_chroot:+($debian_chroot)}\[\033[01;32m\]\u@\h\[\033[00m\]:\[\033[01;34m\]\w\[\033[00m\]\$ VIRTUAL_ENV_PROMPT=(ros2_python_venv) /usr/bin/cmake /home/robogames/vt-cro/robogames_pi/car_robot_ws/src/yolobot_recognition -DCMAKE_INSTALL_PREFIX=/home/robogames/vt-cro/robogames_pi/car_robot_ws/install/yolobot_recognition
[0.901s] -- Found ament_cmake: 2.5.3 (/opt/ros/jazzy/share/ament_cmake/cmake)
[1.639s] -- Override CMake install command with custom implementation using symlinks instead of copying resources
[1.658s] -- Found ament_lint_auto: 0.17.1 (/opt/ros/jazzy/share/ament_lint_auto/cmake)
[1.975s] -- Added test 'copyright' to check source files copyright and LICENSE
[1.980s] -- Added test 'flake8' to check Python code syntax and style conventions
[1.980s] -- Configured 'flake8' exclude dirs and/or files: 
[1.983s] -- Added test 'lint_cmake' to check CMake code style
[1.986s] -- Added test 'pep257' to check Python code against some of the docstring style conventions in PEP 257
[1.990s] -- Added test 'xmllint' to check XML markup files
[2.000s] -- Configuring done (1.7s)
[2.022s] -- Generating done (0.0s)
[2.042s] -- Build files have been written to: /home/robogames/vt-cro/robogames_pi/car_robot_ws/build/yolobot_recognition
[2.054s] Invoked command in '/home/robogames/vt-cro/robogames_pi/car_robot_ws/build/yolobot_recognition' returned '0': CMAKE_PREFIX_PATH=/home/robogames/vt-cro/robogames_pi/car_robot_ws/install/yolov8_msgs:/home/robogames/vt-cro/robogames_pi/car_robot_ws/install/yolobot_recognition:/opt/ros/jazzy:/home/robogames/vt-cro/robogames_pi/car_robot_ws/install/serial:/home/robogames/vt-cro/robogames_pi/car_robot_ws/install/diffdrive_arduino:/home/robogames/vt-cro/robogames_pi/car_robot_ws/install/articubot_one:/opt/ros/jazzy/opt/gz_sim_vendor:/opt/ros/jazzy/opt/gz_sensors_vendor:/opt/ros/jazzy/opt/gz_physics_vendor:/opt/ros/jazzy/opt/sdformat_vendor:/opt/ros/jazzy/opt/gz_gui_vendor:/opt/ros/jazzy/opt/gz_transport_vendor:/opt/ros/jazzy/opt/gz_rendering_vendor:/opt/ros/jazzy/opt/gz_plugin_vendor:/opt/ros/jazzy/opt/gz_fuel_tools_vendor:/opt/ros/jazzy/opt/gz_msgs_vendor:/opt/ros/jazzy/opt/gz_common_vendor:/opt/ros/jazzy/opt/gz_math_vendor:/opt/ros/jazzy/opt/gz_utils_vendor:/opt/ros/jazzy/opt/gz_tools_vendor:/opt/ros/jazzy/opt/gz_ogre_next_vendor:/opt/ros/jazzy/opt/gz_dartsim_vendor:/opt/ros/jazzy/opt/gz_cmake_vendor DEBUGINFOD_URLS=https://debuginfod.ubuntu.com PS1=(ros2_python_venv) \[\e]0;\u@\h: \w\a\]${debian_chroot:+($debian_chroot)}\[\033[01;32m\]\u@\h\[\033[00m\]:\[\033[01;34m\]\w\[\033[00m\]\$ VIRTUAL_ENV_PROMPT=(ros2_python_venv) /usr/bin/cmake /home/robogames/vt-cro/robogames_pi/car_robot_ws/src/yolobot_recognition -DCMAKE_INSTALL_PREFIX=/home/robogames/vt-cro/robogames_pi/car_robot_ws/install/yolobot_recognition
[2.056s] Invoking command in '/home/robogames/vt-cro/robogames_pi/car_robot_ws/build/yolobot_recognition': CMAKE_PREFIX_PATH=/home/robogames/vt-cro/robogames_pi/car_robot_ws/install/yolov8_msgs:/home/robogames/vt-cro/robogames_pi/car_robot_ws/install/yolobot_recognition:/opt/ros/jazzy:/home/robogames/vt-cro/robogames_pi/car_robot_ws/install/serial:/home/robogames/vt-cro/robogames_pi/car_robot_ws/install/diffdrive_arduino:/home/robogames/vt-cro/robogames_pi/car_robot_ws/install/articubot_one:/opt/ros/jazzy/opt/gz_sim_vendor:/opt/ros/jazzy/opt/gz_sensors_vendor:/opt/ros/jazzy/opt/gz_physics_vendor:/opt/ros/jazzy/opt/sdformat_vendor:/opt/ros/jazzy/opt/gz_gui_vendor:/opt/ros/jazzy/opt/gz_transport_vendor:/opt/ros/jazzy/opt/gz_rendering_vendor:/opt/ros/jazzy/opt/gz_plugin_vendor:/opt/ros/jazzy/opt/gz_fuel_tools_vendor:/opt/ros/jazzy/opt/gz_msgs_vendor:/opt/ros/jazzy/opt/gz_common_vendor:/opt/ros/jazzy/opt/gz_math_vendor:/opt/ros/jazzy/opt/gz_utils_vendor:/opt/ros/jazzy/opt/gz_tools_vendor:/opt/ros/jazzy/opt/gz_ogre_next_vendor:/opt/ros/jazzy/opt/gz_dartsim_vendor:/opt/ros/jazzy/opt/gz_cmake_vendor DEBUGINFOD_URLS=https://debuginfod.ubuntu.com PS1=(ros2_python_venv) \[\e]0;\u@\h: \w\a\]${debian_chroot:+($debian_chroot)}\[\033[01;32m\]\u@\h\[\033[00m\]:\[\033[01;34m\]\w\[\033[00m\]\$ VIRTUAL_ENV_PROMPT=(ros2_python_venv) /usr/bin/cmake --build /home/robogames/vt-cro/robogames_pi/car_robot_ws/build/yolobot_recognition -- -j4 -l4
[2.160s] Invoked command in '/home/robogames/vt-cro/robogames_pi/car_robot_ws/build/yolobot_recognition' returned '0': CMAKE_PREFIX_PATH=/home/robogames/vt-cro/robogames_pi/car_robot_ws/install/yolov8_msgs:/home/robogames/vt-cro/robogames_pi/car_robot_ws/install/yolobot_recognition:/opt/ros/jazzy:/home/robogames/vt-cro/robogames_pi/car_robot_ws/install/serial:/home/robogames/vt-cro/robogames_pi/car_robot_ws/install/diffdrive_arduino:/home/robogames/vt-cro/robogames_pi/car_robot_ws/install/articubot_one:/opt/ros/jazzy/opt/gz_sim_vendor:/opt/ros/jazzy/opt/gz_sensors_vendor:/opt/ros/jazzy/opt/gz_physics_vendor:/opt/ros/jazzy/opt/sdformat_vendor:/opt/ros/jazzy/opt/gz_gui_vendor:/opt/ros/jazzy/opt/gz_transport_vendor:/opt/ros/jazzy/opt/gz_rendering_vendor:/opt/ros/jazzy/opt/gz_plugin_vendor:/opt/ros/jazzy/opt/gz_fuel_tools_vendor:/opt/ros/jazzy/opt/gz_msgs_vendor:/opt/ros/jazzy/opt/gz_common_vendor:/opt/ros/jazzy/opt/gz_math_vendor:/opt/ros/jazzy/opt/gz_utils_vendor:/opt/ros/jazzy/opt/gz_tools_vendor:/opt/ros/jazzy/opt/gz_ogre_next_vendor:/opt/ros/jazzy/opt/gz_dartsim_vendor:/opt/ros/jazzy/opt/gz_cmake_vendor DEBUGINFOD_URLS=https://debuginfod.ubuntu.com PS1=(ros2_python_venv) \[\e]0;\u@\h: \w\a\]${debian_chroot:+($debian_chroot)}\[\033[01;32m\]\u@\h\[\033[00m\]:\[\033[01;34m\]\w\[\033[00m\]\$ VIRTUAL_ENV_PROMPT=(ros2_python_venv) /usr/bin/cmake --build /home/robogames/vt-cro/robogames_pi/car_robot_ws/build/yolobot_recognition -- -j4 -l4
[2.186s] Invoking command in '/home/robogames/vt-cro/robogames_pi/car_robot_ws/build/yolobot_recognition': CMAKE_PREFIX_PATH=/home/robogames/vt-cro/robogames_pi/car_robot_ws/install/yolov8_msgs:/home/robogames/vt-cro/robogames_pi/car_robot_ws/install/yolobot_recognition:/opt/ros/jazzy:/home/robogames/vt-cro/robogames_pi/car_robot_ws/install/serial:/home/robogames/vt-cro/robogames_pi/car_robot_ws/install/diffdrive_arduino:/home/robogames/vt-cro/robogames_pi/car_robot_ws/install/articubot_one:/opt/ros/jazzy/opt/gz_sim_vendor:/opt/ros/jazzy/opt/gz_sensors_vendor:/opt/ros/jazzy/opt/gz_physics_vendor:/opt/ros/jazzy/opt/sdformat_vendor:/opt/ros/jazzy/opt/gz_gui_vendor:/opt/ros/jazzy/opt/gz_transport_vendor:/opt/ros/jazzy/opt/gz_rendering_vendor:/opt/ros/jazzy/opt/gz_plugin_vendor:/opt/ros/jazzy/opt/gz_fuel_tools_vendor:/opt/ros/jazzy/opt/gz_msgs_vendor:/opt/ros/jazzy/opt/gz_common_vendor:/opt/ros/jazzy/opt/gz_math_vendor:/opt/ros/jazzy/opt/gz_utils_vendor:/opt/ros/jazzy/opt/gz_tools_vendor:/opt/ros/jazzy/opt/gz_ogre_next_vendor:/opt/ros/jazzy/opt/gz_dartsim_vendor:/opt/ros/jazzy/opt/gz_cmake_vendor DEBUGINFOD_URLS=https://debuginfod.ubuntu.com PS1=(ros2_python_venv) \[\e]0;\u@\h: \w\a\]${debian_chroot:+($debian_chroot)}\[\033[01;32m\]\u@\h\[\033[00m\]:\[\033[01;34m\]\w\[\033[00m\]\$ VIRTUAL_ENV_PROMPT=(ros2_python_venv) /usr/bin/cmake --install /home/robogames/vt-cro/robogames_pi/car_robot_ws/build/yolobot_recognition
[2.212s] -- Install configuration: ""
[2.215s] -- Execute custom install script
[2.217s] -- Up-to-date symlink: /home/robogames/vt-cro/robogames_pi/car_robot_ws/install/yolobot_recognition/share/yolobot_recognition//scripts/.dockerignore
[2.219s] -- Up-to-date symlink: /home/robogames/vt-cro/robogames_pi/car_robot_ws/install/yolobot_recognition/share/yolobot_recognition//scripts/.gitattributes
[2.219s] -- Up-to-date symlink: /home/robogames/vt-cro/robogames_pi/car_robot_ws/install/yolobot_recognition/share/yolobot_recognition//scripts/.gitignore
[2.219s] -- Up-to-date symlink: /home/robogames/vt-cro/robogames_pi/car_robot_ws/install/yolobot_recognition/share/yolobot_recognition//scripts/bucket_tracker.py
[2.219s] -- Up-to-date symlink: /home/robogames/vt-cro/robogames_pi/car_robot_ws/install/yolobot_recognition/share/yolobot_recognition//scripts/color_detector.py
[2.219s] -- Up-to-date symlink: /home/robogames/vt-cro/robogames_pi/car_robot_ws/install/yolobot_recognition/share/yolobot_recognition//scripts/object_tracker.py
[2.220s] -- Up-to-date symlink: /home/robogames/vt-cro/robogames_pi/car_robot_ws/install/yolobot_recognition/share/yolobot_recognition//scripts/yolov8_ros2_pt.py
[2.220s] -- Up-to-date symlink: /home/robogames/vt-cro/robogames_pi/car_robot_ws/install/yolobot_recognition/share/yolobot_recognition//scripts/yolov8_ros2_subscriber.py
[2.220s] -- Up-to-date symlink: /home/robogames/vt-cro/robogames_pi/car_robot_ws/install/yolobot_recognition/share/yolobot_recognition//scripts/yolov8n.pt
[2.220s] -- Up-to-date symlink: /home/robogames/vt-cro/robogames_pi/car_robot_ws/install/yolobot_recognition/share/yolobot_recognition//launch/launch_yolov8.launch.py
[2.230s] -- Up-to-date symlink: /home/robogames/vt-cro/robogames_pi/car_robot_ws/install/yolobot_recognition/lib/yolobot_recognition/yolov8_ros2_pt.py
[2.230s] -- Up-to-date symlink: /home/robogames/vt-cro/robogames_pi/car_robot_ws/install/yolobot_recognition/lib/yolobot_recognition/yolov8_ros2_subscriber.py
[2.234s] -- Up-to-date symlink: /home/robogames/vt-cro/robogames_pi/car_robot_ws/install/yolobot_recognition/lib/yolobot_recognition/color_detector.py
[2.235s] -- Up-to-date symlink: /home/robogames/vt-cro/robogames_pi/car_robot_ws/install/yolobot_recognition/lib/yolobot_recognition/object_tracker.py
[2.239s] -- Up-to-date symlink: /home/robogames/vt-cro/robogames_pi/car_robot_ws/install/yolobot_recognition/lib/yolobot_recognition/launch_yolov8.launch.py
[2.239s] -- Up-to-date symlink: /home/robogames/vt-cro/robogames_pi/car_robot_ws/install/yolobot_recognition/share/ament_index/resource_index/package_run_dependencies/yolobot_recognition
[2.239s] -- Up-to-date symlink: /home/robogames/vt-cro/robogames_pi/car_robot_ws/install/yolobot_recognition/share/ament_index/resource_index/parent_prefix_path/yolobot_recognition
[2.239s] -- Up-to-date symlink: /home/robogames/vt-cro/robogames_pi/car_robot_ws/install/yolobot_recognition/share/yolobot_recognition/environment/ament_prefix_path.sh
[2.239s] -- Up-to-date symlink: /home/robogames/vt-cro/robogames_pi/car_robot_ws/install/yolobot_recognition/share/yolobot_recognition/environment/ament_prefix_path.dsv
[2.244s] -- Up-to-date symlink: /home/robogames/vt-cro/robogames_pi/car_robot_ws/install/yolobot_recognition/share/yolobot_recognition/environment/path.sh
[2.245s] -- Up-to-date symlink: /home/robogames/vt-cro/robogames_pi/car_robot_ws/install/yolobot_recognition/share/yolobot_recognition/environment/path.dsv
[2.246s] -- Up-to-date symlink: /home/robogames/vt-cro/robogames_pi/car_robot_ws/install/yolobot_recognition/share/yolobot_recognition/local_setup.bash
[2.246s] -- Up-to-date symlink: /home/robogames/vt-cro/robogames_pi/car_robot_ws/install/yolobot_recognition/share/yolobot_recognition/local_setup.sh
[2.246s] -- Up-to-date symlink: /home/robogames/vt-cro/robogames_pi/car_robot_ws/install/yolobot_recognition/share/yolobot_recognition/local_setup.zsh
[2.248s] -- Up-to-date symlink: /home/robogames/vt-cro/robogames_pi/car_robot_ws/install/yolobot_recognition/share/yolobot_recognition/local_setup.dsv
[2.252s] -- Symlinking: /home/robogames/vt-cro/robogames_pi/car_robot_ws/install/yolobot_recognition/share/yolobot_recognition/package.dsv
[2.271s] -- Up-to-date symlink: /home/robogames/vt-cro/robogames_pi/car_robot_ws/install/yolobot_recognition/share/ament_index/resource_index/packages/yolobot_recognition
[2.271s] -- Up-to-date symlink: /home/robogames/vt-cro/robogames_pi/car_robot_ws/install/yolobot_recognition/share/yolobot_recognition/cmake/yolobot_recognitionConfig.cmake
[2.271s] -- Up-to-date symlink: /home/robogames/vt-cro/robogames_pi/car_robot_ws/install/yolobot_recognition/share/yolobot_recognition/cmake/yolobot_recognitionConfig-version.cmake
[2.271s] -- Up-to-date symlink: /home/robogames/vt-cro/robogames_pi/car_robot_ws/install/yolobot_recognition/share/yolobot_recognition/package.xml
[2.368s] Invoked command in '/home/robogames/vt-cro/robogames_pi/car_robot_ws/build/yolobot_recognition' returned '0': CMAKE_PREFIX_PATH=/home/robogames/vt-cro/robogames_pi/car_robot_ws/install/yolov8_msgs:/home/robogames/vt-cro/robogames_pi/car_robot_ws/install/yolobot_recognition:/opt/ros/jazzy:/home/robogames/vt-cro/robogames_pi/car_robot_ws/install/serial:/home/robogames/vt-cro/robogames_pi/car_robot_ws/install/diffdrive_arduino:/home/robogames/vt-cro/robogames_pi/car_robot_ws/install/articubot_one:/opt/ros/jazzy/opt/gz_sim_vendor:/opt/ros/jazzy/opt/gz_sensors_vendor:/opt/ros/jazzy/opt/gz_physics_vendor:/opt/ros/jazzy/opt/sdformat_vendor:/opt/ros/jazzy/opt/gz_gui_vendor:/opt/ros/jazzy/opt/gz_transport_vendor:/opt/ros/jazzy/opt/gz_rendering_vendor:/opt/ros/jazzy/opt/gz_plugin_vendor:/opt/ros/jazzy/opt/gz_fuel_tools_vendor:/opt/ros/jazzy/opt/gz_msgs_vendor:/opt/ros/jazzy/opt/gz_common_vendor:/opt/ros/jazzy/opt/gz_math_vendor:/opt/ros/jazzy/opt/gz_utils_vendor:/opt/ros/jazzy/opt/gz_tools_vendor:/opt/ros/jazzy/opt/gz_ogre_next_vendor:/opt/ros/jazzy/opt/gz_dartsim_vendor:/opt/ros/jazzy/opt/gz_cmake_vendor DEBUGINFOD_URLS=https://debuginfod.ubuntu.com PS1=(ros2_python_venv) \[\e]0;\u@\h: \w\a\]${debian_chroot:+($debian_chroot)}\[\033[01;32m\]\u@\h\[\033[00m\]:\[\033[01;34m\]\w\[\033[00m\]\$ VIRTUAL_ENV_PROMPT=(ros2_python_venv) /usr/bin/cmake --install /home/robogames/vt-cro/robogames_pi/car_robot_ws/build/yolobot_recognition
