-- The CXX compiler identification is GNU 13.3.0
-- Detecting CXX compiler ABI info
-- Detecting CXX compiler ABI info - done
-- Check for working CXX compiler: /usr/bin/c++ - skipped
-- Detecting CXX compile features
-- Detecting CXX compile features - done
-- Found ament_cmake: 2.5.3 (/opt/ros/jazzy/share/ament_cmake/cmake)
-- Found Python3: /home/robogames/ros2_python_venv/bin/python3 (found version "3.12.3") found components: Interpreter 
-- Override CMake install command with custom implementation using symlinks instead of copying resources
-- Found hardware_interface: 4.27.0 (/opt/ros/jazzy/share/hardware_interface/cmake)
-- Found rosidl_generator_c: 4.6.5 (/opt/ros/jazzy/share/rosidl_generator_c/cmake)
-- Found rosidl_generator_cpp: 4.6.5 (/opt/ros/jazzy/share/rosidl_generator_cpp/cmake)
-- Using all available rosidl_typesupport_c: rosidl_typesupport_fastrtps_c;rosidl_typesupport_introspection_c
-- Using all available rosidl_typesupport_cpp: rosidl_typesupport_fastrtps_cpp;rosidl_typesupport_introspection_cpp
-- Found TinyXML2 via Config file: /usr/lib/aarch64-linux-gnu/cmake/tinyxml2
-- Found rmw_implementation_cmake: 7.3.1 (/opt/ros/jazzy/share/rmw_implementation_cmake/cmake)
-- Found rmw_fastrtps_cpp: 8.4.1 (/opt/ros/jazzy/share/rmw_fastrtps_cpp/cmake)
-- Found TinyXML2 via Config file: /usr/lib/aarch64-linux-gnu/cmake/tinyxml2
-- Found OpenSSL: /usr/lib/aarch64-linux-gnu/libcrypto.so (found version "3.0.13")  
-- Found TinyXML2 via Config file: /usr/lib/aarch64-linux-gnu/cmake/tinyxml2
-- Found FastRTPS: /opt/ros/jazzy/include (Required is at least version "2.13") 
-- Found TinyXML2 via Config file: /usr/lib/aarch64-linux-gnu/cmake/tinyxml2
-- Found TinyXML2 via Config file: /usr/lib/aarch64-linux-gnu/cmake/tinyxml2
-- Using RMW implementation 'rmw_fastrtps_cpp' as default
-- Found nav_msgs: 5.3.5 (/opt/ros/jazzy/share/nav_msgs/cmake)
-- Found tf2: 0.36.8 (/opt/ros/jazzy/share/tf2/cmake)
-- Found tf2_ros: 0.36.8 (/opt/ros/jazzy/share/tf2_ros/cmake)
-- Found tf2_geometry_msgs: 0.36.8 (/opt/ros/jazzy/share/tf2_geometry_msgs/cmake)
-- Found eigen3_cmake_module: 0.3.0 (/opt/ros/jazzy/share/eigen3_cmake_module/cmake)
-- Found Eigen3: TRUE (found version "3.4.0") 
-- Ensuring Eigen3 include directory is part of orocos-kdl CMake target
-- Found ament_cmake_gtest: 2.5.3 (/opt/ros/jazzy/share/ament_cmake_gtest/cmake)
-- Configuring done (4.0s)
-- Generating done (0.0s)
-- Build files have been written to: /home/robogames/vt-cro/robogames_pi/car_robot_ws/build/diffdrive_arduino
[ 50%] [32mBuilding CXX object CMakeFiles/diffdrive_arduino.dir/hardware/diffbot_system.cpp.o[0m
In file included from [01m[K/home/robogames/vt-cro/robogames_pi/car_robot_ws/src/diffdrive_arduino/hardware/include/diffdrive_arduino/diffbot_system.hpp:38[m[K,
                 from [01m[K/home/robogames/vt-cro/robogames_pi/car_robot_ws/src/diffdrive_arduino/hardware/diffbot_system.cpp:15[m[K:
[01m[K/home/robogames/vt-cro/robogames_pi/car_robot_ws/src/diffdrive_arduino/hardware/include/diffdrive_arduino/arduino_comms.hpp:[m[K In member function ‘[01m[Kstd::string ArduinoComms::[01;32m[Ksend_msg[m[K(const std::string&, bool)[m[K’:
[01m[K/home/robogames/vt-cro/robogames_pi/car_robot_ws/src/diffdrive_arduino/hardware/include/diffdrive_arduino/arduino_comms.hpp:50:61:[m[K [01;35m[Kwarning: [m[Kunused parameter ‘[01m[Kprint_output[m[K’ [[01;35m[K]8;;https://gcc.gnu.org/onlinedocs/gcc/Warning-Options.html#index-Wunused-parameter-Wunused-parameter]8;;[m[K]
   50 |   std::string send_msg(const std::string &msg_to_send, [01;35m[Kbool print_output = false[m[K){
      |                                                        [01;35m[K~~~~~^~~~~~~~~~~~~~~~~~~~[m[K
[01m[K/home/robogames/vt-cro/robogames_pi/car_robot_ws/src/diffdrive_arduino/hardware/diffbot_system.cpp:[m[K At global scope:
[01m[K/home/robogames/vt-cro/robogames_pi/car_robot_ws/src/diffdrive_arduino/hardware/diffbot_system.cpp:542:13:[m[K [01;35m[Kwarning: [m[K‘[01m[Klast_motion_command[m[K’ defined but not used [[01;35m[K]8;;https://gcc.gnu.org/onlinedocs/gcc/Warning-Options.html#index-Wunused-variable-Wunused-variable]8;;[m[K]
  542 | static char [01;35m[Klast_motion_command[m[K = 'H';
      |             [01;35m[K^~~~~~~~~~~~~~~~~~~[m[K
[100%] [32m[1mLinking CXX shared library libdiffdrive_arduino.so[0m
[100%] Built target diffdrive_arduino
