[0.058s] Invoking command in '/home/robogames/vt-cro/robogames_pi/car_robot_ws/build/articubot_one': CMAKE_PREFIX_PATH=/opt/ros/jazzy:${CMAKE_PREFIX_PATH} DEBUGINFOD_URLS=https://debuginfod.ubuntu.com /usr/bin/cmake --build /home/robogames/vt-cro/robogames_pi/car_robot_ws/build/articubot_one -- -j4 -l4
[0.118s] -- Found ament_cmake: 2.5.3 (/opt/ros/jazzy/share/ament_cmake/cmake)
[0.532s] -- Found serial: 1.2.1 (/home/robogames/vt-cro/robogames_pi/car_robot_ws/install/serial/share/serial/cmake)
[0.534s] -- Found rclcpp: 28.1.6 (/opt/ros/jazzy/share/rclcpp/cmake)
[0.573s] -- Found rosidl_generator_c: 4.6.5 (/opt/ros/jazzy/share/rosidl_generator_c/cmake)
[0.586s] -- Found rosidl_generator_cpp: 4.6.5 (/opt/ros/jazzy/share/rosidl_generator_cpp/cmake)
[0.602s] -- Using all available rosidl_typesupport_c: rosidl_typesupport_fastrtps_c;rosidl_typesupport_introspection_c
[0.621s] -- Using all available rosidl_typesupport_cpp: rosidl_typesupport_fastrtps_cpp;rosidl_typesupport_introspection_cpp
[0.703s] -- Found rmw_implementation_cmake: 7.3.1 (/opt/ros/jazzy/share/rmw_implementation_cmake/cmake)
[0.705s] -- Found rmw_fastrtps_cpp: 8.4.1 (/opt/ros/jazzy/share/rmw_fastrtps_cpp/cmake)
[0.804s] -- Using RMW implementation 'rmw_fastrtps_cpp' as default
[0.890s] -- Found sensor_msgs: 5.3.5 (/opt/ros/jazzy/share/sensor_msgs/cmake)
[0.972s] -- Found cv_bridge: 4.1.0 (/opt/ros/jazzy/share/cv_bridge/cmake)
[0.976s] -- Found image_geometry: 4.1.0 (/opt/ros/jazzy/share/image_geometry/cmake)
[0.979s] -- Found controller_manager_msgs: 4.27.0 (/opt/ros/jazzy/share/controller_manager_msgs/cmake)
[1.040s] -- Found rclcpp_action: 28.1.6 (/opt/ros/jazzy/share/rclcpp_action/cmake)
[1.091s] -- Found nav2_msgs: 1.3.5 (/opt/ros/jazzy/share/nav2_msgs/cmake)
[1.228s] -- Found nav2_util: 1.3.5 (/opt/ros/jazzy/share/nav2_util/cmake)
[1.298s] -- Found eigen3_cmake_module: 0.3.0 (/opt/ros/jazzy/share/eigen3_cmake_module/cmake)
[1.300s] -- Ensuring Eigen3 include directory is part of orocos-kdl CMake target
[1.410s] [33mCMake Warning at /home/robogames/torch_py_env/lib/python3.12/site-packages/torch/share/cmake/Torch/TorchConfig.cmake:22 (message):
[1.410s]   static library kineto_LIBRARY-NOTFOUND not found.
[1.410s] Call Stack (most recent call first):
[1.410s]   /home/robogames/torch_py_env/lib/python3.12/site-packages/torch/share/cmake/Torch/TorchConfig.cmake:121 (append_torchlib_if_found)
[1.410s]   CMakeLists.txt:41 (find_package)
[1.410s] 
[1.410s] [0m
[1.410s] -- LibTorch found
[1.576s] -- Configuring done (1.5s)
[1.670s] -- Generating done (0.1s)
[1.712s] -- Build files have been written to: /home/robogames/vt-cro/robogames_pi/car_robot_ws/build/articubot_one
[1.847s] [ 16%] Built target joy_serial
[1.872s] [ 33%] Built target depth_to_laserscan
[1.872s] [ 50%] Built target color_detection_node
[1.941s] [ 66%] Built target depth_processing_node
[1.952s] [ 83%] Built target main_bt_node
[2.005s] [100%] Built target yolov8_detection_node
[2.028s] Invoked command in '/home/robogames/vt-cro/robogames_pi/car_robot_ws/build/articubot_one' returned '0': CMAKE_PREFIX_PATH=/opt/ros/jazzy:${CMAKE_PREFIX_PATH} DEBUGINFOD_URLS=https://debuginfod.ubuntu.com /usr/bin/cmake --build /home/robogames/vt-cro/robogames_pi/car_robot_ws/build/articubot_one -- -j4 -l4
[2.030s] Invoking command in '/home/robogames/vt-cro/robogames_pi/car_robot_ws/build/articubot_one': CMAKE_PREFIX_PATH=/opt/ros/jazzy:${CMAKE_PREFIX_PATH} DEBUGINFOD_URLS=https://debuginfod.ubuntu.com /usr/bin/cmake --install /home/robogames/vt-cro/robogames_pi/car_robot_ws/build/articubot_one
[2.046s] -- Install configuration: ""
[2.047s] -- Up-to-date: /home/robogames/vt-cro/robogames_pi/car_robot_ws/install/articubot_one/share/articubot_one/config
[2.047s] -- Up-to-date: /home/robogames/vt-cro/robogames_pi/car_robot_ws/install/articubot_one/share/articubot_one/config/my_controllers.yaml
[2.047s] -- Up-to-date: /home/robogames/vt-cro/robogames_pi/car_robot_ws/install/articubot_one/share/articubot_one/config/empty.yaml
[2.047s] -- Up-to-date: /home/robogames/vt-cro/robogames_pi/car_robot_ws/install/articubot_one/share/articubot_one/config/speedlimit_params.yaml
[2.048s] -- Up-to-date: /home/robogames/vt-cro/robogames_pi/car_robot_ws/install/articubot_one/share/articubot_one/config/gaz_ros2_ctl_use_sim.yaml
[2.048s] -- Up-to-date: /home/robogames/vt-cro/robogames_pi/car_robot_ws/install/articubot_one/share/articubot_one/config/gz_bridge.yaml
[2.048s] -- Up-to-date: /home/robogames/vt-cro/robogames_pi/car_robot_ws/install/articubot_one/share/articubot_one/config/twist_mux.yaml
[2.048s] -- Up-to-date: /home/robogames/vt-cro/robogames_pi/car_robot_ws/install/articubot_one/share/articubot_one/config/view_bot.rviz
[2.048s] -- Up-to-date: /home/robogames/vt-cro/robogames_pi/car_robot_ws/install/articubot_one/share/articubot_one/config/speedlimit_nav2_params.yaml
[2.048s] -- Up-to-date: /home/robogames/vt-cro/robogames_pi/car_robot_ws/install/articubot_one/share/articubot_one/config/mapper_params_online_async.yaml
[2.048s] -- Up-to-date: /home/robogames/vt-cro/robogames_pi/car_robot_ws/install/articubot_one/share/articubot_one/config/ball_tracker_params_sim.yaml
[2.048s] -- Up-to-date: /home/robogames/vt-cro/robogames_pi/car_robot_ws/install/articubot_one/share/articubot_one/config/navigate_w_replanning_and_recovery.xml
[2.049s] -- Up-to-date: /home/robogames/vt-cro/robogames_pi/car_robot_ws/install/articubot_one/share/articubot_one/config/nav2_params.yaml
[2.049s] -- Up-to-date: /home/robogames/vt-cro/robogames_pi/car_robot_ws/install/articubot_one/share/articubot_one/config/joystick.yaml
[2.049s] -- Up-to-date: /home/robogames/vt-cro/robogames_pi/car_robot_ws/install/articubot_one/share/articubot_one/config/main.rviz
[2.049s] -- Up-to-date: /home/robogames/vt-cro/robogames_pi/car_robot_ws/install/articubot_one/share/articubot_one/config/keepout_nav2_params.yaml
[2.049s] -- Up-to-date: /home/robogames/vt-cro/robogames_pi/car_robot_ws/install/articubot_one/share/articubot_one/config/keepout_params.yaml
[2.049s] -- Up-to-date: /home/robogames/vt-cro/robogames_pi/car_robot_ws/install/articubot_one/share/articubot_one/config/map.rviz
[2.049s] -- Up-to-date: /home/robogames/vt-cro/robogames_pi/car_robot_ws/install/articubot_one/share/articubot_one/config/drive_bot.rviz
[2.049s] -- Up-to-date: /home/robogames/vt-cro/robogames_pi/car_robot_ws/install/articubot_one/share/articubot_one/config/ball_tracker_params_robot.yaml
[2.049s] -- Up-to-date: /home/robogames/vt-cro/robogames_pi/car_robot_ws/install/articubot_one/share/articubot_one/config/rtabmap_params.yaml
[2.049s] -- Up-to-date: /home/robogames/vt-cro/robogames_pi/car_robot_ws/install/articubot_one/share/articubot_one/description
[2.050s] -- Up-to-date: /home/robogames/vt-cro/robogames_pi/car_robot_ws/install/articubot_one/share/articubot_one/description/robot.urdf.xacro
[2.050s] -- Up-to-date: /home/robogames/vt-cro/robogames_pi/car_robot_ws/install/articubot_one/share/articubot_one/description/inertial_macros.xacro
[2.050s] -- Up-to-date: /home/robogames/vt-cro/robogames_pi/car_robot_ws/install/articubot_one/share/articubot_one/description/face.xacro
[2.050s] -- Up-to-date: /home/robogames/vt-cro/robogames_pi/car_robot_ws/install/articubot_one/share/articubot_one/description/ros2_control.xacro
[2.050s] -- Up-to-date: /home/robogames/vt-cro/robogames_pi/car_robot_ws/install/articubot_one/share/articubot_one/description/gazebo_control.xacro
[2.050s] -- Up-to-date: /home/robogames/vt-cro/robogames_pi/car_robot_ws/install/articubot_one/share/articubot_one/description/depth_camera.xacro
[2.050s] -- Up-to-date: /home/robogames/vt-cro/robogames_pi/car_robot_ws/install/articubot_one/share/articubot_one/description/camera.xacro
[2.050s] -- Up-to-date: /home/robogames/vt-cro/robogames_pi/car_robot_ws/install/articubot_one/share/articubot_one/description/lidar.xacro
[2.050s] -- Up-to-date: /home/robogames/vt-cro/robogames_pi/car_robot_ws/install/articubot_one/share/articubot_one/description/robot_core.xacro
[2.050s] -- Up-to-date: /home/robogames/vt-cro/robogames_pi/car_robot_ws/install/articubot_one/share/articubot_one/launch
[2.050s] -- Up-to-date: /home/robogames/vt-cro/robogames_pi/car_robot_ws/install/articubot_one/share/articubot_one/launch/ball_tracker.launch.py
[2.051s] -- Up-to-date: /home/robogames/vt-cro/robogames_pi/car_robot_ws/install/articubot_one/share/articubot_one/launch/navigation_launch.py
[2.051s] -- Up-to-date: /home/robogames/vt-cro/robogames_pi/car_robot_ws/install/articubot_one/share/articubot_one/launch/localization_launch.py
[2.051s] -- Up-to-date: /home/robogames/vt-cro/robogames_pi/car_robot_ws/install/articubot_one/share/articubot_one/launch/vision.launch.py
[2.051s] -- Up-to-date: /home/robogames/vt-cro/robogames_pi/car_robot_ws/install/articubot_one/share/articubot_one/launch/__pycache__
[2.051s] -- Up-to-date: /home/robogames/vt-cro/robogames_pi/car_robot_ws/install/articubot_one/share/articubot_one/launch/__pycache__/launch_robot.launch.cpython-312.pyc
[2.051s] -- Up-to-date: /home/robogames/vt-cro/robogames_pi/car_robot_ws/install/articubot_one/share/articubot_one/launch/rsp.launch.py
[2.051s] -- Up-to-date: /home/robogames/vt-cro/robogames_pi/car_robot_ws/install/articubot_one/share/articubot_one/launch/rs_pointcloud_launch.py
[2.052s] -- Up-to-date: /home/robogames/vt-cro/robogames_pi/car_robot_ws/install/articubot_one/share/articubot_one/launch/launch_sim.launch.py
[2.052s] -- Up-to-date: /home/robogames/vt-cro/robogames_pi/car_robot_ws/install/articubot_one/share/articubot_one/launch/joystick.launch.py
[2.052s] -- Up-to-date: /home/robogames/vt-cro/robogames_pi/car_robot_ws/install/articubot_one/share/articubot_one/launch/rplidar.launch.py
[2.052s] -- Up-to-date: /home/robogames/vt-cro/robogames_pi/car_robot_ws/install/articubot_one/share/articubot_one/launch/rtabmap.launch.py
[2.052s] -- Up-to-date: /home/robogames/vt-cro/robogames_pi/car_robot_ws/install/articubot_one/share/articubot_one/launch/controllers.launch.py
[2.052s] -- Up-to-date: /home/robogames/vt-cro/robogames_pi/car_robot_ws/install/articubot_one/share/articubot_one/launch/robot_master.launch.py
[2.052s] -- Up-to-date: /home/robogames/vt-cro/robogames_pi/car_robot_ws/install/articubot_one/share/articubot_one/launch/online_async_launch.py
[2.052s] -- Up-to-date: /home/robogames/vt-cro/robogames_pi/car_robot_ws/install/articubot_one/share/articubot_one/launch/launch_robot.launch.py
[2.052s] -- Up-to-date: /home/robogames/vt-cro/robogames_pi/car_robot_ws/install/articubot_one/share/articubot_one/worlds
[2.053s] -- Up-to-date: /home/robogames/vt-cro/robogames_pi/car_robot_ws/install/articubot_one/share/articubot_one/worlds/obstacles.world
[2.053s] -- Up-to-date: /home/robogames/vt-cro/robogames_pi/car_robot_ws/install/articubot_one/share/articubot_one/worlds/empty.world
[2.053s] -- Up-to-date: /home/robogames/vt-cro/robogames_pi/car_robot_ws/install/articubot_one/lib/articubot_one/joy_serial
[2.053s] -- Up-to-date: /home/robogames/vt-cro/robogames_pi/car_robot_ws/install/articubot_one/lib/articubot_one/depth_to_laserscan
[2.053s] -- Up-to-date: /home/robogames/vt-cro/robogames_pi/car_robot_ws/install/articubot_one/lib/articubot_one/yolov8_detection_node
[2.053s] -- Up-to-date: /home/robogames/vt-cro/robogames_pi/car_robot_ws/install/articubot_one/lib/articubot_one/color_detection_node
[2.053s] -- Up-to-date: /home/robogames/vt-cro/robogames_pi/car_robot_ws/install/articubot_one/lib/articubot_one/depth_processing_node
[2.053s] -- Up-to-date: /home/robogames/vt-cro/robogames_pi/car_robot_ws/install/articubot_one/lib/articubot_one/main_bt_node
[2.053s] -- Up-to-date: /home/robogames/vt-cro/robogames_pi/car_robot_ws/install/articubot_one/share/ament_index/resource_index/package_run_dependencies/articubot_one
[2.053s] -- Up-to-date: /home/robogames/vt-cro/robogames_pi/car_robot_ws/install/articubot_one/share/ament_index/resource_index/parent_prefix_path/articubot_one
[2.054s] -- Up-to-date: /home/robogames/vt-cro/robogames_pi/car_robot_ws/install/articubot_one/share/articubot_one/environment/ament_prefix_path.sh
[2.054s] -- Up-to-date: /home/robogames/vt-cro/robogames_pi/car_robot_ws/install/articubot_one/share/articubot_one/environment/ament_prefix_path.dsv
[2.054s] -- Up-to-date: /home/robogames/vt-cro/robogames_pi/car_robot_ws/install/articubot_one/share/articubot_one/environment/path.sh
[2.054s] -- Up-to-date: /home/robogames/vt-cro/robogames_pi/car_robot_ws/install/articubot_one/share/articubot_one/environment/path.dsv
[2.054s] -- Up-to-date: /home/robogames/vt-cro/robogames_pi/car_robot_ws/install/articubot_one/share/articubot_one/local_setup.bash
[2.054s] -- Up-to-date: /home/robogames/vt-cro/robogames_pi/car_robot_ws/install/articubot_one/share/articubot_one/local_setup.sh
[2.054s] -- Up-to-date: /home/robogames/vt-cro/robogames_pi/car_robot_ws/install/articubot_one/share/articubot_one/local_setup.zsh
[2.054s] -- Up-to-date: /home/robogames/vt-cro/robogames_pi/car_robot_ws/install/articubot_one/share/articubot_one/local_setup.dsv
[2.055s] -- Installing: /home/robogames/vt-cro/robogames_pi/car_robot_ws/install/articubot_one/share/articubot_one/package.dsv
[2.057s] -- Up-to-date: /home/robogames/vt-cro/robogames_pi/car_robot_ws/install/articubot_one/share/ament_index/resource_index/packages/articubot_one
[2.057s] -- Up-to-date: /home/robogames/vt-cro/robogames_pi/car_robot_ws/install/articubot_one/share/articubot_one/cmake/articubot_oneConfig.cmake
[2.058s] -- Up-to-date: /home/robogames/vt-cro/robogames_pi/car_robot_ws/install/articubot_one/share/articubot_one/cmake/articubot_oneConfig-version.cmake
[2.058s] -- Up-to-date: /home/robogames/vt-cro/robogames_pi/car_robot_ws/install/articubot_one/share/articubot_one/package.xml
[2.058s] Invoked command in '/home/robogames/vt-cro/robogames_pi/car_robot_ws/build/articubot_one' returned '0': CMAKE_PREFIX_PATH=/opt/ros/jazzy:${CMAKE_PREFIX_PATH} DEBUGINFOD_URLS=https://debuginfod.ubuntu.com /usr/bin/cmake --install /home/robogames/vt-cro/robogames_pi/car_robot_ws/build/articubot_one
