[0.067s] Invoking command in '/home/robogames/vt-cro/robogames_pi/car_robot_ws/build/mini_car_bot': CMAKE_PREFIX_PATH=/opt/ros/jazzy:${CMAKE_PREFIX_PATH} DEBUGINFOD_URLS=https://debuginfod.ubuntu.com /usr/bin/cmake /home/robogames/vt-cro/robogames_pi/car_robot_ws/src/mini_car_bot -DCMAKE_INSTALL_PREFIX=/home/robogames/vt-cro/robogames_pi/car_robot_ws/install/mini_car_bot
[0.315s] -- The C compiler identification is GNU 13.3.0
[0.568s] -- The CXX compiler identification is GNU 13.3.0
[0.644s] -- Detecting C compiler ABI info
[0.970s] -- Detecting C compiler ABI info - done
[0.990s] -- Check for working C compiler: /usr/bin/cc - skipped
[0.991s] -- Detecting C compile features
[0.991s] -- Detecting C compile features - done
[1.028s] -- Detecting CXX compiler ABI info
[1.369s] -- Detecting CXX compiler ABI info - done
[1.395s] -- Check for working CXX compiler: /usr/bin/c++ - skipped
[1.396s] -- Detecting CXX compile features
[1.399s] -- Detecting CXX compile features - done
[1.412s] -- Found ament_cmake: 2.5.3 (/opt/ros/jazzy/share/ament_cmake/cmake)
[1.888s] -- Found Python3: /usr/bin/python3 (found version "3.12.3") found components: Interpreter 
[2.196s] -- Found ament_lint_auto: 0.17.1 (/opt/ros/jazzy/share/ament_lint_auto/cmake)
[2.514s] -- Added test 'cppcheck' to perform static code analysis on C / C++ code
[2.515s] -- Configured cppcheck include dirs: 
[2.518s] -- Configured cppcheck exclude dirs and/or files: 
[2.520s] -- Added test 'flake8' to check Python code syntax and style conventions
[2.525s] -- Configured 'flake8' exclude dirs and/or files: 
[2.528s] -- Added test 'lint_cmake' to check CMake code style
[2.532s] -- Added test 'pep257' to check Python code against some of the docstring style conventions in PEP 257
[2.550s] -- Added test 'uncrustify' to check C / C++ code style
[2.551s] -- Configured uncrustify additional arguments: 
[2.553s] -- Added test 'xmllint' to check XML markup files
[2.559s] -- Configuring done (2.4s)
[2.566s] -- Generating done (0.0s)
[2.571s] -- Build files have been written to: /home/robogames/vt-cro/robogames_pi/car_robot_ws/build/mini_car_bot
[2.585s] Invoked command in '/home/robogames/vt-cro/robogames_pi/car_robot_ws/build/mini_car_bot' returned '0': CMAKE_PREFIX_PATH=/opt/ros/jazzy:${CMAKE_PREFIX_PATH} DEBUGINFOD_URLS=https://debuginfod.ubuntu.com /usr/bin/cmake /home/robogames/vt-cro/robogames_pi/car_robot_ws/src/mini_car_bot -DCMAKE_INSTALL_PREFIX=/home/robogames/vt-cro/robogames_pi/car_robot_ws/install/mini_car_bot
[2.586s] Invoking command in '/home/robogames/vt-cro/robogames_pi/car_robot_ws/build/mini_car_bot': CMAKE_PREFIX_PATH=/opt/ros/jazzy:${CMAKE_PREFIX_PATH} DEBUGINFOD_URLS=https://debuginfod.ubuntu.com /usr/bin/cmake --build /home/robogames/vt-cro/robogames_pi/car_robot_ws/build/mini_car_bot -- -j4 -l4
[2.717s] Invoked command in '/home/robogames/vt-cro/robogames_pi/car_robot_ws/build/mini_car_bot' returned '0': CMAKE_PREFIX_PATH=/opt/ros/jazzy:${CMAKE_PREFIX_PATH} DEBUGINFOD_URLS=https://debuginfod.ubuntu.com /usr/bin/cmake --build /home/robogames/vt-cro/robogames_pi/car_robot_ws/build/mini_car_bot -- -j4 -l4
[2.728s] Invoking command in '/home/robogames/vt-cro/robogames_pi/car_robot_ws/build/mini_car_bot': CMAKE_PREFIX_PATH=/opt/ros/jazzy:${CMAKE_PREFIX_PATH} DEBUGINFOD_URLS=https://debuginfod.ubuntu.com /usr/bin/cmake --install /home/robogames/vt-cro/robogames_pi/car_robot_ws/build/mini_car_bot
[2.751s] -- Install configuration: ""
[2.752s] -- Installing: /home/robogames/vt-cro/robogames_pi/car_robot_ws/install/mini_car_bot/share/mini_car_bot/config
[2.753s] -- Installing: /home/robogames/vt-cro/robogames_pi/car_robot_ws/install/mini_car_bot/share/mini_car_bot/config/view_bot.rviz
[2.753s] -- Installing: /home/robogames/vt-cro/robogames_pi/car_robot_ws/install/mini_car_bot/share/mini_car_bot/description
[2.754s] -- Installing: /home/robogames/vt-cro/robogames_pi/car_robot_ws/install/mini_car_bot/share/mini_car_bot/description/robot.urdf.xacro
[2.754s] -- Installing: /home/robogames/vt-cro/robogames_pi/car_robot_ws/install/mini_car_bot/share/mini_car_bot/description/inertial_macros.xacro
[2.754s] -- Installing: /home/robogames/vt-cro/robogames_pi/car_robot_ws/install/mini_car_bot/share/mini_car_bot/description/gazebo_control.xacro
[2.756s] -- Installing: /home/robogames/vt-cro/robogames_pi/car_robot_ws/install/mini_car_bot/share/mini_car_bot/description/robot.core.xacro
[2.757s] -- Installing: /home/robogames/vt-cro/robogames_pi/car_robot_ws/install/mini_car_bot/share/mini_car_bot/launch
[2.758s] -- Installing: /home/robogames/vt-cro/robogames_pi/car_robot_ws/install/mini_car_bot/share/mini_car_bot/launch/__pycache__
[2.759s] -- Installing: /home/robogames/vt-cro/robogames_pi/car_robot_ws/install/mini_car_bot/share/mini_car_bot/launch/__pycache__/launch_sim.launch.cpython-312.pyc
[2.760s] -- Installing: /home/robogames/vt-cro/robogames_pi/car_robot_ws/install/mini_car_bot/share/mini_car_bot/launch/rsp.launch.py
[2.761s] -- Installing: /home/robogames/vt-cro/robogames_pi/car_robot_ws/install/mini_car_bot/share/mini_car_bot/launch/launch_sim.launch.py
[2.762s] -- Installing: /home/robogames/vt-cro/robogames_pi/car_robot_ws/install/mini_car_bot/share/mini_car_bot/worlds
[2.762s] -- Installing: /home/robogames/vt-cro/robogames_pi/car_robot_ws/install/mini_car_bot/share/mini_car_bot/worlds/empty.world
[2.763s] -- Installing: /home/robogames/vt-cro/robogames_pi/car_robot_ws/install/mini_car_bot/share/ament_index/resource_index/package_run_dependencies/mini_car_bot
[2.763s] -- Installing: /home/robogames/vt-cro/robogames_pi/car_robot_ws/install/mini_car_bot/share/ament_index/resource_index/parent_prefix_path/mini_car_bot
[2.763s] -- Installing: /home/robogames/vt-cro/robogames_pi/car_robot_ws/install/mini_car_bot/share/mini_car_bot/environment/ament_prefix_path.sh
[2.763s] -- Installing: /home/robogames/vt-cro/robogames_pi/car_robot_ws/install/mini_car_bot/share/mini_car_bot/environment/ament_prefix_path.dsv
[2.763s] -- Installing: /home/robogames/vt-cro/robogames_pi/car_robot_ws/install/mini_car_bot/share/mini_car_bot/environment/path.sh
[2.763s] -- Installing: /home/robogames/vt-cro/robogames_pi/car_robot_ws/install/mini_car_bot/share/mini_car_bot/environment/path.dsv
[2.763s] -- Installing: /home/robogames/vt-cro/robogames_pi/car_robot_ws/install/mini_car_bot/share/mini_car_bot/local_setup.bash
[2.763s] -- Installing: /home/robogames/vt-cro/robogames_pi/car_robot_ws/install/mini_car_bot/share/mini_car_bot/local_setup.sh
[2.764s] -- Installing: /home/robogames/vt-cro/robogames_pi/car_robot_ws/install/mini_car_bot/share/mini_car_bot/local_setup.zsh
[2.764s] -- Installing: /home/robogames/vt-cro/robogames_pi/car_robot_ws/install/mini_car_bot/share/mini_car_bot/local_setup.dsv
[2.764s] -- Installing: /home/robogames/vt-cro/robogames_pi/car_robot_ws/install/mini_car_bot/share/mini_car_bot/package.dsv
[2.764s] -- Installing: /home/robogames/vt-cro/robogames_pi/car_robot_ws/install/mini_car_bot/share/ament_index/resource_index/packages/mini_car_bot
[2.764s] -- Installing: /home/robogames/vt-cro/robogames_pi/car_robot_ws/install/mini_car_bot/share/mini_car_bot/cmake/mini_car_botConfig.cmake
[2.768s] -- Installing: /home/robogames/vt-cro/robogames_pi/car_robot_ws/install/mini_car_bot/share/mini_car_bot/cmake/mini_car_botConfig-version.cmake
[2.768s] -- Installing: /home/robogames/vt-cro/robogames_pi/car_robot_ws/install/mini_car_bot/share/mini_car_bot/package.xml
[2.769s] Invoked command in '/home/robogames/vt-cro/robogames_pi/car_robot_ws/build/mini_car_bot' returned '0': CMAKE_PREFIX_PATH=/opt/ros/jazzy:${CMAKE_PREFIX_PATH} DEBUGINFOD_URLS=https://debuginfod.ubuntu.com /usr/bin/cmake --install /home/robogames/vt-cro/robogames_pi/car_robot_ws/build/mini_car_bot
