[0.058s] Invoking command in '/home/robogames/vt-cro/robogames_pi/car_robot_ws/build/serial': DEBUGINFOD_URLS=https://debuginfod.ubuntu.com /usr/bin/cmake --build /home/robogames/vt-cro/robogames_pi/car_robot_ws/build/serial -- -j4 -l4
[0.212s] [ 66%] Built target serial
[0.271s] [100%] Built target serial_example
[0.341s] Invoked command in '/home/robogames/vt-cro/robogames_pi/car_robot_ws/build/serial' returned '0': DEBUGINFOD_URLS=https://debuginfod.ubuntu.com /usr/bin/cmake --build /home/robogames/vt-cro/robogames_pi/car_robot_ws/build/serial -- -j4 -l4
[0.344s] Invoking command in '/home/robogames/vt-cro/robogames_pi/car_robot_ws/build/serial': DEBUGINFOD_URLS=https://debuginfod.ubuntu.com /usr/bin/cmake --install /home/robogames/vt-cro/robogames_pi/car_robot_ws/build/serial
[0.363s] -- Install configuration: ""
[0.363s] -- Up-to-date: /home/robogames/vt-cro/robogames_pi/car_robot_ws/install/serial/lib/libserial.a
[0.363s] -- Up-to-date: /home/robogames/vt-cro/robogames_pi/car_robot_ws/install/serial/bin/serial_example
[0.364s] -- Up-to-date: /home/robogames/vt-cro/robogames_pi/car_robot_ws/install/serial/include/serial
[0.364s] -- Up-to-date: /home/robogames/vt-cro/robogames_pi/car_robot_ws/install/serial/include/serial/serial.h
[0.364s] -- Up-to-date: /home/robogames/vt-cro/robogames_pi/car_robot_ws/install/serial/include/serial/impl
[0.364s] -- Up-to-date: /home/robogames/vt-cro/robogames_pi/car_robot_ws/install/serial/include/serial/impl/win.h
[0.364s] -- Up-to-date: /home/robogames/vt-cro/robogames_pi/car_robot_ws/install/serial/include/serial/impl/unix.h
[0.365s] -- Up-to-date: /home/robogames/vt-cro/robogames_pi/car_robot_ws/install/serial/include/serial/v8stdint.h
[0.365s] -- Up-to-date: /home/robogames/vt-cro/robogames_pi/car_robot_ws/install/serial/share/serial/environment/library_path.sh
[0.365s] -- Up-to-date: /home/robogames/vt-cro/robogames_pi/car_robot_ws/install/serial/share/serial/environment/library_path.dsv
[0.365s] -- Up-to-date: /home/robogames/vt-cro/robogames_pi/car_robot_ws/install/serial/share/ament_index/resource_index/package_run_dependencies/serial
[0.365s] -- Up-to-date: /home/robogames/vt-cro/robogames_pi/car_robot_ws/install/serial/share/ament_index/resource_index/parent_prefix_path/serial
[0.365s] -- Up-to-date: /home/robogames/vt-cro/robogames_pi/car_robot_ws/install/serial/share/serial/environment/ament_prefix_path.sh
[0.365s] -- Up-to-date: /home/robogames/vt-cro/robogames_pi/car_robot_ws/install/serial/share/serial/environment/ament_prefix_path.dsv
[0.365s] -- Up-to-date: /home/robogames/vt-cro/robogames_pi/car_robot_ws/install/serial/share/serial/environment/path.sh
[0.366s] -- Up-to-date: /home/robogames/vt-cro/robogames_pi/car_robot_ws/install/serial/share/serial/environment/path.dsv
[0.366s] -- Up-to-date: /home/robogames/vt-cro/robogames_pi/car_robot_ws/install/serial/share/serial/local_setup.bash
[0.366s] -- Up-to-date: /home/robogames/vt-cro/robogames_pi/car_robot_ws/install/serial/share/serial/local_setup.sh
[0.368s] -- Up-to-date: /home/robogames/vt-cro/robogames_pi/car_robot_ws/install/serial/share/serial/local_setup.zsh
[0.369s] -- Up-to-date: /home/robogames/vt-cro/robogames_pi/car_robot_ws/install/serial/share/serial/local_setup.dsv
[0.369s] -- Installing: /home/robogames/vt-cro/robogames_pi/car_robot_ws/install/serial/share/serial/package.dsv
[0.370s] -- Up-to-date: /home/robogames/vt-cro/robogames_pi/car_robot_ws/install/serial/share/ament_index/resource_index/packages/serial
[0.371s] -- Up-to-date: /home/robogames/vt-cro/robogames_pi/car_robot_ws/install/serial/share/serial/cmake/ament_cmake_export_include_directories-extras.cmake
[0.371s] -- Up-to-date: /home/robogames/vt-cro/robogames_pi/car_robot_ws/install/serial/share/serial/cmake/ament_cmake_export_libraries-extras.cmake
[0.372s] -- Up-to-date: /home/robogames/vt-cro/robogames_pi/car_robot_ws/install/serial/share/serial/cmake/serialConfig.cmake
[0.372s] -- Up-to-date: /home/robogames/vt-cro/robogames_pi/car_robot_ws/install/serial/share/serial/cmake/serialConfig-version.cmake
[0.372s] -- Up-to-date: /home/robogames/vt-cro/robogames_pi/car_robot_ws/install/serial/share/serial/package.xml
[0.381s] Invoked command in '/home/robogames/vt-cro/robogames_pi/car_robot_ws/build/serial' returned '0': DEBUGINFOD_URLS=https://debuginfod.ubuntu.com /usr/bin/cmake --install /home/robogames/vt-cro/robogames_pi/car_robot_ws/build/serial
