-- Found ament_cmake: 2.5.3 (/opt/ros/jazzy/share/ament_cmake/cmake)
-- Override CMake install command with custom implementation using symlinks instead of copying resources
-- Found serial: 1.2.1 (/home/robogames/vt-cro/robogames_pi/car_robot_ws/install/serial/share/serial/cmake)
-- Found rclcpp: 28.1.6 (/opt/ros/jazzy/share/rclcpp/cmake)
-- Found rosidl_generator_c: 4.6.5 (/opt/ros/jazzy/share/rosidl_generator_c/cmake)
-- Found rosidl_generator_cpp: 4.6.5 (/opt/ros/jazzy/share/rosidl_generator_cpp/cmake)
-- Using all available rosidl_typesupport_c: rosidl_typesupport_fastrtps_c;rosidl_typesupport_introspection_c
-- Using all available rosidl_typesupport_cpp: rosidl_typesupport_fastrtps_cpp;rosidl_typesupport_introspection_cpp
-- Found rmw_implementation_cmake: 7.3.1 (/opt/ros/jazzy/share/rmw_implementation_cmake/cmake)
-- Found rmw_fastrtps_cpp: 8.4.1 (/opt/ros/jazzy/share/rmw_fastrtps_cpp/cmake)
-- Using RMW implementation 'rmw_fastrtps_cpp' as default
-- Found sensor_msgs: 5.3.5 (/opt/ros/jazzy/share/sensor_msgs/cmake)
-- Found cv_bridge: 4.1.0 (/opt/ros/jazzy/share/cv_bridge/cmake)
-- Found image_geometry: 4.1.0 (/opt/ros/jazzy/share/image_geometry/cmake)
-- Found controller_manager_msgs: 4.27.0 (/opt/ros/jazzy/share/controller_manager_msgs/cmake)
-- Found rclcpp_action: 28.1.6 (/opt/ros/jazzy/share/rclcpp_action/cmake)
-- Found nav2_msgs: 1.3.5 (/opt/ros/jazzy/share/nav2_msgs/cmake)
-- Found nav2_util: 1.3.5 (/opt/ros/jazzy/share/nav2_util/cmake)
-- Found eigen3_cmake_module: 0.3.0 (/opt/ros/jazzy/share/eigen3_cmake_module/cmake)
-- Ensuring Eigen3 include directory is part of orocos-kdl CMake target
-- Found image_transport: 5.1.5 (/opt/ros/jazzy/share/image_transport/cmake)
-- Configuring done (3.7s)
-- Generating done (0.1s)
-- Build files have been written to: /home/robogames/vt-cro/robogames_pi/car_robot_ws/build/articubot_one
[ 14%] Built target filter_scan
[ 28%] Built target navigate_ramp
[ 42%] Built target color_detection_node
[ 57%] Built target main_bt_node
[ 71%] Built target navigate_red_buckets
[ 78%] [32mBuilding CXX object CMakeFiles/obstacle_approach_node.dir/src/obstacle_approach_node.cpp.o[0m
[ 92%] Built target navigate_yellow_buckets
[100%] [32m[1mLinking CXX executable obstacle_approach_node[0m
