[0.176s] DEBUG:colcon:Command line arguments: ['/usr/bin/colcon', 'build']
[0.177s] DEBUG:colcon:Parsed command line arguments: Namespace(log_base=None, log_level=None, verb_name='build', build_base='build', install_base='install', merge_install=False, symlink_install=False, test_result_base=None, continue_on_error=False, executor='parallel', parallel_workers=4, event_handlers=None, ignore_user_meta=False, metas=['./colcon.meta'], base_paths=['.'], packages_ignore=None, packages_ignore_regex=None, paths=None, packages_up_to=None, packages_up_to_regex=None, packages_above=None, packages_above_and_dependencies=None, packages_above_depth=None, packages_select_by_dep=None, packages_skip_by_dep=None, packages_skip_up_to=None, packages_select_build_failed=False, packages_skip_build_finished=False, packages_select_test_failures=False, packages_skip_test_passed=False, packages_select=None, packages_skip=None, packages_select_regex=None, packages_skip_regex=None, packages_start=None, packages_end=None, allow_overriding=[], cmake_args=None, cmake_target=None, cmake_target_skip_unavailable=False, cmake_clean_cache=False, cmake_clean_first=False, cmake_force_configure=False, ament_cmake_args=None, catkin_cmake_args=None, catkin_skip_building_tests=False, mixin_files=None, mixin=None, verb_parser=<colcon_mixin.mixin.mixin_argument.MixinArgumentDecorator object at 0xffff9553d700>, verb_extension=<colcon_core.verb.build.BuildVerb object at 0xffff9553d400>, main=<bound method BuildVerb.main of <colcon_core.verb.build.BuildVerb object at 0xffff9553d400>>, mixin_verb=('build',))
[0.233s] Level 1:colcon.colcon_core.package_discovery:discover_packages(colcon_meta) check parameters
[0.234s] Level 1:colcon.colcon_core.package_discovery:discover_packages(recursive) check parameters
[0.234s] Level 1:colcon.colcon_core.package_discovery:discover_packages(ignore) check parameters
[0.234s] Level 1:colcon.colcon_core.package_discovery:discover_packages(path) check parameters
[0.234s] Level 1:colcon.colcon_core.package_discovery:discover_packages(colcon_meta) discover
[0.234s] Level 1:colcon.colcon_core.package_discovery:discover_packages(recursive) discover
[0.234s] INFO:colcon.colcon_core.package_discovery:Crawling recursively for packages in '/home/robogames/vt-cro/robogames_pi/car_robot_ws/src'
[0.234s] Level 1:colcon.colcon_core.package_identification:_identify(.) by extensions ['ignore', 'ignore_ament_install']
[0.234s] Level 1:colcon.colcon_core.package_identification:_identify(.) by extension 'ignore'
[0.234s] Level 1:colcon.colcon_core.package_identification:_identify(.) by extension 'ignore_ament_install'
[0.234s] Level 1:colcon.colcon_core.package_identification:_identify(.) by extensions ['colcon_pkg']
[0.234s] Level 1:colcon.colcon_core.package_identification:_identify(.) by extension 'colcon_pkg'
[0.235s] Level 1:colcon.colcon_core.package_identification:_identify(.) by extensions ['colcon_meta']
[0.235s] Level 1:colcon.colcon_core.package_identification:_identify(.) by extension 'colcon_meta'
[0.235s] Level 1:colcon.colcon_core.package_identification:_identify(.) by extensions ['ros']
[0.235s] Level 1:colcon.colcon_core.package_identification:_identify(.) by extension 'ros'
[0.274s] Level 1:colcon.colcon_core.package_identification:_identify(.) by extensions ['cmake', 'python']
[0.274s] Level 1:colcon.colcon_core.package_identification:_identify(.) by extension 'cmake'
[0.274s] Level 1:colcon.colcon_core.package_identification:_identify(.) by extension 'python'
[0.274s] Level 1:colcon.colcon_core.package_identification:_identify(.) by extensions ['python_setup_py']
[0.274s] Level 1:colcon.colcon_core.package_identification:_identify(.) by extension 'python_setup_py'
[0.274s] Level 1:colcon.colcon_core.package_identification:_identify(articubot) by extensions ['ignore', 'ignore_ament_install']
[0.275s] Level 1:colcon.colcon_core.package_identification:_identify(articubot) by extension 'ignore'
[0.275s] Level 1:colcon.colcon_core.package_identification:_identify(articubot) by extension 'ignore_ament_install'
[0.275s] Level 1:colcon.colcon_core.package_identification:_identify(articubot) by extensions ['colcon_pkg']
[0.275s] Level 1:colcon.colcon_core.package_identification:_identify(articubot) by extension 'colcon_pkg'
[0.275s] Level 1:colcon.colcon_core.package_identification:_identify(articubot) by extensions ['colcon_meta']
[0.275s] Level 1:colcon.colcon_core.package_identification:_identify(articubot) by extension 'colcon_meta'
[0.275s] Level 1:colcon.colcon_core.package_identification:_identify(articubot) by extensions ['ros']
[0.275s] Level 1:colcon.colcon_core.package_identification:_identify(articubot) by extension 'ros'
[0.278s] DEBUG:colcon.colcon_core.package_identification:Package 'articubot' with type 'ros.ament_cmake' and name 'articubot_one'
[0.278s] Level 1:colcon.colcon_core.package_identification:_identify(articubot_one) by extensions ['ignore', 'ignore_ament_install']
[0.278s] Level 1:colcon.colcon_core.package_identification:_identify(articubot_one) by extension 'ignore'
[0.278s] Level 1:colcon.colcon_core.package_identification:_identify(articubot_one) by extension 'ignore_ament_install'
[0.279s] Level 1:colcon.colcon_core.package_identification:_identify(articubot_one) by extensions ['colcon_pkg']
[0.279s] Level 1:colcon.colcon_core.package_identification:_identify(articubot_one) by extension 'colcon_pkg'
[0.279s] Level 1:colcon.colcon_core.package_identification:_identify(articubot_one) by extensions ['colcon_meta']
[0.279s] Level 1:colcon.colcon_core.package_identification:_identify(articubot_one) by extension 'colcon_meta'
[0.279s] Level 1:colcon.colcon_core.package_identification:_identify(articubot_one) by extensions ['ros']
[0.279s] Level 1:colcon.colcon_core.package_identification:_identify(articubot_one) by extension 'ros'
[0.279s] DEBUG:colcon.colcon_core.package_identification:Package 'articubot_one' with type 'ros.ament_cmake' and name 'articubot_one'
[0.279s] Level 1:colcon.colcon_core.package_identification:_identify(build) by extensions ['ignore', 'ignore_ament_install']
[0.280s] Level 1:colcon.colcon_core.package_identification:_identify(build) by extension 'ignore'
[0.280s] Level 1:colcon.colcon_core.package_identification:_identify(build) ignored
[0.280s] Level 1:colcon.colcon_core.package_identification:_identify(diffdrive_arduino) by extensions ['ignore', 'ignore_ament_install']
[0.280s] Level 1:colcon.colcon_core.package_identification:_identify(diffdrive_arduino) by extension 'ignore'
[0.280s] Level 1:colcon.colcon_core.package_identification:_identify(diffdrive_arduino) by extension 'ignore_ament_install'
[0.280s] Level 1:colcon.colcon_core.package_identification:_identify(diffdrive_arduino) by extensions ['colcon_pkg']
[0.280s] Level 1:colcon.colcon_core.package_identification:_identify(diffdrive_arduino) by extension 'colcon_pkg'
[0.280s] Level 1:colcon.colcon_core.package_identification:_identify(diffdrive_arduino) by extensions ['colcon_meta']
[0.280s] Level 1:colcon.colcon_core.package_identification:_identify(diffdrive_arduino) by extension 'colcon_meta'
[0.280s] Level 1:colcon.colcon_core.package_identification:_identify(diffdrive_arduino) by extensions ['ros']
[0.280s] Level 1:colcon.colcon_core.package_identification:_identify(diffdrive_arduino) by extension 'ros'
[0.281s] DEBUG:colcon.colcon_core.package_identification:Package 'diffdrive_arduino' with type 'ros.ament_cmake' and name 'diffdrive_arduino'
[0.281s] Level 1:colcon.colcon_core.package_identification:_identify(diffdrive_arduino1) by extensions ['ignore', 'ignore_ament_install']
[0.281s] Level 1:colcon.colcon_core.package_identification:_identify(diffdrive_arduino1) by extension 'ignore'
[0.281s] Level 1:colcon.colcon_core.package_identification:_identify(diffdrive_arduino1) by extension 'ignore_ament_install'
[0.282s] Level 1:colcon.colcon_core.package_identification:_identify(diffdrive_arduino1) by extensions ['colcon_pkg']
[0.282s] Level 1:colcon.colcon_core.package_identification:_identify(diffdrive_arduino1) by extension 'colcon_pkg'
[0.282s] Level 1:colcon.colcon_core.package_identification:_identify(diffdrive_arduino1) by extensions ['colcon_meta']
[0.282s] Level 1:colcon.colcon_core.package_identification:_identify(diffdrive_arduino1) by extension 'colcon_meta'
[0.282s] Level 1:colcon.colcon_core.package_identification:_identify(diffdrive_arduino1) by extensions ['ros']
[0.282s] Level 1:colcon.colcon_core.package_identification:_identify(diffdrive_arduino1) by extension 'ros'
[0.283s] DEBUG:colcon.colcon_core.package_identification:Package 'diffdrive_arduino1' with type 'ros.ament_cmake' and name 'diffdrive_arduino'
[0.283s] Level 1:colcon.colcon_core.package_identification:_identify(install) by extensions ['ignore', 'ignore_ament_install']
[0.283s] Level 1:colcon.colcon_core.package_identification:_identify(install) by extension 'ignore'
[0.283s] Level 1:colcon.colcon_core.package_identification:_identify(install) ignored
[0.283s] Level 1:colcon.colcon_core.package_identification:_identify(log) by extensions ['ignore', 'ignore_ament_install']
[0.283s] Level 1:colcon.colcon_core.package_identification:_identify(log) by extension 'ignore'
[0.283s] Level 1:colcon.colcon_core.package_identification:_identify(log) ignored
[0.283s] Level 1:colcon.colcon_core.package_identification:_identify(mini_car_bot) by extensions ['ignore', 'ignore_ament_install']
[0.284s] Level 1:colcon.colcon_core.package_identification:_identify(mini_car_bot) by extension 'ignore'
[0.284s] Level 1:colcon.colcon_core.package_identification:_identify(mini_car_bot) by extension 'ignore_ament_install'
[0.284s] Level 1:colcon.colcon_core.package_identification:_identify(mini_car_bot) by extensions ['colcon_pkg']
[0.284s] Level 1:colcon.colcon_core.package_identification:_identify(mini_car_bot) by extension 'colcon_pkg'
[0.284s] Level 1:colcon.colcon_core.package_identification:_identify(mini_car_bot) by extensions ['colcon_meta']
[0.284s] Level 1:colcon.colcon_core.package_identification:_identify(mini_car_bot) by extension 'colcon_meta'
[0.284s] Level 1:colcon.colcon_core.package_identification:_identify(mini_car_bot) by extensions ['ros']
[0.284s] Level 1:colcon.colcon_core.package_identification:_identify(mini_car_bot) by extension 'ros'
[0.284s] DEBUG:colcon.colcon_core.package_identification:Package 'mini_car_bot' with type 'ros.ament_cmake' and name 'mini_car_bot'
[0.284s] Level 1:colcon.colcon_core.package_identification:_identify(serial) by extensions ['ignore', 'ignore_ament_install']
[0.284s] Level 1:colcon.colcon_core.package_identification:_identify(serial) by extension 'ignore'
[0.285s] Level 1:colcon.colcon_core.package_identification:_identify(serial) by extension 'ignore_ament_install'
[0.285s] Level 1:colcon.colcon_core.package_identification:_identify(serial) by extensions ['colcon_pkg']
[0.285s] Level 1:colcon.colcon_core.package_identification:_identify(serial) by extension 'colcon_pkg'
[0.285s] Level 1:colcon.colcon_core.package_identification:_identify(serial) by extensions ['colcon_meta']
[0.285s] Level 1:colcon.colcon_core.package_identification:_identify(serial) by extension 'colcon_meta'
[0.285s] Level 1:colcon.colcon_core.package_identification:_identify(serial) by extensions ['ros']
[0.285s] Level 1:colcon.colcon_core.package_identification:_identify(serial) by extension 'ros'
[0.285s] DEBUG:colcon.colcon_core.package_identification:Package 'serial' with type 'ros.catkin' and name 'serial'
[0.285s] Level 1:colcon.colcon_core.package_discovery:discover_packages(recursive) using defaults
[0.285s] Level 1:colcon.colcon_core.package_discovery:discover_packages(ignore) discover
[0.285s] Level 1:colcon.colcon_core.package_discovery:discover_packages(ignore) using defaults
[0.285s] Level 1:colcon.colcon_core.package_discovery:discover_packages(path) discover
[0.285s] Level 1:colcon.colcon_core.package_discovery:discover_packages(path) using defaults
[0.310s] Level 1:colcon.colcon_core.package_discovery:discover_packages(prefix_path) check parameters
[0.310s] Level 1:colcon.colcon_core.package_discovery:discover_packages(prefix_path) discover
[0.313s] WARNING:colcon.colcon_core.prefix_path.colcon:The path '/home/robogames/car_robot_ws/install' in the environment variable COLCON_PREFIX_PATH doesn't exist
[0.313s] WARNING:colcon.colcon_ros.prefix_path.ament:The path '/home/robogames/car_robot_ws/install/mini_car_bot' in the environment variable AMENT_PREFIX_PATH doesn't exist
[0.314s] WARNING:colcon.colcon_ros.prefix_path.ament:The path '/home/robogames/car_robot_ws/install/diffdrive_arduino' in the environment variable AMENT_PREFIX_PATH doesn't exist
[0.314s] WARNING:colcon.colcon_ros.prefix_path.ament:The path '/home/robogames/car_robot_ws/install/articubot_one' in the environment variable AMENT_PREFIX_PATH doesn't exist
[0.314s] WARNING:colcon.colcon_ros.prefix_path.catkin:The path '/home/robogames/car_robot_ws/install/serial' in the environment variable CMAKE_PREFIX_PATH doesn't exist
[0.314s] WARNING:colcon.colcon_ros.prefix_path.catkin:The path '/home/robogames/car_robot_ws/install/mini_car_bot' in the environment variable CMAKE_PREFIX_PATH doesn't exist
[0.314s] WARNING:colcon.colcon_ros.prefix_path.catkin:The path '/home/robogames/car_robot_ws/install/diffdrive_arduino' in the environment variable CMAKE_PREFIX_PATH doesn't exist
[0.314s] WARNING:colcon.colcon_ros.prefix_path.catkin:The path '/home/robogames/car_robot_ws/install/articubot_one' in the environment variable CMAKE_PREFIX_PATH doesn't exist
[0.315s] DEBUG:colcon.colcon_installed_package_information.package_discovery:Found 4 installed packages in /home/robogames/vt-cro/robogames_pi/car_robot_ws/install
[0.318s] DEBUG:colcon.colcon_installed_package_information.package_discovery:Found 409 installed packages in /opt/ros/jazzy
[0.319s] Level 1:colcon.colcon_core.package_discovery:discover_packages(prefix_path) using defaults
[0.393s] ERROR:colcon:colcon build: Duplicate package names not supported:
- articubot_one:
  - articubot
  - articubot_one
- diffdrive_arduino:
  - diffdrive_arduino
  - diffdrive_arduino1
