[0.013s] Invoking command in '/home/houndsito/vt-cro/robogames_pi/car_robot_ws/build/mini_car_bot': CMAKE_PREFIX_PATH=/opt/ros/jazzy:${CMAKE_PREFIX_PATH} DEBUGINFOD_URLS=https://debuginfod.ubuntu.com /usr/bin/cmake /home/houndsito/vt-cro/robogames_pi/car_robot_ws/src/mini_car_bot -DCMAKE_INSTALL_PREFIX=/home/houndsito/vt-cro/robogames_pi/car_robot_ws/install/mini_car_bot
[0.057s] -- The C compiler identification is GNU 13.3.0
[0.103s] -- The CXX compiler identification is GNU 13.3.0
[0.119s] -- Detecting C compiler ABI info
[0.200s] -- Detecting C compiler ABI info - done
[0.207s] -- Check for working C compiler: /usr/bin/cc - skipped
[0.207s] -- Detecting C compile features
[0.207s] -- Detecting C compile features - done
[0.216s] -- Detecting CXX compiler ABI info
[0.309s] -- Detecting CXX compiler ABI info - done
[0.316s] -- Check for working CXX compiler: /usr/bin/c++ - skipped
[0.316s] -- Detecting CXX compile features
[0.317s] -- Detecting CXX compile features - done
[0.319s] -- Found ament_cmake: 2.5.3 (/opt/ros/jazzy/share/ament_cmake/cmake)
[0.450s] -- Found Python3: /usr/bin/python3 (found version "3.12.3") found components: Interpreter 
[0.534s] -- Found ament_lint_auto: 0.17.1 (/opt/ros/jazzy/share/ament_lint_auto/cmake)
[0.619s] -- Added test 'flake8' to check Python code syntax and style conventions
[0.619s] -- Configured 'flake8' exclude dirs and/or files: 
[0.619s] -- Added test 'lint_cmake' to check CMake code style
[0.620s] -- Added test 'pep257' to check Python code against some of the docstring style conventions in PEP 257
[0.621s] -- Added test 'xmllint' to check XML markup files
[0.623s] -- Configuring done (0.6s)
[0.626s] -- Generating done (0.0s)
[0.627s] -- Build files have been written to: /home/houndsito/vt-cro/robogames_pi/car_robot_ws/build/mini_car_bot
[0.632s] Invoked command in '/home/houndsito/vt-cro/robogames_pi/car_robot_ws/build/mini_car_bot' returned '0': CMAKE_PREFIX_PATH=/opt/ros/jazzy:${CMAKE_PREFIX_PATH} DEBUGINFOD_URLS=https://debuginfod.ubuntu.com /usr/bin/cmake /home/houndsito/vt-cro/robogames_pi/car_robot_ws/src/mini_car_bot -DCMAKE_INSTALL_PREFIX=/home/houndsito/vt-cro/robogames_pi/car_robot_ws/install/mini_car_bot
[0.633s] Invoking command in '/home/houndsito/vt-cro/robogames_pi/car_robot_ws/build/mini_car_bot': CMAKE_PREFIX_PATH=/opt/ros/jazzy:${CMAKE_PREFIX_PATH} DEBUGINFOD_URLS=https://debuginfod.ubuntu.com /usr/bin/cmake --build /home/houndsito/vt-cro/robogames_pi/car_robot_ws/build/mini_car_bot -- -j16 -l16
[0.677s] Invoked command in '/home/houndsito/vt-cro/robogames_pi/car_robot_ws/build/mini_car_bot' returned '0': CMAKE_PREFIX_PATH=/opt/ros/jazzy:${CMAKE_PREFIX_PATH} DEBUGINFOD_URLS=https://debuginfod.ubuntu.com /usr/bin/cmake --build /home/houndsito/vt-cro/robogames_pi/car_robot_ws/build/mini_car_bot -- -j16 -l16
[0.678s] Invoking command in '/home/houndsito/vt-cro/robogames_pi/car_robot_ws/build/mini_car_bot': CMAKE_PREFIX_PATH=/opt/ros/jazzy:${CMAKE_PREFIX_PATH} DEBUGINFOD_URLS=https://debuginfod.ubuntu.com /usr/bin/cmake --install /home/houndsito/vt-cro/robogames_pi/car_robot_ws/build/mini_car_bot
[0.686s] -- Install configuration: ""
[0.686s] -- Installing: /home/houndsito/vt-cro/robogames_pi/car_robot_ws/install/mini_car_bot/share/mini_car_bot/config
[0.686s] -- Installing: /home/houndsito/vt-cro/robogames_pi/car_robot_ws/install/mini_car_bot/share/mini_car_bot/config/view_bot.rviz
[0.686s] -- Installing: /home/houndsito/vt-cro/robogames_pi/car_robot_ws/install/mini_car_bot/share/mini_car_bot/description
[0.686s] -- Installing: /home/houndsito/vt-cro/robogames_pi/car_robot_ws/install/mini_car_bot/share/mini_car_bot/description/robot.urdf.xacro
[0.686s] -- Installing: /home/houndsito/vt-cro/robogames_pi/car_robot_ws/install/mini_car_bot/share/mini_car_bot/description/inertial_macros.xacro
[0.686s] -- Installing: /home/houndsito/vt-cro/robogames_pi/car_robot_ws/install/mini_car_bot/share/mini_car_bot/description/gazebo_control.xacro
[0.687s] -- Installing: /home/houndsito/vt-cro/robogames_pi/car_robot_ws/install/mini_car_bot/share/mini_car_bot/description/robot.core.xacro
[0.687s] -- Installing: /home/houndsito/vt-cro/robogames_pi/car_robot_ws/install/mini_car_bot/share/mini_car_bot/launch
[0.687s] -- Installing: /home/houndsito/vt-cro/robogames_pi/car_robot_ws/install/mini_car_bot/share/mini_car_bot/launch/rsp.launch.py
[0.687s] -- Installing: /home/houndsito/vt-cro/robogames_pi/car_robot_ws/install/mini_car_bot/share/mini_car_bot/launch/launch_sim.launch.py
[0.688s] -- Installing: /home/houndsito/vt-cro/robogames_pi/car_robot_ws/install/mini_car_bot/share/mini_car_bot/worlds
[0.688s] -- Installing: /home/houndsito/vt-cro/robogames_pi/car_robot_ws/install/mini_car_bot/share/mini_car_bot/worlds/empty.world
[0.688s] -- Installing: /home/houndsito/vt-cro/robogames_pi/car_robot_ws/install/mini_car_bot/share/ament_index/resource_index/package_run_dependencies/mini_car_bot
[0.688s] -- Installing: /home/houndsito/vt-cro/robogames_pi/car_robot_ws/install/mini_car_bot/share/ament_index/resource_index/parent_prefix_path/mini_car_bot
[0.688s] -- Installing: /home/houndsito/vt-cro/robogames_pi/car_robot_ws/install/mini_car_bot/share/mini_car_bot/environment/ament_prefix_path.sh
[0.688s] -- Installing: /home/houndsito/vt-cro/robogames_pi/car_robot_ws/install/mini_car_bot/share/mini_car_bot/environment/ament_prefix_path.dsv
[0.688s] -- Installing: /home/houndsito/vt-cro/robogames_pi/car_robot_ws/install/mini_car_bot/share/mini_car_bot/environment/path.sh
[0.689s] -- Installing: /home/houndsito/vt-cro/robogames_pi/car_robot_ws/install/mini_car_bot/share/mini_car_bot/environment/path.dsv
[0.689s] -- Installing: /home/houndsito/vt-cro/robogames_pi/car_robot_ws/install/mini_car_bot/share/mini_car_bot/local_setup.bash
[0.689s] -- Installing: /home/houndsito/vt-cro/robogames_pi/car_robot_ws/install/mini_car_bot/share/mini_car_bot/local_setup.sh
[0.689s] -- Installing: /home/houndsito/vt-cro/robogames_pi/car_robot_ws/install/mini_car_bot/share/mini_car_bot/local_setup.zsh
[0.689s] -- Installing: /home/houndsito/vt-cro/robogames_pi/car_robot_ws/install/mini_car_bot/share/mini_car_bot/local_setup.dsv
[0.689s] -- Installing: /home/houndsito/vt-cro/robogames_pi/car_robot_ws/install/mini_car_bot/share/mini_car_bot/package.dsv
[0.689s] -- Installing: /home/houndsito/vt-cro/robogames_pi/car_robot_ws/install/mini_car_bot/share/ament_index/resource_index/packages/mini_car_bot
[0.689s] -- Installing: /home/houndsito/vt-cro/robogames_pi/car_robot_ws/install/mini_car_bot/share/mini_car_bot/cmake/mini_car_botConfig.cmake
[0.690s] -- Installing: /home/houndsito/vt-cro/robogames_pi/car_robot_ws/install/mini_car_bot/share/mini_car_bot/cmake/mini_car_botConfig-version.cmake
[0.690s] -- Installing: /home/houndsito/vt-cro/robogames_pi/car_robot_ws/install/mini_car_bot/share/mini_car_bot/package.xml
[0.692s] Invoked command in '/home/houndsito/vt-cro/robogames_pi/car_robot_ws/build/mini_car_bot' returned '0': CMAKE_PREFIX_PATH=/opt/ros/jazzy:${CMAKE_PREFIX_PATH} DEBUGINFOD_URLS=https://debuginfod.ubuntu.com /usr/bin/cmake --install /home/houndsito/vt-cro/robogames_pi/car_robot_ws/build/mini_car_bot
