[0.172s] DEBUG:colcon:Command line arguments: ['/usr/bin/colcon', 'build', '--packages-select', 'serial']
[0.172s] DEBUG:colcon:Parsed command line arguments: Namespace(log_base=None, log_level=None, verb_name='build', build_base='build', install_base='install', merge_install=False, symlink_install=False, test_result_base=None, continue_on_error=False, executor='parallel', parallel_workers=4, event_handlers=None, ignore_user_meta=False, metas=['./colcon.meta'], base_paths=['.'], packages_ignore=None, packages_ignore_regex=None, paths=None, packages_up_to=None, packages_up_to_regex=None, packages_above=None, packages_above_and_dependencies=None, packages_above_depth=None, packages_select_by_dep=None, packages_skip_by_dep=None, packages_skip_up_to=None, packages_select_build_failed=False, packages_skip_build_finished=False, packages_select_test_failures=False, packages_skip_test_passed=False, packages_select=['serial'], packages_skip=None, packages_select_regex=None, packages_skip_regex=None, packages_start=None, packages_end=None, allow_overriding=[], cmake_args=None, cmake_target=None, cmake_target_skip_unavailable=False, cmake_clean_cache=False, cmake_clean_first=False, cmake_force_configure=False, ament_cmake_args=None, catkin_cmake_args=None, catkin_skip_building_tests=False, mixin_files=None, mixin=None, verb_parser=<colcon_mixin.mixin.mixin_argument.MixinArgumentDecorator object at 0xffffafbd23f0>, verb_extension=<colcon_core.verb.build.BuildVerb object at 0xffffafbd20f0>, main=<bound method BuildVerb.main of <colcon_core.verb.build.BuildVerb object at 0xffffafbd20f0>>, mixin_verb=('build',))
[0.231s] Level 1:colcon.colcon_core.package_discovery:discover_packages(colcon_meta) check parameters
[0.231s] Level 1:colcon.colcon_core.package_discovery:discover_packages(recursive) check parameters
[0.231s] Level 1:colcon.colcon_core.package_discovery:discover_packages(ignore) check parameters
[0.231s] Level 1:colcon.colcon_core.package_discovery:discover_packages(path) check parameters
[0.231s] Level 1:colcon.colcon_core.package_discovery:discover_packages(colcon_meta) discover
[0.231s] Level 1:colcon.colcon_core.package_discovery:discover_packages(recursive) discover
[0.231s] INFO:colcon.colcon_core.package_discovery:Crawling recursively for packages in '/home/robogames/vt-cro/robogames_pi/car_robot_ws'
[0.231s] Level 1:colcon.colcon_core.package_identification:_identify(.) by extensions ['ignore', 'ignore_ament_install']
[0.231s] Level 1:colcon.colcon_core.package_identification:_identify(.) by extension 'ignore'
[0.231s] Level 1:colcon.colcon_core.package_identification:_identify(.) by extension 'ignore_ament_install'
[0.231s] Level 1:colcon.colcon_core.package_identification:_identify(.) by extensions ['colcon_pkg']
[0.231s] Level 1:colcon.colcon_core.package_identification:_identify(.) by extension 'colcon_pkg'
[0.232s] Level 1:colcon.colcon_core.package_identification:_identify(.) by extensions ['colcon_meta']
[0.232s] Level 1:colcon.colcon_core.package_identification:_identify(.) by extension 'colcon_meta'
[0.232s] Level 1:colcon.colcon_core.package_identification:_identify(.) by extensions ['ros']
[0.232s] Level 1:colcon.colcon_core.package_identification:_identify(.) by extension 'ros'
[0.271s] Level 1:colcon.colcon_core.package_identification:_identify(.) by extensions ['cmake', 'python']
[0.271s] Level 1:colcon.colcon_core.package_identification:_identify(.) by extension 'cmake'
[0.272s] Level 1:colcon.colcon_core.package_identification:_identify(.) by extension 'python'
[0.272s] Level 1:colcon.colcon_core.package_identification:_identify(.) by extensions ['python_setup_py']
[0.272s] Level 1:colcon.colcon_core.package_identification:_identify(.) by extension 'python_setup_py'
[0.272s] Level 1:colcon.colcon_core.package_identification:_identify(build) by extensions ['ignore', 'ignore_ament_install']
[0.272s] Level 1:colcon.colcon_core.package_identification:_identify(build) by extension 'ignore'
[0.272s] Level 1:colcon.colcon_core.package_identification:_identify(build) ignored
[0.272s] Level 1:colcon.colcon_core.package_identification:_identify(install) by extensions ['ignore', 'ignore_ament_install']
[0.272s] Level 1:colcon.colcon_core.package_identification:_identify(install) by extension 'ignore'
[0.272s] Level 1:colcon.colcon_core.package_identification:_identify(install) ignored
[0.272s] Level 1:colcon.colcon_core.package_identification:_identify(log) by extensions ['ignore', 'ignore_ament_install']
[0.273s] Level 1:colcon.colcon_core.package_identification:_identify(log) by extension 'ignore'
[0.273s] Level 1:colcon.colcon_core.package_identification:_identify(log) ignored
[0.273s] Level 1:colcon.colcon_core.package_identification:_identify(src) by extensions ['ignore', 'ignore_ament_install']
[0.273s] Level 1:colcon.colcon_core.package_identification:_identify(src) by extension 'ignore'
[0.273s] Level 1:colcon.colcon_core.package_identification:_identify(src) by extension 'ignore_ament_install'
[0.273s] Level 1:colcon.colcon_core.package_identification:_identify(src) by extensions ['colcon_pkg']
[0.273s] Level 1:colcon.colcon_core.package_identification:_identify(src) by extension 'colcon_pkg'
[0.273s] Level 1:colcon.colcon_core.package_identification:_identify(src) by extensions ['colcon_meta']
[0.273s] Level 1:colcon.colcon_core.package_identification:_identify(src) by extension 'colcon_meta'
[0.273s] Level 1:colcon.colcon_core.package_identification:_identify(src) by extensions ['ros']
[0.273s] Level 1:colcon.colcon_core.package_identification:_identify(src) by extension 'ros'
[0.273s] Level 1:colcon.colcon_core.package_identification:_identify(src) by extensions ['cmake', 'python']
[0.273s] Level 1:colcon.colcon_core.package_identification:_identify(src) by extension 'cmake'
[0.273s] Level 1:colcon.colcon_core.package_identification:_identify(src) by extension 'python'
[0.273s] Level 1:colcon.colcon_core.package_identification:_identify(src) by extensions ['python_setup_py']
[0.273s] Level 1:colcon.colcon_core.package_identification:_identify(src) by extension 'python_setup_py'
[0.273s] Level 1:colcon.colcon_core.package_identification:_identify(src/articubot_one) by extensions ['ignore', 'ignore_ament_install']
[0.273s] Level 1:colcon.colcon_core.package_identification:_identify(src/articubot_one) by extension 'ignore'
[0.273s] Level 1:colcon.colcon_core.package_identification:_identify(src/articubot_one) by extension 'ignore_ament_install'
[0.274s] Level 1:colcon.colcon_core.package_identification:_identify(src/articubot_one) by extensions ['colcon_pkg']
[0.274s] Level 1:colcon.colcon_core.package_identification:_identify(src/articubot_one) by extension 'colcon_pkg'
[0.274s] Level 1:colcon.colcon_core.package_identification:_identify(src/articubot_one) by extensions ['colcon_meta']
[0.274s] Level 1:colcon.colcon_core.package_identification:_identify(src/articubot_one) by extension 'colcon_meta'
[0.274s] Level 1:colcon.colcon_core.package_identification:_identify(src/articubot_one) by extensions ['ros']
[0.274s] Level 1:colcon.colcon_core.package_identification:_identify(src/articubot_one) by extension 'ros'
[0.277s] DEBUG:colcon.colcon_core.package_identification:Package 'src/articubot_one' with type 'ros.ament_cmake' and name 'articubot_one'
[0.277s] Level 1:colcon.colcon_core.package_identification:_identify(src/build) by extensions ['ignore', 'ignore_ament_install']
[0.277s] Level 1:colcon.colcon_core.package_identification:_identify(src/build) by extension 'ignore'
[0.277s] Level 1:colcon.colcon_core.package_identification:_identify(src/build) ignored
[0.277s] Level 1:colcon.colcon_core.package_identification:_identify(src/diffdrive_arduino) by extensions ['ignore', 'ignore_ament_install']
[0.277s] Level 1:colcon.colcon_core.package_identification:_identify(src/diffdrive_arduino) by extension 'ignore'
[0.277s] Level 1:colcon.colcon_core.package_identification:_identify(src/diffdrive_arduino) by extension 'ignore_ament_install'
[0.277s] Level 1:colcon.colcon_core.package_identification:_identify(src/diffdrive_arduino) by extensions ['colcon_pkg']
[0.277s] Level 1:colcon.colcon_core.package_identification:_identify(src/diffdrive_arduino) by extension 'colcon_pkg'
[0.277s] Level 1:colcon.colcon_core.package_identification:_identify(src/diffdrive_arduino) by extensions ['colcon_meta']
[0.278s] Level 1:colcon.colcon_core.package_identification:_identify(src/diffdrive_arduino) by extension 'colcon_meta'
[0.278s] Level 1:colcon.colcon_core.package_identification:_identify(src/diffdrive_arduino) by extensions ['ros']
[0.278s] Level 1:colcon.colcon_core.package_identification:_identify(src/diffdrive_arduino) by extension 'ros'
[0.279s] DEBUG:colcon.colcon_core.package_identification:Package 'src/diffdrive_arduino' with type 'ros.ament_cmake' and name 'diffdrive_arduino'
[0.279s] Level 1:colcon.colcon_core.package_identification:_identify(src/install) by extensions ['ignore', 'ignore_ament_install']
[0.279s] Level 1:colcon.colcon_core.package_identification:_identify(src/install) by extension 'ignore'
[0.279s] Level 1:colcon.colcon_core.package_identification:_identify(src/install) ignored
[0.279s] Level 1:colcon.colcon_core.package_identification:_identify(src/log) by extensions ['ignore', 'ignore_ament_install']
[0.279s] Level 1:colcon.colcon_core.package_identification:_identify(src/log) by extension 'ignore'
[0.279s] Level 1:colcon.colcon_core.package_identification:_identify(src/log) ignored
[0.279s] Level 1:colcon.colcon_core.package_identification:_identify(src/mini_car_bot) by extensions ['ignore', 'ignore_ament_install']
[0.279s] Level 1:colcon.colcon_core.package_identification:_identify(src/mini_car_bot) by extension 'ignore'
[0.279s] Level 1:colcon.colcon_core.package_identification:_identify(src/mini_car_bot) by extension 'ignore_ament_install'
[0.279s] Level 1:colcon.colcon_core.package_identification:_identify(src/mini_car_bot) by extensions ['colcon_pkg']
[0.280s] Level 1:colcon.colcon_core.package_identification:_identify(src/mini_car_bot) by extension 'colcon_pkg'
[0.280s] Level 1:colcon.colcon_core.package_identification:_identify(src/mini_car_bot) by extensions ['colcon_meta']
[0.280s] Level 1:colcon.colcon_core.package_identification:_identify(src/mini_car_bot) by extension 'colcon_meta'
[0.280s] Level 1:colcon.colcon_core.package_identification:_identify(src/mini_car_bot) by extensions ['ros']
[0.280s] Level 1:colcon.colcon_core.package_identification:_identify(src/mini_car_bot) by extension 'ros'
[0.280s] DEBUG:colcon.colcon_core.package_identification:Package 'src/mini_car_bot' with type 'ros.ament_cmake' and name 'mini_car_bot'
[0.280s] Level 1:colcon.colcon_core.package_identification:_identify(src/serial) by extensions ['ignore', 'ignore_ament_install']
[0.280s] Level 1:colcon.colcon_core.package_identification:_identify(src/serial) by extension 'ignore'
[0.280s] Level 1:colcon.colcon_core.package_identification:_identify(src/serial) by extension 'ignore_ament_install'
[0.281s] Level 1:colcon.colcon_core.package_identification:_identify(src/serial) by extensions ['colcon_pkg']
[0.281s] Level 1:colcon.colcon_core.package_identification:_identify(src/serial) by extension 'colcon_pkg'
[0.281s] Level 1:colcon.colcon_core.package_identification:_identify(src/serial) by extensions ['colcon_meta']
[0.281s] Level 1:colcon.colcon_core.package_identification:_identify(src/serial) by extension 'colcon_meta'
[0.281s] Level 1:colcon.colcon_core.package_identification:_identify(src/serial) by extensions ['ros']
[0.281s] Level 1:colcon.colcon_core.package_identification:_identify(src/serial) by extension 'ros'
[0.281s] DEBUG:colcon.colcon_core.package_identification:Package 'src/serial' with type 'ros.catkin' and name 'serial'
[0.281s] Level 1:colcon.colcon_core.package_discovery:discover_packages(recursive) using defaults
[0.281s] Level 1:colcon.colcon_core.package_discovery:discover_packages(ignore) discover
[0.281s] Level 1:colcon.colcon_core.package_discovery:discover_packages(ignore) using defaults
[0.282s] Level 1:colcon.colcon_core.package_discovery:discover_packages(path) discover
[0.282s] Level 1:colcon.colcon_core.package_discovery:discover_packages(path) using defaults
[0.306s] INFO:colcon.colcon_core.package_selection:Skipping not selected package 'articubot_one' in 'src/articubot_one'
[0.306s] INFO:colcon.colcon_core.package_selection:Skipping not selected package 'diffdrive_arduino' in 'src/diffdrive_arduino'
[0.306s] INFO:colcon.colcon_core.package_selection:Skipping not selected package 'mini_car_bot' in 'src/mini_car_bot'
[0.307s] Level 1:colcon.colcon_core.package_discovery:discover_packages(prefix_path) check parameters
[0.307s] Level 1:colcon.colcon_core.package_discovery:discover_packages(prefix_path) discover
[0.311s] DEBUG:colcon.colcon_installed_package_information.package_discovery:Found 409 installed packages in /opt/ros/jazzy
[0.314s] Level 1:colcon.colcon_core.package_discovery:discover_packages(prefix_path) using defaults
[0.387s] Level 5:colcon.colcon_core.verb:set package 'serial' build argument 'cmake_args' from command line to 'None'
[0.387s] Level 5:colcon.colcon_core.verb:set package 'serial' build argument 'cmake_target' from command line to 'None'
[0.387s] Level 5:colcon.colcon_core.verb:set package 'serial' build argument 'cmake_target_skip_unavailable' from command line to 'False'
[0.387s] Level 5:colcon.colcon_core.verb:set package 'serial' build argument 'cmake_clean_cache' from command line to 'False'
[0.387s] Level 5:colcon.colcon_core.verb:set package 'serial' build argument 'cmake_clean_first' from command line to 'False'
[0.387s] Level 5:colcon.colcon_core.verb:set package 'serial' build argument 'cmake_force_configure' from command line to 'False'
[0.387s] Level 5:colcon.colcon_core.verb:set package 'serial' build argument 'ament_cmake_args' from command line to 'None'
[0.387s] Level 5:colcon.colcon_core.verb:set package 'serial' build argument 'catkin_cmake_args' from command line to 'None'
[0.387s] Level 5:colcon.colcon_core.verb:set package 'serial' build argument 'catkin_skip_building_tests' from command line to 'False'
[0.387s] DEBUG:colcon.colcon_core.verb:Building package 'serial' with the following arguments: {'ament_cmake_args': None, 'build_base': '/home/robogames/vt-cro/robogames_pi/car_robot_ws/build/serial', 'catkin_cmake_args': None, 'catkin_skip_building_tests': False, 'cmake_args': None, 'cmake_clean_cache': False, 'cmake_clean_first': False, 'cmake_force_configure': False, 'cmake_target': None, 'cmake_target_skip_unavailable': False, 'install_base': '/home/robogames/vt-cro/robogames_pi/car_robot_ws/install/serial', 'merge_install': False, 'path': '/home/robogames/vt-cro/robogames_pi/car_robot_ws/src/serial', 'symlink_install': False, 'test_result_base': None}
[0.388s] INFO:colcon.colcon_core.executor:Executing jobs using 'parallel' executor
[0.389s] DEBUG:colcon.colcon_parallel_executor.executor.parallel:run_until_complete
[0.390s] INFO:colcon.colcon_ros.task.catkin.build:Building ROS package in '/home/robogames/vt-cro/robogames_pi/car_robot_ws/src/serial' with build type 'catkin'
[0.391s] INFO:colcon.colcon_cmake.task.cmake.build:Building CMake package in '/home/robogames/vt-cro/robogames_pi/car_robot_ws/src/serial'
[0.403s] INFO:colcon.colcon_core.plugin_system:Skipping extension 'colcon_core.shell.bat': Not used on non-Windows systems
[0.404s] INFO:colcon.colcon_core.shell:Skip shell extension 'powershell' for command environment: Not usable outside of PowerShell
[0.405s] DEBUG:colcon.colcon_core.shell:Skip shell extension 'dsv' for command environment
[0.441s] DEBUG:colcon.colcon_core.event_handler.log_command:Invoking command in '/home/robogames/vt-cro/robogames_pi/car_robot_ws/build/serial': DEBUGINFOD_URLS=https://debuginfod.ubuntu.com /usr/bin/cmake /home/robogames/vt-cro/robogames_pi/car_robot_ws/src/serial -DCATKIN_INSTALL_INTO_PREFIX_ROOT=0 -DCMAKE_INSTALL_PREFIX=/home/robogames/vt-cro/robogames_pi/car_robot_ws/install/serial
[2.576s] DEBUG:colcon.colcon_core.event_handler.log_command:Invoked command in '/home/robogames/vt-cro/robogames_pi/car_robot_ws/build/serial' returned '0': DEBUGINFOD_URLS=https://debuginfod.ubuntu.com /usr/bin/cmake /home/robogames/vt-cro/robogames_pi/car_robot_ws/src/serial -DCATKIN_INSTALL_INTO_PREFIX_ROOT=0 -DCMAKE_INSTALL_PREFIX=/home/robogames/vt-cro/robogames_pi/car_robot_ws/install/serial
[2.580s] DEBUG:colcon.colcon_core.event_handler.log_command:Invoking command in '/home/robogames/vt-cro/robogames_pi/car_robot_ws/build/serial': DEBUGINFOD_URLS=https://debuginfod.ubuntu.com /usr/bin/cmake --build /home/robogames/vt-cro/robogames_pi/car_robot_ws/build/serial -- -j4 -l4
[4.637s] DEBUG:colcon.colcon_core.event_handler.log_command:Invoked command in '/home/robogames/vt-cro/robogames_pi/car_robot_ws/build/serial' returned '0': DEBUGINFOD_URLS=https://debuginfod.ubuntu.com /usr/bin/cmake --build /home/robogames/vt-cro/robogames_pi/car_robot_ws/build/serial -- -j4 -l4
[4.679s] DEBUG:colcon.colcon_core.event_handler.log_command:Invoking command in '/home/robogames/vt-cro/robogames_pi/car_robot_ws/build/serial': DEBUGINFOD_URLS=https://debuginfod.ubuntu.com /usr/bin/cmake --install /home/robogames/vt-cro/robogames_pi/car_robot_ws/build/serial
[4.733s] DEBUG:colcon.colcon_core.event_handler.log_command:Invoked command in '/home/robogames/vt-cro/robogames_pi/car_robot_ws/build/serial' returned '0': DEBUGINFOD_URLS=https://debuginfod.ubuntu.com /usr/bin/cmake --install /home/robogames/vt-cro/robogames_pi/car_robot_ws/build/serial
[4.734s] Level 1:colcon.colcon_core.shell:create_environment_hook('serial', 'ros_package_path')
[4.734s] INFO:colcon.colcon_core.shell:Creating environment hook '/home/robogames/vt-cro/robogames_pi/car_robot_ws/install/serial/share/serial/hook/ros_package_path.ps1'
[4.735s] INFO:colcon.colcon_core.shell:Creating environment descriptor '/home/robogames/vt-cro/robogames_pi/car_robot_ws/install/serial/share/serial/hook/ros_package_path.dsv'
[4.735s] INFO:colcon.colcon_core.shell:Creating environment hook '/home/robogames/vt-cro/robogames_pi/car_robot_ws/install/serial/share/serial/hook/ros_package_path.sh'
[4.736s] Level 1:colcon.colcon_core.shell:create_environment_hook('serial', 'pkg_config_path')
[4.736s] INFO:colcon.colcon_core.shell:Creating environment hook '/home/robogames/vt-cro/robogames_pi/car_robot_ws/install/serial/share/serial/hook/pkg_config_path.ps1'
[4.737s] INFO:colcon.colcon_core.shell:Creating environment descriptor '/home/robogames/vt-cro/robogames_pi/car_robot_ws/install/serial/share/serial/hook/pkg_config_path.dsv'
[4.737s] INFO:colcon.colcon_core.shell:Creating environment hook '/home/robogames/vt-cro/robogames_pi/car_robot_ws/install/serial/share/serial/hook/pkg_config_path.sh'
[4.740s] Level 1:colcon.colcon_core.shell:create_environment_hook('serial', 'pkg_config_path_multiarch')
[4.740s] INFO:colcon.colcon_core.shell:Creating environment hook '/home/robogames/vt-cro/robogames_pi/car_robot_ws/install/serial/share/serial/hook/pkg_config_path_multiarch.ps1'
[4.741s] INFO:colcon.colcon_core.shell:Creating environment descriptor '/home/robogames/vt-cro/robogames_pi/car_robot_ws/install/serial/share/serial/hook/pkg_config_path_multiarch.dsv'
[4.741s] INFO:colcon.colcon_core.shell:Creating environment hook '/home/robogames/vt-cro/robogames_pi/car_robot_ws/install/serial/share/serial/hook/pkg_config_path_multiarch.sh'
[4.742s] Level 1:colcon.colcon_core.environment:create_environment_scripts_only(serial)
[4.745s] Level 1:colcon.colcon_core.environment:checking '/home/robogames/vt-cro/robogames_pi/car_robot_ws/install/serial' for CMake module files
[4.746s] Level 1:colcon.colcon_core.environment:checking '/home/robogames/vt-cro/robogames_pi/car_robot_ws/install/serial' for CMake config files
[4.746s] Level 1:colcon.colcon_core.shell:create_environment_hook('serial', 'cmake_prefix_path')
[4.747s] INFO:colcon.colcon_core.shell:Creating environment hook '/home/robogames/vt-cro/robogames_pi/car_robot_ws/install/serial/share/serial/hook/cmake_prefix_path.ps1'
[4.747s] INFO:colcon.colcon_core.shell:Creating environment descriptor '/home/robogames/vt-cro/robogames_pi/car_robot_ws/install/serial/share/serial/hook/cmake_prefix_path.dsv'
[4.748s] INFO:colcon.colcon_core.shell:Creating environment hook '/home/robogames/vt-cro/robogames_pi/car_robot_ws/install/serial/share/serial/hook/cmake_prefix_path.sh'
[4.749s] Level 1:colcon.colcon_core.environment:checking '/home/robogames/vt-cro/robogames_pi/car_robot_ws/install/serial/lib'
[4.749s] Level 1:colcon.colcon_core.environment:checking '/home/robogames/vt-cro/robogames_pi/car_robot_ws/install/serial/bin'
[4.749s] Level 1:colcon.colcon_core.shell:create_environment_hook('serial', 'path')
[4.749s] INFO:colcon.colcon_core.shell:Creating environment hook '/home/robogames/vt-cro/robogames_pi/car_robot_ws/install/serial/share/serial/hook/path.ps1'
[4.750s] INFO:colcon.colcon_core.shell:Creating environment descriptor '/home/robogames/vt-cro/robogames_pi/car_robot_ws/install/serial/share/serial/hook/path.dsv'
[4.750s] INFO:colcon.colcon_core.shell:Creating environment hook '/home/robogames/vt-cro/robogames_pi/car_robot_ws/install/serial/share/serial/hook/path.sh'
[4.751s] Level 1:colcon.colcon_core.environment:checking '/home/robogames/vt-cro/robogames_pi/car_robot_ws/install/serial/lib/pkgconfig/serial.pc'
[4.751s] Level 1:colcon.colcon_core.environment:checking '/home/robogames/vt-cro/robogames_pi/car_robot_ws/install/serial/lib/python3.12/site-packages'
[4.751s] Level 1:colcon.colcon_core.environment:checking '/home/robogames/vt-cro/robogames_pi/car_robot_ws/install/serial/bin'
[4.751s] Level 1:colcon.colcon_core.shell:create_environment_hook('serial', 'pythonscriptspath')
[4.752s] INFO:colcon.colcon_core.shell:Creating environment hook '/home/robogames/vt-cro/robogames_pi/car_robot_ws/install/serial/share/serial/hook/pythonscriptspath.ps1'
[4.752s] INFO:colcon.colcon_core.shell:Creating environment descriptor '/home/robogames/vt-cro/robogames_pi/car_robot_ws/install/serial/share/serial/hook/pythonscriptspath.dsv'
[4.752s] INFO:colcon.colcon_core.shell:Creating environment hook '/home/robogames/vt-cro/robogames_pi/car_robot_ws/install/serial/share/serial/hook/pythonscriptspath.sh'
[4.753s] INFO:colcon.colcon_core.shell:Creating package script '/home/robogames/vt-cro/robogames_pi/car_robot_ws/install/serial/share/serial/package.ps1'
[4.754s] INFO:colcon.colcon_core.shell:Creating package descriptor '/home/robogames/vt-cro/robogames_pi/car_robot_ws/install/serial/share/serial/package.dsv'
[4.755s] INFO:colcon.colcon_core.shell:Creating package script '/home/robogames/vt-cro/robogames_pi/car_robot_ws/install/serial/share/serial/package.sh'
[4.756s] INFO:colcon.colcon_core.shell:Creating package script '/home/robogames/vt-cro/robogames_pi/car_robot_ws/install/serial/share/serial/package.bash'
[4.757s] INFO:colcon.colcon_core.shell:Creating package script '/home/robogames/vt-cro/robogames_pi/car_robot_ws/install/serial/share/serial/package.zsh'
[4.757s] Level 1:colcon.colcon_core.environment:create_file_with_runtime_dependencies(/home/robogames/vt-cro/robogames_pi/car_robot_ws/install/serial/share/colcon-core/packages/serial)
[4.758s] DEBUG:colcon.colcon_parallel_executor.executor.parallel:closing loop
[4.759s] DEBUG:colcon.colcon_parallel_executor.executor.parallel:loop closed
[4.759s] DEBUG:colcon.colcon_parallel_executor.executor.parallel:run_until_complete finished with '0'
[4.759s] DEBUG:colcon.colcon_core.event_reactor:joining thread
[4.783s] INFO:colcon.colcon_core.plugin_system:Skipping extension 'colcon_notification.desktop_notification.terminal_notifier': Not used on non-Darwin systems
[4.784s] INFO:colcon.colcon_core.plugin_system:Skipping extension 'colcon_notification.desktop_notification.win32': Not used on non-Windows systems
[4.784s] INFO:colcon.colcon_notification.desktop_notification:Sending desktop notification using 'notify2'
[4.817s] DEBUG:colcon.colcon_core.event_reactor:joined thread
[4.818s] INFO:colcon.colcon_core.shell:Creating prefix script '/home/robogames/vt-cro/robogames_pi/car_robot_ws/install/local_setup.ps1'
[4.819s] INFO:colcon.colcon_core.shell:Creating prefix util module '/home/robogames/vt-cro/robogames_pi/car_robot_ws/install/_local_setup_util_ps1.py'
[4.821s] INFO:colcon.colcon_core.shell:Creating prefix chain script '/home/robogames/vt-cro/robogames_pi/car_robot_ws/install/setup.ps1'
[4.822s] INFO:colcon.colcon_core.shell:Creating prefix script '/home/robogames/vt-cro/robogames_pi/car_robot_ws/install/local_setup.sh'
[4.823s] INFO:colcon.colcon_core.shell:Creating prefix util module '/home/robogames/vt-cro/robogames_pi/car_robot_ws/install/_local_setup_util_sh.py'
[4.824s] INFO:colcon.colcon_core.shell:Creating prefix chain script '/home/robogames/vt-cro/robogames_pi/car_robot_ws/install/setup.sh'
[4.826s] INFO:colcon.colcon_core.shell:Creating prefix script '/home/robogames/vt-cro/robogames_pi/car_robot_ws/install/local_setup.bash'
[4.827s] INFO:colcon.colcon_core.shell:Creating prefix chain script '/home/robogames/vt-cro/robogames_pi/car_robot_ws/install/setup.bash'
[4.828s] INFO:colcon.colcon_core.shell:Creating prefix script '/home/robogames/vt-cro/robogames_pi/car_robot_ws/install/local_setup.zsh'
[4.829s] INFO:colcon.colcon_core.shell:Creating prefix chain script '/home/robogames/vt-cro/robogames_pi/car_robot_ws/install/setup.zsh'
