In file included from [01m[K/opt/ros/jazzy/include/rclcpp/rclcpp/logging.hpp:24[m[K,
                 from [01m[K/opt/ros/jazzy/include/rclcpp/rclcpp/copy_all_parameter_values.hpp:27[m[K,
                 from [01m[K/opt/ros/jazzy/include/rclcpp/rclcpp/rclcpp.hpp:171[m[K,
                 from [01m[K/home/robogames/vt-cro/robogames_pi/car_robot_ws/src/articubot_one/src/main_bt_node.cpp:4[m[K:
[01m[K/home/robogames/vt-cro/robogames_pi/car_robot_ws/src/articubot_one/src/check_topic_alive_node.hpp:[m[K In member function ‘[01m[Kvirtual BT::NodeStatus CheckTopicAlive::[01;32m[Ktick[m[K()[m[K’:
[01m[K/home/robogames/vt-cro/robogames_pi/car_robot_ws/src/articubot_one/src/check_topic_alive_node.hpp:37:71:[m[K [01;31m[Kerror: [m[Kinvalid use of non-static member function ‘[01m[Kconst std::string& BT::TreeNode::[01;32m[Kname[m[K() const[m[K’
   37 |         RCLCPP_INFO( node_->get_logger(), "TOPIC %s IS WELL ALIVE. ", [01;31m[Kname[m[K);
      |                                                                       [01;31m[K^~~~[m[K
In file included from [01m[K/opt/ros/jazzy/include/behaviortree_cpp_v3/control_node.h:17[m[K,
                 from [01m[K/opt/ros/jazzy/include/behaviortree_cpp_v3/controls/parallel_node.h:17[m[K,
                 from [01m[K/opt/ros/jazzy/include/behaviortree_cpp_v3/behavior_tree.h:17[m[K,
                 from [01m[K/opt/ros/jazzy/include/behaviortree_cpp_v3/bt_factory.h:25[m[K,
                 from [01m[K/home/robogames/vt-cro/robogames_pi/car_robot_ws/src/articubot_one/src/main_bt_node.cpp:6[m[K:
[01m[K/opt/ros/jazzy/include/behaviortree_cpp_v3/tree_node.h:86:22:[m[K [01;36m[Knote: [m[Kdeclared here
   86 |   const std::string& [01;36m[Kname[m[K() const;
      |                      [01;36m[K^~~~[m[K
[01m[K/home/robogames/vt-cro/robogames_pi/car_robot_ws/src/articubot_one/src/check_topic_alive_node.hpp:45:66:[m[K [01;31m[Kerror: [m[Kinvalid use of non-static member function ‘[01m[Kconst std::string& BT::TreeNode::[01;32m[Kname[m[K() const[m[K’
   45 |     RCLCPP_ERROR( node_->get_logger(), "TOPIC %s ISN'T ALIVE. ", [01;31m[Kname[m[K);
      |                                                                  [01;31m[K^~~~[m[K
[01m[K/opt/ros/jazzy/include/behaviortree_cpp_v3/tree_node.h:86:22:[m[K [01;36m[Knote: [m[Kdeclared here
   86 |   const std::string& [01;36m[Kname[m[K() const;
      |                      [01;36m[K^~~~[m[K
gmake[2]: *** [CMakeFiles/main_bt_node.dir/build.make:76: CMakeFiles/main_bt_node.dir/src/main_bt_node.cpp.o] Error 1
gmake[1]: *** [CMakeFiles/Makefile2:249: CMakeFiles/main_bt_node.dir/all] Error 2
gmake: *** [Makefile:146: all] Error 2
