[0.057s] Invoking command in '/home/robogames/vt-cro/robogames_pi/car_robot_ws/build/articubot_one': CMAKE_PREFIX_PATH=/opt/ros/jazzy:${CMAKE_PREFIX_PATH} DEBUGINFOD_URLS=https://debuginfod.ubuntu.com /usr/bin/cmake --build /home/robogames/vt-cro/robogames_pi/car_robot_ws/build/articubot_one -- -j4 -l4
[0.210s] [ 20%] Built target depth_to_laserscan
[0.228s] [ 40%] Built target depth_processing_node
[0.232s] [ 60%] Built target joy_serial
[0.234s] [ 80%] Built target color_detection_node
[0.287s] [ 90%] [32mBuilding CXX object CMakeFiles/main_bt_node.dir/src/main_bt_node.cpp.o[0m
[3.907s] In file included from [01m[K/opt/ros/jazzy/include/rclcpp/rclcpp/logging.hpp:24[m[K,
[3.907s]                  from [01m[K/opt/ros/jazzy/include/rclcpp/rclcpp/copy_all_parameter_values.hpp:27[m[K,
[3.907s]                  from [01m[K/opt/ros/jazzy/include/rclcpp/rclcpp/rclcpp.hpp:171[m[K,
[3.907s]                  from [01m[K/home/robogames/vt-cro/robogames_pi/car_robot_ws/src/articubot_one/src/main_bt_node.cpp:4[m[K:
[3.907s] [01m[K/home/robogames/vt-cro/robogames_pi/car_robot_ws/src/articubot_one/src/check_topic_alive_node.hpp:[m[K In member function ‘[01m[Kvirtual BT::NodeStatus CheckTopicAlive::[01;32m[Ktick[m[K()[m[K’:
[3.907s] [01m[K/home/robogames/vt-cro/robogames_pi/car_robot_ws/src/articubot_one/src/check_topic_alive_node.hpp:37:71:[m[K [01;31m[Kerror: [m[Kinvalid use of non-static member function ‘[01m[Kconst std::string& BT::TreeNode::[01;32m[Kname[m[K() const[m[K’
[3.907s]    37 |         RCLCPP_INFO( node_->get_logger(), "TOPIC %s IS WELL ALIVE. ", [01;31m[Kname[m[K);
[3.907s]       |                                                                       [01;31m[K^~~~[m[K
[3.908s] In file included from [01m[K/opt/ros/jazzy/include/behaviortree_cpp_v3/control_node.h:17[m[K,
[3.908s]                  from [01m[K/opt/ros/jazzy/include/behaviortree_cpp_v3/controls/parallel_node.h:17[m[K,
[3.908s]                  from [01m[K/opt/ros/jazzy/include/behaviortree_cpp_v3/behavior_tree.h:17[m[K,
[3.908s]                  from [01m[K/opt/ros/jazzy/include/behaviortree_cpp_v3/bt_factory.h:25[m[K,
[3.908s]                  from [01m[K/home/robogames/vt-cro/robogames_pi/car_robot_ws/src/articubot_one/src/main_bt_node.cpp:6[m[K:
[3.908s] [01m[K/opt/ros/jazzy/include/behaviortree_cpp_v3/tree_node.h:86:22:[m[K [01;36m[Knote: [m[Kdeclared here
[3.908s]    86 |   const std::string& [01;36m[Kname[m[K() const;
[3.908s]       |                      [01;36m[K^~~~[m[K
[3.910s] [01m[K/home/robogames/vt-cro/robogames_pi/car_robot_ws/src/articubot_one/src/check_topic_alive_node.hpp:45:66:[m[K [01;31m[Kerror: [m[Kinvalid use of non-static member function ‘[01m[Kconst std::string& BT::TreeNode::[01;32m[Kname[m[K() const[m[K’
[3.910s]    45 |     RCLCPP_ERROR( node_->get_logger(), "TOPIC %s ISN'T ALIVE. ", [01;31m[Kname[m[K);
[3.910s]       |                                                                  [01;31m[K^~~~[m[K
[3.910s] [01m[K/opt/ros/jazzy/include/behaviortree_cpp_v3/tree_node.h:86:22:[m[K [01;36m[Knote: [m[Kdeclared here
[3.910s]    86 |   const std::string& [01;36m[Kname[m[K() const;
[3.910s]       |                      [01;36m[K^~~~[m[K
[8.774s] gmake[2]: *** [CMakeFiles/main_bt_node.dir/build.make:76: CMakeFiles/main_bt_node.dir/src/main_bt_node.cpp.o] Error 1
[8.775s] gmake[1]: *** [CMakeFiles/Makefile2:249: CMakeFiles/main_bt_node.dir/all] Error 2
[8.775s] gmake: *** [Makefile:146: all] Error 2
[8.779s] Invoked command in '/home/robogames/vt-cro/robogames_pi/car_robot_ws/build/articubot_one' returned '2': CMAKE_PREFIX_PATH=/opt/ros/jazzy:${CMAKE_PREFIX_PATH} DEBUGINFOD_URLS=https://debuginfod.ubuntu.com /usr/bin/cmake --build /home/robogames/vt-cro/robogames_pi/car_robot_ws/build/articubot_one -- -j4 -l4
