[0.032s] Invoking command in '/home/robogames/vt-cro/car_robot_ws/build/mini_car_bot': CMAKE_PREFIX_PATH=/home/robogames/car_robot_ws/install/mini_car_bot:/home/robogames/car_robot_ws/install/diffdrive_arduino:/home/robogames/car_robot_ws/install/articubot_one:/opt/ros/jazzy:${CMAKE_PREFIX_PATH} DEBUGINFOD_URLS=https://debuginfod.ubuntu.com /usr/bin/cmake /home/robogames/vt-cro/car_robot_ws/src/mini_car_bot -DCMAKE_INSTALL_PREFIX=/home/robogames/vt-cro/car_robot_ws/install/mini_car_bot
[0.219s] -- The C compiler identification is GNU 13.3.0
[0.426s] -- The CXX compiler identification is GNU 13.3.0
[0.463s] -- Detecting C compiler ABI info
[0.800s] -- Detecting C compiler ABI info - done
[0.825s] -- Check for working C compiler: /usr/bin/cc - skipped
[0.825s] -- Detecting C compile features
[0.826s] -- Detecting C compile features - done
[0.849s] -- Detecting CXX compiler ABI info
[1.134s] -- Detecting CXX compiler ABI info - done
[1.153s] -- Check for working CXX compiler: /usr/bin/c++ - skipped
[1.153s] -- Detecting CXX compile features
[1.155s] -- Detecting CXX compile features - done
[1.174s] -- Found ament_cmake: 2.5.3 (/opt/ros/jazzy/share/ament_cmake/cmake)
[1.558s] -- Found Python3: /usr/bin/python3 (found version "3.12.3") found components: Interpreter 
[1.823s] -- Found ament_lint_auto: 0.17.1 (/opt/ros/jazzy/share/ament_lint_auto/cmake)
[2.092s] -- Added test 'flake8' to check Python code syntax and style conventions
[2.092s] -- Configured 'flake8' exclude dirs and/or files: 
[2.094s] -- Added test 'lint_cmake' to check CMake code style
[2.097s] -- Added test 'pep257' to check Python code against some of the docstring style conventions in PEP 257
[2.107s] -- Added test 'xmllint' to check XML markup files
[2.110s] -- Configuring done (2.1s)
[2.117s] -- Generating done (0.0s)
[2.122s] -- Build files have been written to: /home/robogames/vt-cro/car_robot_ws/build/mini_car_bot
[2.134s] Invoked command in '/home/robogames/vt-cro/car_robot_ws/build/mini_car_bot' returned '0': CMAKE_PREFIX_PATH=/home/robogames/car_robot_ws/install/mini_car_bot:/home/robogames/car_robot_ws/install/diffdrive_arduino:/home/robogames/car_robot_ws/install/articubot_one:/opt/ros/jazzy:${CMAKE_PREFIX_PATH} DEBUGINFOD_URLS=https://debuginfod.ubuntu.com /usr/bin/cmake /home/robogames/vt-cro/car_robot_ws/src/mini_car_bot -DCMAKE_INSTALL_PREFIX=/home/robogames/vt-cro/car_robot_ws/install/mini_car_bot
[2.137s] Invoking command in '/home/robogames/vt-cro/car_robot_ws/build/mini_car_bot': CMAKE_PREFIX_PATH=/home/robogames/car_robot_ws/install/mini_car_bot:/home/robogames/car_robot_ws/install/diffdrive_arduino:/home/robogames/car_robot_ws/install/articubot_one:/opt/ros/jazzy:${CMAKE_PREFIX_PATH} DEBUGINFOD_URLS=https://debuginfod.ubuntu.com /usr/bin/cmake --build /home/robogames/vt-cro/car_robot_ws/build/mini_car_bot -- -j4 -l4
[2.243s] Invoked command in '/home/robogames/vt-cro/car_robot_ws/build/mini_car_bot' returned '0': CMAKE_PREFIX_PATH=/home/robogames/car_robot_ws/install/mini_car_bot:/home/robogames/car_robot_ws/install/diffdrive_arduino:/home/robogames/car_robot_ws/install/articubot_one:/opt/ros/jazzy:${CMAKE_PREFIX_PATH} DEBUGINFOD_URLS=https://debuginfod.ubuntu.com /usr/bin/cmake --build /home/robogames/vt-cro/car_robot_ws/build/mini_car_bot -- -j4 -l4
[2.247s] Invoking command in '/home/robogames/vt-cro/car_robot_ws/build/mini_car_bot': CMAKE_PREFIX_PATH=/home/robogames/car_robot_ws/install/mini_car_bot:/home/robogames/car_robot_ws/install/diffdrive_arduino:/home/robogames/car_robot_ws/install/articubot_one:/opt/ros/jazzy:${CMAKE_PREFIX_PATH} DEBUGINFOD_URLS=https://debuginfod.ubuntu.com /usr/bin/cmake --install /home/robogames/vt-cro/car_robot_ws/build/mini_car_bot
[2.269s] -- Install configuration: ""
[2.271s] -- Installing: /home/robogames/vt-cro/car_robot_ws/install/mini_car_bot/share/mini_car_bot/config
[2.272s] -- Installing: /home/robogames/vt-cro/car_robot_ws/install/mini_car_bot/share/mini_car_bot/config/view_bot.rviz
[2.272s] -- Installing: /home/robogames/vt-cro/car_robot_ws/install/mini_car_bot/share/mini_car_bot/description
[2.272s] -- Installing: /home/robogames/vt-cro/car_robot_ws/install/mini_car_bot/share/mini_car_bot/description/robot.urdf.xacro
[2.272s] -- Installing: /home/robogames/vt-cro/car_robot_ws/install/mini_car_bot/share/mini_car_bot/description/inertial_macros.xacro
[2.272s] -- Installing: /home/robogames/vt-cro/car_robot_ws/install/mini_car_bot/share/mini_car_bot/description/gazebo_control.xacro
[2.272s] -- Installing: /home/robogames/vt-cro/car_robot_ws/install/mini_car_bot/share/mini_car_bot/description/robot.core.xacro
[2.272s] -- Installing: /home/robogames/vt-cro/car_robot_ws/install/mini_car_bot/share/mini_car_bot/launch
[2.274s] -- Installing: /home/robogames/vt-cro/car_robot_ws/install/mini_car_bot/share/mini_car_bot/launch/rsp.launch.py
[2.275s] -- Installing: /home/robogames/vt-cro/car_robot_ws/install/mini_car_bot/share/mini_car_bot/launch/launch_sim.launch.py
[2.275s] -- Installing: /home/robogames/vt-cro/car_robot_ws/install/mini_car_bot/share/mini_car_bot/worlds
[2.275s] -- Installing: /home/robogames/vt-cro/car_robot_ws/install/mini_car_bot/share/mini_car_bot/worlds/empty.world
[2.275s] -- Installing: /home/robogames/vt-cro/car_robot_ws/install/mini_car_bot/share/ament_index/resource_index/package_run_dependencies/mini_car_bot
[2.276s] -- Installing: /home/robogames/vt-cro/car_robot_ws/install/mini_car_bot/share/ament_index/resource_index/parent_prefix_path/mini_car_bot
[2.276s] -- Installing: /home/robogames/vt-cro/car_robot_ws/install/mini_car_bot/share/mini_car_bot/environment/ament_prefix_path.sh
[2.276s] -- Installing: /home/robogames/vt-cro/car_robot_ws/install/mini_car_bot/share/mini_car_bot/environment/ament_prefix_path.dsv
[2.276s] -- Installing: /home/robogames/vt-cro/car_robot_ws/install/mini_car_bot/share/mini_car_bot/environment/path.sh
[2.277s] -- Installing: /home/robogames/vt-cro/car_robot_ws/install/mini_car_bot/share/mini_car_bot/environment/path.dsv
[2.277s] -- Installing: /home/robogames/vt-cro/car_robot_ws/install/mini_car_bot/share/mini_car_bot/local_setup.bash
[2.285s] -- Installing: /home/robogames/vt-cro/car_robot_ws/install/mini_car_bot/share/mini_car_bot/local_setup.sh
[2.285s] -- Installing: /home/robogames/vt-cro/car_robot_ws/install/mini_car_bot/share/mini_car_bot/local_setup.zsh
[2.286s] -- Installing: /home/robogames/vt-cro/car_robot_ws/install/mini_car_bot/share/mini_car_bot/local_setup.dsv
[2.286s] -- Installing: /home/robogames/vt-cro/car_robot_ws/install/mini_car_bot/share/mini_car_bot/package.dsv
[2.286s] -- Installing: /home/robogames/vt-cro/car_robot_ws/install/mini_car_bot/share/ament_index/resource_index/packages/mini_car_bot
[2.286s] -- Installing: /home/robogames/vt-cro/car_robot_ws/install/mini_car_bot/share/mini_car_bot/cmake/mini_car_botConfig.cmake
[2.287s] -- Installing: /home/robogames/vt-cro/car_robot_ws/install/mini_car_bot/share/mini_car_bot/cmake/mini_car_botConfig-version.cmake
[2.288s] -- Installing: /home/robogames/vt-cro/car_robot_ws/install/mini_car_bot/share/mini_car_bot/package.xml
[2.293s] Invoked command in '/home/robogames/vt-cro/car_robot_ws/build/mini_car_bot' returned '0': CMAKE_PREFIX_PATH=/home/robogames/car_robot_ws/install/mini_car_bot:/home/robogames/car_robot_ws/install/diffdrive_arduino:/home/robogames/car_robot_ws/install/articubot_one:/opt/ros/jazzy:${CMAKE_PREFIX_PATH} DEBUGINFOD_URLS=https://debuginfod.ubuntu.com /usr/bin/cmake --install /home/robogames/vt-cro/car_robot_ws/build/mini_car_bot
