[0.000000] (-) TimerEvent: {}
[0.000227] (articubot_one) JobQueued: {'identifier': 'articubot_one', 'dependencies': OrderedDict()}
[0.000332] (diffdrive_arduino) JobQueued: {'identifier': 'diffdrive_arduino', 'dependencies': OrderedDict()}
[0.000367] (mini_car_bot) JobQueued: {'identifier': 'mini_car_bot', 'dependencies': OrderedDict()}
[0.000387] (serial) JobQueued: {'identifier': 'serial', 'dependencies': OrderedDict()}
[0.000405] (articubot_one) JobStarted: {'identifier': 'articubot_one'}
[0.005004] (diffdrive_arduino) JobStarted: {'identifier': 'diffdrive_arduino'}
[0.005868] (mini_car_bot) JobStarted: {'identifier': 'mini_car_bot'}
[0.007462] (serial) JobStarted: {'identifier': 'serial'}
[0.009574] (articubot_one) JobProgress: {'identifier': 'articubot_one', 'progress': 'cmake'}
[0.010762] (articubot_one) JobProgress: {'identifier': 'articubot_one', 'progress': 'build'}
[0.011400] (articubot_one) Command: {'cmd': ['/usr/bin/cmake', '--build', '/home/houndsito/vt-cro/robogames_pi/car_robot_ws/build/articubot_one', '--', '-j16', '-l16'], 'cwd': '/home/houndsito/vt-cro/robogames_pi/car_robot_ws/build/articubot_one', 'env': OrderedDict({'USER': 'houndsito', 'XDG_SESSION_TYPE': 'x11', 'SHLVL': '1', 'HOME': '/home/houndsito', 'TERMINFO': '/usr/lib/kitty/terminfo', 'DESKTOP_SESSION': 'ubuntu', 'KITTY_INSTALLATION_DIR': '/usr/lib/kitty', 'GTK_MODULES': 'gail:atk-bridge', 'GNOME_SHELL_SESSION_MODE': 'ubuntu', 'MANAGERPID': '2172', 'KITTY_PID': '18320', 'DBUS_SESSION_BUS_ADDRESS': 'unix:path=/run/user/1000/bus', 'GSM_SKIP_SSH_AGENT_WORKAROUND': 'true', 'SYSTEMD_EXEC_PID': '2766', 'GIO_LAUNCHED_DESKTOP_FILE_PID': '18320', 'COLORTERM': 'truecolor', 'DEBUGINFOD_URLS': 'https://debuginfod.ubuntu.com', 'GNOME_KEYRING_CONTROL': '/run/user/1000/keyring', 'OMF_PATH': '/home/houndsito/.local/share/omf', 'LOGNAME': 'houndsito', 'JOURNAL_STREAM': '9:16996', 'WINDOWID': '39845899', 'MEMORY_PRESSURE_WATCH': '/sys/fs/cgroup/user.slice/user-1000.slice/user@1000.service/session.slice/org.gnome.SettingsDaemon.MediaKeys.service/memory.pressure', 'XDG_SESSION_CLASS': 'user', 'USERNAME': 'houndsito', 'KITTY_PUBLIC_KEY': '1:N3%TeyZW|{RrWAURx*ywCjw})N%&75(fS0`s?kU&', 'TERM': 'xterm-kitty', 'GNOME_DESKTOP_SESSION_ID': 'this-is-deprecated', 'WINDOWPATH': '2', 'PATH': '/home/houndsito/.local/bin:/home/houndsito/bin:/usr/local/sbin:/usr/local/bin:/usr/sbin:/usr/bin:/sbin:/bin:/usr/games:/usr/local/games:/snap/bin:/snap/bin', 'SESSION_MANAGER': 'local/DPM:@/tmp/.ICE-unix/2586,unix/DPM:/tmp/.ICE-unix/2586', 'INVOCATION_ID': '4bcb6f392bd34d609fffd09c39d6c39d', 'XDG_RUNTIME_DIR': '/run/user/1000', 'XDG_MENU_PREFIX': 'gnome-', 'DISPLAY': ':1', 'LANG': 'en_US.UTF-8', 'XDG_CURRENT_DESKTOP': 'ubuntu:GNOME', 'XDG_SESSION_DESKTOP': 'ubuntu', 'XAUTHORITY': '/run/user/1000/gdm/Xauthority', 'XMODIFIERS': '@im=ibus', 'SSH_AUTH_SOCK': '/run/user/1000/keyring/ssh', 'SHELL': '/usr/bin/fish', 'GDMSESSION': 'ubuntu', 'QT_ACCESSIBILITY': '1', 'KITTY_WINDOW_ID': '1', 'GPG_AGENT_INFO': '/run/user/1000/gnupg/S.gpg-agent:0:1', 'QT_IM_MODULE': 'ibus', 'PWD': '/home/houndsito/vt-cro/robogames_pi/car_robot_ws/build/articubot_one', 'LC_ALL': 'en_US.UTF-8', 'XDG_DATA_DIRS': '/usr/share/ubuntu:/usr/share/gnome:/usr/local/share/:/usr/share/:/var/lib/snapd/desktop', 'OMF_CONFIG': '/home/houndsito/.config/omf', 'XDG_CONFIG_DIRS': '/etc/xdg/xdg-ubuntu:/etc/xdg', 'COLCON': '1', 'MEMORY_PRESSURE_WRITE': 'c29tZSAyMDAwMDAgMjAwMDAwMAA='}), 'shell': False}
[0.013670] (diffdrive_arduino) JobProgress: {'identifier': 'diffdrive_arduino', 'progress': 'cmake'}
[0.014560] (diffdrive_arduino) JobProgress: {'identifier': 'diffdrive_arduino', 'progress': 'build'}
[0.015018] (diffdrive_arduino) Command: {'cmd': ['/usr/bin/cmake', '--build', '/home/houndsito/vt-cro/robogames_pi/car_robot_ws/build/diffdrive_arduino', '--', '-j16', '-l16'], 'cwd': '/home/houndsito/vt-cro/robogames_pi/car_robot_ws/build/diffdrive_arduino', 'env': OrderedDict({'USER': 'houndsito', 'XDG_SESSION_TYPE': 'x11', 'SHLVL': '1', 'HOME': '/home/houndsito', 'TERMINFO': '/usr/lib/kitty/terminfo', 'DESKTOP_SESSION': 'ubuntu', 'KITTY_INSTALLATION_DIR': '/usr/lib/kitty', 'GTK_MODULES': 'gail:atk-bridge', 'GNOME_SHELL_SESSION_MODE': 'ubuntu', 'MANAGERPID': '2172', 'KITTY_PID': '18320', 'DBUS_SESSION_BUS_ADDRESS': 'unix:path=/run/user/1000/bus', 'GSM_SKIP_SSH_AGENT_WORKAROUND': 'true', 'SYSTEMD_EXEC_PID': '2766', 'GIO_LAUNCHED_DESKTOP_FILE_PID': '18320', 'COLORTERM': 'truecolor', 'DEBUGINFOD_URLS': 'https://debuginfod.ubuntu.com', 'GNOME_KEYRING_CONTROL': '/run/user/1000/keyring', 'OMF_PATH': '/home/houndsito/.local/share/omf', 'LOGNAME': 'houndsito', 'JOURNAL_STREAM': '9:16996', 'WINDOWID': '39845899', 'MEMORY_PRESSURE_WATCH': '/sys/fs/cgroup/user.slice/user-1000.slice/user@1000.service/session.slice/org.gnome.SettingsDaemon.MediaKeys.service/memory.pressure', 'XDG_SESSION_CLASS': 'user', 'USERNAME': 'houndsito', 'KITTY_PUBLIC_KEY': '1:N3%TeyZW|{RrWAURx*ywCjw})N%&75(fS0`s?kU&', 'TERM': 'xterm-kitty', 'GNOME_DESKTOP_SESSION_ID': 'this-is-deprecated', 'WINDOWPATH': '2', 'PATH': '/home/houndsito/.local/bin:/home/houndsito/bin:/usr/local/sbin:/usr/local/bin:/usr/sbin:/usr/bin:/sbin:/bin:/usr/games:/usr/local/games:/snap/bin:/snap/bin', 'SESSION_MANAGER': 'local/DPM:@/tmp/.ICE-unix/2586,unix/DPM:/tmp/.ICE-unix/2586', 'INVOCATION_ID': '4bcb6f392bd34d609fffd09c39d6c39d', 'XDG_RUNTIME_DIR': '/run/user/1000', 'XDG_MENU_PREFIX': 'gnome-', 'DISPLAY': ':1', 'LANG': 'en_US.UTF-8', 'XDG_CURRENT_DESKTOP': 'ubuntu:GNOME', 'XDG_SESSION_DESKTOP': 'ubuntu', 'XAUTHORITY': '/run/user/1000/gdm/Xauthority', 'XMODIFIERS': '@im=ibus', 'SSH_AUTH_SOCK': '/run/user/1000/keyring/ssh', 'SHELL': '/usr/bin/fish', 'GDMSESSION': 'ubuntu', 'QT_ACCESSIBILITY': '1', 'KITTY_WINDOW_ID': '1', 'GPG_AGENT_INFO': '/run/user/1000/gnupg/S.gpg-agent:0:1', 'QT_IM_MODULE': 'ibus', 'PWD': '/home/houndsito/vt-cro/robogames_pi/car_robot_ws/build/diffdrive_arduino', 'LC_ALL': 'en_US.UTF-8', 'XDG_DATA_DIRS': '/usr/share/ubuntu:/usr/share/gnome:/usr/local/share/:/usr/share/:/var/lib/snapd/desktop', 'OMF_CONFIG': '/home/houndsito/.config/omf', 'XDG_CONFIG_DIRS': '/etc/xdg/xdg-ubuntu:/etc/xdg', 'COLCON': '1', 'MEMORY_PRESSURE_WRITE': 'c29tZSAyMDAwMDAgMjAwMDAwMAA='}), 'shell': False}
[0.016160] (mini_car_bot) JobProgress: {'identifier': 'mini_car_bot', 'progress': 'cmake'}
[0.016753] (mini_car_bot) Command: {'cmd': ['/usr/bin/cmake', '/home/houndsito/vt-cro/robogames_pi/car_robot_ws/src/mini_car_bot', '-DCMAKE_INSTALL_PREFIX=/home/houndsito/vt-cro/robogames_pi/car_robot_ws/install/mini_car_bot'], 'cwd': '/home/houndsito/vt-cro/robogames_pi/car_robot_ws/build/mini_car_bot', 'env': OrderedDict({'USER': 'houndsito', 'XDG_SESSION_TYPE': 'x11', 'SHLVL': '1', 'HOME': '/home/houndsito', 'TERMINFO': '/usr/lib/kitty/terminfo', 'DESKTOP_SESSION': 'ubuntu', 'KITTY_INSTALLATION_DIR': '/usr/lib/kitty', 'GTK_MODULES': 'gail:atk-bridge', 'GNOME_SHELL_SESSION_MODE': 'ubuntu', 'MANAGERPID': '2172', 'KITTY_PID': '18320', 'DBUS_SESSION_BUS_ADDRESS': 'unix:path=/run/user/1000/bus', 'GSM_SKIP_SSH_AGENT_WORKAROUND': 'true', 'SYSTEMD_EXEC_PID': '2766', 'GIO_LAUNCHED_DESKTOP_FILE_PID': '18320', 'COLORTERM': 'truecolor', 'DEBUGINFOD_URLS': 'https://debuginfod.ubuntu.com', 'GNOME_KEYRING_CONTROL': '/run/user/1000/keyring', 'OMF_PATH': '/home/houndsito/.local/share/omf', 'LOGNAME': 'houndsito', 'JOURNAL_STREAM': '9:16996', 'WINDOWID': '39845899', 'MEMORY_PRESSURE_WATCH': '/sys/fs/cgroup/user.slice/user-1000.slice/user@1000.service/session.slice/org.gnome.SettingsDaemon.MediaKeys.service/memory.pressure', 'XDG_SESSION_CLASS': 'user', 'USERNAME': 'houndsito', 'KITTY_PUBLIC_KEY': '1:N3%TeyZW|{RrWAURx*ywCjw})N%&75(fS0`s?kU&', 'TERM': 'xterm-kitty', 'GNOME_DESKTOP_SESSION_ID': 'this-is-deprecated', 'WINDOWPATH': '2', 'PATH': '/home/houndsito/.local/bin:/home/houndsito/bin:/usr/local/sbin:/usr/local/bin:/usr/sbin:/usr/bin:/sbin:/bin:/usr/games:/usr/local/games:/snap/bin:/snap/bin', 'SESSION_MANAGER': 'local/DPM:@/tmp/.ICE-unix/2586,unix/DPM:/tmp/.ICE-unix/2586', 'INVOCATION_ID': '4bcb6f392bd34d609fffd09c39d6c39d', 'XDG_RUNTIME_DIR': '/run/user/1000', 'XDG_MENU_PREFIX': 'gnome-', 'DISPLAY': ':1', 'LANG': 'en_US.UTF-8', 'XDG_CURRENT_DESKTOP': 'ubuntu:GNOME', 'XDG_SESSION_DESKTOP': 'ubuntu', 'XAUTHORITY': '/run/user/1000/gdm/Xauthority', 'XMODIFIERS': '@im=ibus', 'SSH_AUTH_SOCK': '/run/user/1000/keyring/ssh', 'SHELL': '/usr/bin/fish', 'GDMSESSION': 'ubuntu', 'QT_ACCESSIBILITY': '1', 'KITTY_WINDOW_ID': '1', 'GPG_AGENT_INFO': '/run/user/1000/gnupg/S.gpg-agent:0:1', 'QT_IM_MODULE': 'ibus', 'PWD': '/home/houndsito/vt-cro/robogames_pi/car_robot_ws/build/mini_car_bot', 'LC_ALL': 'en_US.UTF-8', 'XDG_DATA_DIRS': '/usr/share/ubuntu:/usr/share/gnome:/usr/local/share/:/usr/share/:/var/lib/snapd/desktop', 'OMF_CONFIG': '/home/houndsito/.config/omf', 'XDG_CONFIG_DIRS': '/etc/xdg/xdg-ubuntu:/etc/xdg', 'COLCON': '1', 'MEMORY_PRESSURE_WRITE': 'c29tZSAyMDAwMDAgMjAwMDAwMAA='}), 'shell': False}
[0.019777] (serial) JobProgress: {'identifier': 'serial', 'progress': 'cmake'}
[0.020529] (serial) JobProgress: {'identifier': 'serial', 'progress': 'build'}
[0.020987] (serial) Command: {'cmd': ['/usr/bin/cmake', '--build', '/home/houndsito/vt-cro/robogames_pi/car_robot_ws/build/serial', '--', '-j16', '-l16'], 'cwd': '/home/houndsito/vt-cro/robogames_pi/car_robot_ws/build/serial', 'env': OrderedDict({'USER': 'houndsito', 'XDG_SESSION_TYPE': 'x11', 'SHLVL': '1', 'HOME': '/home/houndsito', 'TERMINFO': '/usr/lib/kitty/terminfo', 'DESKTOP_SESSION': 'ubuntu', 'KITTY_INSTALLATION_DIR': '/usr/lib/kitty', 'GTK_MODULES': 'gail:atk-bridge', 'GNOME_SHELL_SESSION_MODE': 'ubuntu', 'MANAGERPID': '2172', 'KITTY_PID': '18320', 'DBUS_SESSION_BUS_ADDRESS': 'unix:path=/run/user/1000/bus', 'GSM_SKIP_SSH_AGENT_WORKAROUND': 'true', 'SYSTEMD_EXEC_PID': '2766', 'GIO_LAUNCHED_DESKTOP_FILE_PID': '18320', 'COLORTERM': 'truecolor', 'DEBUGINFOD_URLS': 'https://debuginfod.ubuntu.com', 'GNOME_KEYRING_CONTROL': '/run/user/1000/keyring', 'OMF_PATH': '/home/houndsito/.local/share/omf', 'LOGNAME': 'houndsito', 'JOURNAL_STREAM': '9:16996', 'WINDOWID': '39845899', 'MEMORY_PRESSURE_WATCH': '/sys/fs/cgroup/user.slice/user-1000.slice/user@1000.service/session.slice/org.gnome.SettingsDaemon.MediaKeys.service/memory.pressure', 'XDG_SESSION_CLASS': 'user', 'USERNAME': 'houndsito', 'KITTY_PUBLIC_KEY': '1:N3%TeyZW|{RrWAURx*ywCjw})N%&75(fS0`s?kU&', 'TERM': 'xterm-kitty', 'GNOME_DESKTOP_SESSION_ID': 'this-is-deprecated', 'WINDOWPATH': '2', 'PATH': '/home/houndsito/.local/bin:/home/houndsito/bin:/usr/local/sbin:/usr/local/bin:/usr/sbin:/usr/bin:/sbin:/bin:/usr/games:/usr/local/games:/snap/bin:/snap/bin', 'SESSION_MANAGER': 'local/DPM:@/tmp/.ICE-unix/2586,unix/DPM:/tmp/.ICE-unix/2586', 'INVOCATION_ID': '4bcb6f392bd34d609fffd09c39d6c39d', 'XDG_RUNTIME_DIR': '/run/user/1000', 'XDG_MENU_PREFIX': 'gnome-', 'DISPLAY': ':1', 'LANG': 'en_US.UTF-8', 'XDG_CURRENT_DESKTOP': 'ubuntu:GNOME', 'XDG_SESSION_DESKTOP': 'ubuntu', 'XAUTHORITY': '/run/user/1000/gdm/Xauthority', 'XMODIFIERS': '@im=ibus', 'SSH_AUTH_SOCK': '/run/user/1000/keyring/ssh', 'SHELL': '/usr/bin/fish', 'GDMSESSION': 'ubuntu', 'QT_ACCESSIBILITY': '1', 'KITTY_WINDOW_ID': '1', 'GPG_AGENT_INFO': '/run/user/1000/gnupg/S.gpg-agent:0:1', 'QT_IM_MODULE': 'ibus', 'PWD': '/home/houndsito/vt-cro/robogames_pi/car_robot_ws/build/serial', 'LC_ALL': 'en_US.UTF-8', 'XDG_DATA_DIRS': '/usr/share/ubuntu:/usr/share/gnome:/usr/local/share/:/usr/share/:/var/lib/snapd/desktop', 'OMF_CONFIG': '/home/houndsito/.config/omf', 'XDG_CONFIG_DIRS': '/etc/xdg/xdg-ubuntu:/etc/xdg', 'COLCON': '1', 'MEMORY_PRESSURE_WRITE': 'c29tZSAyMDAwMDAgMjAwMDAwMAA='}), 'shell': False}
[0.022181] (articubot_one) StderrLine: {'line': b'\x1b[0mCMake Error: The current CMakeCache.txt directory /home/houndsito/vt-cro/robogames_pi/car_robot_ws/build/articubot_one/CMakeCache.txt is different than the directory /home/robogames/vt-cro/robogames_pi/car_robot_ws/build/articubot_one where CMakeCache.txt was created. This may result in binaries being created in the wrong place. If you are not sure, reedit the CMakeCache.txt\x1b[0m\n'}
[0.022565] (diffdrive_arduino) StderrLine: {'line': b'\x1b[0mCMake Error: The current CMakeCache.txt directory /home/houndsito/vt-cro/robogames_pi/car_robot_ws/build/diffdrive_arduino/CMakeCache.txt is different than the directory /home/robogames/vt-cro/robogames_pi/car_robot_ws/build/diffdrive_arduino where CMakeCache.txt was created. This may result in binaries being created in the wrong place. If you are not sure, reedit the CMakeCache.txt\x1b[0m\n'}
[0.029096] (serial) StderrLine: {'line': b'\x1b[0mCMake Error: The current CMakeCache.txt directory /home/houndsito/vt-cro/robogames_pi/car_robot_ws/build/serial/CMakeCache.txt is different than the directory /home/robogames/vt-cro/robogames_pi/car_robot_ws/build/serial where CMakeCache.txt was created. This may result in binaries being created in the wrong place. If you are not sure, reedit the CMakeCache.txt\x1b[0m\n'}
[0.035217] (diffdrive_arduino) StderrLine: {'line': b'\x1b[0mCMake Error: The source directory "/home/robogames/vt-cro/robogames_pi/car_robot_ws/src/diffdrive_arduino" does not exist.\n'}
[0.035511] (articubot_one) StderrLine: {'line': b'\x1b[0mCMake Error: The source directory "/home/robogames/vt-cro/robogames_pi/car_robot_ws/src/articubot_one" does not exist.\n'}
[0.035614] (articubot_one) StderrLine: {'line': b'Specify --help for usage, or press the help button on the CMake GUI.\x1b[0m\n'}
[0.035683] (diffdrive_arduino) StderrLine: {'line': b'Specify --help for usage, or press the help button on the CMake GUI.\x1b[0m\n'}
[0.036835] (diffdrive_arduino) StderrLine: {'line': b'gmake: *** [Makefile:267: cmake_check_build_system] Error 1\n'}
[0.037001] (articubot_one) StderrLine: {'line': b'gmake: *** [Makefile:431: cmake_check_build_system] Error 1\n'}
[0.039831] (articubot_one) CommandEnded: {'returncode': 2}
[0.041858] (serial) StderrLine: {'line': b'\x1b[0mCMake Error: The source directory "/home/robogames/vt-cro/robogames_pi/car_robot_ws/src/serial" does not exist.\n'}
[0.042006] (serial) StderrLine: {'line': b'Specify --help for usage, or press the help button on the CMake GUI.\x1b[0m\n'}
[0.043400] (serial) StderrLine: {'line': b'gmake: *** [Makefile:362: cmake_check_build_system] Error 1\n'}
[0.052643] (articubot_one) JobEnded: {'identifier': 'articubot_one', 'rc': 2}
[0.053297] (diffdrive_arduino) CommandEnded: {'returncode': 2}
[0.060808] (diffdrive_arduino) JobEnded: {'identifier': 'diffdrive_arduino', 'rc': 2}
[0.061615] (serial) JobEnded: {'identifier': 'serial', 'rc': 'SIGINT'}
[0.099220] (-) TimerEvent: {}
[0.131627] (mini_car_bot) StdoutLine: {'line': b'-- The C compiler identification is GNU 13.3.0\n'}
[0.199318] (-) TimerEvent: {}
[0.230464] (mini_car_bot) StdoutLine: {'line': b'-- The CXX compiler identification is GNU 13.3.0\n'}
[0.258694] (mini_car_bot) StdoutLine: {'line': b'-- Detecting C compiler ABI info\n'}
[0.299407] (-) TimerEvent: {}
[0.373908] (mini_car_bot) StdoutLine: {'line': b'-- Detecting C compiler ABI info - done\n'}
[0.384147] (mini_car_bot) StdoutLine: {'line': b'-- Check for working C compiler: /usr/bin/cc - skipped\n'}
[0.384790] (mini_car_bot) StdoutLine: {'line': b'-- Detecting C compile features\n'}
[0.385528] (mini_car_bot) StdoutLine: {'line': b'-- Detecting C compile features - done\n'}
[0.398386] (mini_car_bot) StdoutLine: {'line': b'-- Detecting CXX compiler ABI info\n'}
[0.399479] (-) TimerEvent: {}
[0.499764] (-) TimerEvent: {}
[0.521747] (mini_car_bot) StdoutLine: {'line': b'-- Detecting CXX compiler ABI info - done\n'}
[0.532728] (mini_car_bot) StdoutLine: {'line': b'-- Check for working CXX compiler: /usr/bin/c++ - skipped\n'}
[0.533365] (mini_car_bot) StdoutLine: {'line': b'-- Detecting CXX compile features\n'}
[0.533789] (mini_car_bot) StdoutLine: {'line': b'-- Detecting CXX compile features - done\n'}
[0.550908] (mini_car_bot) StderrLine: {'line': b'\x1b[31mCMake Error at CMakeLists.txt:9 (find_package):\n'}
[0.551306] (mini_car_bot) StderrLine: {'line': b'  By not providing "Findament_cmake.cmake" in CMAKE_MODULE_PATH this project\n'}
[0.551499] (mini_car_bot) StderrLine: {'line': b'  has asked CMake to find a package configuration file provided by\n'}
[0.551651] (mini_car_bot) StderrLine: {'line': b'  "ament_cmake", but CMake did not find one.\n'}
[0.551792] (mini_car_bot) StderrLine: {'line': b'\n'}
[0.551927] (mini_car_bot) StderrLine: {'line': b'  Could not find a package configuration file provided by "ament_cmake" with\n'}
[0.552073] (mini_car_bot) StderrLine: {'line': b'  any of the following names:\n'}
[0.552204] (mini_car_bot) StderrLine: {'line': b'\n'}
[0.552373] (mini_car_bot) StderrLine: {'line': b'    ament_cmakeConfig.cmake\n'}
[0.552435] (mini_car_bot) StderrLine: {'line': b'    ament_cmake-config.cmake\n'}
[0.552500] (mini_car_bot) StderrLine: {'line': b'\n'}
[0.552588] (mini_car_bot) StderrLine: {'line': b'  Add the installation prefix of "ament_cmake" to CMAKE_PREFIX_PATH or set\n'}
[0.552647] (mini_car_bot) StderrLine: {'line': b'  "ament_cmake_DIR" to a directory containing one of the above files.  If\n'}
[0.552705] (mini_car_bot) StderrLine: {'line': b'  "ament_cmake" provides a separate development package or SDK, be sure it\n'}
[0.552761] (mini_car_bot) StderrLine: {'line': b'  has been installed.\n'}
[0.552818] (mini_car_bot) StderrLine: {'line': b'\n'}
[0.552875] (mini_car_bot) StderrLine: {'line': b'\x1b[0m\n'}
[0.552935] (mini_car_bot) StdoutLine: {'line': b'-- Configuring incomplete, errors occurred!\n'}
[0.555915] (mini_car_bot) JobEnded: {'identifier': 'mini_car_bot', 'rc': 'SIGINT'}
[0.566765] (-) EventReactorShutdown: {}
