[0.084s] Invoking command in '/home/robogames/vt-cro/robogames_pi/car_robot_ws/build/mini_car_bot': CMAKE_PREFIX_PATH=/opt/ros/jazzy:${CMAKE_PREFIX_PATH} DEBUGINFOD_URLS=https://debuginfod.ubuntu.com /usr/bin/cmake /home/robogames/vt-cro/robogames_pi/car_robot_ws/src/mini_car_bot -DCMAKE_INSTALL_PREFIX=/home/robogames/vt-cro/robogames_pi/car_robot_ws/install/mini_car_bot
[0.271s] -- The C compiler identification is GNU 13.3.0
[0.479s] -- The CXX compiler identification is GNU 13.3.0
[0.558s] -- Detecting C compiler ABI info
[1.043s] -- Detecting C compiler ABI info - done
[1.064s] -- Check for working C compiler: /usr/bin/cc - skipped
[1.064s] -- Detecting C compile features
[1.064s] -- Detecting C compile features - done
[1.086s] -- Detecting CXX compiler ABI info
[1.462s] -- Detecting CXX compiler ABI info - done
[1.485s] -- Check for working CXX compiler: /usr/bin/c++ - skipped
[1.488s] -- Detecting CXX compile features
[1.493s] -- Detecting CXX compile features - done
[1.500s] -- Found ament_cmake: 2.5.3 (/opt/ros/jazzy/share/ament_cmake/cmake)
[1.887s] -- Found Python3: /usr/bin/python3 (found version "3.12.3") found components: Interpreter 
[2.218s] -- Found ament_lint_auto: 0.17.1 (/opt/ros/jazzy/share/ament_lint_auto/cmake)
[2.566s] -- Added test 'flake8' to check Python code syntax and style conventions
[2.567s] -- Configured 'flake8' exclude dirs and/or files: 
[2.569s] -- Added test 'lint_cmake' to check CMake code style
[2.569s] -- Added test 'pep257' to check Python code against some of the docstring style conventions in PEP 257
[2.572s] -- Added test 'xmllint' to check XML markup files
[2.575s] -- Configuring done (2.5s)
[2.583s] -- Generating done (0.0s)
[2.586s] -- Build files have been written to: /home/robogames/vt-cro/robogames_pi/car_robot_ws/build/mini_car_bot
[2.610s] Invoked command in '/home/robogames/vt-cro/robogames_pi/car_robot_ws/build/mini_car_bot' returned '0': CMAKE_PREFIX_PATH=/opt/ros/jazzy:${CMAKE_PREFIX_PATH} DEBUGINFOD_URLS=https://debuginfod.ubuntu.com /usr/bin/cmake /home/robogames/vt-cro/robogames_pi/car_robot_ws/src/mini_car_bot -DCMAKE_INSTALL_PREFIX=/home/robogames/vt-cro/robogames_pi/car_robot_ws/install/mini_car_bot
[2.613s] Invoking command in '/home/robogames/vt-cro/robogames_pi/car_robot_ws/build/mini_car_bot': CMAKE_PREFIX_PATH=/opt/ros/jazzy:${CMAKE_PREFIX_PATH} DEBUGINFOD_URLS=https://debuginfod.ubuntu.com /usr/bin/cmake --build /home/robogames/vt-cro/robogames_pi/car_robot_ws/build/mini_car_bot -- -j4 -l4
[2.744s] Invoked command in '/home/robogames/vt-cro/robogames_pi/car_robot_ws/build/mini_car_bot' returned '0': CMAKE_PREFIX_PATH=/opt/ros/jazzy:${CMAKE_PREFIX_PATH} DEBUGINFOD_URLS=https://debuginfod.ubuntu.com /usr/bin/cmake --build /home/robogames/vt-cro/robogames_pi/car_robot_ws/build/mini_car_bot -- -j4 -l4
[2.748s] Invoking command in '/home/robogames/vt-cro/robogames_pi/car_robot_ws/build/mini_car_bot': CMAKE_PREFIX_PATH=/opt/ros/jazzy:${CMAKE_PREFIX_PATH} DEBUGINFOD_URLS=https://debuginfod.ubuntu.com /usr/bin/cmake --install /home/robogames/vt-cro/robogames_pi/car_robot_ws/build/mini_car_bot
[2.776s] -- Install configuration: ""
[2.778s] -- Installing: /home/robogames/vt-cro/robogames_pi/car_robot_ws/install/mini_car_bot/share/mini_car_bot/config
[2.778s] -- Installing: /home/robogames/vt-cro/robogames_pi/car_robot_ws/install/mini_car_bot/share/mini_car_bot/config/view_bot.rviz
[2.779s] -- Installing: /home/robogames/vt-cro/robogames_pi/car_robot_ws/install/mini_car_bot/share/mini_car_bot/description
[2.781s] -- Installing: /home/robogames/vt-cro/robogames_pi/car_robot_ws/install/mini_car_bot/share/mini_car_bot/description/robot.urdf.xacro
[2.785s] -- Installing: /home/robogames/vt-cro/robogames_pi/car_robot_ws/install/mini_car_bot/share/mini_car_bot/description/inertial_macros.xacro
[2.787s] -- Installing: /home/robogames/vt-cro/robogames_pi/car_robot_ws/install/mini_car_bot/share/mini_car_bot/description/gazebo_control.xacro
[2.787s] -- Installing: /home/robogames/vt-cro/robogames_pi/car_robot_ws/install/mini_car_bot/share/mini_car_bot/description/robot.core.xacro
[2.791s] -- Installing: /home/robogames/vt-cro/robogames_pi/car_robot_ws/install/mini_car_bot/share/mini_car_bot/launch
[2.793s] -- Installing: /home/robogames/vt-cro/robogames_pi/car_robot_ws/install/mini_car_bot/share/mini_car_bot/launch/rsp.launch.py
[2.793s] -- Installing: /home/robogames/vt-cro/robogames_pi/car_robot_ws/install/mini_car_bot/share/mini_car_bot/launch/launch_sim.launch.py
[2.793s] -- Installing: /home/robogames/vt-cro/robogames_pi/car_robot_ws/install/mini_car_bot/share/mini_car_bot/worlds
[2.793s] -- Installing: /home/robogames/vt-cro/robogames_pi/car_robot_ws/install/mini_car_bot/share/mini_car_bot/worlds/empty.world
[2.794s] -- Installing: /home/robogames/vt-cro/robogames_pi/car_robot_ws/install/mini_car_bot/share/ament_index/resource_index/package_run_dependencies/mini_car_bot
[2.794s] -- Installing: /home/robogames/vt-cro/robogames_pi/car_robot_ws/install/mini_car_bot/share/ament_index/resource_index/parent_prefix_path/mini_car_bot
[2.794s] -- Installing: /home/robogames/vt-cro/robogames_pi/car_robot_ws/install/mini_car_bot/share/mini_car_bot/environment/ament_prefix_path.sh
[2.794s] -- Installing: /home/robogames/vt-cro/robogames_pi/car_robot_ws/install/mini_car_bot/share/mini_car_bot/environment/ament_prefix_path.dsv
[2.794s] -- Installing: /home/robogames/vt-cro/robogames_pi/car_robot_ws/install/mini_car_bot/share/mini_car_bot/environment/path.sh
[2.794s] -- Installing: /home/robogames/vt-cro/robogames_pi/car_robot_ws/install/mini_car_bot/share/mini_car_bot/environment/path.dsv
[2.794s] -- Installing: /home/robogames/vt-cro/robogames_pi/car_robot_ws/install/mini_car_bot/share/mini_car_bot/local_setup.bash
[2.799s] -- Installing: /home/robogames/vt-cro/robogames_pi/car_robot_ws/install/mini_car_bot/share/mini_car_bot/local_setup.sh
[2.799s] -- Installing: /home/robogames/vt-cro/robogames_pi/car_robot_ws/install/mini_car_bot/share/mini_car_bot/local_setup.zsh
[2.799s] -- Installing: /home/robogames/vt-cro/robogames_pi/car_robot_ws/install/mini_car_bot/share/mini_car_bot/local_setup.dsv
[2.799s] -- Installing: /home/robogames/vt-cro/robogames_pi/car_robot_ws/install/mini_car_bot/share/mini_car_bot/package.dsv
[2.800s] -- Installing: /home/robogames/vt-cro/robogames_pi/car_robot_ws/install/mini_car_bot/share/ament_index/resource_index/packages/mini_car_bot
[2.800s] -- Installing: /home/robogames/vt-cro/robogames_pi/car_robot_ws/install/mini_car_bot/share/mini_car_bot/cmake/mini_car_botConfig.cmake
[2.801s] -- Installing: /home/robogames/vt-cro/robogames_pi/car_robot_ws/install/mini_car_bot/share/mini_car_bot/cmake/mini_car_botConfig-version.cmake
[2.801s] -- Installing: /home/robogames/vt-cro/robogames_pi/car_robot_ws/install/mini_car_bot/share/mini_car_bot/package.xml
[2.801s] Invoked command in '/home/robogames/vt-cro/robogames_pi/car_robot_ws/build/mini_car_bot' returned '0': CMAKE_PREFIX_PATH=/opt/ros/jazzy:${CMAKE_PREFIX_PATH} DEBUGINFOD_URLS=https://debuginfod.ubuntu.com /usr/bin/cmake --install /home/robogames/vt-cro/robogames_pi/car_robot_ws/build/mini_car_bot
