[0.012s] Invoking command in '/home/houndsito/vt-cro/robogames_pi/car_robot_ws/build/serial': DEBUGINFOD_URLS=https://debuginfod.ubuntu.com /usr/bin/cmake /home/houndsito/vt-cro/robogames_pi/car_robot_ws/src/serial -DCATKIN_INSTALL_INTO_PREFIX_ROOT=0 -DCMAKE_INSTALL_PREFIX=/home/houndsito/vt-cro/robogames_pi/car_robot_ws/install/serial
[0.085s] -- The C compiler identification is GNU 13.3.0
[0.144s] -- The CXX compiler identification is GNU 13.3.0
[0.161s] -- Detecting C compiler ABI info
[0.250s] -- Detecting C compiler ABI info - done
[0.257s] -- Check for working C compiler: /usr/bin/cc - skipped
[0.257s] -- Detecting C compile features
[0.258s] -- Detecting C compile features - done
[0.268s] -- Detecting CXX compiler ABI info
[0.365s] -- Detecting CXX compiler ABI info - done
[0.372s] -- Check for working CXX compiler: /usr/bin/c++ - skipped
[0.372s] -- Detecting CXX compile features
[0.373s] -- Detecting CXX compile features - done
[0.377s] -- Found ament_cmake: 2.5.3 (/opt/ros/jazzy/share/ament_cmake/cmake)
[0.508s] -- Found Python3: /usr/bin/python3 (found version "3.12.3") found components: Interpreter 
[0.679s] -- Configuring done (0.7s)
[0.684s] -- Generating done (0.0s)
[0.685s] [33mCMake Warning:
[0.685s]   Manually-specified variables were not used by the project:
[0.685s] 
[0.685s]     CATKIN_INSTALL_INTO_PREFIX_ROOT
[0.685s] 
[0.685s] [0m
[0.686s] -- Build files have been written to: /home/houndsito/vt-cro/robogames_pi/car_robot_ws/build/serial
[0.692s] Invoked command in '/home/houndsito/vt-cro/robogames_pi/car_robot_ws/build/serial' returned '0': DEBUGINFOD_URLS=https://debuginfod.ubuntu.com /usr/bin/cmake /home/houndsito/vt-cro/robogames_pi/car_robot_ws/src/serial -DCATKIN_INSTALL_INTO_PREFIX_ROOT=0 -DCMAKE_INSTALL_PREFIX=/home/houndsito/vt-cro/robogames_pi/car_robot_ws/install/serial
[0.692s] Invoking command in '/home/houndsito/vt-cro/robogames_pi/car_robot_ws/build/serial': DEBUGINFOD_URLS=https://debuginfod.ubuntu.com /usr/bin/cmake --build /home/houndsito/vt-cro/robogames_pi/car_robot_ws/build/serial -- -j16 -l16
[0.744s] [ 33%] [32mBuilding CXX object CMakeFiles/serial.dir/src/impl/list_ports/list_ports_linux.cc.o[0m
[0.744s] [ 33%] [32mBuilding CXX object CMakeFiles/serial.dir/src/impl/unix.cc.o[0m
[0.744s] [ 50%] [32mBuilding CXX object CMakeFiles/serial.dir/src/serial.cc.o[0m
[1.071s] [ 66%] [32m[1mLinking CXX static library libserial.a[0m
[1.108s] [ 66%] Built target serial
[1.131s] [ 83%] [32mBuilding CXX object CMakeFiles/serial_example.dir/examples/serial_example.cc.o[0m
[1.389s] [100%] [32m[1mLinking CXX executable serial_example[0m
[1.458s] [100%] Built target serial_example
[1.469s] Invoked command in '/home/houndsito/vt-cro/robogames_pi/car_robot_ws/build/serial' returned '0': DEBUGINFOD_URLS=https://debuginfod.ubuntu.com /usr/bin/cmake --build /home/houndsito/vt-cro/robogames_pi/car_robot_ws/build/serial -- -j16 -l16
[1.481s] Invoking command in '/home/houndsito/vt-cro/robogames_pi/car_robot_ws/build/serial': DEBUGINFOD_URLS=https://debuginfod.ubuntu.com /usr/bin/cmake --install /home/houndsito/vt-cro/robogames_pi/car_robot_ws/build/serial
[1.489s] -- Install configuration: ""
[1.489s] -- Installing: /home/houndsito/vt-cro/robogames_pi/car_robot_ws/install/serial/lib/libserial.a
[1.490s] -- Installing: /home/houndsito/vt-cro/robogames_pi/car_robot_ws/install/serial/bin/serial_example
[1.490s] -- Installing: /home/houndsito/vt-cro/robogames_pi/car_robot_ws/install/serial/include/serial
[1.490s] -- Installing: /home/houndsito/vt-cro/robogames_pi/car_robot_ws/install/serial/include/serial/serial.h
[1.490s] -- Installing: /home/houndsito/vt-cro/robogames_pi/car_robot_ws/install/serial/include/serial/v8stdint.h
[1.490s] -- Installing: /home/houndsito/vt-cro/robogames_pi/car_robot_ws/install/serial/include/serial/impl
[1.490s] -- Installing: /home/houndsito/vt-cro/robogames_pi/car_robot_ws/install/serial/include/serial/impl/unix.h
[1.490s] -- Installing: /home/houndsito/vt-cro/robogames_pi/car_robot_ws/install/serial/include/serial/impl/win.h
[1.490s] -- Installing: /home/houndsito/vt-cro/robogames_pi/car_robot_ws/install/serial/share/serial/environment/library_path.sh
[1.491s] -- Installing: /home/houndsito/vt-cro/robogames_pi/car_robot_ws/install/serial/share/serial/environment/library_path.dsv
[1.491s] -- Installing: /home/houndsito/vt-cro/robogames_pi/car_robot_ws/install/serial/share/ament_index/resource_index/package_run_dependencies/serial
[1.491s] -- Installing: /home/houndsito/vt-cro/robogames_pi/car_robot_ws/install/serial/share/ament_index/resource_index/parent_prefix_path/serial
[1.491s] -- Installing: /home/houndsito/vt-cro/robogames_pi/car_robot_ws/install/serial/share/serial/environment/ament_prefix_path.sh
[1.491s] -- Installing: /home/houndsito/vt-cro/robogames_pi/car_robot_ws/install/serial/share/serial/environment/ament_prefix_path.dsv
[1.491s] -- Installing: /home/houndsito/vt-cro/robogames_pi/car_robot_ws/install/serial/share/serial/environment/path.sh
[1.491s] -- Installing: /home/houndsito/vt-cro/robogames_pi/car_robot_ws/install/serial/share/serial/environment/path.dsv
[1.491s] -- Installing: /home/houndsito/vt-cro/robogames_pi/car_robot_ws/install/serial/share/serial/local_setup.bash
[1.492s] -- Installing: /home/houndsito/vt-cro/robogames_pi/car_robot_ws/install/serial/share/serial/local_setup.sh
[1.492s] -- Installing: /home/houndsito/vt-cro/robogames_pi/car_robot_ws/install/serial/share/serial/local_setup.zsh
[1.492s] -- Installing: /home/houndsito/vt-cro/robogames_pi/car_robot_ws/install/serial/share/serial/local_setup.dsv
[1.492s] -- Installing: /home/houndsito/vt-cro/robogames_pi/car_robot_ws/install/serial/share/serial/package.dsv
[1.492s] -- Installing: /home/houndsito/vt-cro/robogames_pi/car_robot_ws/install/serial/share/ament_index/resource_index/packages/serial
[1.493s] -- Installing: /home/houndsito/vt-cro/robogames_pi/car_robot_ws/install/serial/share/serial/cmake/ament_cmake_export_include_directories-extras.cmake
[1.493s] -- Installing: /home/houndsito/vt-cro/robogames_pi/car_robot_ws/install/serial/share/serial/cmake/ament_cmake_export_libraries-extras.cmake
[1.493s] -- Installing: /home/houndsito/vt-cro/robogames_pi/car_robot_ws/install/serial/share/serial/cmake/serialConfig.cmake
[1.493s] -- Installing: /home/houndsito/vt-cro/robogames_pi/car_robot_ws/install/serial/share/serial/cmake/serialConfig-version.cmake
[1.493s] -- Installing: /home/houndsito/vt-cro/robogames_pi/car_robot_ws/install/serial/share/serial/package.xml
[1.495s] Invoked command in '/home/houndsito/vt-cro/robogames_pi/car_robot_ws/build/serial' returned '0': DEBUGINFOD_URLS=https://debuginfod.ubuntu.com /usr/bin/cmake --install /home/houndsito/vt-cro/robogames_pi/car_robot_ws/build/serial
