[0.079s] Invoking command in '/home/robogames/vt-cro/robogames_pi/car_robot_ws/build/mini_car_bot': CMAKE_PREFIX_PATH=/opt/ros/jazzy:${CMAKE_PREFIX_PATH} DEBUGINFOD_URLS=https://debuginfod.ubuntu.com /usr/bin/cmake /home/robogames/vt-cro/robogames_pi/car_robot_ws/src/mini_car_bot -DCMAKE_INSTALL_PREFIX=/home/robogames/vt-cro/robogames_pi/car_robot_ws/install/mini_car_bot
[0.338s] -- The C compiler identification is GNU 13.3.0
[0.730s] -- The CXX compiler identification is GNU 13.3.0
[0.781s] -- Detecting C compiler ABI info
[1.240s] -- Detecting C compiler ABI info - done
[1.269s] -- Check for working C compiler: /usr/bin/cc - skipped
[1.270s] -- Detecting C compile features
[1.271s] -- Detecting C compile features - done
[1.298s] -- Detecting CXX compiler ABI info
[1.571s] -- Detecting CXX compiler ABI info - done
[1.590s] -- Check for working CXX compiler: /usr/bin/c++ - skipped
[1.591s] -- Detecting CXX compile features
[1.592s] -- Detecting CXX compile features - done
[1.596s] -- Found ament_cmake: 2.5.3 (/opt/ros/jazzy/share/ament_cmake/cmake)
[2.018s] -- Found Python3: /usr/bin/python3 (found version "3.12.3") found components: Interpreter 
[2.297s] -- Found ament_lint_auto: 0.17.1 (/opt/ros/jazzy/share/ament_lint_auto/cmake)
[2.597s] -- Added test 'flake8' to check Python code syntax and style conventions
[2.597s] -- Configured 'flake8' exclude dirs and/or files: 
[2.601s] -- Added test 'lint_cmake' to check CMake code style
[2.604s] -- Added test 'pep257' to check Python code against some of the docstring style conventions in PEP 257
[2.619s] -- Added test 'xmllint' to check XML markup files
[2.623s] -- Configuring done (2.5s)
[2.628s] -- Generating done (0.0s)
[2.637s] -- Build files have been written to: /home/robogames/vt-cro/robogames_pi/car_robot_ws/build/mini_car_bot
[2.653s] Invoked command in '/home/robogames/vt-cro/robogames_pi/car_robot_ws/build/mini_car_bot' returned '0': CMAKE_PREFIX_PATH=/opt/ros/jazzy:${CMAKE_PREFIX_PATH} DEBUGINFOD_URLS=https://debuginfod.ubuntu.com /usr/bin/cmake /home/robogames/vt-cro/robogames_pi/car_robot_ws/src/mini_car_bot -DCMAKE_INSTALL_PREFIX=/home/robogames/vt-cro/robogames_pi/car_robot_ws/install/mini_car_bot
[2.658s] Invoking command in '/home/robogames/vt-cro/robogames_pi/car_robot_ws/build/mini_car_bot': CMAKE_PREFIX_PATH=/opt/ros/jazzy:${CMAKE_PREFIX_PATH} DEBUGINFOD_URLS=https://debuginfod.ubuntu.com /usr/bin/cmake --build /home/robogames/vt-cro/robogames_pi/car_robot_ws/build/mini_car_bot -- -j4 -l4
[2.771s] Invoked command in '/home/robogames/vt-cro/robogames_pi/car_robot_ws/build/mini_car_bot' returned '0': CMAKE_PREFIX_PATH=/opt/ros/jazzy:${CMAKE_PREFIX_PATH} DEBUGINFOD_URLS=https://debuginfod.ubuntu.com /usr/bin/cmake --build /home/robogames/vt-cro/robogames_pi/car_robot_ws/build/mini_car_bot -- -j4 -l4
[2.771s] Invoking command in '/home/robogames/vt-cro/robogames_pi/car_robot_ws/build/mini_car_bot': CMAKE_PREFIX_PATH=/opt/ros/jazzy:${CMAKE_PREFIX_PATH} DEBUGINFOD_URLS=https://debuginfod.ubuntu.com /usr/bin/cmake --install /home/robogames/vt-cro/robogames_pi/car_robot_ws/build/mini_car_bot
[2.794s] -- Install configuration: ""
[2.795s] -- Installing: /home/robogames/vt-cro/robogames_pi/car_robot_ws/install/mini_car_bot/share/mini_car_bot/config
[2.796s] -- Installing: /home/robogames/vt-cro/robogames_pi/car_robot_ws/install/mini_car_bot/share/mini_car_bot/config/view_bot.rviz
[2.797s] -- Installing: /home/robogames/vt-cro/robogames_pi/car_robot_ws/install/mini_car_bot/share/mini_car_bot/description
[2.798s] -- Installing: /home/robogames/vt-cro/robogames_pi/car_robot_ws/install/mini_car_bot/share/mini_car_bot/description/robot.urdf.xacro
[2.802s] -- Installing: /home/robogames/vt-cro/robogames_pi/car_robot_ws/install/mini_car_bot/share/mini_car_bot/description/inertial_macros.xacro
[2.803s] -- Installing: /home/robogames/vt-cro/robogames_pi/car_robot_ws/install/mini_car_bot/share/mini_car_bot/description/gazebo_control.xacro
[2.805s] -- Installing: /home/robogames/vt-cro/robogames_pi/car_robot_ws/install/mini_car_bot/share/mini_car_bot/description/robot.core.xacro
[2.805s] -- Installing: /home/robogames/vt-cro/robogames_pi/car_robot_ws/install/mini_car_bot/share/mini_car_bot/launch
[2.806s] -- Installing: /home/robogames/vt-cro/robogames_pi/car_robot_ws/install/mini_car_bot/share/mini_car_bot/launch/rsp.launch.py
[2.806s] -- Installing: /home/robogames/vt-cro/robogames_pi/car_robot_ws/install/mini_car_bot/share/mini_car_bot/launch/launch_sim.launch.py
[2.807s] -- Installing: /home/robogames/vt-cro/robogames_pi/car_robot_ws/install/mini_car_bot/share/mini_car_bot/worlds
[2.807s] -- Installing: /home/robogames/vt-cro/robogames_pi/car_robot_ws/install/mini_car_bot/share/mini_car_bot/worlds/empty.world
[2.807s] -- Installing: /home/robogames/vt-cro/robogames_pi/car_robot_ws/install/mini_car_bot/share/ament_index/resource_index/package_run_dependencies/mini_car_bot
[2.807s] -- Installing: /home/robogames/vt-cro/robogames_pi/car_robot_ws/install/mini_car_bot/share/ament_index/resource_index/parent_prefix_path/mini_car_bot
[2.809s] -- Installing: /home/robogames/vt-cro/robogames_pi/car_robot_ws/install/mini_car_bot/share/mini_car_bot/environment/ament_prefix_path.sh
[2.810s] -- Installing: /home/robogames/vt-cro/robogames_pi/car_robot_ws/install/mini_car_bot/share/mini_car_bot/environment/ament_prefix_path.dsv
[2.810s] -- Installing: /home/robogames/vt-cro/robogames_pi/car_robot_ws/install/mini_car_bot/share/mini_car_bot/environment/path.sh
[2.810s] -- Installing: /home/robogames/vt-cro/robogames_pi/car_robot_ws/install/mini_car_bot/share/mini_car_bot/environment/path.dsv
[2.810s] -- Installing: /home/robogames/vt-cro/robogames_pi/car_robot_ws/install/mini_car_bot/share/mini_car_bot/local_setup.bash
[2.810s] -- Installing: /home/robogames/vt-cro/robogames_pi/car_robot_ws/install/mini_car_bot/share/mini_car_bot/local_setup.sh
[2.810s] -- Installing: /home/robogames/vt-cro/robogames_pi/car_robot_ws/install/mini_car_bot/share/mini_car_bot/local_setup.zsh
[2.810s] -- Installing: /home/robogames/vt-cro/robogames_pi/car_robot_ws/install/mini_car_bot/share/mini_car_bot/local_setup.dsv
[2.810s] -- Installing: /home/robogames/vt-cro/robogames_pi/car_robot_ws/install/mini_car_bot/share/mini_car_bot/package.dsv
[2.810s] -- Installing: /home/robogames/vt-cro/robogames_pi/car_robot_ws/install/mini_car_bot/share/ament_index/resource_index/packages/mini_car_bot
[2.811s] -- Installing: /home/robogames/vt-cro/robogames_pi/car_robot_ws/install/mini_car_bot/share/mini_car_bot/cmake/mini_car_botConfig.cmake
[2.811s] -- Installing: /home/robogames/vt-cro/robogames_pi/car_robot_ws/install/mini_car_bot/share/mini_car_bot/cmake/mini_car_botConfig-version.cmake
[2.811s] -- Installing: /home/robogames/vt-cro/robogames_pi/car_robot_ws/install/mini_car_bot/share/mini_car_bot/package.xml
[2.811s] Invoked command in '/home/robogames/vt-cro/robogames_pi/car_robot_ws/build/mini_car_bot' returned '0': CMAKE_PREFIX_PATH=/opt/ros/jazzy:${CMAKE_PREFIX_PATH} DEBUGINFOD_URLS=https://debuginfod.ubuntu.com /usr/bin/cmake --install /home/robogames/vt-cro/robogames_pi/car_robot_ws/build/mini_car_bot
