[0.393s] DEBUG:colcon:Command line arguments: ['/usr/bin/colcon', 'build']
[0.393s] DEBUG:colcon:Parsed command line arguments: Namespace(log_base=None, log_level=None, verb_name='build', build_base='build', install_base='install', merge_install=False, symlink_install=False, test_result_base=None, continue_on_error=False, executor='parallel', parallel_workers=4, event_handlers=None, ignore_user_meta=False, metas=['./colcon.meta'], base_paths=['.'], packages_ignore=None, packages_ignore_regex=None, paths=None, packages_up_to=None, packages_up_to_regex=None, packages_above=None, packages_above_and_dependencies=None, packages_above_depth=None, packages_select_by_dep=None, packages_skip_by_dep=None, packages_skip_up_to=None, packages_select_build_failed=False, packages_skip_build_finished=False, packages_select_test_failures=False, packages_skip_test_passed=False, packages_select=None, packages_skip=None, packages_select_regex=None, packages_skip_regex=None, packages_start=None, packages_end=None, allow_overriding=[], cmake_args=None, cmake_target=None, cmake_target_skip_unavailable=False, cmake_clean_cache=False, cmake_clean_first=False, cmake_force_configure=False, ament_cmake_args=None, catkin_cmake_args=None, catkin_skip_building_tests=False, mixin_files=None, mixin=None, verb_parser=<colcon_mixin.mixin.mixin_argument.MixinArgumentDecorator object at 0xffffb854f800>, verb_extension=<colcon_core.verb.build.BuildVerb object at 0xffffb854f530>, main=<bound method BuildVerb.main of <colcon_core.verb.build.BuildVerb object at 0xffffb854f530>>, mixin_verb=('build',))
[0.541s] Level 1:colcon.colcon_core.package_discovery:discover_packages(colcon_meta) check parameters
[0.541s] Level 1:colcon.colcon_core.package_discovery:discover_packages(recursive) check parameters
[0.541s] Level 1:colcon.colcon_core.package_discovery:discover_packages(ignore) check parameters
[0.541s] Level 1:colcon.colcon_core.package_discovery:discover_packages(path) check parameters
[0.541s] Level 1:colcon.colcon_core.package_discovery:discover_packages(colcon_meta) discover
[0.541s] Level 1:colcon.colcon_core.package_discovery:discover_packages(recursive) discover
[0.542s] INFO:colcon.colcon_core.package_discovery:Crawling recursively for packages in '/home/robogames/vt-cro/robogames_pi/car_robot_ws'
[0.542s] Level 1:colcon.colcon_core.package_identification:_identify(.) by extensions ['ignore', 'ignore_ament_install']
[0.542s] Level 1:colcon.colcon_core.package_identification:_identify(.) by extension 'ignore'
[0.542s] Level 1:colcon.colcon_core.package_identification:_identify(.) by extension 'ignore_ament_install'
[0.542s] Level 1:colcon.colcon_core.package_identification:_identify(.) by extensions ['colcon_pkg']
[0.542s] Level 1:colcon.colcon_core.package_identification:_identify(.) by extension 'colcon_pkg'
[0.542s] Level 1:colcon.colcon_core.package_identification:_identify(.) by extensions ['colcon_meta']
[0.542s] Level 1:colcon.colcon_core.package_identification:_identify(.) by extension 'colcon_meta'
[0.543s] Level 1:colcon.colcon_core.package_identification:_identify(.) by extensions ['ros']
[0.543s] Level 1:colcon.colcon_core.package_identification:_identify(.) by extension 'ros'
[0.640s] Level 1:colcon.colcon_core.package_identification:_identify(.) by extensions ['cmake', 'python']
[0.641s] Level 1:colcon.colcon_core.package_identification:_identify(.) by extension 'cmake'
[0.641s] Level 1:colcon.colcon_core.package_identification:_identify(.) by extension 'python'
[0.641s] Level 1:colcon.colcon_core.package_identification:_identify(.) by extensions ['python_setup_py']
[0.641s] Level 1:colcon.colcon_core.package_identification:_identify(.) by extension 'python_setup_py'
[0.641s] Level 1:colcon.colcon_core.package_identification:_identify(build) by extensions ['ignore', 'ignore_ament_install']
[0.642s] Level 1:colcon.colcon_core.package_identification:_identify(build) by extension 'ignore'
[0.642s] Level 1:colcon.colcon_core.package_identification:_identify(build) ignored
[0.642s] Level 1:colcon.colcon_core.package_identification:_identify(install) by extensions ['ignore', 'ignore_ament_install']
[0.642s] Level 1:colcon.colcon_core.package_identification:_identify(install) by extension 'ignore'
[0.642s] Level 1:colcon.colcon_core.package_identification:_identify(install) ignored
[0.643s] Level 1:colcon.colcon_core.package_identification:_identify(log) by extensions ['ignore', 'ignore_ament_install']
[0.643s] Level 1:colcon.colcon_core.package_identification:_identify(log) by extension 'ignore'
[0.643s] Level 1:colcon.colcon_core.package_identification:_identify(log) ignored
[0.643s] Level 1:colcon.colcon_core.package_identification:_identify(src) by extensions ['ignore', 'ignore_ament_install']
[0.644s] Level 1:colcon.colcon_core.package_identification:_identify(src) by extension 'ignore'
[0.644s] Level 1:colcon.colcon_core.package_identification:_identify(src) by extension 'ignore_ament_install'
[0.645s] Level 1:colcon.colcon_core.package_identification:_identify(src) by extensions ['colcon_pkg']
[0.645s] Level 1:colcon.colcon_core.package_identification:_identify(src) by extension 'colcon_pkg'
[0.646s] Level 1:colcon.colcon_core.package_identification:_identify(src) by extensions ['colcon_meta']
[0.646s] Level 1:colcon.colcon_core.package_identification:_identify(src) by extension 'colcon_meta'
[0.646s] Level 1:colcon.colcon_core.package_identification:_identify(src) by extensions ['ros']
[0.646s] Level 1:colcon.colcon_core.package_identification:_identify(src) by extension 'ros'
[0.646s] Level 1:colcon.colcon_core.package_identification:_identify(src) by extensions ['cmake', 'python']
[0.647s] Level 1:colcon.colcon_core.package_identification:_identify(src) by extension 'cmake'
[0.647s] Level 1:colcon.colcon_core.package_identification:_identify(src) by extension 'python'
[0.647s] Level 1:colcon.colcon_core.package_identification:_identify(src) by extensions ['python_setup_py']
[0.647s] Level 1:colcon.colcon_core.package_identification:_identify(src) by extension 'python_setup_py'
[0.648s] Level 1:colcon.colcon_core.package_identification:_identify(src/articubot_one) by extensions ['ignore', 'ignore_ament_install']
[0.648s] Level 1:colcon.colcon_core.package_identification:_identify(src/articubot_one) by extension 'ignore'
[0.648s] Level 1:colcon.colcon_core.package_identification:_identify(src/articubot_one) by extension 'ignore_ament_install'
[0.649s] Level 1:colcon.colcon_core.package_identification:_identify(src/articubot_one) by extensions ['colcon_pkg']
[0.649s] Level 1:colcon.colcon_core.package_identification:_identify(src/articubot_one) by extension 'colcon_pkg'
[0.649s] Level 1:colcon.colcon_core.package_identification:_identify(src/articubot_one) by extensions ['colcon_meta']
[0.649s] Level 1:colcon.colcon_core.package_identification:_identify(src/articubot_one) by extension 'colcon_meta'
[0.650s] Level 1:colcon.colcon_core.package_identification:_identify(src/articubot_one) by extensions ['ros']
[0.650s] Level 1:colcon.colcon_core.package_identification:_identify(src/articubot_one) by extension 'ros'
[0.659s] DEBUG:colcon.colcon_core.package_identification:Package 'src/articubot_one' with type 'ros.ament_cmake' and name 'articubot_one'
[0.660s] Level 1:colcon.colcon_core.package_identification:_identify(src/build) by extensions ['ignore', 'ignore_ament_install']
[0.660s] Level 1:colcon.colcon_core.package_identification:_identify(src/build) by extension 'ignore'
[0.660s] Level 1:colcon.colcon_core.package_identification:_identify(src/build) ignored
[0.660s] Level 1:colcon.colcon_core.package_identification:_identify(src/diffdrive_arduino) by extensions ['ignore', 'ignore_ament_install']
[0.661s] Level 1:colcon.colcon_core.package_identification:_identify(src/diffdrive_arduino) by extension 'ignore'
[0.661s] Level 1:colcon.colcon_core.package_identification:_identify(src/diffdrive_arduino) by extension 'ignore_ament_install'
[0.661s] Level 1:colcon.colcon_core.package_identification:_identify(src/diffdrive_arduino) by extensions ['colcon_pkg']
[0.661s] Level 1:colcon.colcon_core.package_identification:_identify(src/diffdrive_arduino) by extension 'colcon_pkg'
[0.662s] Level 1:colcon.colcon_core.package_identification:_identify(src/diffdrive_arduino) by extensions ['colcon_meta']
[0.662s] Level 1:colcon.colcon_core.package_identification:_identify(src/diffdrive_arduino) by extension 'colcon_meta'
[0.662s] Level 1:colcon.colcon_core.package_identification:_identify(src/diffdrive_arduino) by extensions ['ros']
[0.662s] Level 1:colcon.colcon_core.package_identification:_identify(src/diffdrive_arduino) by extension 'ros'
[0.665s] DEBUG:colcon.colcon_core.package_identification:Package 'src/diffdrive_arduino' with type 'ros.ament_cmake' and name 'diffdrive_arduino'
[0.666s] Level 1:colcon.colcon_core.package_identification:_identify(src/install) by extensions ['ignore', 'ignore_ament_install']
[0.666s] Level 1:colcon.colcon_core.package_identification:_identify(src/install) by extension 'ignore'
[0.666s] Level 1:colcon.colcon_core.package_identification:_identify(src/install) ignored
[0.667s] Level 1:colcon.colcon_core.package_identification:_identify(src/log) by extensions ['ignore', 'ignore_ament_install']
[0.667s] Level 1:colcon.colcon_core.package_identification:_identify(src/log) by extension 'ignore'
[0.667s] Level 1:colcon.colcon_core.package_identification:_identify(src/log) ignored
[0.667s] Level 1:colcon.colcon_core.package_identification:_identify(src/serial) by extensions ['ignore', 'ignore_ament_install']
[0.667s] Level 1:colcon.colcon_core.package_identification:_identify(src/serial) by extension 'ignore'
[0.668s] Level 1:colcon.colcon_core.package_identification:_identify(src/serial) by extension 'ignore_ament_install'
[0.668s] Level 1:colcon.colcon_core.package_identification:_identify(src/serial) by extensions ['colcon_pkg']
[0.668s] Level 1:colcon.colcon_core.package_identification:_identify(src/serial) by extension 'colcon_pkg'
[0.668s] Level 1:colcon.colcon_core.package_identification:_identify(src/serial) by extensions ['colcon_meta']
[0.668s] Level 1:colcon.colcon_core.package_identification:_identify(src/serial) by extension 'colcon_meta'
[0.668s] Level 1:colcon.colcon_core.package_identification:_identify(src/serial) by extensions ['ros']
[0.668s] Level 1:colcon.colcon_core.package_identification:_identify(src/serial) by extension 'ros'
[0.669s] DEBUG:colcon.colcon_core.package_identification:Package 'src/serial' with type 'ros.catkin' and name 'serial'
[0.669s] Level 1:colcon.colcon_core.package_discovery:discover_packages(recursive) using defaults
[0.670s] Level 1:colcon.colcon_core.package_discovery:discover_packages(ignore) discover
[0.670s] Level 1:colcon.colcon_core.package_discovery:discover_packages(ignore) using defaults
[0.670s] Level 1:colcon.colcon_core.package_discovery:discover_packages(path) discover
[0.670s] Level 1:colcon.colcon_core.package_discovery:discover_packages(path) using defaults
[0.737s] Level 1:colcon.colcon_core.package_discovery:discover_packages(prefix_path) check parameters
[0.738s] Level 1:colcon.colcon_core.package_discovery:discover_packages(prefix_path) discover
[0.740s] WARNING:colcon.colcon_ros.prefix_path.ament:The path '/home/robogames/vt-cro/robogames_pi/car_robot_ws/install/mini_car_bot' in the environment variable AMENT_PREFIX_PATH doesn't exist
[0.741s] WARNING:colcon.colcon_ros.prefix_path.catkin:The path '/home/robogames/vt-cro/robogames_pi/car_robot_ws/install/mini_car_bot' in the environment variable CMAKE_PREFIX_PATH doesn't exist
[0.747s] DEBUG:colcon.colcon_installed_package_information.package_discovery:Found 3 installed packages in /home/robogames/vt-cro/robogames_pi/car_robot_ws/install
[0.752s] DEBUG:colcon.colcon_installed_package_information.package_discovery:Found 489 installed packages in /opt/ros/jazzy
[0.758s] Level 1:colcon.colcon_core.package_discovery:discover_packages(prefix_path) using defaults
[0.943s] Level 5:colcon.colcon_core.verb:set package 'articubot_one' build argument 'cmake_args' from command line to 'None'
[0.944s] Level 5:colcon.colcon_core.verb:set package 'articubot_one' build argument 'cmake_target' from command line to 'None'
[0.944s] Level 5:colcon.colcon_core.verb:set package 'articubot_one' build argument 'cmake_target_skip_unavailable' from command line to 'False'
[0.944s] Level 5:colcon.colcon_core.verb:set package 'articubot_one' build argument 'cmake_clean_cache' from command line to 'False'
[0.944s] Level 5:colcon.colcon_core.verb:set package 'articubot_one' build argument 'cmake_clean_first' from command line to 'False'
[0.944s] Level 5:colcon.colcon_core.verb:set package 'articubot_one' build argument 'cmake_force_configure' from command line to 'False'
[0.944s] Level 5:colcon.colcon_core.verb:set package 'articubot_one' build argument 'ament_cmake_args' from command line to 'None'
[0.944s] Level 5:colcon.colcon_core.verb:set package 'articubot_one' build argument 'catkin_cmake_args' from command line to 'None'
[0.944s] Level 5:colcon.colcon_core.verb:set package 'articubot_one' build argument 'catkin_skip_building_tests' from command line to 'False'
[0.944s] DEBUG:colcon.colcon_core.verb:Building package 'articubot_one' with the following arguments: {'ament_cmake_args': None, 'build_base': '/home/robogames/vt-cro/robogames_pi/car_robot_ws/build/articubot_one', 'catkin_cmake_args': None, 'catkin_skip_building_tests': False, 'cmake_args': None, 'cmake_clean_cache': False, 'cmake_clean_first': False, 'cmake_force_configure': False, 'cmake_target': None, 'cmake_target_skip_unavailable': False, 'install_base': '/home/robogames/vt-cro/robogames_pi/car_robot_ws/install/articubot_one', 'merge_install': False, 'path': '/home/robogames/vt-cro/robogames_pi/car_robot_ws/src/articubot_one', 'symlink_install': False, 'test_result_base': None}
[0.945s] Level 5:colcon.colcon_core.verb:set package 'diffdrive_arduino' build argument 'cmake_args' from command line to 'None'
[0.945s] Level 5:colcon.colcon_core.verb:set package 'diffdrive_arduino' build argument 'cmake_target' from command line to 'None'
[0.945s] Level 5:colcon.colcon_core.verb:set package 'diffdrive_arduino' build argument 'cmake_target_skip_unavailable' from command line to 'False'
[0.945s] Level 5:colcon.colcon_core.verb:set package 'diffdrive_arduino' build argument 'cmake_clean_cache' from command line to 'False'
[0.945s] Level 5:colcon.colcon_core.verb:set package 'diffdrive_arduino' build argument 'cmake_clean_first' from command line to 'False'
[0.945s] Level 5:colcon.colcon_core.verb:set package 'diffdrive_arduino' build argument 'cmake_force_configure' from command line to 'False'
[0.945s] Level 5:colcon.colcon_core.verb:set package 'diffdrive_arduino' build argument 'ament_cmake_args' from command line to 'None'
[0.945s] Level 5:colcon.colcon_core.verb:set package 'diffdrive_arduino' build argument 'catkin_cmake_args' from command line to 'None'
[0.945s] Level 5:colcon.colcon_core.verb:set package 'diffdrive_arduino' build argument 'catkin_skip_building_tests' from command line to 'False'
[0.945s] DEBUG:colcon.colcon_core.verb:Building package 'diffdrive_arduino' with the following arguments: {'ament_cmake_args': None, 'build_base': '/home/robogames/vt-cro/robogames_pi/car_robot_ws/build/diffdrive_arduino', 'catkin_cmake_args': None, 'catkin_skip_building_tests': False, 'cmake_args': None, 'cmake_clean_cache': False, 'cmake_clean_first': False, 'cmake_force_configure': False, 'cmake_target': None, 'cmake_target_skip_unavailable': False, 'install_base': '/home/robogames/vt-cro/robogames_pi/car_robot_ws/install/diffdrive_arduino', 'merge_install': False, 'path': '/home/robogames/vt-cro/robogames_pi/car_robot_ws/src/diffdrive_arduino', 'symlink_install': False, 'test_result_base': None}
[0.945s] Level 5:colcon.colcon_core.verb:set package 'serial' build argument 'cmake_args' from command line to 'None'
[0.945s] Level 5:colcon.colcon_core.verb:set package 'serial' build argument 'cmake_target' from command line to 'None'
[0.945s] Level 5:colcon.colcon_core.verb:set package 'serial' build argument 'cmake_target_skip_unavailable' from command line to 'False'
[0.945s] Level 5:colcon.colcon_core.verb:set package 'serial' build argument 'cmake_clean_cache' from command line to 'False'
[0.946s] Level 5:colcon.colcon_core.verb:set package 'serial' build argument 'cmake_clean_first' from command line to 'False'
[0.946s] Level 5:colcon.colcon_core.verb:set package 'serial' build argument 'cmake_force_configure' from command line to 'False'
[0.946s] Level 5:colcon.colcon_core.verb:set package 'serial' build argument 'ament_cmake_args' from command line to 'None'
[0.946s] Level 5:colcon.colcon_core.verb:set package 'serial' build argument 'catkin_cmake_args' from command line to 'None'
[0.946s] Level 5:colcon.colcon_core.verb:set package 'serial' build argument 'catkin_skip_building_tests' from command line to 'False'
[0.946s] DEBUG:colcon.colcon_core.verb:Building package 'serial' with the following arguments: {'ament_cmake_args': None, 'build_base': '/home/robogames/vt-cro/robogames_pi/car_robot_ws/build/serial', 'catkin_cmake_args': None, 'catkin_skip_building_tests': False, 'cmake_args': None, 'cmake_clean_cache': False, 'cmake_clean_first': False, 'cmake_force_configure': False, 'cmake_target': None, 'cmake_target_skip_unavailable': False, 'install_base': '/home/robogames/vt-cro/robogames_pi/car_robot_ws/install/serial', 'merge_install': False, 'path': '/home/robogames/vt-cro/robogames_pi/car_robot_ws/src/serial', 'symlink_install': False, 'test_result_base': None}
[0.946s] INFO:colcon.colcon_core.executor:Executing jobs using 'parallel' executor
[0.947s] DEBUG:colcon.colcon_parallel_executor.executor.parallel:run_until_complete
[0.948s] INFO:colcon.colcon_ros.task.ament_cmake.build:Building ROS package in '/home/robogames/vt-cro/robogames_pi/car_robot_ws/src/articubot_one' with build type 'ament_cmake'
[0.948s] INFO:colcon.colcon_cmake.task.cmake.build:Building CMake package in '/home/robogames/vt-cro/robogames_pi/car_robot_ws/src/articubot_one'
[0.951s] INFO:colcon.colcon_core.plugin_system:Skipping extension 'colcon_core.shell.bat': Not used on non-Windows systems
[0.952s] INFO:colcon.colcon_core.shell:Skip shell extension 'powershell' for command environment: Not usable outside of PowerShell
[0.952s] DEBUG:colcon.colcon_core.shell:Skip shell extension 'dsv' for command environment
[0.959s] INFO:colcon.colcon_ros.task.ament_cmake.build:Building ROS package in '/home/robogames/vt-cro/robogames_pi/car_robot_ws/src/diffdrive_arduino' with build type 'ament_cmake'
[0.959s] INFO:colcon.colcon_cmake.task.cmake.build:Building CMake package in '/home/robogames/vt-cro/robogames_pi/car_robot_ws/src/diffdrive_arduino'
[0.960s] INFO:colcon.colcon_core.shell:Skip shell extension 'powershell' for command environment: Not usable outside of PowerShell
[0.960s] DEBUG:colcon.colcon_core.shell:Skip shell extension 'dsv' for command environment
[0.971s] INFO:colcon.colcon_ros.task.catkin.build:Building ROS package in '/home/robogames/vt-cro/robogames_pi/car_robot_ws/src/serial' with build type 'catkin'
[0.972s] INFO:colcon.colcon_cmake.task.cmake.build:Building CMake package in '/home/robogames/vt-cro/robogames_pi/car_robot_ws/src/serial'
[0.973s] INFO:colcon.colcon_core.shell:Skip shell extension 'powershell' for command environment: Not usable outside of PowerShell
[0.973s] DEBUG:colcon.colcon_core.shell:Skip shell extension 'dsv' for command environment
[1.041s] DEBUG:colcon.colcon_core.event_handler.log_command:Invoking command in '/home/robogames/vt-cro/robogames_pi/car_robot_ws/build/articubot_one': CMAKE_PREFIX_PATH=/opt/ros/jazzy:${CMAKE_PREFIX_PATH} DEBUGINFOD_URLS=https://debuginfod.ubuntu.com /usr/bin/cmake --build /home/robogames/vt-cro/robogames_pi/car_robot_ws/build/articubot_one -- -j4 -l4
[1.063s] DEBUG:colcon.colcon_core.event_handler.log_command:Invoking command in '/home/robogames/vt-cro/robogames_pi/car_robot_ws/build/diffdrive_arduino': CMAKE_PREFIX_PATH=/opt/ros/jazzy:${CMAKE_PREFIX_PATH} DEBUGINFOD_URLS=https://debuginfod.ubuntu.com /usr/bin/cmake --build /home/robogames/vt-cro/robogames_pi/car_robot_ws/build/diffdrive_arduino -- -j4 -l4
[1.089s] DEBUG:colcon.colcon_core.event_handler.log_command:Invoking command in '/home/robogames/vt-cro/robogames_pi/car_robot_ws/build/serial': DEBUGINFOD_URLS=https://debuginfod.ubuntu.com /usr/bin/cmake --build /home/robogames/vt-cro/robogames_pi/car_robot_ws/build/serial -- -j4 -l4
[1.321s] DEBUG:colcon.colcon_core.event_handler.log_command:Invoked command in '/home/robogames/vt-cro/robogames_pi/car_robot_ws/build/diffdrive_arduino' returned '0': CMAKE_PREFIX_PATH=/opt/ros/jazzy:${CMAKE_PREFIX_PATH} DEBUGINFOD_URLS=https://debuginfod.ubuntu.com /usr/bin/cmake --build /home/robogames/vt-cro/robogames_pi/car_robot_ws/build/diffdrive_arduino -- -j4 -l4
[1.354s] DEBUG:colcon.colcon_core.event_handler.log_command:Invoking command in '/home/robogames/vt-cro/robogames_pi/car_robot_ws/build/diffdrive_arduino': CMAKE_PREFIX_PATH=/opt/ros/jazzy:${CMAKE_PREFIX_PATH} DEBUGINFOD_URLS=https://debuginfod.ubuntu.com /usr/bin/cmake --install /home/robogames/vt-cro/robogames_pi/car_robot_ws/build/diffdrive_arduino
[1.366s] DEBUG:colcon.colcon_core.event_handler.log_command:Invoked command in '/home/robogames/vt-cro/robogames_pi/car_robot_ws/build/serial' returned '0': DEBUGINFOD_URLS=https://debuginfod.ubuntu.com /usr/bin/cmake --build /home/robogames/vt-cro/robogames_pi/car_robot_ws/build/serial -- -j4 -l4
[1.371s] DEBUG:colcon.colcon_core.event_handler.log_command:Invoking command in '/home/robogames/vt-cro/robogames_pi/car_robot_ws/build/serial': DEBUGINFOD_URLS=https://debuginfod.ubuntu.com /usr/bin/cmake --install /home/robogames/vt-cro/robogames_pi/car_robot_ws/build/serial
[1.401s] Level 1:colcon.colcon_core.environment:create_environment_scripts_only(diffdrive_arduino)
[1.412s] Level 1:colcon.colcon_core.environment:checking '/home/robogames/vt-cro/robogames_pi/car_robot_ws/install/diffdrive_arduino' for CMake module files
[1.417s] Level 1:colcon.colcon_core.environment:checking '/home/robogames/vt-cro/robogames_pi/car_robot_ws/install/diffdrive_arduino' for CMake config files
[1.418s] Level 1:colcon.colcon_core.shell:create_environment_hook('diffdrive_arduino', 'cmake_prefix_path')
[1.418s] INFO:colcon.colcon_core.shell:Creating environment hook '/home/robogames/vt-cro/robogames_pi/car_robot_ws/install/diffdrive_arduino/share/diffdrive_arduino/hook/cmake_prefix_path.ps1'
[1.420s] INFO:colcon.colcon_core.shell:Creating environment descriptor '/home/robogames/vt-cro/robogames_pi/car_robot_ws/install/diffdrive_arduino/share/diffdrive_arduino/hook/cmake_prefix_path.dsv'
[1.419s] DEBUG:colcon.colcon_core.event_handler.log_command:Invoked command in '/home/robogames/vt-cro/robogames_pi/car_robot_ws/build/diffdrive_arduino' returned '0': CMAKE_PREFIX_PATH=/opt/ros/jazzy:${CMAKE_PREFIX_PATH} DEBUGINFOD_URLS=https://debuginfod.ubuntu.com /usr/bin/cmake --install /home/robogames/vt-cro/robogames_pi/car_robot_ws/build/diffdrive_arduino
[1.422s] INFO:colcon.colcon_core.shell:Creating environment hook '/home/robogames/vt-cro/robogames_pi/car_robot_ws/install/diffdrive_arduino/share/diffdrive_arduino/hook/cmake_prefix_path.sh'
[1.424s] Level 1:colcon.colcon_core.environment:checking '/home/robogames/vt-cro/robogames_pi/car_robot_ws/install/diffdrive_arduino/lib'
[1.425s] Level 1:colcon.colcon_core.shell:create_environment_hook('diffdrive_arduino', 'ld_library_path_lib')
[1.427s] INFO:colcon.colcon_core.shell:Creating environment hook '/home/robogames/vt-cro/robogames_pi/car_robot_ws/install/diffdrive_arduino/share/diffdrive_arduino/hook/ld_library_path_lib.ps1'
[1.429s] INFO:colcon.colcon_core.shell:Creating environment descriptor '/home/robogames/vt-cro/robogames_pi/car_robot_ws/install/diffdrive_arduino/share/diffdrive_arduino/hook/ld_library_path_lib.dsv'
[1.431s] INFO:colcon.colcon_core.shell:Creating environment hook '/home/robogames/vt-cro/robogames_pi/car_robot_ws/install/diffdrive_arduino/share/diffdrive_arduino/hook/ld_library_path_lib.sh'
[1.432s] Level 1:colcon.colcon_core.environment:checking '/home/robogames/vt-cro/robogames_pi/car_robot_ws/install/diffdrive_arduino/bin'
[1.433s] Level 1:colcon.colcon_core.environment:checking '/home/robogames/vt-cro/robogames_pi/car_robot_ws/install/diffdrive_arduino/lib/pkgconfig/diffdrive_arduino.pc'
[1.433s] Level 1:colcon.colcon_core.environment:checking '/home/robogames/vt-cro/robogames_pi/car_robot_ws/install/diffdrive_arduino/lib/python3.12/site-packages'
[1.434s] Level 1:colcon.colcon_core.environment:checking '/home/robogames/vt-cro/robogames_pi/car_robot_ws/install/diffdrive_arduino/bin'
[1.435s] INFO:colcon.colcon_core.shell:Creating package script '/home/robogames/vt-cro/robogames_pi/car_robot_ws/install/diffdrive_arduino/share/diffdrive_arduino/package.ps1'
[1.436s] INFO:colcon.colcon_core.shell:Creating package descriptor '/home/robogames/vt-cro/robogames_pi/car_robot_ws/install/diffdrive_arduino/share/diffdrive_arduino/package.dsv'
[1.439s] INFO:colcon.colcon_core.shell:Creating package script '/home/robogames/vt-cro/robogames_pi/car_robot_ws/install/diffdrive_arduino/share/diffdrive_arduino/package.sh'
[1.441s] INFO:colcon.colcon_core.shell:Creating package script '/home/robogames/vt-cro/robogames_pi/car_robot_ws/install/diffdrive_arduino/share/diffdrive_arduino/package.bash'
[1.448s] INFO:colcon.colcon_core.shell:Creating package script '/home/robogames/vt-cro/robogames_pi/car_robot_ws/install/diffdrive_arduino/share/diffdrive_arduino/package.zsh'
[1.449s] Level 1:colcon.colcon_core.environment:create_file_with_runtime_dependencies(/home/robogames/vt-cro/robogames_pi/car_robot_ws/install/diffdrive_arduino/share/colcon-core/packages/diffdrive_arduino)
[1.453s] Level 1:colcon.colcon_core.environment:create_environment_scripts_only(diffdrive_arduino)
[1.454s] Level 1:colcon.colcon_core.environment:checking '/home/robogames/vt-cro/robogames_pi/car_robot_ws/install/diffdrive_arduino' for CMake module files
[1.455s] Level 1:colcon.colcon_core.environment:checking '/home/robogames/vt-cro/robogames_pi/car_robot_ws/install/diffdrive_arduino' for CMake config files
[1.456s] Level 1:colcon.colcon_core.shell:create_environment_hook('diffdrive_arduino', 'cmake_prefix_path')
[1.458s] INFO:colcon.colcon_core.shell:Creating environment hook '/home/robogames/vt-cro/robogames_pi/car_robot_ws/install/diffdrive_arduino/share/diffdrive_arduino/hook/cmake_prefix_path.ps1'
[1.460s] INFO:colcon.colcon_core.shell:Creating environment descriptor '/home/robogames/vt-cro/robogames_pi/car_robot_ws/install/diffdrive_arduino/share/diffdrive_arduino/hook/cmake_prefix_path.dsv'
[1.463s] INFO:colcon.colcon_core.shell:Creating environment hook '/home/robogames/vt-cro/robogames_pi/car_robot_ws/install/diffdrive_arduino/share/diffdrive_arduino/hook/cmake_prefix_path.sh'
[1.466s] Level 1:colcon.colcon_core.environment:checking '/home/robogames/vt-cro/robogames_pi/car_robot_ws/install/diffdrive_arduino/lib'
[1.466s] Level 1:colcon.colcon_core.shell:create_environment_hook('diffdrive_arduino', 'ld_library_path_lib')
[1.467s] INFO:colcon.colcon_core.shell:Creating environment hook '/home/robogames/vt-cro/robogames_pi/car_robot_ws/install/diffdrive_arduino/share/diffdrive_arduino/hook/ld_library_path_lib.ps1'
[1.468s] INFO:colcon.colcon_core.shell:Creating environment descriptor '/home/robogames/vt-cro/robogames_pi/car_robot_ws/install/diffdrive_arduino/share/diffdrive_arduino/hook/ld_library_path_lib.dsv'
[1.470s] INFO:colcon.colcon_core.shell:Creating environment hook '/home/robogames/vt-cro/robogames_pi/car_robot_ws/install/diffdrive_arduino/share/diffdrive_arduino/hook/ld_library_path_lib.sh'
[1.471s] Level 1:colcon.colcon_core.environment:checking '/home/robogames/vt-cro/robogames_pi/car_robot_ws/install/diffdrive_arduino/bin'
[1.471s] Level 1:colcon.colcon_core.environment:checking '/home/robogames/vt-cro/robogames_pi/car_robot_ws/install/diffdrive_arduino/lib/pkgconfig/diffdrive_arduino.pc'
[1.471s] Level 1:colcon.colcon_core.environment:checking '/home/robogames/vt-cro/robogames_pi/car_robot_ws/install/diffdrive_arduino/lib/python3.12/site-packages'
[1.472s] Level 1:colcon.colcon_core.environment:checking '/home/robogames/vt-cro/robogames_pi/car_robot_ws/install/diffdrive_arduino/bin'
[1.472s] INFO:colcon.colcon_core.shell:Creating package script '/home/robogames/vt-cro/robogames_pi/car_robot_ws/install/diffdrive_arduino/share/diffdrive_arduino/package.ps1'
[1.473s] INFO:colcon.colcon_core.shell:Creating package descriptor '/home/robogames/vt-cro/robogames_pi/car_robot_ws/install/diffdrive_arduino/share/diffdrive_arduino/package.dsv'
[1.475s] INFO:colcon.colcon_core.shell:Creating package script '/home/robogames/vt-cro/robogames_pi/car_robot_ws/install/diffdrive_arduino/share/diffdrive_arduino/package.sh'
[1.476s] INFO:colcon.colcon_core.shell:Creating package script '/home/robogames/vt-cro/robogames_pi/car_robot_ws/install/diffdrive_arduino/share/diffdrive_arduino/package.bash'
[1.478s] INFO:colcon.colcon_core.shell:Creating package script '/home/robogames/vt-cro/robogames_pi/car_robot_ws/install/diffdrive_arduino/share/diffdrive_arduino/package.zsh'
[1.484s] Level 1:colcon.colcon_core.environment:create_file_with_runtime_dependencies(/home/robogames/vt-cro/robogames_pi/car_robot_ws/install/diffdrive_arduino/share/colcon-core/packages/diffdrive_arduino)
[1.496s] Level 1:colcon.colcon_core.shell:create_environment_hook('serial', 'ros_package_path')
[1.498s] INFO:colcon.colcon_core.shell:Creating environment hook '/home/robogames/vt-cro/robogames_pi/car_robot_ws/install/serial/share/serial/hook/ros_package_path.ps1'
[1.499s] DEBUG:colcon.colcon_core.event_handler.log_command:Invoked command in '/home/robogames/vt-cro/robogames_pi/car_robot_ws/build/serial' returned '0': DEBUGINFOD_URLS=https://debuginfod.ubuntu.com /usr/bin/cmake --install /home/robogames/vt-cro/robogames_pi/car_robot_ws/build/serial
[1.501s] INFO:colcon.colcon_core.shell:Creating environment descriptor '/home/robogames/vt-cro/robogames_pi/car_robot_ws/install/serial/share/serial/hook/ros_package_path.dsv'
[1.502s] INFO:colcon.colcon_core.shell:Creating environment hook '/home/robogames/vt-cro/robogames_pi/car_robot_ws/install/serial/share/serial/hook/ros_package_path.sh'
[1.504s] Level 1:colcon.colcon_core.shell:create_environment_hook('serial', 'pkg_config_path')
[1.505s] INFO:colcon.colcon_core.shell:Creating environment hook '/home/robogames/vt-cro/robogames_pi/car_robot_ws/install/serial/share/serial/hook/pkg_config_path.ps1'
[1.506s] INFO:colcon.colcon_core.shell:Creating environment descriptor '/home/robogames/vt-cro/robogames_pi/car_robot_ws/install/serial/share/serial/hook/pkg_config_path.dsv'
[1.508s] INFO:colcon.colcon_core.shell:Creating environment hook '/home/robogames/vt-cro/robogames_pi/car_robot_ws/install/serial/share/serial/hook/pkg_config_path.sh'
[1.514s] Level 1:colcon.colcon_core.shell:create_environment_hook('serial', 'pkg_config_path_multiarch')
[1.515s] INFO:colcon.colcon_core.shell:Creating environment hook '/home/robogames/vt-cro/robogames_pi/car_robot_ws/install/serial/share/serial/hook/pkg_config_path_multiarch.ps1'
[1.516s] INFO:colcon.colcon_core.shell:Creating environment descriptor '/home/robogames/vt-cro/robogames_pi/car_robot_ws/install/serial/share/serial/hook/pkg_config_path_multiarch.dsv'
[1.517s] INFO:colcon.colcon_core.shell:Creating environment hook '/home/robogames/vt-cro/robogames_pi/car_robot_ws/install/serial/share/serial/hook/pkg_config_path_multiarch.sh'
[1.524s] Level 1:colcon.colcon_core.environment:create_environment_scripts_only(serial)
[1.525s] Level 1:colcon.colcon_core.environment:checking '/home/robogames/vt-cro/robogames_pi/car_robot_ws/install/serial' for CMake module files
[1.526s] Level 1:colcon.colcon_core.environment:checking '/home/robogames/vt-cro/robogames_pi/car_robot_ws/install/serial' for CMake config files
[1.527s] Level 1:colcon.colcon_core.shell:create_environment_hook('serial', 'cmake_prefix_path')
[1.528s] INFO:colcon.colcon_core.shell:Creating environment hook '/home/robogames/vt-cro/robogames_pi/car_robot_ws/install/serial/share/serial/hook/cmake_prefix_path.ps1'
[1.529s] INFO:colcon.colcon_core.shell:Creating environment descriptor '/home/robogames/vt-cro/robogames_pi/car_robot_ws/install/serial/share/serial/hook/cmake_prefix_path.dsv'
[1.530s] INFO:colcon.colcon_core.shell:Creating environment hook '/home/robogames/vt-cro/robogames_pi/car_robot_ws/install/serial/share/serial/hook/cmake_prefix_path.sh'
[1.532s] Level 1:colcon.colcon_core.environment:checking '/home/robogames/vt-cro/robogames_pi/car_robot_ws/install/serial/lib'
[1.532s] Level 1:colcon.colcon_core.environment:checking '/home/robogames/vt-cro/robogames_pi/car_robot_ws/install/serial/bin'
[1.533s] Level 1:colcon.colcon_core.shell:create_environment_hook('serial', 'path')
[1.533s] INFO:colcon.colcon_core.shell:Creating environment hook '/home/robogames/vt-cro/robogames_pi/car_robot_ws/install/serial/share/serial/hook/path.ps1'
[1.534s] INFO:colcon.colcon_core.shell:Creating environment descriptor '/home/robogames/vt-cro/robogames_pi/car_robot_ws/install/serial/share/serial/hook/path.dsv'
[1.535s] INFO:colcon.colcon_core.shell:Creating environment hook '/home/robogames/vt-cro/robogames_pi/car_robot_ws/install/serial/share/serial/hook/path.sh'
[1.537s] Level 1:colcon.colcon_core.environment:checking '/home/robogames/vt-cro/robogames_pi/car_robot_ws/install/serial/lib/pkgconfig/serial.pc'
[1.537s] Level 1:colcon.colcon_core.environment:checking '/home/robogames/vt-cro/robogames_pi/car_robot_ws/install/serial/lib/python3.12/site-packages'
[1.538s] Level 1:colcon.colcon_core.environment:checking '/home/robogames/vt-cro/robogames_pi/car_robot_ws/install/serial/bin'
[1.538s] Level 1:colcon.colcon_core.shell:create_environment_hook('serial', 'pythonscriptspath')
[1.538s] INFO:colcon.colcon_core.shell:Creating environment hook '/home/robogames/vt-cro/robogames_pi/car_robot_ws/install/serial/share/serial/hook/pythonscriptspath.ps1'
[1.539s] INFO:colcon.colcon_core.shell:Creating environment descriptor '/home/robogames/vt-cro/robogames_pi/car_robot_ws/install/serial/share/serial/hook/pythonscriptspath.dsv'
[1.540s] INFO:colcon.colcon_core.shell:Creating environment hook '/home/robogames/vt-cro/robogames_pi/car_robot_ws/install/serial/share/serial/hook/pythonscriptspath.sh'
[1.543s] INFO:colcon.colcon_core.shell:Creating package script '/home/robogames/vt-cro/robogames_pi/car_robot_ws/install/serial/share/serial/package.ps1'
[1.546s] INFO:colcon.colcon_core.shell:Creating package descriptor '/home/robogames/vt-cro/robogames_pi/car_robot_ws/install/serial/share/serial/package.dsv'
[1.549s] INFO:colcon.colcon_core.shell:Creating package script '/home/robogames/vt-cro/robogames_pi/car_robot_ws/install/serial/share/serial/package.sh'
[1.550s] INFO:colcon.colcon_core.shell:Creating package script '/home/robogames/vt-cro/robogames_pi/car_robot_ws/install/serial/share/serial/package.bash'
[1.551s] INFO:colcon.colcon_core.shell:Creating package script '/home/robogames/vt-cro/robogames_pi/car_robot_ws/install/serial/share/serial/package.zsh'
[1.552s] Level 1:colcon.colcon_core.environment:create_file_with_runtime_dependencies(/home/robogames/vt-cro/robogames_pi/car_robot_ws/install/serial/share/colcon-core/packages/serial)
[1.605s] DEBUG:colcon.colcon_core.event_handler.log_command:Invoked command in '/home/robogames/vt-cro/robogames_pi/car_robot_ws/build/articubot_one' returned '0': CMAKE_PREFIX_PATH=/opt/ros/jazzy:${CMAKE_PREFIX_PATH} DEBUGINFOD_URLS=https://debuginfod.ubuntu.com /usr/bin/cmake --build /home/robogames/vt-cro/robogames_pi/car_robot_ws/build/articubot_one -- -j4 -l4
[1.610s] DEBUG:colcon.colcon_core.event_handler.log_command:Invoking command in '/home/robogames/vt-cro/robogames_pi/car_robot_ws/build/articubot_one': CMAKE_PREFIX_PATH=/opt/ros/jazzy:${CMAKE_PREFIX_PATH} DEBUGINFOD_URLS=https://debuginfod.ubuntu.com /usr/bin/cmake --install /home/robogames/vt-cro/robogames_pi/car_robot_ws/build/articubot_one
[1.640s] Level 1:colcon.colcon_core.environment:create_environment_scripts_only(articubot_one)
[1.641s] Level 1:colcon.colcon_core.environment:checking '/home/robogames/vt-cro/robogames_pi/car_robot_ws/install/articubot_one' for CMake module files
[1.641s] DEBUG:colcon.colcon_core.event_handler.log_command:Invoked command in '/home/robogames/vt-cro/robogames_pi/car_robot_ws/build/articubot_one' returned '0': CMAKE_PREFIX_PATH=/opt/ros/jazzy:${CMAKE_PREFIX_PATH} DEBUGINFOD_URLS=https://debuginfod.ubuntu.com /usr/bin/cmake --install /home/robogames/vt-cro/robogames_pi/car_robot_ws/build/articubot_one
[1.643s] Level 1:colcon.colcon_core.environment:checking '/home/robogames/vt-cro/robogames_pi/car_robot_ws/install/articubot_one' for CMake config files
[1.644s] Level 1:colcon.colcon_core.shell:create_environment_hook('articubot_one', 'cmake_prefix_path')
[1.644s] INFO:colcon.colcon_core.shell:Creating environment hook '/home/robogames/vt-cro/robogames_pi/car_robot_ws/install/articubot_one/share/articubot_one/hook/cmake_prefix_path.ps1'
[1.645s] INFO:colcon.colcon_core.shell:Creating environment descriptor '/home/robogames/vt-cro/robogames_pi/car_robot_ws/install/articubot_one/share/articubot_one/hook/cmake_prefix_path.dsv'
[1.646s] INFO:colcon.colcon_core.shell:Creating environment hook '/home/robogames/vt-cro/robogames_pi/car_robot_ws/install/articubot_one/share/articubot_one/hook/cmake_prefix_path.sh'
[1.648s] Level 1:colcon.colcon_core.environment:checking '/home/robogames/vt-cro/robogames_pi/car_robot_ws/install/articubot_one/lib'
[1.648s] Level 1:colcon.colcon_core.environment:checking '/home/robogames/vt-cro/robogames_pi/car_robot_ws/install/articubot_one/bin'
[1.648s] Level 1:colcon.colcon_core.environment:checking '/home/robogames/vt-cro/robogames_pi/car_robot_ws/install/articubot_one/lib/pkgconfig/articubot_one.pc'
[1.649s] Level 1:colcon.colcon_core.environment:checking '/home/robogames/vt-cro/robogames_pi/car_robot_ws/install/articubot_one/lib/python3.12/site-packages'
[1.649s] Level 1:colcon.colcon_core.environment:checking '/home/robogames/vt-cro/robogames_pi/car_robot_ws/install/articubot_one/bin'
[1.649s] INFO:colcon.colcon_core.shell:Creating package script '/home/robogames/vt-cro/robogames_pi/car_robot_ws/install/articubot_one/share/articubot_one/package.ps1'
[1.650s] INFO:colcon.colcon_core.shell:Creating package descriptor '/home/robogames/vt-cro/robogames_pi/car_robot_ws/install/articubot_one/share/articubot_one/package.dsv'
[1.652s] INFO:colcon.colcon_core.shell:Creating package script '/home/robogames/vt-cro/robogames_pi/car_robot_ws/install/articubot_one/share/articubot_one/package.sh'
[1.653s] INFO:colcon.colcon_core.shell:Creating package script '/home/robogames/vt-cro/robogames_pi/car_robot_ws/install/articubot_one/share/articubot_one/package.bash'
[1.657s] INFO:colcon.colcon_core.shell:Creating package script '/home/robogames/vt-cro/robogames_pi/car_robot_ws/install/articubot_one/share/articubot_one/package.zsh'
[1.658s] Level 1:colcon.colcon_core.environment:create_file_with_runtime_dependencies(/home/robogames/vt-cro/robogames_pi/car_robot_ws/install/articubot_one/share/colcon-core/packages/articubot_one)
[1.659s] Level 1:colcon.colcon_core.environment:create_environment_scripts_only(articubot_one)
[1.659s] Level 1:colcon.colcon_core.environment:checking '/home/robogames/vt-cro/robogames_pi/car_robot_ws/install/articubot_one' for CMake module files
[1.660s] Level 1:colcon.colcon_core.environment:checking '/home/robogames/vt-cro/robogames_pi/car_robot_ws/install/articubot_one' for CMake config files
[1.661s] Level 1:colcon.colcon_core.shell:create_environment_hook('articubot_one', 'cmake_prefix_path')
[1.661s] INFO:colcon.colcon_core.shell:Creating environment hook '/home/robogames/vt-cro/robogames_pi/car_robot_ws/install/articubot_one/share/articubot_one/hook/cmake_prefix_path.ps1'
[1.662s] INFO:colcon.colcon_core.shell:Creating environment descriptor '/home/robogames/vt-cro/robogames_pi/car_robot_ws/install/articubot_one/share/articubot_one/hook/cmake_prefix_path.dsv'
[1.662s] INFO:colcon.colcon_core.shell:Creating environment hook '/home/robogames/vt-cro/robogames_pi/car_robot_ws/install/articubot_one/share/articubot_one/hook/cmake_prefix_path.sh'
[1.663s] Level 1:colcon.colcon_core.environment:checking '/home/robogames/vt-cro/robogames_pi/car_robot_ws/install/articubot_one/lib'
[1.664s] Level 1:colcon.colcon_core.environment:checking '/home/robogames/vt-cro/robogames_pi/car_robot_ws/install/articubot_one/bin'
[1.664s] Level 1:colcon.colcon_core.environment:checking '/home/robogames/vt-cro/robogames_pi/car_robot_ws/install/articubot_one/lib/pkgconfig/articubot_one.pc'
[1.664s] Level 1:colcon.colcon_core.environment:checking '/home/robogames/vt-cro/robogames_pi/car_robot_ws/install/articubot_one/lib/python3.12/site-packages'
[1.664s] Level 1:colcon.colcon_core.environment:checking '/home/robogames/vt-cro/robogames_pi/car_robot_ws/install/articubot_one/bin'
[1.665s] INFO:colcon.colcon_core.shell:Creating package script '/home/robogames/vt-cro/robogames_pi/car_robot_ws/install/articubot_one/share/articubot_one/package.ps1'
[1.666s] INFO:colcon.colcon_core.shell:Creating package descriptor '/home/robogames/vt-cro/robogames_pi/car_robot_ws/install/articubot_one/share/articubot_one/package.dsv'
[1.666s] INFO:colcon.colcon_core.shell:Creating package script '/home/robogames/vt-cro/robogames_pi/car_robot_ws/install/articubot_one/share/articubot_one/package.sh'
[1.667s] INFO:colcon.colcon_core.shell:Creating package script '/home/robogames/vt-cro/robogames_pi/car_robot_ws/install/articubot_one/share/articubot_one/package.bash'
[1.668s] INFO:colcon.colcon_core.shell:Creating package script '/home/robogames/vt-cro/robogames_pi/car_robot_ws/install/articubot_one/share/articubot_one/package.zsh'
[1.669s] Level 1:colcon.colcon_core.environment:create_file_with_runtime_dependencies(/home/robogames/vt-cro/robogames_pi/car_robot_ws/install/articubot_one/share/colcon-core/packages/articubot_one)
[1.670s] DEBUG:colcon.colcon_parallel_executor.executor.parallel:closing loop
[1.670s] DEBUG:colcon.colcon_parallel_executor.executor.parallel:loop closed
[1.670s] DEBUG:colcon.colcon_parallel_executor.executor.parallel:run_until_complete finished with '0'
[1.670s] DEBUG:colcon.colcon_core.event_reactor:joining thread
[1.685s] INFO:colcon.colcon_core.plugin_system:Skipping extension 'colcon_notification.desktop_notification.terminal_notifier': Not used on non-Darwin systems
[1.685s] INFO:colcon.colcon_core.plugin_system:Skipping extension 'colcon_notification.desktop_notification.win32': Not used on non-Windows systems
[1.685s] INFO:colcon.colcon_notification.desktop_notification:Sending desktop notification using 'notify2'
[1.725s] DEBUG:colcon.colcon_core.event_reactor:joined thread
[1.726s] INFO:colcon.colcon_core.shell:Creating prefix script '/home/robogames/vt-cro/robogames_pi/car_robot_ws/install/local_setup.ps1'
[1.727s] INFO:colcon.colcon_core.shell:Creating prefix util module '/home/robogames/vt-cro/robogames_pi/car_robot_ws/install/_local_setup_util_ps1.py'
[1.730s] INFO:colcon.colcon_core.shell:Creating prefix chain script '/home/robogames/vt-cro/robogames_pi/car_robot_ws/install/setup.ps1'
[1.732s] INFO:colcon.colcon_core.shell:Creating prefix script '/home/robogames/vt-cro/robogames_pi/car_robot_ws/install/local_setup.sh'
[1.734s] INFO:colcon.colcon_core.shell:Creating prefix util module '/home/robogames/vt-cro/robogames_pi/car_robot_ws/install/_local_setup_util_sh.py'
[1.735s] INFO:colcon.colcon_core.shell:Creating prefix chain script '/home/robogames/vt-cro/robogames_pi/car_robot_ws/install/setup.sh'
[1.740s] INFO:colcon.colcon_core.shell:Creating prefix script '/home/robogames/vt-cro/robogames_pi/car_robot_ws/install/local_setup.bash'
[1.744s] INFO:colcon.colcon_core.shell:Creating prefix chain script '/home/robogames/vt-cro/robogames_pi/car_robot_ws/install/setup.bash'
[1.747s] INFO:colcon.colcon_core.shell:Creating prefix script '/home/robogames/vt-cro/robogames_pi/car_robot_ws/install/local_setup.zsh'
[1.748s] INFO:colcon.colcon_core.shell:Creating prefix chain script '/home/robogames/vt-cro/robogames_pi/car_robot_ws/install/setup.zsh'
