[0.125s] Invoking command in '/home/robogames/vt-cro/robogames_pi/car_robot_ws/build/serial': DEBUGINFOD_URLS=https://debuginfod.ubuntu.com /usr/bin/cmake --build /home/robogames/vt-cro/robogames_pi/car_robot_ws/build/serial -- -j4 -l4
[0.588s] [ 66%] Built target serial
[0.798s] [100%] Built target serial_example
[0.882s] Invoked command in '/home/robogames/vt-cro/robogames_pi/car_robot_ws/build/serial' returned '0': DEBUGINFOD_URLS=https://debuginfod.ubuntu.com /usr/bin/cmake --build /home/robogames/vt-cro/robogames_pi/car_robot_ws/build/serial -- -j4 -l4
[0.978s] Invoking command in '/home/robogames/vt-cro/robogames_pi/car_robot_ws/build/serial': DEBUGINFOD_URLS=https://debuginfod.ubuntu.com /usr/bin/cmake --install /home/robogames/vt-cro/robogames_pi/car_robot_ws/build/serial
[1.100s] -- Install configuration: ""
[1.113s] -- Up-to-date: /home/robogames/vt-cro/robogames_pi/car_robot_ws/install/serial/lib/libserial.a
[1.122s] -- Up-to-date: /home/robogames/vt-cro/robogames_pi/car_robot_ws/install/serial/bin/serial_example
[1.130s] -- Up-to-date: /home/robogames/vt-cro/robogames_pi/car_robot_ws/install/serial/include/serial
[1.130s] -- Up-to-date: /home/robogames/vt-cro/robogames_pi/car_robot_ws/install/serial/include/serial/serial.h
[1.142s] -- Up-to-date: /home/robogames/vt-cro/robogames_pi/car_robot_ws/install/serial/include/serial/impl
[1.143s] -- Up-to-date: /home/robogames/vt-cro/robogames_pi/car_robot_ws/install/serial/include/serial/impl/win.h
[1.143s] -- Up-to-date: /home/robogames/vt-cro/robogames_pi/car_robot_ws/install/serial/include/serial/impl/unix.h
[1.143s] -- Up-to-date: /home/robogames/vt-cro/robogames_pi/car_robot_ws/install/serial/include/serial/v8stdint.h
[1.143s] -- Up-to-date: /home/robogames/vt-cro/robogames_pi/car_robot_ws/install/serial/share/serial/environment/library_path.sh
[1.143s] -- Up-to-date: /home/robogames/vt-cro/robogames_pi/car_robot_ws/install/serial/share/serial/environment/library_path.dsv
[1.143s] -- Up-to-date: /home/robogames/vt-cro/robogames_pi/car_robot_ws/install/serial/share/ament_index/resource_index/package_run_dependencies/serial
[1.144s] -- Up-to-date: /home/robogames/vt-cro/robogames_pi/car_robot_ws/install/serial/share/ament_index/resource_index/parent_prefix_path/serial
[1.144s] -- Up-to-date: /home/robogames/vt-cro/robogames_pi/car_robot_ws/install/serial/share/serial/environment/ament_prefix_path.sh
[1.144s] -- Up-to-date: /home/robogames/vt-cro/robogames_pi/car_robot_ws/install/serial/share/serial/environment/ament_prefix_path.dsv
[1.144s] -- Up-to-date: /home/robogames/vt-cro/robogames_pi/car_robot_ws/install/serial/share/serial/environment/path.sh
[1.144s] -- Up-to-date: /home/robogames/vt-cro/robogames_pi/car_robot_ws/install/serial/share/serial/environment/path.dsv
[1.159s] -- Up-to-date: /home/robogames/vt-cro/robogames_pi/car_robot_ws/install/serial/share/serial/local_setup.bash
[1.162s] -- Up-to-date: /home/robogames/vt-cro/robogames_pi/car_robot_ws/install/serial/share/serial/local_setup.sh
[1.168s] -- Up-to-date: /home/robogames/vt-cro/robogames_pi/car_robot_ws/install/serial/share/serial/local_setup.zsh
[1.169s] -- Up-to-date: /home/robogames/vt-cro/robogames_pi/car_robot_ws/install/serial/share/serial/local_setup.dsv
[1.169s] -- Installing: /home/robogames/vt-cro/robogames_pi/car_robot_ws/install/serial/share/serial/package.dsv
[1.169s] -- Up-to-date: /home/robogames/vt-cro/robogames_pi/car_robot_ws/install/serial/share/ament_index/resource_index/packages/serial
[1.169s] -- Up-to-date: /home/robogames/vt-cro/robogames_pi/car_robot_ws/install/serial/share/serial/cmake/ament_cmake_export_include_directories-extras.cmake
[1.169s] -- Up-to-date: /home/robogames/vt-cro/robogames_pi/car_robot_ws/install/serial/share/serial/cmake/ament_cmake_export_libraries-extras.cmake
[1.169s] -- Up-to-date: /home/robogames/vt-cro/robogames_pi/car_robot_ws/install/serial/share/serial/cmake/serialConfig.cmake
[1.170s] -- Up-to-date: /home/robogames/vt-cro/robogames_pi/car_robot_ws/install/serial/share/serial/cmake/serialConfig-version.cmake
[1.170s] -- Up-to-date: /home/robogames/vt-cro/robogames_pi/car_robot_ws/install/serial/share/serial/package.xml
[1.191s] Invoked command in '/home/robogames/vt-cro/robogames_pi/car_robot_ws/build/serial' returned '0': DEBUGINFOD_URLS=https://debuginfod.ubuntu.com /usr/bin/cmake --install /home/robogames/vt-cro/robogames_pi/car_robot_ws/build/serial
