-- The C compiler identification is GNU 13.3.0
-- The CXX compiler identification is GNU 13.3.0
-- Detecting C compiler ABI info
-- Detecting C compiler ABI info - done
-- Check for working C compiler: /usr/bin/cc - skipped
-- Detecting C compile features
-- Detecting C compile features - done
-- Detecting CXX compiler ABI info
-- Detecting CXX compiler ABI info - done
-- Check for working CXX compiler: /usr/bin/c++ - skipped
-- Detecting CXX compile features
-- Detecting CXX compile features - done
-- Found ament_cmake: 2.5.3 (/opt/ros/jazzy/share/ament_cmake/cmake)
-- Found Python3: /home/robogames/ros2_python_venv/bin/python3 (found version "3.12.3") found components: Interpreter 
-- Override CMake install command with custom implementation using symlinks instead of copying resources
-- Found urdf: 2.10.0 (/opt/ros/jazzy/share/urdf/cmake)
-- Found TinyXML2 via Config file: /usr/lib/aarch64-linux-gnu/cmake/tinyxml2
-- Found ament_lint_auto: 0.17.1 (/opt/ros/jazzy/share/ament_lint_auto/cmake)
-- Added test 'copyright' to check source files copyright and LICENSE
-- Added test 'flake8' to check Python code syntax and style conventions
-- Configured 'flake8' exclude dirs and/or files: 
-- Added test 'lint_cmake' to check CMake code style
-- Added test 'pep257' to check Python code against some of the docstring style conventions in PEP 257
-- Added test 'xmllint' to check XML markup files
-- Configuring done (2.8s)
-- Generating done (0.0s)
-- Build files have been written to: /home/robogames/vt-cro/robogames_pi/yolobot/build/yolobot_description
-- Install configuration: ""
-- Execute custom install script
-- Symlinking: /home/robogames/vt-cro/robogames_pi/yolobot/install/yolobot_description/share/yolobot_description//launch/spawn_yolobot.py
-- Symlinking: /home/robogames/vt-cro/robogames_pi/yolobot/install/yolobot_description/share/yolobot_description//launch/spawn_yolobot_launch.launch.py
-- Symlinking: /home/robogames/vt-cro/robogames_pi/yolobot/install/yolobot_description/share/yolobot_description//robot/yolobot.urdf
-- Symlinking: /home/robogames/vt-cro/robogames_pi/yolobot/install/yolobot_description/lib/yolobot_description/spawn_yolobot.py
-- Symlinking: /home/robogames/vt-cro/robogames_pi/yolobot/install/yolobot_description/share/ament_index/resource_index/package_run_dependencies/yolobot_description
-- Symlinking: /home/robogames/vt-cro/robogames_pi/yolobot/install/yolobot_description/share/ament_index/resource_index/parent_prefix_path/yolobot_description
-- Symlinking: /home/robogames/vt-cro/robogames_pi/yolobot/install/yolobot_description/share/yolobot_description/environment/ament_prefix_path.sh
-- Symlinking: /home/robogames/vt-cro/robogames_pi/yolobot/install/yolobot_description/share/yolobot_description/environment/ament_prefix_path.dsv
-- Symlinking: /home/robogames/vt-cro/robogames_pi/yolobot/install/yolobot_description/share/yolobot_description/environment/path.sh
-- Symlinking: /home/robogames/vt-cro/robogames_pi/yolobot/install/yolobot_description/share/yolobot_description/environment/path.dsv
-- Symlinking: /home/robogames/vt-cro/robogames_pi/yolobot/install/yolobot_description/share/yolobot_description/local_setup.bash
-- Symlinking: /home/robogames/vt-cro/robogames_pi/yolobot/install/yolobot_description/share/yolobot_description/local_setup.sh
-- Symlinking: /home/robogames/vt-cro/robogames_pi/yolobot/install/yolobot_description/share/yolobot_description/local_setup.zsh
-- Symlinking: /home/robogames/vt-cro/robogames_pi/yolobot/install/yolobot_description/share/yolobot_description/local_setup.dsv
-- Symlinking: /home/robogames/vt-cro/robogames_pi/yolobot/install/yolobot_description/share/yolobot_description/package.dsv
-- Symlinking: /home/robogames/vt-cro/robogames_pi/yolobot/install/yolobot_description/share/ament_index/resource_index/packages/yolobot_description
-- Symlinking: /home/robogames/vt-cro/robogames_pi/yolobot/install/yolobot_description/share/yolobot_description/cmake/yolobot_descriptionConfig.cmake
-- Symlinking: /home/robogames/vt-cro/robogames_pi/yolobot/install/yolobot_description/share/yolobot_description/cmake/yolobot_descriptionConfig-version.cmake
-- Symlinking: /home/robogames/vt-cro/robogames_pi/yolobot/install/yolobot_description/share/yolobot_description/package.xml
