[0.038s] Invoking command in '/home/robogames/vt-cro/robogames_pi/yolobot/build/yolov8_msgs': CMAKE_PREFIX_PATH=/home/robogames/vt-cro/robogames_pi/car_robot_ws/install/opencv_tools:/home/robogames/vt-cro/robogames_pi/car_robot_ws/install/object_detection:/opt/ros/jazzy:${CMAKE_PREFIX_PATH} DEBUGINFOD_URLS=https://debuginfod.ubuntu.com PS1=(ros2_python_venv) \[\e]0;\u@\h: \w\a\]${debian_chroot:+($debian_chroot)}\[\033[01;32m\]\u@\h\[\033[00m\]:\[\033[01;34m\]\w\[\033[00m\]\$ VIRTUAL_ENV_PROMPT=(ros2_python_venv) /usr/bin/cmake /home/robogames/vt-cro/robogames_pi/yolobot/src/yolov8_msgs -DAMENT_CMAKE_SYMLINK_INSTALL=1 -DCMAKE_INSTALL_PREFIX=/home/robogames/vt-cro/robogames_pi/yolobot/install/yolov8_msgs
[0.150s] -- The C compiler identification is GNU 13.3.0
[0.253s] -- The CXX compiler identification is GNU 13.3.0
[0.283s] -- Detecting C compiler ABI info
[0.456s] -- Detecting C compiler ABI info - done
[0.473s] -- Check for working C compiler: /usr/bin/cc - skipped
[0.473s] -- Detecting C compile features
[0.473s] -- Detecting C compile features - done
[0.488s] -- Detecting CXX compiler ABI info
[0.679s] -- Detecting CXX compiler ABI info - done
[0.695s] -- Check for working CXX compiler: /usr/bin/c++ - skipped
[0.695s] -- Detecting CXX compile features
[0.696s] -- Detecting CXX compile features - done
[0.700s] -- Found ament_cmake: 2.5.3 (/opt/ros/jazzy/share/ament_cmake/cmake)
[0.930s] -- Found Python3: /home/robogames/ros2_python_venv/bin/python3 (found version "3.12.3") found components: Interpreter 
[1.052s] -- Override CMake install command with custom implementation using symlinks instead of copying resources
[1.107s] -- Found std_msgs: 5.3.5 (/opt/ros/jazzy/share/std_msgs/cmake)
[1.193s] -- Found rosidl_generator_c: 4.6.5 (/opt/ros/jazzy/share/rosidl_generator_c/cmake)
[1.223s] -- Found rosidl_generator_cpp: 4.6.5 (/opt/ros/jazzy/share/rosidl_generator_cpp/cmake)
[1.261s] -- Using all available rosidl_typesupport_c: rosidl_typesupport_fastrtps_c;rosidl_typesupport_introspection_c
[1.297s] -- Using all available rosidl_typesupport_cpp: rosidl_typesupport_fastrtps_cpp;rosidl_typesupport_introspection_cpp
[1.362s] -- Found rosidl_default_generators: 1.6.0 (/opt/ros/jazzy/share/rosidl_default_generators/cmake)
[1.393s] -- Found rosidl_adapter: 4.6.5 (/opt/ros/jazzy/share/rosidl_adapter/cmake)
[2.406s] -- Found ament_cmake_ros: 0.12.0 (/opt/ros/jazzy/share/ament_cmake_ros/cmake)
[3.664s] -- Using all available rosidl_typesupport_c: rosidl_typesupport_fastrtps_c;rosidl_typesupport_introspection_c
[4.160s] -- Using all available rosidl_typesupport_cpp: rosidl_typesupport_fastrtps_cpp;rosidl_typesupport_introspection_cpp
[4.166s] -- Found python_cmake_module: 0.11.1 (/opt/ros/jazzy/share/python_cmake_module/cmake)
[4.389s] -- Found PythonExtra: /home/robogames/ros2_python_venv/bin/python3  
[5.119s] -- Found Python3: /home/robogames/ros2_python_venv/bin/python3 (found version "3.12.3") found components: Interpreter Development NumPy Development.Module Development.Embed 
[5.200s] -- Found ament_lint_auto: 0.17.1 (/opt/ros/jazzy/share/ament_lint_auto/cmake)
[5.245s] -- Added test 'copyright' to check source files copyright and LICENSE
[5.248s] -- Added test 'lint_cmake' to check CMake code style
[5.249s] -- Added test 'xmllint' to check XML markup files
[5.255s] -- Configuring done (5.2s)
[5.313s] -- Generating done (0.0s)
[5.329s] -- Build files have been written to: /home/robogames/vt-cro/robogames_pi/yolobot/build/yolov8_msgs
[5.353s] Invoked command in '/home/robogames/vt-cro/robogames_pi/yolobot/build/yolov8_msgs' returned '0': CMAKE_PREFIX_PATH=/home/robogames/vt-cro/robogames_pi/car_robot_ws/install/opencv_tools:/home/robogames/vt-cro/robogames_pi/car_robot_ws/install/object_detection:/opt/ros/jazzy:${CMAKE_PREFIX_PATH} DEBUGINFOD_URLS=https://debuginfod.ubuntu.com PS1=(ros2_python_venv) \[\e]0;\u@\h: \w\a\]${debian_chroot:+($debian_chroot)}\[\033[01;32m\]\u@\h\[\033[00m\]:\[\033[01;34m\]\w\[\033[00m\]\$ VIRTUAL_ENV_PROMPT=(ros2_python_venv) /usr/bin/cmake /home/robogames/vt-cro/robogames_pi/yolobot/src/yolov8_msgs -DAMENT_CMAKE_SYMLINK_INSTALL=1 -DCMAKE_INSTALL_PREFIX=/home/robogames/vt-cro/robogames_pi/yolobot/install/yolov8_msgs
[5.355s] Invoking command in '/home/robogames/vt-cro/robogames_pi/yolobot/build/yolov8_msgs': CMAKE_PREFIX_PATH=/home/robogames/vt-cro/robogames_pi/car_robot_ws/install/opencv_tools:/home/robogames/vt-cro/robogames_pi/car_robot_ws/install/object_detection:/opt/ros/jazzy:${CMAKE_PREFIX_PATH} DEBUGINFOD_URLS=https://debuginfod.ubuntu.com PS1=(ros2_python_venv) \[\e]0;\u@\h: \w\a\]${debian_chroot:+($debian_chroot)}\[\033[01;32m\]\u@\h\[\033[00m\]:\[\033[01;34m\]\w\[\033[00m\]\$ VIRTUAL_ENV_PROMPT=(ros2_python_venv) /usr/bin/cmake --build /home/robogames/vt-cro/robogames_pi/yolobot/build/yolov8_msgs -- -j4 -l4
[5.457s] [  2%] [34m[1mGenerating type hashes for ROS interfaces[0m
[5.475s] [  2%] Built target ament_cmake_python_symlink_yolov8_msgs
[5.795s] [  2%] Built target yolov8_msgs__rosidl_generator_type_description
[5.816s] [  4%] [34m[1mGenerating C code for ROS interfaces[0m
[5.842s] [  6%] [34m[1mGenerating C++ code for ROS interfaces[0m
[5.892s] running egg_info
[5.894s] creating yolov8_msgs.egg-info
[5.941s] writing yolov8_msgs.egg-info/PKG-INFO
[5.941s] writing dependency_links to yolov8_msgs.egg-info/dependency_links.txt
[5.941s] writing top-level names to yolov8_msgs.egg-info/top_level.txt
[5.941s] writing manifest file 'yolov8_msgs.egg-info/SOURCES.txt'
[6.070s] reading manifest file 'yolov8_msgs.egg-info/SOURCES.txt'
[6.070s] writing manifest file 'yolov8_msgs.egg-info/SOURCES.txt'
[6.156s] [  6%] Built target ament_cmake_python_build_yolov8_msgs_egg
[6.341s] [  6%] Built target yolov8_msgs__cpp
[6.418s] [ 15%] [32mBuilding C object CMakeFiles/yolov8_msgs__rosidl_generator_c.dir/rosidl_generator_c/yolov8_msgs/msg/detail/inference_result__functions.c.o[0m
[6.418s] [ 15%] [32mBuilding C object CMakeFiles/yolov8_msgs__rosidl_generator_c.dir/rosidl_generator_c/yolov8_msgs/msg/detail/yolov8_inference__description.c.o[0m
[6.418s] [ 15%] [32mBuilding C object CMakeFiles/yolov8_msgs__rosidl_generator_c.dir/rosidl_generator_c/yolov8_msgs/msg/detail/inference_result__description.c.o[0m
[6.418s] [ 15%] [32mBuilding C object CMakeFiles/yolov8_msgs__rosidl_generator_c.dir/rosidl_generator_c/yolov8_msgs/msg/detail/inference_result__type_support.c.o[0m
[6.527s] [ 18%] [32mBuilding C object CMakeFiles/yolov8_msgs__rosidl_generator_c.dir/rosidl_generator_c/yolov8_msgs/msg/detail/yolov8_inference__functions.c.o[0m
[6.542s] [ 20%] [32mBuilding C object CMakeFiles/yolov8_msgs__rosidl_generator_c.dir/rosidl_generator_c/yolov8_msgs/msg/detail/yolov8_inference__type_support.c.o[0m
[6.620s] [ 22%] [32m[1mLinking C shared library libyolov8_msgs__rosidl_generator_c.so[0m
[6.709s] [ 22%] Built target yolov8_msgs__rosidl_generator_c
[6.734s] [ 31%] [34m[1mGenerating C++ introspection for ROS interfaces[0m
[6.736s] [ 31%] [34m[1mGenerating C type support dispatch for ROS interfaces[0m
[6.736s] [ 31%] [34m[1mGenerating C type support for eProsima Fast-RTPS[0m
[6.737s] [ 31%] [34m[1mGenerating C++ type support dispatch for ROS interfaces[0m
[7.235s] [ 34%] [32mBuilding CXX object CMakeFiles/yolov8_msgs__rosidl_typesupport_c.dir/rosidl_typesupport_c/yolov8_msgs/msg/inference_result__type_support.cpp.o[0m
[7.273s] [ 36%] [32mBuilding CXX object CMakeFiles/yolov8_msgs__rosidl_typesupport_cpp.dir/rosidl_typesupport_cpp/yolov8_msgs/msg/inference_result__type_support.cpp.o[0m
[7.305s] [ 38%] [32mBuilding CXX object CMakeFiles/yolov8_msgs__rosidl_typesupport_introspection_cpp.dir/rosidl_typesupport_introspection_cpp/yolov8_msgs/msg/detail/inference_result__type_support.cpp.o[0m
[7.359s] [ 40%] [32mBuilding CXX object CMakeFiles/yolov8_msgs__rosidl_typesupport_c.dir/rosidl_typesupport_c/yolov8_msgs/msg/yolov8_inference__type_support.cpp.o[0m
[7.384s] [ 43%] [32mBuilding CXX object CMakeFiles/yolov8_msgs__rosidl_typesupport_fastrtps_c.dir/rosidl_typesupport_fastrtps_c/yolov8_msgs/msg/detail/inference_result__type_support_c.cpp.o[0m
[7.448s] [ 45%] [32m[1mLinking CXX shared library libyolov8_msgs__rosidl_typesupport_c.so[0m
[7.553s] [ 45%] Built target yolov8_msgs__rosidl_typesupport_c
[7.576s] [ 47%] [32mBuilding CXX object CMakeFiles/yolov8_msgs__rosidl_typesupport_introspection_cpp.dir/rosidl_typesupport_introspection_cpp/yolov8_msgs/msg/detail/yolov8_inference__type_support.cpp.o[0m
[8.028s] [ 50%] [32mBuilding CXX object CMakeFiles/yolov8_msgs__rosidl_typesupport_cpp.dir/rosidl_typesupport_cpp/yolov8_msgs/msg/yolov8_inference__type_support.cpp.o[0m
[8.040s] [ 52%] [34m[1mGenerating C++ type support for eProsima Fast-RTPS[0m
[8.371s] [ 54%] [32m[1mLinking CXX shared library libyolov8_msgs__rosidl_typesupport_introspection_cpp.so[0m
[8.454s] [ 56%] [32mBuilding CXX object CMakeFiles/yolov8_msgs__rosidl_typesupport_fastrtps_c.dir/rosidl_typesupport_fastrtps_c/yolov8_msgs/msg/detail/yolov8_inference__type_support_c.cpp.o[0m
[8.631s] [ 56%] Built target yolov8_msgs__rosidl_typesupport_introspection_cpp
[8.657s] [ 59%] [34m[1mGenerating C introspection for ROS interfaces[0m
[8.733s] [ 61%] [32mBuilding CXX object CMakeFiles/yolov8_msgs__rosidl_typesupport_fastrtps_cpp.dir/rosidl_typesupport_fastrtps_cpp/yolov8_msgs/msg/detail/dds_fastrtps/inference_result__type_support.cpp.o[0m
[8.757s] [ 63%] [32m[1mLinking CXX shared library libyolov8_msgs__rosidl_typesupport_cpp.so[0m
[8.858s] [ 63%] Built target yolov8_msgs__rosidl_typesupport_cpp
[8.885s] [ 65%] [32mBuilding CXX object CMakeFiles/yolov8_msgs__rosidl_typesupport_fastrtps_cpp.dir/rosidl_typesupport_fastrtps_cpp/yolov8_msgs/msg/detail/dds_fastrtps/yolov8_inference__type_support.cpp.o[0m
[9.285s] [ 68%] [32mBuilding C object CMakeFiles/yolov8_msgs__rosidl_typesupport_introspection_c.dir/rosidl_typesupport_introspection_c/yolov8_msgs/msg/detail/inference_result__type_support.c.o[0m
[9.373s] [ 70%] [32mBuilding C object CMakeFiles/yolov8_msgs__rosidl_typesupport_introspection_c.dir/rosidl_typesupport_introspection_c/yolov8_msgs/msg/detail/yolov8_inference__type_support.c.o[0m
[9.475s] [ 72%] [32m[1mLinking C shared library libyolov8_msgs__rosidl_typesupport_introspection_c.so[0m
[9.541s] [ 75%] [32m[1mLinking CXX shared library libyolov8_msgs__rosidl_typesupport_fastrtps_c.so[0m
[9.560s] [ 75%] Built target yolov8_msgs__rosidl_typesupport_introspection_c
[9.744s] [ 75%] Built target yolov8_msgs__rosidl_typesupport_fastrtps_c
[9.900s] [ 77%] [32m[1mLinking CXX shared library libyolov8_msgs__rosidl_typesupport_fastrtps_cpp.so[0m
[10.066s] [ 77%] Built target yolov8_msgs__rosidl_typesupport_fastrtps_cpp
[10.110s] [ 77%] Built target yolov8_msgs
[10.152s] [ 79%] [34m[1mGenerating Python code for ROS interfaces[0m
[10.662s] [ 79%] Built target yolov8_msgs__py
[10.705s] [ 84%] [32mBuilding C object CMakeFiles/yolov8_msgs__rosidl_generator_py.dir/rosidl_generator_py/yolov8_msgs/msg/_inference_result_s.c.o[0m
[10.705s] [ 84%] [32mBuilding C object CMakeFiles/yolov8_msgs__rosidl_generator_py.dir/rosidl_generator_py/yolov8_msgs/msg/_yolov8_inference_s.c.o[0m
[10.999s] [ 86%] [32m[1mLinking C shared library libyolov8_msgs__rosidl_generator_py.so[0m
[11.088s] [ 86%] Built target yolov8_msgs__rosidl_generator_py
[11.132s] [ 93%] [32mBuilding C object CMakeFiles/yolov8_msgs_s__rosidl_typesupport_introspection_c.dir/rosidl_generator_py/yolov8_msgs/_yolov8_msgs_s.ep.rosidl_typesupport_introspection_c.c.o[0m
[11.132s] [ 93%] [32mBuilding C object CMakeFiles/yolov8_msgs_s__rosidl_typesupport_fastrtps_c.dir/rosidl_generator_py/yolov8_msgs/_yolov8_msgs_s.ep.rosidl_typesupport_fastrtps_c.c.o[0m
[11.132s] [ 93%] [32mBuilding C object CMakeFiles/yolov8_msgs_s__rosidl_typesupport_c.dir/rosidl_generator_py/yolov8_msgs/_yolov8_msgs_s.ep.rosidl_typesupport_c.c.o[0m
[11.323s] [ 97%] [32m[1mLinking C shared module rosidl_generator_py/yolov8_msgs/yolov8_msgs_s__rosidl_typesupport_c.so[0m
[11.323s] [ 97%] [32m[1mLinking C shared module rosidl_generator_py/yolov8_msgs/yolov8_msgs_s__rosidl_typesupport_introspection_c.so[0m
[11.333s] [100%] [32m[1mLinking C shared module rosidl_generator_py/yolov8_msgs/yolov8_msgs_s__rosidl_typesupport_fastrtps_c.so[0m
[11.388s] [100%] Built target yolov8_msgs_s__rosidl_typesupport_introspection_c
[11.389s] [100%] Built target yolov8_msgs_s__rosidl_typesupport_c
[11.403s] [100%] Built target yolov8_msgs_s__rosidl_typesupport_fastrtps_c
[11.427s] Invoked command in '/home/robogames/vt-cro/robogames_pi/yolobot/build/yolov8_msgs' returned '0': CMAKE_PREFIX_PATH=/home/robogames/vt-cro/robogames_pi/car_robot_ws/install/opencv_tools:/home/robogames/vt-cro/robogames_pi/car_robot_ws/install/object_detection:/opt/ros/jazzy:${CMAKE_PREFIX_PATH} DEBUGINFOD_URLS=https://debuginfod.ubuntu.com PS1=(ros2_python_venv) \[\e]0;\u@\h: \w\a\]${debian_chroot:+($debian_chroot)}\[\033[01;32m\]\u@\h\[\033[00m\]:\[\033[01;34m\]\w\[\033[00m\]\$ VIRTUAL_ENV_PROMPT=(ros2_python_venv) /usr/bin/cmake --build /home/robogames/vt-cro/robogames_pi/yolobot/build/yolov8_msgs -- -j4 -l4
[11.430s] Invoking command in '/home/robogames/vt-cro/robogames_pi/yolobot/build/yolov8_msgs': CMAKE_PREFIX_PATH=/home/robogames/vt-cro/robogames_pi/car_robot_ws/install/opencv_tools:/home/robogames/vt-cro/robogames_pi/car_robot_ws/install/object_detection:/opt/ros/jazzy:${CMAKE_PREFIX_PATH} DEBUGINFOD_URLS=https://debuginfod.ubuntu.com PS1=(ros2_python_venv) \[\e]0;\u@\h: \w\a\]${debian_chroot:+($debian_chroot)}\[\033[01;32m\]\u@\h\[\033[00m\]:\[\033[01;34m\]\w\[\033[00m\]\$ VIRTUAL_ENV_PROMPT=(ros2_python_venv) /usr/bin/cmake --install /home/robogames/vt-cro/robogames_pi/yolobot/build/yolov8_msgs
[11.448s] -- Install configuration: ""
[11.449s] -- Execute custom install script
[11.450s] -- Symlinking: /home/robogames/vt-cro/robogames_pi/yolobot/install/yolov8_msgs/share/ament_index/resource_index/rosidl_interfaces/yolov8_msgs
[11.469s] -- Symlinking: /home/robogames/vt-cro/robogames_pi/yolobot/install/yolov8_msgs/share/yolov8_msgs/msg/InferenceResult.json
[11.487s] -- Symlinking: /home/robogames/vt-cro/robogames_pi/yolobot/install/yolov8_msgs/share/yolov8_msgs/msg/Yolov8Inference.json
[11.507s] -- Symlinking: /home/robogames/vt-cro/robogames_pi/yolobot/install/yolov8_msgs/include/yolov8_msgs/yolov8_msgs/msg/detail/inference_result__functions.h
[11.526s] -- Symlinking: /home/robogames/vt-cro/robogames_pi/yolobot/install/yolov8_msgs/include/yolov8_msgs/yolov8_msgs/msg/detail/inference_result__struct.h
[11.546s] -- Symlinking: /home/robogames/vt-cro/robogames_pi/yolobot/install/yolov8_msgs/include/yolov8_msgs/yolov8_msgs/msg/detail/inference_result__type_support.h
[11.565s] -- Symlinking: /home/robogames/vt-cro/robogames_pi/yolobot/install/yolov8_msgs/include/yolov8_msgs/yolov8_msgs/msg/detail/yolov8_inference__functions.h
[11.585s] -- Symlinking: /home/robogames/vt-cro/robogames_pi/yolobot/install/yolov8_msgs/include/yolov8_msgs/yolov8_msgs/msg/detail/yolov8_inference__struct.h
[11.603s] -- Symlinking: /home/robogames/vt-cro/robogames_pi/yolobot/install/yolov8_msgs/include/yolov8_msgs/yolov8_msgs/msg/detail/yolov8_inference__type_support.h
[11.622s] -- Symlinking: /home/robogames/vt-cro/robogames_pi/yolobot/install/yolov8_msgs/include/yolov8_msgs/yolov8_msgs/msg/inference_result.h
[11.642s] -- Symlinking: /home/robogames/vt-cro/robogames_pi/yolobot/install/yolov8_msgs/include/yolov8_msgs/yolov8_msgs/msg/rosidl_generator_c__visibility_control.h
[11.662s] -- Symlinking: /home/robogames/vt-cro/robogames_pi/yolobot/install/yolov8_msgs/include/yolov8_msgs/yolov8_msgs/msg/yolov8_inference.h
[11.682s] -- Symlinking: /home/robogames/vt-cro/robogames_pi/yolobot/install/yolov8_msgs/share/yolov8_msgs/environment/library_path.sh
[11.701s] -- Symlinking: /home/robogames/vt-cro/robogames_pi/yolobot/install/yolov8_msgs/share/yolov8_msgs/environment/library_path.dsv
[11.720s] -- Symlinking: /home/robogames/vt-cro/robogames_pi/yolobot/install/yolov8_msgs/include/yolov8_msgs/yolov8_msgs/msg/detail/inference_result__rosidl_typesupport_fastrtps_c.h
[11.739s] -- Symlinking: /home/robogames/vt-cro/robogames_pi/yolobot/install/yolov8_msgs/include/yolov8_msgs/yolov8_msgs/msg/detail/yolov8_inference__rosidl_typesupport_fastrtps_c.h
[11.758s] -- Symlinking: /home/robogames/vt-cro/robogames_pi/yolobot/install/yolov8_msgs/include/yolov8_msgs/yolov8_msgs/msg/rosidl_typesupport_fastrtps_c__visibility_control.h
[11.778s] -- Symlinking: /home/robogames/vt-cro/robogames_pi/yolobot/install/yolov8_msgs/include/yolov8_msgs/yolov8_msgs/msg/detail/inference_result__builder.hpp
[11.797s] -- Symlinking: /home/robogames/vt-cro/robogames_pi/yolobot/install/yolov8_msgs/include/yolov8_msgs/yolov8_msgs/msg/detail/inference_result__struct.hpp
[11.817s] -- Symlinking: /home/robogames/vt-cro/robogames_pi/yolobot/install/yolov8_msgs/include/yolov8_msgs/yolov8_msgs/msg/detail/inference_result__traits.hpp
[11.837s] -- Symlinking: /home/robogames/vt-cro/robogames_pi/yolobot/install/yolov8_msgs/include/yolov8_msgs/yolov8_msgs/msg/detail/inference_result__type_support.hpp
[11.855s] -- Symlinking: /home/robogames/vt-cro/robogames_pi/yolobot/install/yolov8_msgs/include/yolov8_msgs/yolov8_msgs/msg/detail/yolov8_inference__builder.hpp
[11.874s] -- Symlinking: /home/robogames/vt-cro/robogames_pi/yolobot/install/yolov8_msgs/include/yolov8_msgs/yolov8_msgs/msg/detail/yolov8_inference__struct.hpp
[11.893s] -- Symlinking: /home/robogames/vt-cro/robogames_pi/yolobot/install/yolov8_msgs/include/yolov8_msgs/yolov8_msgs/msg/detail/yolov8_inference__traits.hpp
[11.913s] -- Symlinking: /home/robogames/vt-cro/robogames_pi/yolobot/install/yolov8_msgs/include/yolov8_msgs/yolov8_msgs/msg/detail/yolov8_inference__type_support.hpp
[11.933s] -- Symlinking: /home/robogames/vt-cro/robogames_pi/yolobot/install/yolov8_msgs/include/yolov8_msgs/yolov8_msgs/msg/inference_result.hpp
[11.951s] -- Symlinking: /home/robogames/vt-cro/robogames_pi/yolobot/install/yolov8_msgs/include/yolov8_msgs/yolov8_msgs/msg/rosidl_generator_cpp__visibility_control.hpp
[11.969s] -- Symlinking: /home/robogames/vt-cro/robogames_pi/yolobot/install/yolov8_msgs/include/yolov8_msgs/yolov8_msgs/msg/yolov8_inference.hpp
[11.989s] -- Symlinking: /home/robogames/vt-cro/robogames_pi/yolobot/install/yolov8_msgs/include/yolov8_msgs/yolov8_msgs/msg/detail/inference_result__rosidl_typesupport_fastrtps_cpp.hpp
[12.008s] -- Symlinking: /home/robogames/vt-cro/robogames_pi/yolobot/install/yolov8_msgs/include/yolov8_msgs/yolov8_msgs/msg/detail/yolov8_inference__rosidl_typesupport_fastrtps_cpp.hpp
[12.028s] -- Symlinking: /home/robogames/vt-cro/robogames_pi/yolobot/install/yolov8_msgs/include/yolov8_msgs/yolov8_msgs/msg/rosidl_typesupport_fastrtps_cpp__visibility_control.h
[12.048s] -- Symlinking: /home/robogames/vt-cro/robogames_pi/yolobot/install/yolov8_msgs/include/yolov8_msgs/yolov8_msgs/msg/detail/inference_result__rosidl_typesupport_introspection_c.h
[12.068s] -- Symlinking: /home/robogames/vt-cro/robogames_pi/yolobot/install/yolov8_msgs/include/yolov8_msgs/yolov8_msgs/msg/detail/yolov8_inference__rosidl_typesupport_introspection_c.h
[12.086s] -- Symlinking: /home/robogames/vt-cro/robogames_pi/yolobot/install/yolov8_msgs/include/yolov8_msgs/yolov8_msgs/msg/rosidl_typesupport_introspection_c__visibility_control.h
[12.106s] -- Symlinking: /home/robogames/vt-cro/robogames_pi/yolobot/install/yolov8_msgs/include/yolov8_msgs/yolov8_msgs/msg/detail/inference_result__rosidl_typesupport_introspection_cpp.hpp
[12.124s] -- Symlinking: /home/robogames/vt-cro/robogames_pi/yolobot/install/yolov8_msgs/include/yolov8_msgs/yolov8_msgs/msg/detail/yolov8_inference__rosidl_typesupport_introspection_cpp.hpp
[12.163s] -- Symlinking: /home/robogames/vt-cro/robogames_pi/yolobot/install/yolov8_msgs/share/yolov8_msgs/environment/pythonpath.sh
[12.186s] -- Symlinking: /home/robogames/vt-cro/robogames_pi/yolobot/install/yolov8_msgs/share/yolov8_msgs/environment/pythonpath.dsv
[12.205s] -- Symlinking: /home/robogames/vt-cro/robogames_pi/yolobot/install/yolov8_msgs/lib/python3.12/site-packages/yolov8_msgs-0.0.0-py3.12.egg-info/PKG-INFO
[12.224s] -- Symlinking: /home/robogames/vt-cro/robogames_pi/yolobot/install/yolov8_msgs/lib/python3.12/site-packages/yolov8_msgs-0.0.0-py3.12.egg-info/SOURCES.txt
[12.243s] -- Symlinking: /home/robogames/vt-cro/robogames_pi/yolobot/install/yolov8_msgs/lib/python3.12/site-packages/yolov8_msgs-0.0.0-py3.12.egg-info/dependency_links.txt
[12.262s] -- Symlinking: /home/robogames/vt-cro/robogames_pi/yolobot/install/yolov8_msgs/lib/python3.12/site-packages/yolov8_msgs-0.0.0-py3.12.egg-info/top_level.txt
[12.282s] -- Symlinking: /home/robogames/vt-cro/robogames_pi/yolobot/install/yolov8_msgs/lib/python3.12/site-packages/yolov8_msgs/__init__.py
[12.302s] -- Symlinking: /home/robogames/vt-cro/robogames_pi/yolobot/install/yolov8_msgs/lib/python3.12/site-packages/yolov8_msgs/_yolov8_msgs_s.ep.rosidl_typesupport_c.c
[12.321s] -- Symlinking: /home/robogames/vt-cro/robogames_pi/yolobot/install/yolov8_msgs/lib/python3.12/site-packages/yolov8_msgs/_yolov8_msgs_s.ep.rosidl_typesupport_fastrtps_c.c
[12.340s] -- Symlinking: /home/robogames/vt-cro/robogames_pi/yolobot/install/yolov8_msgs/lib/python3.12/site-packages/yolov8_msgs/_yolov8_msgs_s.ep.rosidl_typesupport_introspection_c.c
[12.359s] -- Symlinking: /home/robogames/vt-cro/robogames_pi/yolobot/install/yolov8_msgs/lib/python3.12/site-packages/yolov8_msgs/msg/__init__.py
[12.378s] -- Symlinking: /home/robogames/vt-cro/robogames_pi/yolobot/install/yolov8_msgs/lib/python3.12/site-packages/yolov8_msgs/msg/_inference_result.py
[12.397s] -- Symlinking: /home/robogames/vt-cro/robogames_pi/yolobot/install/yolov8_msgs/lib/python3.12/site-packages/yolov8_msgs/msg/_inference_result_s.c
[12.417s] -- Symlinking: /home/robogames/vt-cro/robogames_pi/yolobot/install/yolov8_msgs/lib/python3.12/site-packages/yolov8_msgs/msg/_yolov8_inference.py
[12.437s] -- Symlinking: /home/robogames/vt-cro/robogames_pi/yolobot/install/yolov8_msgs/lib/python3.12/site-packages/yolov8_msgs/msg/_yolov8_inference_s.c
[12.457s] -- Symlinking: /home/robogames/vt-cro/robogames_pi/yolobot/install/yolov8_msgs/lib/python3.12/site-packages/yolov8_msgs/yolov8_msgs_s__rosidl_typesupport_c.so
[12.475s] -- Symlinking: /home/robogames/vt-cro/robogames_pi/yolobot/install/yolov8_msgs/lib/python3.12/site-packages/yolov8_msgs/yolov8_msgs_s__rosidl_typesupport_fastrtps_c.so
[12.494s] -- Symlinking: /home/robogames/vt-cro/robogames_pi/yolobot/install/yolov8_msgs/lib/python3.12/site-packages/yolov8_msgs/yolov8_msgs_s__rosidl_typesupport_introspection_c.so
[12.514s] -- Up-to-date symlink: /home/robogames/vt-cro/robogames_pi/yolobot/install/yolov8_msgs/lib/python3.12/site-packages/yolov8_msgs/yolov8_msgs_s__rosidl_typesupport_fastrtps_c.so
[12.514s] -- Up-to-date symlink: /home/robogames/vt-cro/robogames_pi/yolobot/install/yolov8_msgs/lib/python3.12/site-packages/yolov8_msgs/yolov8_msgs_s__rosidl_typesupport_introspection_c.so
[12.514s] -- Up-to-date symlink: /home/robogames/vt-cro/robogames_pi/yolobot/install/yolov8_msgs/lib/python3.12/site-packages/yolov8_msgs/yolov8_msgs_s__rosidl_typesupport_c.so
[12.514s] -- Symlinking: /home/robogames/vt-cro/robogames_pi/yolobot/install/yolov8_msgs/share/yolov8_msgs/msg/InferenceResult.idl
[12.534s] -- Symlinking: /home/robogames/vt-cro/robogames_pi/yolobot/install/yolov8_msgs/share/yolov8_msgs/msg/Yolov8Inference.idl
[12.554s] -- Symlinking: /home/robogames/vt-cro/robogames_pi/yolobot/install/yolov8_msgs/share/yolov8_msgs/msg/InferenceResult.msg
[12.574s] -- Symlinking: /home/robogames/vt-cro/robogames_pi/yolobot/install/yolov8_msgs/share/yolov8_msgs/msg/Yolov8Inference.msg
[12.592s] -- Symlinking: /home/robogames/vt-cro/robogames_pi/yolobot/install/yolov8_msgs/share/ament_index/resource_index/package_run_dependencies/yolov8_msgs
[12.611s] -- Symlinking: /home/robogames/vt-cro/robogames_pi/yolobot/install/yolov8_msgs/share/ament_index/resource_index/parent_prefix_path/yolov8_msgs
[12.631s] -- Symlinking: /home/robogames/vt-cro/robogames_pi/yolobot/install/yolov8_msgs/share/yolov8_msgs/environment/ament_prefix_path.sh
[12.649s] -- Symlinking: /home/robogames/vt-cro/robogames_pi/yolobot/install/yolov8_msgs/share/yolov8_msgs/environment/ament_prefix_path.dsv
[12.669s] -- Symlinking: /home/robogames/vt-cro/robogames_pi/yolobot/install/yolov8_msgs/share/yolov8_msgs/environment/path.sh
[12.688s] -- Symlinking: /home/robogames/vt-cro/robogames_pi/yolobot/install/yolov8_msgs/share/yolov8_msgs/environment/path.dsv
[12.706s] -- Symlinking: /home/robogames/vt-cro/robogames_pi/yolobot/install/yolov8_msgs/share/yolov8_msgs/local_setup.bash
[12.725s] -- Symlinking: /home/robogames/vt-cro/robogames_pi/yolobot/install/yolov8_msgs/share/yolov8_msgs/local_setup.sh
[12.744s] -- Symlinking: /home/robogames/vt-cro/robogames_pi/yolobot/install/yolov8_msgs/share/yolov8_msgs/local_setup.zsh
[12.763s] -- Symlinking: /home/robogames/vt-cro/robogames_pi/yolobot/install/yolov8_msgs/share/yolov8_msgs/local_setup.dsv
[12.782s] -- Symlinking: /home/robogames/vt-cro/robogames_pi/yolobot/install/yolov8_msgs/share/yolov8_msgs/package.dsv
[12.802s] -- Symlinking: /home/robogames/vt-cro/robogames_pi/yolobot/install/yolov8_msgs/share/ament_index/resource_index/packages/yolov8_msgs
[12.821s] -- Symlinking: /home/robogames/vt-cro/robogames_pi/yolobot/install/yolov8_msgs/share/yolov8_msgs/cmake/rosidl_cmake-extras.cmake
[12.840s] -- Symlinking: /home/robogames/vt-cro/robogames_pi/yolobot/install/yolov8_msgs/share/yolov8_msgs/cmake/ament_cmake_export_dependencies-extras.cmake
[12.859s] -- Symlinking: /home/robogames/vt-cro/robogames_pi/yolobot/install/yolov8_msgs/share/yolov8_msgs/cmake/ament_cmake_export_include_directories-extras.cmake
[12.878s] -- Symlinking: /home/robogames/vt-cro/robogames_pi/yolobot/install/yolov8_msgs/share/yolov8_msgs/cmake/ament_cmake_export_libraries-extras.cmake
[12.897s] -- Symlinking: /home/robogames/vt-cro/robogames_pi/yolobot/install/yolov8_msgs/share/yolov8_msgs/cmake/ament_cmake_export_targets-extras.cmake
[12.916s] -- Symlinking: /home/robogames/vt-cro/robogames_pi/yolobot/install/yolov8_msgs/share/yolov8_msgs/cmake/rosidl_cmake_export_typesupport_targets-extras.cmake
[12.935s] -- Symlinking: /home/robogames/vt-cro/robogames_pi/yolobot/install/yolov8_msgs/share/yolov8_msgs/cmake/rosidl_cmake_export_typesupport_libraries-extras.cmake
[12.954s] -- Symlinking: /home/robogames/vt-cro/robogames_pi/yolobot/install/yolov8_msgs/share/yolov8_msgs/cmake/yolov8_msgsConfig.cmake
[12.973s] -- Symlinking: /home/robogames/vt-cro/robogames_pi/yolobot/install/yolov8_msgs/share/yolov8_msgs/cmake/yolov8_msgsConfig-version.cmake
[12.993s] -- Symlinking: /home/robogames/vt-cro/robogames_pi/yolobot/install/yolov8_msgs/share/yolov8_msgs/package.xml
[13.012s] -- Installing: /home/robogames/vt-cro/robogames_pi/yolobot/install/yolov8_msgs/lib/libyolov8_msgs__rosidl_generator_c.so
[13.013s] -- Set non-toolchain portion of runtime path of "/home/robogames/vt-cro/robogames_pi/yolobot/install/yolov8_msgs/lib/libyolov8_msgs__rosidl_generator_c.so" to ""
[13.013s] -- Installing: /home/robogames/vt-cro/robogames_pi/yolobot/install/yolov8_msgs/lib/libyolov8_msgs__rosidl_typesupport_fastrtps_c.so
[13.014s] -- Set non-toolchain portion of runtime path of "/home/robogames/vt-cro/robogames_pi/yolobot/install/yolov8_msgs/lib/libyolov8_msgs__rosidl_typesupport_fastrtps_c.so" to ""
[13.014s] -- Installing: /home/robogames/vt-cro/robogames_pi/yolobot/install/yolov8_msgs/lib/libyolov8_msgs__rosidl_typesupport_fastrtps_cpp.so
[13.015s] -- Set non-toolchain portion of runtime path of "/home/robogames/vt-cro/robogames_pi/yolobot/install/yolov8_msgs/lib/libyolov8_msgs__rosidl_typesupport_fastrtps_cpp.so" to ""
[13.015s] -- Installing: /home/robogames/vt-cro/robogames_pi/yolobot/install/yolov8_msgs/lib/libyolov8_msgs__rosidl_typesupport_introspection_c.so
[13.015s] -- Set non-toolchain portion of runtime path of "/home/robogames/vt-cro/robogames_pi/yolobot/install/yolov8_msgs/lib/libyolov8_msgs__rosidl_typesupport_introspection_c.so" to ""
[13.015s] -- Installing: /home/robogames/vt-cro/robogames_pi/yolobot/install/yolov8_msgs/lib/libyolov8_msgs__rosidl_typesupport_c.so
[13.016s] -- Set non-toolchain portion of runtime path of "/home/robogames/vt-cro/robogames_pi/yolobot/install/yolov8_msgs/lib/libyolov8_msgs__rosidl_typesupport_c.so" to ""
[13.016s] -- Installing: /home/robogames/vt-cro/robogames_pi/yolobot/install/yolov8_msgs/lib/libyolov8_msgs__rosidl_typesupport_introspection_cpp.so
[13.017s] -- Set non-toolchain portion of runtime path of "/home/robogames/vt-cro/robogames_pi/yolobot/install/yolov8_msgs/lib/libyolov8_msgs__rosidl_typesupport_introspection_cpp.so" to ""
[13.017s] -- Installing: /home/robogames/vt-cro/robogames_pi/yolobot/install/yolov8_msgs/lib/libyolov8_msgs__rosidl_typesupport_cpp.so
[13.017s] -- Set non-toolchain portion of runtime path of "/home/robogames/vt-cro/robogames_pi/yolobot/install/yolov8_msgs/lib/libyolov8_msgs__rosidl_typesupport_cpp.so" to ""
[13.077s] Listing '/home/robogames/vt-cro/robogames_pi/yolobot/install/yolov8_msgs/lib/python3.12/site-packages/yolov8_msgs'...
[13.078s] Compiling '/home/robogames/vt-cro/robogames_pi/yolobot/install/yolov8_msgs/lib/python3.12/site-packages/yolov8_msgs/__init__.py'...
[13.078s] Listing '/home/robogames/vt-cro/robogames_pi/yolobot/install/yolov8_msgs/lib/python3.12/site-packages/yolov8_msgs/msg'...
[13.078s] Compiling '/home/robogames/vt-cro/robogames_pi/yolobot/install/yolov8_msgs/lib/python3.12/site-packages/yolov8_msgs/msg/__init__.py'...
[13.078s] Compiling '/home/robogames/vt-cro/robogames_pi/yolobot/install/yolov8_msgs/lib/python3.12/site-packages/yolov8_msgs/msg/_inference_result.py'...
[13.078s] Compiling '/home/robogames/vt-cro/robogames_pi/yolobot/install/yolov8_msgs/lib/python3.12/site-packages/yolov8_msgs/msg/_yolov8_inference.py'...
[13.090s] -- Installing: /home/robogames/vt-cro/robogames_pi/yolobot/install/yolov8_msgs/lib/libyolov8_msgs__rosidl_generator_py.so
[13.091s] -- Set non-toolchain portion of runtime path of "/home/robogames/vt-cro/robogames_pi/yolobot/install/yolov8_msgs/lib/libyolov8_msgs__rosidl_generator_py.so" to ""
[13.091s] -- Installing: /home/robogames/vt-cro/robogames_pi/yolobot/install/yolov8_msgs/share/yolov8_msgs/cmake/export_yolov8_msgs__rosidl_generator_cExport.cmake
[13.091s] -- Installing: /home/robogames/vt-cro/robogames_pi/yolobot/install/yolov8_msgs/share/yolov8_msgs/cmake/export_yolov8_msgs__rosidl_generator_cExport-noconfig.cmake
[13.091s] -- Installing: /home/robogames/vt-cro/robogames_pi/yolobot/install/yolov8_msgs/share/yolov8_msgs/cmake/export_yolov8_msgs__rosidl_typesupport_fastrtps_cExport.cmake
[13.092s] -- Installing: /home/robogames/vt-cro/robogames_pi/yolobot/install/yolov8_msgs/share/yolov8_msgs/cmake/export_yolov8_msgs__rosidl_typesupport_fastrtps_cExport-noconfig.cmake
[13.092s] -- Installing: /home/robogames/vt-cro/robogames_pi/yolobot/install/yolov8_msgs/share/yolov8_msgs/cmake/export_yolov8_msgs__rosidl_generator_cppExport.cmake
[13.092s] -- Installing: /home/robogames/vt-cro/robogames_pi/yolobot/install/yolov8_msgs/share/yolov8_msgs/cmake/export_yolov8_msgs__rosidl_typesupport_fastrtps_cppExport.cmake
[13.092s] -- Installing: /home/robogames/vt-cro/robogames_pi/yolobot/install/yolov8_msgs/share/yolov8_msgs/cmake/export_yolov8_msgs__rosidl_typesupport_fastrtps_cppExport-noconfig.cmake
[13.092s] -- Installing: /home/robogames/vt-cro/robogames_pi/yolobot/install/yolov8_msgs/share/yolov8_msgs/cmake/yolov8_msgs__rosidl_typesupport_introspection_cExport.cmake
[13.093s] -- Installing: /home/robogames/vt-cro/robogames_pi/yolobot/install/yolov8_msgs/share/yolov8_msgs/cmake/yolov8_msgs__rosidl_typesupport_introspection_cExport-noconfig.cmake
[13.093s] -- Installing: /home/robogames/vt-cro/robogames_pi/yolobot/install/yolov8_msgs/share/yolov8_msgs/cmake/yolov8_msgs__rosidl_typesupport_cExport.cmake
[13.093s] -- Installing: /home/robogames/vt-cro/robogames_pi/yolobot/install/yolov8_msgs/share/yolov8_msgs/cmake/yolov8_msgs__rosidl_typesupport_cExport-noconfig.cmake
[13.093s] -- Installing: /home/robogames/vt-cro/robogames_pi/yolobot/install/yolov8_msgs/share/yolov8_msgs/cmake/yolov8_msgs__rosidl_typesupport_introspection_cppExport.cmake
[13.093s] -- Installing: /home/robogames/vt-cro/robogames_pi/yolobot/install/yolov8_msgs/share/yolov8_msgs/cmake/yolov8_msgs__rosidl_typesupport_introspection_cppExport-noconfig.cmake
[13.094s] -- Installing: /home/robogames/vt-cro/robogames_pi/yolobot/install/yolov8_msgs/share/yolov8_msgs/cmake/yolov8_msgs__rosidl_typesupport_cppExport.cmake
[13.094s] -- Installing: /home/robogames/vt-cro/robogames_pi/yolobot/install/yolov8_msgs/share/yolov8_msgs/cmake/yolov8_msgs__rosidl_typesupport_cppExport-noconfig.cmake
[13.094s] -- Installing: /home/robogames/vt-cro/robogames_pi/yolobot/install/yolov8_msgs/share/yolov8_msgs/cmake/export_yolov8_msgs__rosidl_generator_pyExport.cmake
[13.094s] -- Installing: /home/robogames/vt-cro/robogames_pi/yolobot/install/yolov8_msgs/share/yolov8_msgs/cmake/export_yolov8_msgs__rosidl_generator_pyExport-noconfig.cmake
[13.098s] Invoked command in '/home/robogames/vt-cro/robogames_pi/yolobot/build/yolov8_msgs' returned '0': CMAKE_PREFIX_PATH=/home/robogames/vt-cro/robogames_pi/car_robot_ws/install/opencv_tools:/home/robogames/vt-cro/robogames_pi/car_robot_ws/install/object_detection:/opt/ros/jazzy:${CMAKE_PREFIX_PATH} DEBUGINFOD_URLS=https://debuginfod.ubuntu.com PS1=(ros2_python_venv) \[\e]0;\u@\h: \w\a\]${debian_chroot:+($debian_chroot)}\[\033[01;32m\]\u@\h\[\033[00m\]:\[\033[01;34m\]\w\[\033[00m\]\$ VIRTUAL_ENV_PROMPT=(ros2_python_venv) /usr/bin/cmake --install /home/robogames/vt-cro/robogames_pi/yolobot/build/yolov8_msgs
