[0.187s] DEBUG:colcon:Command line arguments: ['/usr/bin/colcon', 'build']
[0.187s] DEBUG:colcon:Parsed command line arguments: Namespace(log_base=None, log_level=None, verb_name='build', build_base='build', install_base='install', merge_install=False, symlink_install=False, test_result_base=None, continue_on_error=False, executor='parallel', parallel_workers=4, event_handlers=None, ignore_user_meta=False, metas=['./colcon.meta'], base_paths=['.'], packages_ignore=None, packages_ignore_regex=None, paths=None, packages_up_to=None, packages_up_to_regex=None, packages_above=None, packages_above_and_dependencies=None, packages_above_depth=None, packages_select_by_dep=None, packages_skip_by_dep=None, packages_skip_up_to=None, packages_select_build_failed=False, packages_skip_build_finished=False, packages_select_test_failures=False, packages_skip_test_passed=False, packages_select=None, packages_skip=None, packages_select_regex=None, packages_skip_regex=None, packages_start=None, packages_end=None, allow_overriding=[], cmake_args=None, cmake_target=None, cmake_target_skip_unavailable=False, cmake_clean_cache=False, cmake_clean_first=False, cmake_force_configure=False, ament_cmake_args=None, catkin_cmake_args=None, catkin_skip_building_tests=False, mixin_files=None, mixin=None, verb_parser=<colcon_mixin.mixin.mixin_argument.MixinArgumentDecorator object at 0xffff9e2b9fa0>, verb_extension=<colcon_core.verb.build.BuildVerb object at 0xffff9e33f0b0>, main=<bound method BuildVerb.main of <colcon_core.verb.build.BuildVerb object at 0xffff9e33f0b0>>, mixin_verb=('build',))
[0.249s] Level 1:colcon.colcon_core.package_discovery:discover_packages(colcon_meta) check parameters
[0.249s] Level 1:colcon.colcon_core.package_discovery:discover_packages(recursive) check parameters
[0.249s] Level 1:colcon.colcon_core.package_discovery:discover_packages(ignore) check parameters
[0.249s] Level 1:colcon.colcon_core.package_discovery:discover_packages(path) check parameters
[0.249s] Level 1:colcon.colcon_core.package_discovery:discover_packages(colcon_meta) discover
[0.249s] Level 1:colcon.colcon_core.package_discovery:discover_packages(recursive) discover
[0.249s] INFO:colcon.colcon_core.package_discovery:Crawling recursively for packages in '/home/robogames/vt-cro/robogames_pi/car_robot_ws'
[0.249s] Level 1:colcon.colcon_core.package_identification:_identify(.) by extensions ['ignore', 'ignore_ament_install']
[0.250s] Level 1:colcon.colcon_core.package_identification:_identify(.) by extension 'ignore'
[0.250s] Level 1:colcon.colcon_core.package_identification:_identify(.) by extension 'ignore_ament_install'
[0.250s] Level 1:colcon.colcon_core.package_identification:_identify(.) by extensions ['colcon_pkg']
[0.250s] Level 1:colcon.colcon_core.package_identification:_identify(.) by extension 'colcon_pkg'
[0.250s] Level 1:colcon.colcon_core.package_identification:_identify(.) by extensions ['colcon_meta']
[0.250s] Level 1:colcon.colcon_core.package_identification:_identify(.) by extension 'colcon_meta'
[0.250s] Level 1:colcon.colcon_core.package_identification:_identify(.) by extensions ['ros']
[0.250s] Level 1:colcon.colcon_core.package_identification:_identify(.) by extension 'ros'
[0.291s] Level 1:colcon.colcon_core.package_identification:_identify(.) by extensions ['cmake', 'python']
[0.291s] Level 1:colcon.colcon_core.package_identification:_identify(.) by extension 'cmake'
[0.291s] Level 1:colcon.colcon_core.package_identification:_identify(.) by extension 'python'
[0.291s] Level 1:colcon.colcon_core.package_identification:_identify(.) by extensions ['python_setup_py']
[0.291s] Level 1:colcon.colcon_core.package_identification:_identify(.) by extension 'python_setup_py'
[0.292s] Level 1:colcon.colcon_core.package_identification:_identify(build) by extensions ['ignore', 'ignore_ament_install']
[0.292s] Level 1:colcon.colcon_core.package_identification:_identify(build) by extension 'ignore'
[0.292s] Level 1:colcon.colcon_core.package_identification:_identify(build) ignored
[0.292s] Level 1:colcon.colcon_core.package_identification:_identify(install) by extensions ['ignore', 'ignore_ament_install']
[0.293s] Level 1:colcon.colcon_core.package_identification:_identify(install) by extension 'ignore'
[0.293s] Level 1:colcon.colcon_core.package_identification:_identify(install) ignored
[0.293s] Level 1:colcon.colcon_core.package_identification:_identify(log) by extensions ['ignore', 'ignore_ament_install']
[0.294s] Level 1:colcon.colcon_core.package_identification:_identify(log) by extension 'ignore'
[0.294s] Level 1:colcon.colcon_core.package_identification:_identify(log) ignored
[0.294s] Level 1:colcon.colcon_core.package_identification:_identify(src) by extensions ['ignore', 'ignore_ament_install']
[0.294s] Level 1:colcon.colcon_core.package_identification:_identify(src) by extension 'ignore'
[0.294s] Level 1:colcon.colcon_core.package_identification:_identify(src) by extension 'ignore_ament_install'
[0.294s] Level 1:colcon.colcon_core.package_identification:_identify(src) by extensions ['colcon_pkg']
[0.294s] Level 1:colcon.colcon_core.package_identification:_identify(src) by extension 'colcon_pkg'
[0.294s] Level 1:colcon.colcon_core.package_identification:_identify(src) by extensions ['colcon_meta']
[0.295s] Level 1:colcon.colcon_core.package_identification:_identify(src) by extension 'colcon_meta'
[0.295s] Level 1:colcon.colcon_core.package_identification:_identify(src) by extensions ['ros']
[0.295s] Level 1:colcon.colcon_core.package_identification:_identify(src) by extension 'ros'
[0.295s] Level 1:colcon.colcon_core.package_identification:_identify(src) by extensions ['cmake', 'python']
[0.295s] Level 1:colcon.colcon_core.package_identification:_identify(src) by extension 'cmake'
[0.295s] Level 1:colcon.colcon_core.package_identification:_identify(src) by extension 'python'
[0.295s] Level 1:colcon.colcon_core.package_identification:_identify(src) by extensions ['python_setup_py']
[0.295s] Level 1:colcon.colcon_core.package_identification:_identify(src) by extension 'python_setup_py'
[0.295s] Level 1:colcon.colcon_core.package_identification:_identify(src/articubot_one) by extensions ['ignore', 'ignore_ament_install']
[0.295s] Level 1:colcon.colcon_core.package_identification:_identify(src/articubot_one) by extension 'ignore'
[0.295s] Level 1:colcon.colcon_core.package_identification:_identify(src/articubot_one) by extension 'ignore_ament_install'
[0.295s] Level 1:colcon.colcon_core.package_identification:_identify(src/articubot_one) by extensions ['colcon_pkg']
[0.295s] Level 1:colcon.colcon_core.package_identification:_identify(src/articubot_one) by extension 'colcon_pkg'
[0.295s] Level 1:colcon.colcon_core.package_identification:_identify(src/articubot_one) by extensions ['colcon_meta']
[0.295s] Level 1:colcon.colcon_core.package_identification:_identify(src/articubot_one) by extension 'colcon_meta'
[0.295s] Level 1:colcon.colcon_core.package_identification:_identify(src/articubot_one) by extensions ['ros']
[0.295s] Level 1:colcon.colcon_core.package_identification:_identify(src/articubot_one) by extension 'ros'
[0.299s] DEBUG:colcon.colcon_core.package_identification:Package 'src/articubot_one' with type 'ros.ament_cmake' and name 'articubot_one'
[0.299s] Level 1:colcon.colcon_core.package_identification:_identify(src/build) by extensions ['ignore', 'ignore_ament_install']
[0.299s] Level 1:colcon.colcon_core.package_identification:_identify(src/build) by extension 'ignore'
[0.299s] Level 1:colcon.colcon_core.package_identification:_identify(src/build) ignored
[0.300s] Level 1:colcon.colcon_core.package_identification:_identify(src/diffdrive_arduino) by extensions ['ignore', 'ignore_ament_install']
[0.300s] Level 1:colcon.colcon_core.package_identification:_identify(src/diffdrive_arduino) by extension 'ignore'
[0.300s] Level 1:colcon.colcon_core.package_identification:_identify(src/diffdrive_arduino) by extension 'ignore_ament_install'
[0.300s] Level 1:colcon.colcon_core.package_identification:_identify(src/diffdrive_arduino) by extensions ['colcon_pkg']
[0.300s] Level 1:colcon.colcon_core.package_identification:_identify(src/diffdrive_arduino) by extension 'colcon_pkg'
[0.300s] Level 1:colcon.colcon_core.package_identification:_identify(src/diffdrive_arduino) by extensions ['colcon_meta']
[0.300s] Level 1:colcon.colcon_core.package_identification:_identify(src/diffdrive_arduino) by extension 'colcon_meta'
[0.300s] Level 1:colcon.colcon_core.package_identification:_identify(src/diffdrive_arduino) by extensions ['ros']
[0.300s] Level 1:colcon.colcon_core.package_identification:_identify(src/diffdrive_arduino) by extension 'ros'
[0.301s] DEBUG:colcon.colcon_core.package_identification:Package 'src/diffdrive_arduino' with type 'ros.ament_cmake' and name 'diffdrive_arduino'
[0.301s] Level 1:colcon.colcon_core.package_identification:_identify(src/install) by extensions ['ignore', 'ignore_ament_install']
[0.301s] Level 1:colcon.colcon_core.package_identification:_identify(src/install) by extension 'ignore'
[0.301s] Level 1:colcon.colcon_core.package_identification:_identify(src/install) ignored
[0.302s] Level 1:colcon.colcon_core.package_identification:_identify(src/log) by extensions ['ignore', 'ignore_ament_install']
[0.302s] Level 1:colcon.colcon_core.package_identification:_identify(src/log) by extension 'ignore'
[0.302s] Level 1:colcon.colcon_core.package_identification:_identify(src/log) ignored
[0.302s] Level 1:colcon.colcon_core.package_identification:_identify(src/opencv_tools) by extensions ['ignore', 'ignore_ament_install']
[0.302s] Level 1:colcon.colcon_core.package_identification:_identify(src/opencv_tools) by extension 'ignore'
[0.302s] Level 1:colcon.colcon_core.package_identification:_identify(src/opencv_tools) by extension 'ignore_ament_install'
[0.302s] Level 1:colcon.colcon_core.package_identification:_identify(src/opencv_tools) by extensions ['colcon_pkg']
[0.302s] Level 1:colcon.colcon_core.package_identification:_identify(src/opencv_tools) by extension 'colcon_pkg'
[0.302s] Level 1:colcon.colcon_core.package_identification:_identify(src/opencv_tools) by extensions ['colcon_meta']
[0.302s] Level 1:colcon.colcon_core.package_identification:_identify(src/opencv_tools) by extension 'colcon_meta'
[0.302s] Level 1:colcon.colcon_core.package_identification:_identify(src/opencv_tools) by extensions ['ros']
[0.302s] Level 1:colcon.colcon_core.package_identification:_identify(src/opencv_tools) by extension 'ros'
[0.303s] DEBUG:colcon.colcon_core.package_identification:Package 'src/opencv_tools' with type 'ros.ament_python' and name 'opencv_tools'
[0.303s] Level 1:colcon.colcon_core.package_identification:_identify(src/serial) by extensions ['ignore', 'ignore_ament_install']
[0.303s] Level 1:colcon.colcon_core.package_identification:_identify(src/serial) by extension 'ignore'
[0.303s] Level 1:colcon.colcon_core.package_identification:_identify(src/serial) by extension 'ignore_ament_install'
[0.303s] Level 1:colcon.colcon_core.package_identification:_identify(src/serial) by extensions ['colcon_pkg']
[0.303s] Level 1:colcon.colcon_core.package_identification:_identify(src/serial) by extension 'colcon_pkg'
[0.304s] Level 1:colcon.colcon_core.package_identification:_identify(src/serial) by extensions ['colcon_meta']
[0.304s] Level 1:colcon.colcon_core.package_identification:_identify(src/serial) by extension 'colcon_meta'
[0.304s] Level 1:colcon.colcon_core.package_identification:_identify(src/serial) by extensions ['ros']
[0.304s] Level 1:colcon.colcon_core.package_identification:_identify(src/serial) by extension 'ros'
[0.304s] DEBUG:colcon.colcon_core.package_identification:Package 'src/serial' with type 'ros.catkin' and name 'serial'
[0.304s] Level 1:colcon.colcon_core.package_discovery:discover_packages(recursive) using defaults
[0.304s] Level 1:colcon.colcon_core.package_discovery:discover_packages(ignore) discover
[0.305s] Level 1:colcon.colcon_core.package_discovery:discover_packages(ignore) using defaults
[0.305s] Level 1:colcon.colcon_core.package_discovery:discover_packages(path) discover
[0.305s] Level 1:colcon.colcon_core.package_discovery:discover_packages(path) using defaults
[0.332s] Level 1:colcon.colcon_core.package_discovery:discover_packages(prefix_path) check parameters
[0.332s] Level 1:colcon.colcon_core.package_discovery:discover_packages(prefix_path) discover
[0.338s] DEBUG:colcon.colcon_installed_package_information.package_discovery:Found 4 installed packages in /home/robogames/vt-cro/robogames_pi/car_robot_ws/install
[0.341s] DEBUG:colcon.colcon_installed_package_information.package_discovery:Found 489 installed packages in /opt/ros/jazzy
[0.343s] Level 1:colcon.colcon_core.package_discovery:discover_packages(prefix_path) using defaults
[0.474s] Level 5:colcon.colcon_core.verb:set package 'articubot_one' build argument 'cmake_args' from command line to 'None'
[0.474s] Level 5:colcon.colcon_core.verb:set package 'articubot_one' build argument 'cmake_target' from command line to 'None'
[0.474s] Level 5:colcon.colcon_core.verb:set package 'articubot_one' build argument 'cmake_target_skip_unavailable' from command line to 'False'
[0.474s] Level 5:colcon.colcon_core.verb:set package 'articubot_one' build argument 'cmake_clean_cache' from command line to 'False'
[0.474s] Level 5:colcon.colcon_core.verb:set package 'articubot_one' build argument 'cmake_clean_first' from command line to 'False'
[0.474s] Level 5:colcon.colcon_core.verb:set package 'articubot_one' build argument 'cmake_force_configure' from command line to 'False'
[0.474s] Level 5:colcon.colcon_core.verb:set package 'articubot_one' build argument 'ament_cmake_args' from command line to 'None'
[0.474s] Level 5:colcon.colcon_core.verb:set package 'articubot_one' build argument 'catkin_cmake_args' from command line to 'None'
[0.474s] Level 5:colcon.colcon_core.verb:set package 'articubot_one' build argument 'catkin_skip_building_tests' from command line to 'False'
[0.474s] DEBUG:colcon.colcon_core.verb:Building package 'articubot_one' with the following arguments: {'ament_cmake_args': None, 'build_base': '/home/robogames/vt-cro/robogames_pi/car_robot_ws/build/articubot_one', 'catkin_cmake_args': None, 'catkin_skip_building_tests': False, 'cmake_args': None, 'cmake_clean_cache': False, 'cmake_clean_first': False, 'cmake_force_configure': False, 'cmake_target': None, 'cmake_target_skip_unavailable': False, 'install_base': '/home/robogames/vt-cro/robogames_pi/car_robot_ws/install/articubot_one', 'merge_install': False, 'path': '/home/robogames/vt-cro/robogames_pi/car_robot_ws/src/articubot_one', 'symlink_install': False, 'test_result_base': None}
[0.475s] Level 5:colcon.colcon_core.verb:set package 'diffdrive_arduino' build argument 'cmake_args' from command line to 'None'
[0.475s] Level 5:colcon.colcon_core.verb:set package 'diffdrive_arduino' build argument 'cmake_target' from command line to 'None'
[0.475s] Level 5:colcon.colcon_core.verb:set package 'diffdrive_arduino' build argument 'cmake_target_skip_unavailable' from command line to 'False'
[0.475s] Level 5:colcon.colcon_core.verb:set package 'diffdrive_arduino' build argument 'cmake_clean_cache' from command line to 'False'
[0.475s] Level 5:colcon.colcon_core.verb:set package 'diffdrive_arduino' build argument 'cmake_clean_first' from command line to 'False'
[0.475s] Level 5:colcon.colcon_core.verb:set package 'diffdrive_arduino' build argument 'cmake_force_configure' from command line to 'False'
[0.475s] Level 5:colcon.colcon_core.verb:set package 'diffdrive_arduino' build argument 'ament_cmake_args' from command line to 'None'
[0.475s] Level 5:colcon.colcon_core.verb:set package 'diffdrive_arduino' build argument 'catkin_cmake_args' from command line to 'None'
[0.475s] Level 5:colcon.colcon_core.verb:set package 'diffdrive_arduino' build argument 'catkin_skip_building_tests' from command line to 'False'
[0.475s] DEBUG:colcon.colcon_core.verb:Building package 'diffdrive_arduino' with the following arguments: {'ament_cmake_args': None, 'build_base': '/home/robogames/vt-cro/robogames_pi/car_robot_ws/build/diffdrive_arduino', 'catkin_cmake_args': None, 'catkin_skip_building_tests': False, 'cmake_args': None, 'cmake_clean_cache': False, 'cmake_clean_first': False, 'cmake_force_configure': False, 'cmake_target': None, 'cmake_target_skip_unavailable': False, 'install_base': '/home/robogames/vt-cro/robogames_pi/car_robot_ws/install/diffdrive_arduino', 'merge_install': False, 'path': '/home/robogames/vt-cro/robogames_pi/car_robot_ws/src/diffdrive_arduino', 'symlink_install': False, 'test_result_base': None}
[0.476s] Level 5:colcon.colcon_core.verb:set package 'opencv_tools' build argument 'cmake_args' from command line to 'None'
[0.476s] Level 5:colcon.colcon_core.verb:set package 'opencv_tools' build argument 'cmake_target' from command line to 'None'
[0.476s] Level 5:colcon.colcon_core.verb:set package 'opencv_tools' build argument 'cmake_target_skip_unavailable' from command line to 'False'
[0.476s] Level 5:colcon.colcon_core.verb:set package 'opencv_tools' build argument 'cmake_clean_cache' from command line to 'False'
[0.476s] Level 5:colcon.colcon_core.verb:set package 'opencv_tools' build argument 'cmake_clean_first' from command line to 'False'
[0.476s] Level 5:colcon.colcon_core.verb:set package 'opencv_tools' build argument 'cmake_force_configure' from command line to 'False'
[0.476s] Level 5:colcon.colcon_core.verb:set package 'opencv_tools' build argument 'ament_cmake_args' from command line to 'None'
[0.476s] Level 5:colcon.colcon_core.verb:set package 'opencv_tools' build argument 'catkin_cmake_args' from command line to 'None'
[0.476s] Level 5:colcon.colcon_core.verb:set package 'opencv_tools' build argument 'catkin_skip_building_tests' from command line to 'False'
[0.476s] DEBUG:colcon.colcon_core.verb:Building package 'opencv_tools' with the following arguments: {'ament_cmake_args': None, 'build_base': '/home/robogames/vt-cro/robogames_pi/car_robot_ws/build/opencv_tools', 'catkin_cmake_args': None, 'catkin_skip_building_tests': False, 'cmake_args': None, 'cmake_clean_cache': False, 'cmake_clean_first': False, 'cmake_force_configure': False, 'cmake_target': None, 'cmake_target_skip_unavailable': False, 'install_base': '/home/robogames/vt-cro/robogames_pi/car_robot_ws/install/opencv_tools', 'merge_install': False, 'path': '/home/robogames/vt-cro/robogames_pi/car_robot_ws/src/opencv_tools', 'symlink_install': False, 'test_result_base': None}
[0.476s] Level 5:colcon.colcon_core.verb:set package 'serial' build argument 'cmake_args' from command line to 'None'
[0.476s] Level 5:colcon.colcon_core.verb:set package 'serial' build argument 'cmake_target' from command line to 'None'
[0.476s] Level 5:colcon.colcon_core.verb:set package 'serial' build argument 'cmake_target_skip_unavailable' from command line to 'False'
[0.476s] Level 5:colcon.colcon_core.verb:set package 'serial' build argument 'cmake_clean_cache' from command line to 'False'
[0.476s] Level 5:colcon.colcon_core.verb:set package 'serial' build argument 'cmake_clean_first' from command line to 'False'
[0.476s] Level 5:colcon.colcon_core.verb:set package 'serial' build argument 'cmake_force_configure' from command line to 'False'
[0.476s] Level 5:colcon.colcon_core.verb:set package 'serial' build argument 'ament_cmake_args' from command line to 'None'
[0.476s] Level 5:colcon.colcon_core.verb:set package 'serial' build argument 'catkin_cmake_args' from command line to 'None'
[0.476s] Level 5:colcon.colcon_core.verb:set package 'serial' build argument 'catkin_skip_building_tests' from command line to 'False'
[0.476s] DEBUG:colcon.colcon_core.verb:Building package 'serial' with the following arguments: {'ament_cmake_args': None, 'build_base': '/home/robogames/vt-cro/robogames_pi/car_robot_ws/build/serial', 'catkin_cmake_args': None, 'catkin_skip_building_tests': False, 'cmake_args': None, 'cmake_clean_cache': False, 'cmake_clean_first': False, 'cmake_force_configure': False, 'cmake_target': None, 'cmake_target_skip_unavailable': False, 'install_base': '/home/robogames/vt-cro/robogames_pi/car_robot_ws/install/serial', 'merge_install': False, 'path': '/home/robogames/vt-cro/robogames_pi/car_robot_ws/src/serial', 'symlink_install': False, 'test_result_base': None}
[0.477s] INFO:colcon.colcon_core.executor:Executing jobs using 'parallel' executor
[0.478s] DEBUG:colcon.colcon_parallel_executor.executor.parallel:run_until_complete
[0.479s] INFO:colcon.colcon_ros.task.ament_cmake.build:Building ROS package in '/home/robogames/vt-cro/robogames_pi/car_robot_ws/src/articubot_one' with build type 'ament_cmake'
[0.479s] INFO:colcon.colcon_cmake.task.cmake.build:Building CMake package in '/home/robogames/vt-cro/robogames_pi/car_robot_ws/src/articubot_one'
[0.481s] INFO:colcon.colcon_core.plugin_system:Skipping extension 'colcon_core.shell.bat': Not used on non-Windows systems
[0.482s] INFO:colcon.colcon_core.shell:Skip shell extension 'powershell' for command environment: Not usable outside of PowerShell
[0.482s] DEBUG:colcon.colcon_core.shell:Skip shell extension 'dsv' for command environment
[0.489s] INFO:colcon.colcon_ros.task.ament_cmake.build:Building ROS package in '/home/robogames/vt-cro/robogames_pi/car_robot_ws/src/diffdrive_arduino' with build type 'ament_cmake'
[0.489s] INFO:colcon.colcon_cmake.task.cmake.build:Building CMake package in '/home/robogames/vt-cro/robogames_pi/car_robot_ws/src/diffdrive_arduino'
[0.490s] INFO:colcon.colcon_core.shell:Skip shell extension 'powershell' for command environment: Not usable outside of PowerShell
[0.490s] DEBUG:colcon.colcon_core.shell:Skip shell extension 'dsv' for command environment
[0.496s] INFO:colcon.colcon_ros.task.ament_python.build:Building ROS package in '/home/robogames/vt-cro/robogames_pi/car_robot_ws/src/opencv_tools' with build type 'ament_python'
[0.496s] Level 1:colcon.colcon_core.shell:create_environment_hook('opencv_tools', 'ament_prefix_path')
[0.497s] INFO:colcon.colcon_core.shell:Creating environment hook '/home/robogames/vt-cro/robogames_pi/car_robot_ws/install/opencv_tools/share/opencv_tools/hook/ament_prefix_path.ps1'
[0.498s] INFO:colcon.colcon_core.shell:Creating environment descriptor '/home/robogames/vt-cro/robogames_pi/car_robot_ws/install/opencv_tools/share/opencv_tools/hook/ament_prefix_path.dsv'
[0.499s] INFO:colcon.colcon_core.shell:Creating environment hook '/home/robogames/vt-cro/robogames_pi/car_robot_ws/install/opencv_tools/share/opencv_tools/hook/ament_prefix_path.sh'
[0.500s] INFO:colcon.colcon_core.shell:Skip shell extension 'powershell' for command environment: Not usable outside of PowerShell
[0.500s] DEBUG:colcon.colcon_core.shell:Skip shell extension 'dsv' for command environment
[0.506s] INFO:colcon.colcon_ros.task.catkin.build:Building ROS package in '/home/robogames/vt-cro/robogames_pi/car_robot_ws/src/serial' with build type 'catkin'
[0.506s] INFO:colcon.colcon_cmake.task.cmake.build:Building CMake package in '/home/robogames/vt-cro/robogames_pi/car_robot_ws/src/serial'
[0.506s] INFO:colcon.colcon_core.shell:Skip shell extension 'powershell' for command environment: Not usable outside of PowerShell
[0.506s] DEBUG:colcon.colcon_core.shell:Skip shell extension 'dsv' for command environment
[0.522s] DEBUG:colcon.colcon_core.event_handler.log_command:Invoking command in '/home/robogames/vt-cro/robogames_pi/car_robot_ws/build/articubot_one': CMAKE_PREFIX_PATH=/home/robogames/vt-cro/robogames_pi/car_robot_ws/install/opencv_tools:/opt/ros/jazzy:${CMAKE_PREFIX_PATH} DEBUGINFOD_URLS=https://debuginfod.ubuntu.com /usr/bin/cmake --build /home/robogames/vt-cro/robogames_pi/car_robot_ws/build/articubot_one -- -j4 -l4
[0.529s] DEBUG:colcon.colcon_core.event_handler.log_command:Invoking command in '/home/robogames/vt-cro/robogames_pi/car_robot_ws/build/diffdrive_arduino': CMAKE_PREFIX_PATH=/home/robogames/vt-cro/robogames_pi/car_robot_ws/install/opencv_tools:/opt/ros/jazzy:${CMAKE_PREFIX_PATH} DEBUGINFOD_URLS=https://debuginfod.ubuntu.com /usr/bin/cmake --build /home/robogames/vt-cro/robogames_pi/car_robot_ws/build/diffdrive_arduino -- -j4 -l4
[1.116s] INFO:colcon.colcon_core.task.python.build:Building Python package in '/home/robogames/vt-cro/robogames_pi/car_robot_ws/src/opencv_tools'
[1.117s] INFO:colcon.colcon_core.shell:Skip shell extension 'powershell' for command environment: Not usable outside of PowerShell
[1.118s] DEBUG:colcon.colcon_core.shell:Skip shell extension 'dsv' for command environment
[1.132s] DEBUG:colcon.colcon_core.event_handler.log_command:Invoked command in '/home/robogames/vt-cro/robogames_pi/car_robot_ws/build/diffdrive_arduino' returned '0': CMAKE_PREFIX_PATH=/home/robogames/vt-cro/robogames_pi/car_robot_ws/install/opencv_tools:/opt/ros/jazzy:${CMAKE_PREFIX_PATH} DEBUGINFOD_URLS=https://debuginfod.ubuntu.com /usr/bin/cmake --build /home/robogames/vt-cro/robogames_pi/car_robot_ws/build/diffdrive_arduino -- -j4 -l4
[1.154s] DEBUG:colcon.colcon_core.event_handler.log_command:Invoking command in '/home/robogames/vt-cro/robogames_pi/car_robot_ws/build/diffdrive_arduino': CMAKE_PREFIX_PATH=/home/robogames/vt-cro/robogames_pi/car_robot_ws/install/opencv_tools:/opt/ros/jazzy:${CMAKE_PREFIX_PATH} DEBUGINFOD_URLS=https://debuginfod.ubuntu.com /usr/bin/cmake --install /home/robogames/vt-cro/robogames_pi/car_robot_ws/build/diffdrive_arduino
[1.163s] DEBUG:colcon.colcon_core.event_handler.log_command:Invoking command in '/home/robogames/vt-cro/robogames_pi/car_robot_ws/build/serial': DEBUGINFOD_URLS=https://debuginfod.ubuntu.com /usr/bin/cmake --build /home/robogames/vt-cro/robogames_pi/car_robot_ws/build/serial -- -j4 -l4
[1.196s] Level 1:colcon.colcon_core.environment:create_environment_scripts_only(diffdrive_arduino)
[1.218s] Level 1:colcon.colcon_core.environment:checking '/home/robogames/vt-cro/robogames_pi/car_robot_ws/install/diffdrive_arduino' for CMake module files
[1.220s] Level 1:colcon.colcon_core.environment:checking '/home/robogames/vt-cro/robogames_pi/car_robot_ws/install/diffdrive_arduino' for CMake config files
[1.225s] Level 1:colcon.colcon_core.shell:create_environment_hook('diffdrive_arduino', 'cmake_prefix_path')
[1.233s] INFO:colcon.colcon_core.shell:Creating environment hook '/home/robogames/vt-cro/robogames_pi/car_robot_ws/install/diffdrive_arduino/share/diffdrive_arduino/hook/cmake_prefix_path.ps1'
[1.239s] INFO:colcon.colcon_core.shell:Creating environment descriptor '/home/robogames/vt-cro/robogames_pi/car_robot_ws/install/diffdrive_arduino/share/diffdrive_arduino/hook/cmake_prefix_path.dsv'
[1.241s] INFO:colcon.colcon_core.shell:Creating environment hook '/home/robogames/vt-cro/robogames_pi/car_robot_ws/install/diffdrive_arduino/share/diffdrive_arduino/hook/cmake_prefix_path.sh'
[1.244s] Level 1:colcon.colcon_core.environment:checking '/home/robogames/vt-cro/robogames_pi/car_robot_ws/install/diffdrive_arduino/lib'
[1.245s] DEBUG:colcon.colcon_core.event_handler.log_command:Invoked command in '/home/robogames/vt-cro/robogames_pi/car_robot_ws/build/diffdrive_arduino' returned '0': CMAKE_PREFIX_PATH=/home/robogames/vt-cro/robogames_pi/car_robot_ws/install/opencv_tools:/opt/ros/jazzy:${CMAKE_PREFIX_PATH} DEBUGINFOD_URLS=https://debuginfod.ubuntu.com /usr/bin/cmake --install /home/robogames/vt-cro/robogames_pi/car_robot_ws/build/diffdrive_arduino
[1.245s] Level 1:colcon.colcon_core.shell:create_environment_hook('diffdrive_arduino', 'ld_library_path_lib')
[1.246s] INFO:colcon.colcon_core.shell:Creating environment hook '/home/robogames/vt-cro/robogames_pi/car_robot_ws/install/diffdrive_arduino/share/diffdrive_arduino/hook/ld_library_path_lib.ps1'
[1.247s] INFO:colcon.colcon_core.shell:Creating environment descriptor '/home/robogames/vt-cro/robogames_pi/car_robot_ws/install/diffdrive_arduino/share/diffdrive_arduino/hook/ld_library_path_lib.dsv'
[1.249s] INFO:colcon.colcon_core.shell:Creating environment hook '/home/robogames/vt-cro/robogames_pi/car_robot_ws/install/diffdrive_arduino/share/diffdrive_arduino/hook/ld_library_path_lib.sh'
[1.252s] Level 1:colcon.colcon_core.environment:checking '/home/robogames/vt-cro/robogames_pi/car_robot_ws/install/diffdrive_arduino/bin'
[1.252s] Level 1:colcon.colcon_core.environment:checking '/home/robogames/vt-cro/robogames_pi/car_robot_ws/install/diffdrive_arduino/lib/pkgconfig/diffdrive_arduino.pc'
[1.253s] Level 1:colcon.colcon_core.environment:checking '/home/robogames/vt-cro/robogames_pi/car_robot_ws/install/diffdrive_arduino/lib/python3.12/site-packages'
[1.256s] Level 1:colcon.colcon_core.environment:checking '/home/robogames/vt-cro/robogames_pi/car_robot_ws/install/diffdrive_arduino/bin'
[1.258s] INFO:colcon.colcon_core.shell:Creating package script '/home/robogames/vt-cro/robogames_pi/car_robot_ws/install/diffdrive_arduino/share/diffdrive_arduino/package.ps1'
[1.259s] INFO:colcon.colcon_core.shell:Creating package descriptor '/home/robogames/vt-cro/robogames_pi/car_robot_ws/install/diffdrive_arduino/share/diffdrive_arduino/package.dsv'
[1.261s] INFO:colcon.colcon_core.shell:Creating package script '/home/robogames/vt-cro/robogames_pi/car_robot_ws/install/diffdrive_arduino/share/diffdrive_arduino/package.sh'
[1.262s] INFO:colcon.colcon_core.shell:Creating package script '/home/robogames/vt-cro/robogames_pi/car_robot_ws/install/diffdrive_arduino/share/diffdrive_arduino/package.bash'
[1.267s] INFO:colcon.colcon_core.shell:Creating package script '/home/robogames/vt-cro/robogames_pi/car_robot_ws/install/diffdrive_arduino/share/diffdrive_arduino/package.zsh'
[1.268s] Level 1:colcon.colcon_core.environment:create_file_with_runtime_dependencies(/home/robogames/vt-cro/robogames_pi/car_robot_ws/install/diffdrive_arduino/share/colcon-core/packages/diffdrive_arduino)
[1.270s] Level 1:colcon.colcon_core.environment:create_environment_scripts_only(diffdrive_arduino)
[1.272s] Level 1:colcon.colcon_core.environment:checking '/home/robogames/vt-cro/robogames_pi/car_robot_ws/install/diffdrive_arduino' for CMake module files
[1.273s] Level 1:colcon.colcon_core.environment:checking '/home/robogames/vt-cro/robogames_pi/car_robot_ws/install/diffdrive_arduino' for CMake config files
[1.274s] Level 1:colcon.colcon_core.shell:create_environment_hook('diffdrive_arduino', 'cmake_prefix_path')
[1.274s] INFO:colcon.colcon_core.shell:Creating environment hook '/home/robogames/vt-cro/robogames_pi/car_robot_ws/install/diffdrive_arduino/share/diffdrive_arduino/hook/cmake_prefix_path.ps1'
[1.276s] INFO:colcon.colcon_core.shell:Creating environment descriptor '/home/robogames/vt-cro/robogames_pi/car_robot_ws/install/diffdrive_arduino/share/diffdrive_arduino/hook/cmake_prefix_path.dsv'
[1.277s] INFO:colcon.colcon_core.shell:Creating environment hook '/home/robogames/vt-cro/robogames_pi/car_robot_ws/install/diffdrive_arduino/share/diffdrive_arduino/hook/cmake_prefix_path.sh'
[1.279s] Level 1:colcon.colcon_core.environment:checking '/home/robogames/vt-cro/robogames_pi/car_robot_ws/install/diffdrive_arduino/lib'
[1.279s] Level 1:colcon.colcon_core.shell:create_environment_hook('diffdrive_arduino', 'ld_library_path_lib')
[1.280s] INFO:colcon.colcon_core.shell:Creating environment hook '/home/robogames/vt-cro/robogames_pi/car_robot_ws/install/diffdrive_arduino/share/diffdrive_arduino/hook/ld_library_path_lib.ps1'
[1.282s] INFO:colcon.colcon_core.shell:Creating environment descriptor '/home/robogames/vt-cro/robogames_pi/car_robot_ws/install/diffdrive_arduino/share/diffdrive_arduino/hook/ld_library_path_lib.dsv'
[1.283s] INFO:colcon.colcon_core.shell:Creating environment hook '/home/robogames/vt-cro/robogames_pi/car_robot_ws/install/diffdrive_arduino/share/diffdrive_arduino/hook/ld_library_path_lib.sh'
[1.285s] Level 1:colcon.colcon_core.environment:checking '/home/robogames/vt-cro/robogames_pi/car_robot_ws/install/diffdrive_arduino/bin'
[1.285s] Level 1:colcon.colcon_core.environment:checking '/home/robogames/vt-cro/robogames_pi/car_robot_ws/install/diffdrive_arduino/lib/pkgconfig/diffdrive_arduino.pc'
[1.286s] Level 1:colcon.colcon_core.environment:checking '/home/robogames/vt-cro/robogames_pi/car_robot_ws/install/diffdrive_arduino/lib/python3.12/site-packages'
[1.286s] Level 1:colcon.colcon_core.environment:checking '/home/robogames/vt-cro/robogames_pi/car_robot_ws/install/diffdrive_arduino/bin'
[1.287s] INFO:colcon.colcon_core.shell:Creating package script '/home/robogames/vt-cro/robogames_pi/car_robot_ws/install/diffdrive_arduino/share/diffdrive_arduino/package.ps1'
[1.290s] INFO:colcon.colcon_core.shell:Creating package descriptor '/home/robogames/vt-cro/robogames_pi/car_robot_ws/install/diffdrive_arduino/share/diffdrive_arduino/package.dsv'
[1.293s] INFO:colcon.colcon_core.shell:Creating package script '/home/robogames/vt-cro/robogames_pi/car_robot_ws/install/diffdrive_arduino/share/diffdrive_arduino/package.sh'
[1.295s] INFO:colcon.colcon_core.shell:Creating package script '/home/robogames/vt-cro/robogames_pi/car_robot_ws/install/diffdrive_arduino/share/diffdrive_arduino/package.bash'
[1.297s] INFO:colcon.colcon_core.shell:Creating package script '/home/robogames/vt-cro/robogames_pi/car_robot_ws/install/diffdrive_arduino/share/diffdrive_arduino/package.zsh'
[1.298s] Level 1:colcon.colcon_core.environment:create_file_with_runtime_dependencies(/home/robogames/vt-cro/robogames_pi/car_robot_ws/install/diffdrive_arduino/share/colcon-core/packages/diffdrive_arduino)
[1.435s] DEBUG:colcon.colcon_core.event_handler.log_command:Invoked command in '/home/robogames/vt-cro/robogames_pi/car_robot_ws/build/serial' returned '0': DEBUGINFOD_URLS=https://debuginfod.ubuntu.com /usr/bin/cmake --build /home/robogames/vt-cro/robogames_pi/car_robot_ws/build/serial -- -j4 -l4
[1.438s] DEBUG:colcon.colcon_core.event_handler.log_command:Invoking command in '/home/robogames/vt-cro/robogames_pi/car_robot_ws/build/serial': DEBUGINFOD_URLS=https://debuginfod.ubuntu.com /usr/bin/cmake --install /home/robogames/vt-cro/robogames_pi/car_robot_ws/build/serial
[1.472s] Level 1:colcon.colcon_core.shell:create_environment_hook('serial', 'ros_package_path')
[1.473s] INFO:colcon.colcon_core.shell:Creating environment hook '/home/robogames/vt-cro/robogames_pi/car_robot_ws/install/serial/share/serial/hook/ros_package_path.ps1'
[1.475s] INFO:colcon.colcon_core.shell:Creating environment descriptor '/home/robogames/vt-cro/robogames_pi/car_robot_ws/install/serial/share/serial/hook/ros_package_path.dsv'
[1.479s] INFO:colcon.colcon_core.shell:Creating environment hook '/home/robogames/vt-cro/robogames_pi/car_robot_ws/install/serial/share/serial/hook/ros_package_path.sh'
[1.484s] Level 1:colcon.colcon_core.shell:create_environment_hook('serial', 'pkg_config_path')
[1.486s] INFO:colcon.colcon_core.shell:Creating environment hook '/home/robogames/vt-cro/robogames_pi/car_robot_ws/install/serial/share/serial/hook/pkg_config_path.ps1'
[1.490s] INFO:colcon.colcon_core.shell:Creating environment descriptor '/home/robogames/vt-cro/robogames_pi/car_robot_ws/install/serial/share/serial/hook/pkg_config_path.dsv'
[1.494s] INFO:colcon.colcon_core.shell:Creating environment hook '/home/robogames/vt-cro/robogames_pi/car_robot_ws/install/serial/share/serial/hook/pkg_config_path.sh'
[1.497s] DEBUG:colcon.colcon_core.event_handler.log_command:Invoked command in '/home/robogames/vt-cro/robogames_pi/car_robot_ws/build/serial' returned '0': DEBUGINFOD_URLS=https://debuginfod.ubuntu.com /usr/bin/cmake --install /home/robogames/vt-cro/robogames_pi/car_robot_ws/build/serial
[1.499s] Level 1:colcon.colcon_core.shell:create_environment_hook('serial', 'pkg_config_path_multiarch')
[1.500s] INFO:colcon.colcon_core.shell:Creating environment hook '/home/robogames/vt-cro/robogames_pi/car_robot_ws/install/serial/share/serial/hook/pkg_config_path_multiarch.ps1'
[1.501s] INFO:colcon.colcon_core.shell:Creating environment descriptor '/home/robogames/vt-cro/robogames_pi/car_robot_ws/install/serial/share/serial/hook/pkg_config_path_multiarch.dsv'
[1.505s] INFO:colcon.colcon_core.shell:Creating environment hook '/home/robogames/vt-cro/robogames_pi/car_robot_ws/install/serial/share/serial/hook/pkg_config_path_multiarch.sh'
[1.508s] Level 1:colcon.colcon_core.environment:create_environment_scripts_only(serial)
[1.508s] Level 1:colcon.colcon_core.environment:checking '/home/robogames/vt-cro/robogames_pi/car_robot_ws/install/serial' for CMake module files
[1.510s] Level 1:colcon.colcon_core.environment:checking '/home/robogames/vt-cro/robogames_pi/car_robot_ws/install/serial' for CMake config files
[1.511s] Level 1:colcon.colcon_core.shell:create_environment_hook('serial', 'cmake_prefix_path')
[1.512s] INFO:colcon.colcon_core.shell:Creating environment hook '/home/robogames/vt-cro/robogames_pi/car_robot_ws/install/serial/share/serial/hook/cmake_prefix_path.ps1'
[1.514s] INFO:colcon.colcon_core.shell:Creating environment descriptor '/home/robogames/vt-cro/robogames_pi/car_robot_ws/install/serial/share/serial/hook/cmake_prefix_path.dsv'
[1.515s] INFO:colcon.colcon_core.shell:Creating environment hook '/home/robogames/vt-cro/robogames_pi/car_robot_ws/install/serial/share/serial/hook/cmake_prefix_path.sh'
[1.516s] Level 1:colcon.colcon_core.environment:checking '/home/robogames/vt-cro/robogames_pi/car_robot_ws/install/serial/lib'
[1.516s] Level 1:colcon.colcon_core.environment:checking '/home/robogames/vt-cro/robogames_pi/car_robot_ws/install/serial/bin'
[1.516s] Level 1:colcon.colcon_core.shell:create_environment_hook('serial', 'path')
[1.517s] INFO:colcon.colcon_core.shell:Creating environment hook '/home/robogames/vt-cro/robogames_pi/car_robot_ws/install/serial/share/serial/hook/path.ps1'
[1.518s] INFO:colcon.colcon_core.shell:Creating environment descriptor '/home/robogames/vt-cro/robogames_pi/car_robot_ws/install/serial/share/serial/hook/path.dsv'
[1.519s] INFO:colcon.colcon_core.shell:Creating environment hook '/home/robogames/vt-cro/robogames_pi/car_robot_ws/install/serial/share/serial/hook/path.sh'
[1.520s] Level 1:colcon.colcon_core.environment:checking '/home/robogames/vt-cro/robogames_pi/car_robot_ws/install/serial/lib/pkgconfig/serial.pc'
[1.520s] Level 1:colcon.colcon_core.environment:checking '/home/robogames/vt-cro/robogames_pi/car_robot_ws/install/serial/lib/python3.12/site-packages'
[1.521s] Level 1:colcon.colcon_core.environment:checking '/home/robogames/vt-cro/robogames_pi/car_robot_ws/install/serial/bin'
[1.521s] Level 1:colcon.colcon_core.shell:create_environment_hook('serial', 'pythonscriptspath')
[1.522s] INFO:colcon.colcon_core.shell:Creating environment hook '/home/robogames/vt-cro/robogames_pi/car_robot_ws/install/serial/share/serial/hook/pythonscriptspath.ps1'
[1.523s] INFO:colcon.colcon_core.shell:Creating environment descriptor '/home/robogames/vt-cro/robogames_pi/car_robot_ws/install/serial/share/serial/hook/pythonscriptspath.dsv'
[1.524s] INFO:colcon.colcon_core.shell:Creating environment hook '/home/robogames/vt-cro/robogames_pi/car_robot_ws/install/serial/share/serial/hook/pythonscriptspath.sh'
[1.526s] INFO:colcon.colcon_core.shell:Creating package script '/home/robogames/vt-cro/robogames_pi/car_robot_ws/install/serial/share/serial/package.ps1'
[1.527s] INFO:colcon.colcon_core.shell:Creating package descriptor '/home/robogames/vt-cro/robogames_pi/car_robot_ws/install/serial/share/serial/package.dsv'
[1.529s] INFO:colcon.colcon_core.shell:Creating package script '/home/robogames/vt-cro/robogames_pi/car_robot_ws/install/serial/share/serial/package.sh'
[1.530s] INFO:colcon.colcon_core.shell:Creating package script '/home/robogames/vt-cro/robogames_pi/car_robot_ws/install/serial/share/serial/package.bash'
[1.531s] INFO:colcon.colcon_core.shell:Creating package script '/home/robogames/vt-cro/robogames_pi/car_robot_ws/install/serial/share/serial/package.zsh'
[1.532s] Level 1:colcon.colcon_core.environment:create_file_with_runtime_dependencies(/home/robogames/vt-cro/robogames_pi/car_robot_ws/install/serial/share/colcon-core/packages/serial)
[2.585s] DEBUG:colcon.colcon_core.event_handler.log_command:Invoking command in '/home/robogames/vt-cro/robogames_pi/car_robot_ws/src/opencv_tools': DEBUGINFOD_URLS=https://debuginfod.ubuntu.com PYTHONPATH=/home/robogames/vt-cro/robogames_pi/car_robot_ws/build/opencv_tools/prefix_override:/usr/lib/python3/dist-packages/colcon_core/task/python/colcon_distutils_commands:/home/robogames/vt-cro/robogames_pi/car_robot_ws/install/opencv_tools/lib/python3.12/site-packages:${PYTHONPATH} /usr/bin/python3 -W ignore:setup.py install is deprecated -W ignore:easy_install command is deprecated setup.py egg_info --egg-base ../../build/opencv_tools build --build-base /home/robogames/vt-cro/robogames_pi/car_robot_ws/build/opencv_tools/build install --record /home/robogames/vt-cro/robogames_pi/car_robot_ws/build/opencv_tools/install.log --single-version-externally-managed install_data
[3.819s] Level 1:colcon.colcon_core.environment:checking '/home/robogames/vt-cro/robogames_pi/car_robot_ws/install/opencv_tools' for CMake module files
[3.820s] Level 1:colcon.colcon_core.environment:checking '/home/robogames/vt-cro/robogames_pi/car_robot_ws/install/opencv_tools' for CMake config files
[3.821s] Level 1:colcon.colcon_core.environment:checking '/home/robogames/vt-cro/robogames_pi/car_robot_ws/install/opencv_tools/lib'
[3.821s] Level 1:colcon.colcon_core.environment:checking '/home/robogames/vt-cro/robogames_pi/car_robot_ws/install/opencv_tools/bin'
[3.822s] Level 1:colcon.colcon_core.environment:checking '/home/robogames/vt-cro/robogames_pi/car_robot_ws/install/opencv_tools/lib/pkgconfig/opencv_tools.pc'
[3.822s] Level 1:colcon.colcon_core.environment:checking '/home/robogames/vt-cro/robogames_pi/car_robot_ws/install/opencv_tools/lib/python3.12/site-packages'
[3.822s] Level 1:colcon.colcon_core.shell:create_environment_hook('opencv_tools', 'pythonpath')
[3.822s] INFO:colcon.colcon_core.shell:Creating environment hook '/home/robogames/vt-cro/robogames_pi/car_robot_ws/install/opencv_tools/share/opencv_tools/hook/pythonpath.ps1'
[3.824s] INFO:colcon.colcon_core.shell:Creating environment descriptor '/home/robogames/vt-cro/robogames_pi/car_robot_ws/install/opencv_tools/share/opencv_tools/hook/pythonpath.dsv'
[3.824s] DEBUG:colcon.colcon_core.event_handler.log_command:Invoked command in '/home/robogames/vt-cro/robogames_pi/car_robot_ws/src/opencv_tools' returned '0': DEBUGINFOD_URLS=https://debuginfod.ubuntu.com PYTHONPATH=/home/robogames/vt-cro/robogames_pi/car_robot_ws/build/opencv_tools/prefix_override:/usr/lib/python3/dist-packages/colcon_core/task/python/colcon_distutils_commands:/home/robogames/vt-cro/robogames_pi/car_robot_ws/install/opencv_tools/lib/python3.12/site-packages:${PYTHONPATH} /usr/bin/python3 -W ignore:setup.py install is deprecated -W ignore:easy_install command is deprecated setup.py egg_info --egg-base ../../build/opencv_tools build --build-base /home/robogames/vt-cro/robogames_pi/car_robot_ws/build/opencv_tools/build install --record /home/robogames/vt-cro/robogames_pi/car_robot_ws/build/opencv_tools/install.log --single-version-externally-managed install_data
[3.825s] INFO:colcon.colcon_core.shell:Creating environment hook '/home/robogames/vt-cro/robogames_pi/car_robot_ws/install/opencv_tools/share/opencv_tools/hook/pythonpath.sh'
[3.826s] Level 1:colcon.colcon_core.environment:checking '/home/robogames/vt-cro/robogames_pi/car_robot_ws/install/opencv_tools/bin'
[3.826s] Level 1:colcon.colcon_core.environment:create_environment_scripts_only(opencv_tools)
[3.827s] INFO:colcon.colcon_core.shell:Creating package script '/home/robogames/vt-cro/robogames_pi/car_robot_ws/install/opencv_tools/share/opencv_tools/package.ps1'
[3.828s] INFO:colcon.colcon_core.shell:Creating package descriptor '/home/robogames/vt-cro/robogames_pi/car_robot_ws/install/opencv_tools/share/opencv_tools/package.dsv'
[3.829s] INFO:colcon.colcon_core.shell:Creating package script '/home/robogames/vt-cro/robogames_pi/car_robot_ws/install/opencv_tools/share/opencv_tools/package.sh'
[3.830s] INFO:colcon.colcon_core.shell:Creating package script '/home/robogames/vt-cro/robogames_pi/car_robot_ws/install/opencv_tools/share/opencv_tools/package.bash'
[3.831s] INFO:colcon.colcon_core.shell:Creating package script '/home/robogames/vt-cro/robogames_pi/car_robot_ws/install/opencv_tools/share/opencv_tools/package.zsh'
[3.832s] Level 1:colcon.colcon_core.environment:create_file_with_runtime_dependencies(/home/robogames/vt-cro/robogames_pi/car_robot_ws/install/opencv_tools/share/colcon-core/packages/opencv_tools)
[11.136s] DEBUG:colcon.colcon_core.event_handler.log_command:Invoked command in '/home/robogames/vt-cro/robogames_pi/car_robot_ws/build/articubot_one' returned '2': CMAKE_PREFIX_PATH=/home/robogames/vt-cro/robogames_pi/car_robot_ws/install/opencv_tools:/opt/ros/jazzy:${CMAKE_PREFIX_PATH} DEBUGINFOD_URLS=https://debuginfod.ubuntu.com /usr/bin/cmake --build /home/robogames/vt-cro/robogames_pi/car_robot_ws/build/articubot_one -- -j4 -l4
[11.136s] Level 1:colcon.colcon_core.environment:create_environment_scripts_only(articubot_one)
[11.137s] Level 1:colcon.colcon_core.environment:checking '/home/robogames/vt-cro/robogames_pi/car_robot_ws/install/articubot_one' for CMake module files
[11.138s] Level 1:colcon.colcon_core.environment:checking '/home/robogames/vt-cro/robogames_pi/car_robot_ws/install/articubot_one' for CMake config files
[11.138s] Level 1:colcon.colcon_core.shell:create_environment_hook('articubot_one', 'cmake_prefix_path')
[11.138s] INFO:colcon.colcon_core.shell:Creating environment hook '/home/robogames/vt-cro/robogames_pi/car_robot_ws/install/articubot_one/share/articubot_one/hook/cmake_prefix_path.ps1'
[11.139s] INFO:colcon.colcon_core.shell:Creating environment descriptor '/home/robogames/vt-cro/robogames_pi/car_robot_ws/install/articubot_one/share/articubot_one/hook/cmake_prefix_path.dsv'
[11.143s] INFO:colcon.colcon_core.shell:Creating environment hook '/home/robogames/vt-cro/robogames_pi/car_robot_ws/install/articubot_one/share/articubot_one/hook/cmake_prefix_path.sh'
[11.145s] Level 1:colcon.colcon_core.environment:checking '/home/robogames/vt-cro/robogames_pi/car_robot_ws/install/articubot_one/lib'
[11.145s] Level 1:colcon.colcon_core.environment:checking '/home/robogames/vt-cro/robogames_pi/car_robot_ws/install/articubot_one/bin'
[11.145s] Level 1:colcon.colcon_core.environment:checking '/home/robogames/vt-cro/robogames_pi/car_robot_ws/install/articubot_one/lib/pkgconfig/articubot_one.pc'
[11.145s] Level 1:colcon.colcon_core.environment:checking '/home/robogames/vt-cro/robogames_pi/car_robot_ws/install/articubot_one/lib/python3.12/site-packages'
[11.146s] Level 1:colcon.colcon_core.environment:checking '/home/robogames/vt-cro/robogames_pi/car_robot_ws/install/articubot_one/bin'
[11.146s] INFO:colcon.colcon_core.shell:Creating package script '/home/robogames/vt-cro/robogames_pi/car_robot_ws/install/articubot_one/share/articubot_one/package.ps1'
[11.147s] INFO:colcon.colcon_core.shell:Creating package descriptor '/home/robogames/vt-cro/robogames_pi/car_robot_ws/install/articubot_one/share/articubot_one/package.dsv'
[11.148s] INFO:colcon.colcon_core.shell:Creating package script '/home/robogames/vt-cro/robogames_pi/car_robot_ws/install/articubot_one/share/articubot_one/package.sh'
[11.148s] INFO:colcon.colcon_core.shell:Creating package script '/home/robogames/vt-cro/robogames_pi/car_robot_ws/install/articubot_one/share/articubot_one/package.bash'
[11.149s] INFO:colcon.colcon_core.shell:Creating package script '/home/robogames/vt-cro/robogames_pi/car_robot_ws/install/articubot_one/share/articubot_one/package.zsh'
[11.150s] Level 1:colcon.colcon_core.environment:create_file_with_runtime_dependencies(/home/robogames/vt-cro/robogames_pi/car_robot_ws/install/articubot_one/share/colcon-core/packages/articubot_one)
[11.161s] DEBUG:colcon.colcon_parallel_executor.executor.parallel:closing loop
[11.161s] DEBUG:colcon.colcon_parallel_executor.executor.parallel:loop closed
[11.161s] DEBUG:colcon.colcon_parallel_executor.executor.parallel:run_until_complete finished with '2'
[11.161s] DEBUG:colcon.colcon_core.event_reactor:joining thread
[11.171s] INFO:colcon.colcon_core.plugin_system:Skipping extension 'colcon_notification.desktop_notification.terminal_notifier': Not used on non-Darwin systems
[11.171s] INFO:colcon.colcon_core.plugin_system:Skipping extension 'colcon_notification.desktop_notification.win32': Not used on non-Windows systems
[11.171s] INFO:colcon.colcon_notification.desktop_notification:Sending desktop notification using 'notify2'
[11.199s] DEBUG:colcon.colcon_core.event_reactor:joined thread
[11.199s] INFO:colcon.colcon_core.shell:Creating prefix script '/home/robogames/vt-cro/robogames_pi/car_robot_ws/install/local_setup.ps1'
[11.201s] INFO:colcon.colcon_core.shell:Creating prefix util module '/home/robogames/vt-cro/robogames_pi/car_robot_ws/install/_local_setup_util_ps1.py'
[11.203s] INFO:colcon.colcon_core.shell:Creating prefix chain script '/home/robogames/vt-cro/robogames_pi/car_robot_ws/install/setup.ps1'
[11.207s] INFO:colcon.colcon_core.shell:Creating prefix script '/home/robogames/vt-cro/robogames_pi/car_robot_ws/install/local_setup.sh'
[11.209s] INFO:colcon.colcon_core.shell:Creating prefix util module '/home/robogames/vt-cro/robogames_pi/car_robot_ws/install/_local_setup_util_sh.py'
[11.211s] INFO:colcon.colcon_core.shell:Creating prefix chain script '/home/robogames/vt-cro/robogames_pi/car_robot_ws/install/setup.sh'
[11.212s] INFO:colcon.colcon_core.shell:Creating prefix script '/home/robogames/vt-cro/robogames_pi/car_robot_ws/install/local_setup.bash'
[11.214s] INFO:colcon.colcon_core.shell:Creating prefix chain script '/home/robogames/vt-cro/robogames_pi/car_robot_ws/install/setup.bash'
[11.215s] INFO:colcon.colcon_core.shell:Creating prefix script '/home/robogames/vt-cro/robogames_pi/car_robot_ws/install/local_setup.zsh'
[11.220s] INFO:colcon.colcon_core.shell:Creating prefix chain script '/home/robogames/vt-cro/robogames_pi/car_robot_ws/install/setup.zsh'
