[1.946s] Invoking command in '/home/robogames/vt-cro/robogames_pi/car_robot_ws/src/opencv_tools': DEBUGINFOD_URLS=https://debuginfod.ubuntu.com PYTHONPATH=/home/robogames/vt-cro/robogames_pi/car_robot_ws/build/opencv_tools/prefix_override:/usr/lib/python3/dist-packages/colcon_core/task/python/colcon_distutils_commands:/home/robogames/vt-cro/robogames_pi/car_robot_ws/install/opencv_tools/lib/python3.12/site-packages:${PYTHONPATH} /usr/bin/python3 -W ignore:setup.py install is deprecated -W ignore:easy_install command is deprecated setup.py egg_info --egg-base ../../build/opencv_tools build --build-base /home/robogames/vt-cro/robogames_pi/car_robot_ws/build/opencv_tools/build install --record /home/robogames/vt-cro/robogames_pi/car_robot_ws/build/opencv_tools/install.log --single-version-externally-managed install_data
[2.683s] running egg_info
[2.733s] writing ../../build/opencv_tools/opencv_tools.egg-info/PKG-INFO
[2.735s] writing dependency_links to ../../build/opencv_tools/opencv_tools.egg-info/dependency_links.txt
[2.735s] writing entry points to ../../build/opencv_tools/opencv_tools.egg-info/entry_points.txt
[2.736s] writing requirements to ../../build/opencv_tools/opencv_tools.egg-info/requires.txt
[2.737s] writing top-level names to ../../build/opencv_tools/opencv_tools.egg-info/top_level.txt
[2.833s] reading manifest file '../../build/opencv_tools/opencv_tools.egg-info/SOURCES.txt'
[2.834s] writing manifest file '../../build/opencv_tools/opencv_tools.egg-info/SOURCES.txt'
[2.836s] running build
[2.836s] running build_py
[2.837s] running install
[2.847s] running install_lib
[2.904s] running install_data
[2.905s] running install_egg_info
[2.956s] removing '/home/robogames/vt-cro/robogames_pi/car_robot_ws/install/opencv_tools/lib/python3.12/site-packages/opencv_tools-0.0.0-py3.12.egg-info' (and everything under it)
[2.958s] Copying ../../build/opencv_tools/opencv_tools.egg-info to /home/robogames/vt-cro/robogames_pi/car_robot_ws/install/opencv_tools/lib/python3.12/site-packages/opencv_tools-0.0.0-py3.12.egg-info
[2.958s] running install_scripts
[3.232s] Installing detect_node script to /home/robogames/vt-cro/robogames_pi/car_robot_ws/install/opencv_tools/lib/opencv_tools
[3.233s] writing list of installed files to '/home/robogames/vt-cro/robogames_pi/car_robot_ws/build/opencv_tools/install.log'
