[0.013s] Invoking command in '/home/houndsito/vt-cro/robogames_pi/car_robot_ws/build/mini_car_bot': DEBUGINFOD_URLS=https://debuginfod.ubuntu.com /usr/bin/cmake /home/houndsito/vt-cro/robogames_pi/car_robot_ws/src/mini_car_bot -DCMAKE_INSTALL_PREFIX=/home/houndsito/vt-cro/robogames_pi/car_robot_ws/install/mini_car_bot
[0.126s] -- The C compiler identification is GNU 13.3.0
[0.225s] -- The CXX compiler identification is GNU 13.3.0
[0.253s] -- Detecting C compiler ABI info
[0.368s] -- Detecting C compiler ABI info - done
[0.378s] -- Check for working C compiler: /usr/bin/cc - skipped
[0.379s] -- Detecting C compile features
[0.380s] -- Detecting C compile features - done
[0.393s] -- Detecting CXX compiler ABI info
[0.516s] -- Detecting CXX compiler ABI info - done
[0.527s] -- Check for working CXX compiler: /usr/bin/c++ - skipped
[0.528s] -- Detecting CXX compile features
[0.528s] -- Detecting CXX compile features - done
[0.545s] [31mCMake Error at CMakeLists.txt:9 (find_package):
[0.546s]   By not providing "Findament_cmake.cmake" in CMAKE_MODULE_PATH this project
[0.546s]   has asked CMake to find a package configuration file provided by
[0.546s]   "ament_cmake", but CMake did not find one.
[0.546s] 
[0.546s]   Could not find a package configuration file provided by "ament_cmake" with
[0.546s]   any of the following names:
[0.546s] 
[0.547s]     ament_cmakeConfig.cmake
[0.547s]     ament_cmake-config.cmake
[0.547s] 
[0.547s]   Add the installation prefix of "ament_cmake" to CMAKE_PREFIX_PATH or set
[0.547s]   "ament_cmake_DIR" to a directory containing one of the above files.  If
[0.547s]   "ament_cmake" provides a separate development package or SDK, be sure it
[0.547s]   has been installed.
[0.547s] 
[0.547s] [0m
[0.547s] -- Configuring incomplete, errors occurred!
